{"type":"operationStart","subtype":"profile","data":{"_id":"xRNaSQJj1Z3Dy3l8","timestamp":"2024-08-05T16:45:59.244Z","state":"queued","mode":"standard","creationDate":"2024-08-05T16:45:59.245Z","modificationDate":"2024-08-05T16:45:59.245Z","shortid":"Js1UyYW","inheritedReadPermissions":[],"inheritedEditPermissions":[],"$entitySet":"profiles"},"doDiffs":false,"timestamp":1722876359245,"id":"o4u02ffw65fj0yr","previousOperationId":null,"operationId":"l81glzhhxwcy3ib"}
{"type":"log","level":"info","message":"Render request 38 queued for execution and waiting for available worker","previousOperationId":"l81glzhhxwcy3ib","timestamp":1722876359245,"id":"okccksicb0q5s74"}
{"type":"operationStart","subtype":"render","name":"modules","previousOperationId":"l81glzhhxwcy3ib","timestamp":1722876359296,"id":"v6gq37njgav0puh","previousEventId":"o4u02ffw65fj0yr","operationId":"szik9zaiz5vstsa"}
{"type":"log","timestamp":1722876359296,"level":"info","message":"Starting rendering request 38 (user: admin)","meta":{"rootId":"16k4uzvycghwktk","id":"16k4uzvycghwktk"},"id":"0yj5wyc11eiw744","previousOperationId":"szik9zaiz5vstsa"}
{"type":"log","timestamp":1722876359296,"level":"info","message":"Rendering template { name: modules, recipe: xlsx, engine: handlebars, preview: true }","meta":{"rootId":"16k4uzvycghwktk","id":"16k4uzvycghwktk"},"id":"bicdg827pl3r2mx","previousOperationId":"szik9zaiz5vstsa"}
{"type":"log","timestamp":1722876359296,"level":"debug","message":"Inline data specified.","meta":{"rootId":"16k4uzvycghwktk","id":"16k4uzvycghwktk"},"id":"gag9egkdlyulapo","previousOperationId":"szik9zaiz5vstsa"}
{"type":"log","timestamp":1722876359297,"level":"debug","message":"Base url not specified, skipping its injection.","meta":{"rootId":"16k4uzvycghwktk","id":"16k4uzvycghwktk"},"id":"ykr21816oewqjum","previousOperationId":"szik9zaiz5vstsa"}
{"type":"operationStart","subtype":"engine","name":"handlebars","timestamp":1722876359297,"id":"td81d997dlwozq5","previousEventId":"v6gq37njgav0puh","operationId":"5k4uahqxrog4tpr","previousOperationId":"szik9zaiz5vstsa"}
{"type":"log","timestamp":1722876359297,"level":"debug","message":"Rendering engine handlebars","meta":{"rootId":"16k4uzvycghwktk","id":"16k4uzvycghwktk"},"id":"28ytp44c7ss8sef","previousOperationId":"5k4uahqxrog4tpr"}
{"type":"operationEnd","operationId":"5k4uahqxrog4tpr","timestamp":1722876359304,"id":"n2fhw6xc2drlqbq","previousEventId":"td81d997dlwozq5","previousOperationId":"5k4uahqxrog4tpr"}
{"type":"operationStart","subtype":"recipe","name":"xlsx","timestamp":1722876359305,"id":"dkrlhbxmnlsvsms","previousEventId":"n2fhw6xc2drlqbq","operationId":"52m5lqibcdc422l","previousOperationId":"5k4uahqxrog4tpr"}
{"type":"log","timestamp":1722876359305,"level":"debug","message":"Executing recipe xlsx","meta":{"rootId":"16k4uzvycghwktk","id":"16k4uzvycghwktk"},"id":"cvlug9r2ltq74bk","previousOperationId":"52m5lqibcdc422l"}
{"type":"log","timestamp":1722876359305,"level":"info","message":"xlsx generation is starting","meta":{"rootId":"16k4uzvycghwktk","id":"16k4uzvycghwktk"},"id":"gf6ogvop1xprfaw","previousOperationId":"52m5lqibcdc422l"}
{"type":"log","timestamp":1722876359330,"level":"debug","message":"Starting child request to render xlsx dynamic parts for generation step","meta":{"rootId":"16k4uzvycghwktk","id":"16k4uzvycghwktk"},"id":"ri2bleey0mp6ovn","previousOperationId":"52m5lqibcdc422l"}
{"type":"operationStart","subtype":"render","name":"anonymous","previousOperationId":"52m5lqibcdc422l","timestamp":1722876359331,"id":"ygmc3g57wocy6nx","previousEventId":"dkrlhbxmnlsvsms","operationId":"ddi5x1vkhwititx"}
{"type":"log","timestamp":1722876359331,"level":"info","message":"Starting rendering (child) request (user: admin)","meta":{"rootId":"16k4uzvycghwktk","id":"8rcgzjo9xm1oq4o"},"id":"t0g7slwaeq9cc4e","previousOperationId":"ddi5x1vkhwititx"}
{"type":"log","timestamp":1722876359331,"level":"info","message":"Rendering anonymous template { recipe: html, engine: handlebars }","meta":{"rootId":"16k4uzvycghwktk","id":"8rcgzjo9xm1oq4o"},"id":"h7gklh2d7sd37vv","previousOperationId":"ddi5x1vkhwititx"}
{"type":"log","timestamp":1722876359331,"level":"debug","message":"Inline data specified.","meta":{"rootId":"16k4uzvycghwktk","id":"8rcgzjo9xm1oq4o"},"id":"q6ddg6btuhltdil","previousOperationId":"ddi5x1vkhwititx"}
{"type":"log","timestamp":1722876359332,"level":"debug","message":"Base url not specified, skipping its injection.","meta":{"rootId":"16k4uzvycghwktk","id":"8rcgzjo9xm1oq4o"},"id":"l26ds82f1ilhmdw","previousOperationId":"ddi5x1vkhwititx"}
{"type":"operationStart","subtype":"engine","name":"handlebars","timestamp":1722876359332,"id":"ghubs3vod071wxd","previousEventId":"ygmc3g57wocy6nx","operationId":"uykacmcqxxlvsui","previousOperationId":"ddi5x1vkhwititx"}
{"type":"log","timestamp":1722876359332,"level":"debug","message":"Rendering engine handlebars","meta":{"rootId":"16k4uzvycghwktk","id":"8rcgzjo9xm1oq4o"},"id":"n5c356mf0npea6c","previousOperationId":"uykacmcqxxlvsui"}
{"type":"operationEnd","operationId":"uykacmcqxxlvsui","timestamp":1722876359414,"id":"vogk0monu99i5ph","previousEventId":"ghubs3vod071wxd","previousOperationId":"uykacmcqxxlvsui"}
{"type":"operationStart","subtype":"recipe","name":"html","timestamp":1722876359414,"id":"tqpmcwm4awv9a7g","previousEventId":"vogk0monu99i5ph","operationId":"vh83sa5tj9y6r8x","previousOperationId":"uykacmcqxxlvsui"}
{"type":"log","timestamp":1722876359414,"level":"debug","message":"Executing recipe html","meta":{"rootId":"16k4uzvycghwktk","id":"8rcgzjo9xm1oq4o"},"id":"u6hjbd7qb382lz0","previousOperationId":"vh83sa5tj9y6r8x"}
{"type":"operationEnd","operationId":"vh83sa5tj9y6r8x","timestamp":1722876359415,"id":"bpwedrmnpa16pdi","previousEventId":"tqpmcwm4awv9a7g","previousOperationId":"vh83sa5tj9y6r8x"}
{"type":"log","timestamp":1722876359415,"level":"debug","message":"Skipping storing report.","meta":{"rootId":"16k4uzvycghwktk","id":"8rcgzjo9xm1oq4o"},"id":"pl94y6wry9m0avh","previousOperationId":"vh83sa5tj9y6r8x"}
{"type":"log","timestamp":1722876359415,"level":"info","message":"Rendering (child) request finished in 171 ms","meta":{"rootId":"16k4uzvycghwktk","id":"8rcgzjo9xm1oq4o"},"id":"u6ofx8teapkgppg","previousOperationId":"vh83sa5tj9y6r8x"}
{"type":"operationEnd","subtype":"render","operationId":"ddi5x1vkhwititx","timestamp":1722876359415,"id":"7k9gotf8vvo5yld","previousEventId":"bpwedrmnpa16pdi","previousOperationId":"vh83sa5tj9y6r8x"}
{"type":"log","timestamp":1722876359459,"level":"debug","message":"xlsx successfully zipped","meta":{"rootId":"16k4uzvycghwktk","id":"16k4uzvycghwktk"},"id":"f9ku3uaxe51ggl9","previousOperationId":"52m5lqibcdc422l"}
{"type":"log","timestamp":1722876359459,"level":"info","message":"xlsx generation was finished","meta":{"rootId":"16k4uzvycghwktk","id":"16k4uzvycghwktk"},"id":"ju3v5m4dhhhnt8y","previousOperationId":"52m5lqibcdc422l"}
{"type":"log","timestamp":1722876359459,"level":"info","message":"xlsx transformation is starting","meta":{"rootId":"16k4uzvycghwktk","id":"16k4uzvycghwktk"},"id":"3iejp718g9m054j","previousOperationId":"52m5lqibcdc422l"}
{"type":"log","timestamp":1722876359486,"level":"debug","message":"Parsing xlsx content","meta":{"rootId":"16k4uzvycghwktk","id":"16k4uzvycghwktk"},"id":"06fc4cp87dqgupk","previousOperationId":"52m5lqibcdc422l"}
{"type":"log","timestamp":1722876359506,"level":"debug","message":"Successfully zipped now.","meta":{"rootId":"16k4uzvycghwktk","id":"16k4uzvycghwktk"},"id":"uj7obn8dk0xj5e0","previousOperationId":"52m5lqibcdc422l"}
{"type":"log","timestamp":1722876359506,"level":"info","message":"xlsx transformation was finished","meta":{"rootId":"16k4uzvycghwktk","id":"16k4uzvycghwktk"},"id":"aykbrlkapp7x2bd","previousOperationId":"52m5lqibcdc422l"}
{"type":"log","timestamp":1722876359506,"level":"debug","message":"preparing office preview","meta":{"rootId":"16k4uzvycghwktk","id":"16k4uzvycghwktk"},"id":"pn9xe2hirdw5877","previousOperationId":"52m5lqibcdc422l"}
{"type":"operationEnd","operationId":"52m5lqibcdc422l","timestamp":1722876360186,"id":"ifdlkaojt1hr1k2","previousEventId":"dkrlhbxmnlsvsms","previousOperationId":"52m5lqibcdc422l"}
{"type":"log","timestamp":1722876360186,"level":"debug","message":"Skipping storing report.","meta":{"rootId":"16k4uzvycghwktk","id":"16k4uzvycghwktk"},"id":"4yeeb3k6i9iifvm","previousOperationId":"52m5lqibcdc422l"}
{"type":"log","timestamp":1722876360186,"level":"info","message":"Rendering request 38 finished in 942 ms","meta":{"rootId":"16k4uzvycghwktk","id":"16k4uzvycghwktk"},"id":"1rqaa20n13hg7zx","previousOperationId":"52m5lqibcdc422l"}
{"type":"operationEnd","subtype":"render","operationId":"szik9zaiz5vstsa","timestamp":1722876360186,"id":"hg1djhxbz9gjz7a","previousEventId":"ifdlkaojt1hr1k2","previousOperationId":"52m5lqibcdc422l"}
{"type":"operationEnd","doDiffs":false,"previousEventId":"o4u02ffw65fj0yr","previousOperationId":"l81glzhhxwcy3ib","operationId":"l81glzhhxwcy3ib","timestamp":1722876360188,"id":"bvt8wqky29r77ch"}
