{"type":"operationStart","subtype":"profile","data":{"_id":"rttq3RJDJGhoiXer","timestamp":"2024-08-05T16:26:00.178Z","state":"queued","mode":"standard","creationDate":"2024-08-05T16:26:00.180Z","modificationDate":"2024-08-05T16:26:00.180Z","shortid":"ITVc81F","inheritedReadPermissions":[],"inheritedEditPermissions":[],"$entitySet":"profiles"},"doDiffs":false,"timestamp":1722875160179,"id":"1yf2ybggsm9foww","previousOperationId":null,"operationId":"k8hutwfpyrspsd0"}
{"type":"log","level":"info","message":"Render request 19 queued for execution and waiting for available worker","previousOperationId":"k8hutwfpyrspsd0","timestamp":1722875160179,"id":"pvzmzk1hu739jjn"}
{"type":"operationStart","subtype":"render","name":"modules","previousOperationId":"k8hutwfpyrspsd0","timestamp":1722875160203,"id":"ihge6e1p8x24001","previousEventId":"1yf2ybggsm9foww","operationId":"tsbreep2krk1sli"}
{"type":"log","timestamp":1722875160203,"level":"info","message":"Starting rendering request 19 (user: admin)","meta":{"rootId":"31ol23lpb2o9lp3","id":"31ol23lpb2o9lp3"},"id":"le83rzswlmkrjq0","previousOperationId":"tsbreep2krk1sli"}
{"type":"log","timestamp":1722875160203,"level":"info","message":"Rendering template { name: modules, recipe: xlsx, engine: handlebars, preview: true }","meta":{"rootId":"31ol23lpb2o9lp3","id":"31ol23lpb2o9lp3"},"id":"784uz7gm4qk61et","previousOperationId":"tsbreep2krk1sli"}
{"type":"log","timestamp":1722875160203,"level":"debug","message":"Inline data specified.","meta":{"rootId":"31ol23lpb2o9lp3","id":"31ol23lpb2o9lp3"},"id":"lkur3xn7j88j80j","previousOperationId":"tsbreep2krk1sli"}
{"type":"log","timestamp":1722875160204,"level":"debug","message":"Base url not specified, skipping its injection.","meta":{"rootId":"31ol23lpb2o9lp3","id":"31ol23lpb2o9lp3"},"id":"63snpcq1ptgkj6c","previousOperationId":"tsbreep2krk1sli"}
{"type":"operationStart","subtype":"engine","name":"handlebars","timestamp":1722875160204,"id":"nnk2xjynmqqek6s","previousEventId":"ihge6e1p8x24001","operationId":"3vlx743ylmsog42","previousOperationId":"tsbreep2krk1sli"}
{"type":"log","timestamp":1722875160204,"level":"debug","message":"Rendering engine handlebars","meta":{"rootId":"31ol23lpb2o9lp3","id":"31ol23lpb2o9lp3"},"id":"8idllrnmxngnig8","previousOperationId":"3vlx743ylmsog42"}
{"type":"operationEnd","operationId":"3vlx743ylmsog42","timestamp":1722875160220,"id":"r36cr1k4moo4tcx","previousEventId":"nnk2xjynmqqek6s","previousOperationId":"3vlx743ylmsog42"}
{"type":"operationStart","subtype":"recipe","name":"xlsx","timestamp":1722875160220,"id":"3np2r7wrkwlm0ji","previousEventId":"r36cr1k4moo4tcx","operationId":"0qt00dnob03gb4v","previousOperationId":"3vlx743ylmsog42"}
{"type":"log","timestamp":1722875160220,"level":"debug","message":"Executing recipe xlsx","meta":{"rootId":"31ol23lpb2o9lp3","id":"31ol23lpb2o9lp3"},"id":"m1klx8wcz6hi1dj","previousOperationId":"0qt00dnob03gb4v"}
{"type":"log","timestamp":1722875160221,"level":"info","message":"xlsx generation is starting","meta":{"rootId":"31ol23lpb2o9lp3","id":"31ol23lpb2o9lp3"},"id":"r4qz6hr8u30mhbh","previousOperationId":"0qt00dnob03gb4v"}
{"type":"log","timestamp":1722875160237,"level":"debug","message":"Starting child request to render xlsx dynamic parts for generation step","meta":{"rootId":"31ol23lpb2o9lp3","id":"31ol23lpb2o9lp3"},"id":"5xebyud8pg5prdw","previousOperationId":"0qt00dnob03gb4v"}
{"type":"operationStart","subtype":"render","name":"anonymous","previousOperationId":"0qt00dnob03gb4v","timestamp":1722875160237,"id":"4yv2a0f7iy4ilh9","previousEventId":"3np2r7wrkwlm0ji","operationId":"v4weumuezgsi75j"}
{"type":"log","timestamp":1722875160237,"level":"info","message":"Starting rendering (child) request (user: admin)","meta":{"rootId":"31ol23lpb2o9lp3","id":"f5no4vxjtqxmor2"},"id":"jou04lf2yab7ut8","previousOperationId":"v4weumuezgsi75j"}
{"type":"log","timestamp":1722875160238,"level":"info","message":"Rendering anonymous template { recipe: html, engine: handlebars }","meta":{"rootId":"31ol23lpb2o9lp3","id":"f5no4vxjtqxmor2"},"id":"ydgksh2zzxohx9f","previousOperationId":"v4weumuezgsi75j"}
{"type":"log","timestamp":1722875160238,"level":"debug","message":"Inline data specified.","meta":{"rootId":"31ol23lpb2o9lp3","id":"f5no4vxjtqxmor2"},"id":"7zd5usqdv4wi7s7","previousOperationId":"v4weumuezgsi75j"}
{"type":"log","timestamp":1722875160239,"level":"debug","message":"Base url not specified, skipping its injection.","meta":{"rootId":"31ol23lpb2o9lp3","id":"f5no4vxjtqxmor2"},"id":"wh3df4y5yx2wdzx","previousOperationId":"v4weumuezgsi75j"}
{"type":"operationStart","subtype":"engine","name":"handlebars","timestamp":1722875160239,"id":"txevruoxjhhoc1e","previousEventId":"4yv2a0f7iy4ilh9","operationId":"776z0mnavmy4udv","previousOperationId":"v4weumuezgsi75j"}
{"type":"log","timestamp":1722875160239,"level":"debug","message":"Rendering engine handlebars","meta":{"rootId":"31ol23lpb2o9lp3","id":"f5no4vxjtqxmor2"},"id":"zknbbawpepad7kf","previousOperationId":"776z0mnavmy4udv"}
{"type":"operationEnd","operationId":"776z0mnavmy4udv","timestamp":1722875160374,"id":"5n4jowf5qy1nv24","previousEventId":"txevruoxjhhoc1e","previousOperationId":"776z0mnavmy4udv"}
{"type":"operationStart","subtype":"recipe","name":"html","timestamp":1722875160375,"id":"klf1lvprvubudhk","previousEventId":"5n4jowf5qy1nv24","operationId":"sddy5d5kyqw3jfh","previousOperationId":"776z0mnavmy4udv"}
{"type":"log","timestamp":1722875160375,"level":"debug","message":"Executing recipe html","meta":{"rootId":"31ol23lpb2o9lp3","id":"f5no4vxjtqxmor2"},"id":"es2hhi2h8pd0388","previousOperationId":"sddy5d5kyqw3jfh"}
{"type":"operationEnd","operationId":"sddy5d5kyqw3jfh","timestamp":1722875160375,"id":"894l8lizhs2p1mk","previousEventId":"klf1lvprvubudhk","previousOperationId":"sddy5d5kyqw3jfh"}
{"type":"log","timestamp":1722875160375,"level":"debug","message":"Skipping storing report.","meta":{"rootId":"31ol23lpb2o9lp3","id":"f5no4vxjtqxmor2"},"id":"3r1s6nqim62o0o0","previousOperationId":"sddy5d5kyqw3jfh"}
{"type":"log","timestamp":1722875160376,"level":"info","message":"Rendering (child) request finished in 198 ms","meta":{"rootId":"31ol23lpb2o9lp3","id":"f5no4vxjtqxmor2"},"id":"2prkk4o2lz0470f","previousOperationId":"sddy5d5kyqw3jfh"}
{"type":"operationEnd","subtype":"render","operationId":"v4weumuezgsi75j","timestamp":1722875160376,"id":"a0hr4a0p9ob0637","previousEventId":"894l8lizhs2p1mk","previousOperationId":"sddy5d5kyqw3jfh"}
{"type":"log","timestamp":1722875160399,"level":"debug","message":"xlsx successfully zipped","meta":{"rootId":"31ol23lpb2o9lp3","id":"31ol23lpb2o9lp3"},"id":"rukippm6i5wxbuh","previousOperationId":"0qt00dnob03gb4v"}
{"type":"log","timestamp":1722875160399,"level":"info","message":"xlsx generation was finished","meta":{"rootId":"31ol23lpb2o9lp3","id":"31ol23lpb2o9lp3"},"id":"gnhii9914icdz47","previousOperationId":"0qt00dnob03gb4v"}
{"type":"log","timestamp":1722875160399,"level":"info","message":"xlsx transformation is starting","meta":{"rootId":"31ol23lpb2o9lp3","id":"31ol23lpb2o9lp3"},"id":"9i4vihitcu3jkkh","previousOperationId":"0qt00dnob03gb4v"}
{"type":"log","timestamp":1722875160413,"level":"debug","message":"Parsing xlsx content","meta":{"rootId":"31ol23lpb2o9lp3","id":"31ol23lpb2o9lp3"},"id":"igx15qubnxl35ww","previousOperationId":"0qt00dnob03gb4v"}
{"type":"log","timestamp":1722875160434,"level":"debug","message":"Successfully zipped now.","meta":{"rootId":"31ol23lpb2o9lp3","id":"31ol23lpb2o9lp3"},"id":"qypd6gwpbhns7xn","previousOperationId":"0qt00dnob03gb4v"}
{"type":"log","timestamp":1722875160434,"level":"info","message":"xlsx transformation was finished","meta":{"rootId":"31ol23lpb2o9lp3","id":"31ol23lpb2o9lp3"},"id":"3994wkk9y07usz8","previousOperationId":"0qt00dnob03gb4v"}
{"type":"log","timestamp":1722875160434,"level":"debug","message":"preparing office preview","meta":{"rootId":"31ol23lpb2o9lp3","id":"31ol23lpb2o9lp3"},"id":"tv8na9hj6b4f79o","previousOperationId":"0qt00dnob03gb4v"}
{"type":"operationEnd","operationId":"0qt00dnob03gb4v","timestamp":1722875161439,"id":"mzw0n7nkjb3trdn","previousEventId":"3np2r7wrkwlm0ji","previousOperationId":"0qt00dnob03gb4v"}
{"type":"log","timestamp":1722875161439,"level":"debug","message":"Skipping storing report.","meta":{"rootId":"31ol23lpb2o9lp3","id":"31ol23lpb2o9lp3"},"id":"mamf98wlx35uui6","previousOperationId":"0qt00dnob03gb4v"}
{"type":"log","timestamp":1722875161439,"level":"info","message":"Rendering request 19 finished in 1261 ms","meta":{"rootId":"31ol23lpb2o9lp3","id":"31ol23lpb2o9lp3"},"id":"fqaptwif0oh6kg2","previousOperationId":"0qt00dnob03gb4v"}
{"type":"operationEnd","subtype":"render","operationId":"tsbreep2krk1sli","timestamp":1722875161439,"id":"u97uw1ptlnx5xzo","previousEventId":"mzw0n7nkjb3trdn","previousOperationId":"0qt00dnob03gb4v"}
{"type":"operationEnd","doDiffs":false,"previousEventId":"1yf2ybggsm9foww","previousOperationId":"k8hutwfpyrspsd0","operationId":"k8hutwfpyrspsd0","timestamp":1722875161441,"id":"3k3uui7rhscf26k"}
