{"type":"operationStart","subtype":"profile","data":{"_id":"8xPZT6P9gIuOE9AN","timestamp":"2024-08-05T16:46:42.134Z","state":"queued","mode":"standard","creationDate":"2024-08-05T16:46:42.135Z","modificationDate":"2024-08-05T16:46:42.135Z","shortid":"p1XALvt","inheritedReadPermissions":[],"inheritedEditPermissions":[],"$entitySet":"profiles"},"doDiffs":false,"timestamp":1722876402134,"id":"1jlvgzlrn0lavkx","previousOperationId":null,"operationId":"513cnoudfpnfo8a"}
{"type":"log","level":"info","message":"Render request 40 queued for execution and waiting for available worker","previousOperationId":"513cnoudfpnfo8a","timestamp":1722876402134,"id":"qwrdj2ehuhlca1s"}
{"type":"operationStart","subtype":"render","name":"modules","previousOperationId":"513cnoudfpnfo8a","timestamp":1722876402161,"id":"l9rnfb8cotnqxjl","previousEventId":"1jlvgzlrn0lavkx","operationId":"j6ixutmubnql6no"}
{"type":"log","timestamp":1722876402161,"level":"info","message":"Starting rendering request 40 (user: admin)","meta":{"rootId":"509etihzh1wdh3x","id":"509etihzh1wdh3x"},"id":"9xp5zmzz5frorbu","previousOperationId":"j6ixutmubnql6no"}
{"type":"log","timestamp":1722876402162,"level":"info","message":"Rendering template { name: modules, recipe: xlsx, engine: handlebars, preview: true }","meta":{"rootId":"509etihzh1wdh3x","id":"509etihzh1wdh3x"},"id":"joas1jojg7vurav","previousOperationId":"j6ixutmubnql6no"}
{"type":"log","timestamp":1722876402162,"level":"debug","message":"Inline data specified.","meta":{"rootId":"509etihzh1wdh3x","id":"509etihzh1wdh3x"},"id":"zikgo9umf56pexa","previousOperationId":"j6ixutmubnql6no"}
{"type":"log","timestamp":1722876402163,"level":"debug","message":"Base url not specified, skipping its injection.","meta":{"rootId":"509etihzh1wdh3x","id":"509etihzh1wdh3x"},"id":"yzb9p15r6wrg680","previousOperationId":"j6ixutmubnql6no"}
{"type":"operationStart","subtype":"engine","name":"handlebars","timestamp":1722876402163,"id":"lpn24q5qw6xfgv3","previousEventId":"l9rnfb8cotnqxjl","operationId":"hkgwz62eqsrq6fp","previousOperationId":"j6ixutmubnql6no"}
{"type":"log","timestamp":1722876402163,"level":"debug","message":"Rendering engine handlebars","meta":{"rootId":"509etihzh1wdh3x","id":"509etihzh1wdh3x"},"id":"wagkazi0epw0pei","previousOperationId":"hkgwz62eqsrq6fp"}
{"type":"operationEnd","operationId":"hkgwz62eqsrq6fp","timestamp":1722876402169,"id":"jt2x5mm019eaa64","previousEventId":"lpn24q5qw6xfgv3","previousOperationId":"hkgwz62eqsrq6fp"}
{"type":"operationStart","subtype":"recipe","name":"xlsx","timestamp":1722876402169,"id":"q6nmhiys41ms16z","previousEventId":"jt2x5mm019eaa64","operationId":"ebaf776gerb5xby","previousOperationId":"hkgwz62eqsrq6fp"}
{"type":"log","timestamp":1722876402169,"level":"debug","message":"Executing recipe xlsx","meta":{"rootId":"509etihzh1wdh3x","id":"509etihzh1wdh3x"},"id":"zkqf2ua8zo1385w","previousOperationId":"ebaf776gerb5xby"}
{"type":"log","timestamp":1722876402170,"level":"info","message":"xlsx generation is starting","meta":{"rootId":"509etihzh1wdh3x","id":"509etihzh1wdh3x"},"id":"h91dmzqpuvyq1sq","previousOperationId":"ebaf776gerb5xby"}
{"type":"log","timestamp":1722876402186,"level":"debug","message":"Starting child request to render xlsx dynamic parts for generation step","meta":{"rootId":"509etihzh1wdh3x","id":"509etihzh1wdh3x"},"id":"3jh5k5vyd7ddnot","previousOperationId":"ebaf776gerb5xby"}
{"type":"operationStart","subtype":"render","name":"anonymous","previousOperationId":"ebaf776gerb5xby","timestamp":1722876402186,"id":"1kat2iwtok96f7n","previousEventId":"q6nmhiys41ms16z","operationId":"p4d4hxm1gw5b2zq"}
{"type":"log","timestamp":1722876402186,"level":"info","message":"Starting rendering (child) request (user: admin)","meta":{"rootId":"509etihzh1wdh3x","id":"neerej5rbyc12p5"},"id":"zrl42y3iww215dk","previousOperationId":"p4d4hxm1gw5b2zq"}
{"type":"log","timestamp":1722876402186,"level":"info","message":"Rendering anonymous template { recipe: html, engine: handlebars }","meta":{"rootId":"509etihzh1wdh3x","id":"neerej5rbyc12p5"},"id":"zzemacw9vorg65c","previousOperationId":"p4d4hxm1gw5b2zq"}
{"type":"log","timestamp":1722876402186,"level":"debug","message":"Inline data specified.","meta":{"rootId":"509etihzh1wdh3x","id":"neerej5rbyc12p5"},"id":"raa2bz55dju95hb","previousOperationId":"p4d4hxm1gw5b2zq"}
{"type":"log","timestamp":1722876402187,"level":"debug","message":"Base url not specified, skipping its injection.","meta":{"rootId":"509etihzh1wdh3x","id":"neerej5rbyc12p5"},"id":"l0r07yfe1r9vlbq","previousOperationId":"p4d4hxm1gw5b2zq"}
{"type":"operationStart","subtype":"engine","name":"handlebars","timestamp":1722876402187,"id":"0fwsdeqnc2vipgj","previousEventId":"1kat2iwtok96f7n","operationId":"zjox76udngsk1br","previousOperationId":"p4d4hxm1gw5b2zq"}
{"type":"log","timestamp":1722876402187,"level":"debug","message":"Rendering engine handlebars","meta":{"rootId":"509etihzh1wdh3x","id":"neerej5rbyc12p5"},"id":"77nil9pqvgceaxb","previousOperationId":"zjox76udngsk1br"}
{"type":"operationEnd","operationId":"zjox76udngsk1br","timestamp":1722876402254,"id":"punigak9y3fcqrm","previousEventId":"0fwsdeqnc2vipgj","previousOperationId":"zjox76udngsk1br"}
{"type":"operationStart","subtype":"recipe","name":"html","timestamp":1722876402255,"id":"3sjqzlcehiybt6y","previousEventId":"punigak9y3fcqrm","operationId":"51eklwihuagrbv2","previousOperationId":"zjox76udngsk1br"}
{"type":"log","timestamp":1722876402255,"level":"debug","message":"Executing recipe html","meta":{"rootId":"509etihzh1wdh3x","id":"neerej5rbyc12p5"},"id":"hwgm7cbueu38h2z","previousOperationId":"51eklwihuagrbv2"}
{"type":"operationEnd","operationId":"51eklwihuagrbv2","timestamp":1722876402255,"id":"m4ahhncx97feiso","previousEventId":"3sjqzlcehiybt6y","previousOperationId":"51eklwihuagrbv2"}
{"type":"log","timestamp":1722876402255,"level":"debug","message":"Skipping storing report.","meta":{"rootId":"509etihzh1wdh3x","id":"neerej5rbyc12p5"},"id":"e9y6vj2n1a8dxxb","previousOperationId":"51eklwihuagrbv2"}
{"type":"log","timestamp":1722876402255,"level":"info","message":"Rendering (child) request finished in 121 ms","meta":{"rootId":"509etihzh1wdh3x","id":"neerej5rbyc12p5"},"id":"6tt5uirw185k5ue","previousOperationId":"51eklwihuagrbv2"}
{"type":"operationEnd","subtype":"render","operationId":"p4d4hxm1gw5b2zq","timestamp":1722876402255,"id":"zwioz6wlkfcix0b","previousEventId":"m4ahhncx97feiso","previousOperationId":"51eklwihuagrbv2"}
{"type":"log","timestamp":1722876402270,"level":"debug","message":"xlsx successfully zipped","meta":{"rootId":"509etihzh1wdh3x","id":"509etihzh1wdh3x"},"id":"x8kbilip5a4j1ff","previousOperationId":"ebaf776gerb5xby"}
{"type":"log","timestamp":1722876402270,"level":"info","message":"xlsx generation was finished","meta":{"rootId":"509etihzh1wdh3x","id":"509etihzh1wdh3x"},"id":"bmbxsp2u0yej1hk","previousOperationId":"ebaf776gerb5xby"}
{"type":"log","timestamp":1722876402270,"level":"info","message":"xlsx transformation is starting","meta":{"rootId":"509etihzh1wdh3x","id":"509etihzh1wdh3x"},"id":"y03xp0n3y27skl0","previousOperationId":"ebaf776gerb5xby"}
{"type":"log","timestamp":1722876402318,"level":"debug","message":"Parsing xlsx content","meta":{"rootId":"509etihzh1wdh3x","id":"509etihzh1wdh3x"},"id":"v7jzko6jlm07hlj","previousOperationId":"ebaf776gerb5xby"}
{"type":"log","timestamp":1722876402335,"level":"debug","message":"Successfully zipped now.","meta":{"rootId":"509etihzh1wdh3x","id":"509etihzh1wdh3x"},"id":"53thq5ovnunmahc","previousOperationId":"ebaf776gerb5xby"}
{"type":"log","timestamp":1722876402335,"level":"info","message":"xlsx transformation was finished","meta":{"rootId":"509etihzh1wdh3x","id":"509etihzh1wdh3x"},"id":"zzp3j5b63ivgyxz","previousOperationId":"ebaf776gerb5xby"}
{"type":"log","timestamp":1722876402335,"level":"debug","message":"preparing office preview","meta":{"rootId":"509etihzh1wdh3x","id":"509etihzh1wdh3x"},"id":"pcstvyhiuce1a9s","previousOperationId":"ebaf776gerb5xby"}
{"type":"operationEnd","operationId":"ebaf776gerb5xby","timestamp":1722876403010,"id":"rkitd6qd82loz10","previousEventId":"q6nmhiys41ms16z","previousOperationId":"ebaf776gerb5xby"}
{"type":"log","timestamp":1722876403010,"level":"debug","message":"Skipping storing report.","meta":{"rootId":"509etihzh1wdh3x","id":"509etihzh1wdh3x"},"id":"ujsfvjqdsiadpaf","previousOperationId":"ebaf776gerb5xby"}
{"type":"log","timestamp":1722876403010,"level":"info","message":"Rendering request 40 finished in 876 ms","meta":{"rootId":"509etihzh1wdh3x","id":"509etihzh1wdh3x"},"id":"rw9yh5qbyjtysym","previousOperationId":"ebaf776gerb5xby"}
{"type":"operationEnd","subtype":"render","operationId":"j6ixutmubnql6no","timestamp":1722876403010,"id":"bgg49io2xz1sben","previousEventId":"rkitd6qd82loz10","previousOperationId":"ebaf776gerb5xby"}
{"type":"operationEnd","doDiffs":false,"previousEventId":"1jlvgzlrn0lavkx","previousOperationId":"513cnoudfpnfo8a","operationId":"513cnoudfpnfo8a","timestamp":1722876403011,"id":"z7inkmx50xwqduc"}
