{"type":"operationStart","subtype":"profile","data":{"_id":"CZczBQtDuYZhFS9k","timestamp":"2024-08-05T16:16:36.587Z","state":"queued","mode":"standard","creationDate":"2024-08-05T16:16:36.589Z","modificationDate":"2024-08-05T16:16:36.589Z","shortid":"wmlbka9","inheritedReadPermissions":[],"inheritedEditPermissions":[],"$entitySet":"profiles"},"doDiffs":false,"timestamp":1722874596589,"id":"gw2mku8l36wbwfr","previousOperationId":null,"operationId":"sj5m9a791nip2gv"}
{"type":"log","level":"info","message":"Render request 15 queued for execution and waiting for available worker","previousOperationId":"sj5m9a791nip2gv","timestamp":1722874596589,"id":"du4vrdetbis3gw6"}
{"type":"operationStart","subtype":"render","name":"modules","previousOperationId":"sj5m9a791nip2gv","timestamp":1722874596622,"id":"k7xuipxcgy8586s","previousEventId":"gw2mku8l36wbwfr","operationId":"licrp0fbmoe7wle"}
{"type":"log","timestamp":1722874596622,"level":"info","message":"Starting rendering request 15 (user: admin)","meta":{"rootId":"6keaupc4jb39q9o","id":"6keaupc4jb39q9o"},"id":"1kc39s1xhw3pkgn","previousOperationId":"licrp0fbmoe7wle"}
{"type":"log","timestamp":1722874596622,"level":"info","message":"Rendering template { name: modules, recipe: xlsx, engine: handlebars, preview: true }","meta":{"rootId":"6keaupc4jb39q9o","id":"6keaupc4jb39q9o"},"id":"nqs91gz0l1d5gu0","previousOperationId":"licrp0fbmoe7wle"}
{"type":"log","timestamp":1722874596622,"level":"debug","message":"Inline data specified.","meta":{"rootId":"6keaupc4jb39q9o","id":"6keaupc4jb39q9o"},"id":"sh3wp73qpadwrmr","previousOperationId":"licrp0fbmoe7wle"}
{"type":"log","timestamp":1722874596623,"level":"debug","message":"Base url not specified, skipping its injection.","meta":{"rootId":"6keaupc4jb39q9o","id":"6keaupc4jb39q9o"},"id":"z9ce7jykjfoizhv","previousOperationId":"licrp0fbmoe7wle"}
{"type":"operationStart","subtype":"engine","name":"handlebars","timestamp":1722874596623,"id":"j278fax51in19u1","previousEventId":"k7xuipxcgy8586s","operationId":"kvgv039x4fh5zc6","previousOperationId":"licrp0fbmoe7wle"}
{"type":"log","timestamp":1722874596623,"level":"debug","message":"Rendering engine handlebars","meta":{"rootId":"6keaupc4jb39q9o","id":"6keaupc4jb39q9o"},"id":"s0mcm0h3inuekyl","previousOperationId":"kvgv039x4fh5zc6"}
{"type":"operationEnd","operationId":"kvgv039x4fh5zc6","timestamp":1722874596629,"id":"52rtniwvzbksfd1","previousEventId":"j278fax51in19u1","previousOperationId":"kvgv039x4fh5zc6"}
{"type":"operationStart","subtype":"recipe","name":"xlsx","timestamp":1722874596630,"id":"is04ycbazo1qiwt","previousEventId":"52rtniwvzbksfd1","operationId":"oemul7th199h8av","previousOperationId":"kvgv039x4fh5zc6"}
{"type":"log","timestamp":1722874596630,"level":"debug","message":"Executing recipe xlsx","meta":{"rootId":"6keaupc4jb39q9o","id":"6keaupc4jb39q9o"},"id":"6weg8uh3v1rohth","previousOperationId":"oemul7th199h8av"}
{"type":"log","timestamp":1722874596630,"level":"info","message":"xlsx generation is starting","meta":{"rootId":"6keaupc4jb39q9o","id":"6keaupc4jb39q9o"},"id":"yd5lcm08qad7pyh","previousOperationId":"oemul7th199h8av"}
{"type":"log","timestamp":1722874596656,"level":"debug","message":"Starting child request to render xlsx dynamic parts for generation step","meta":{"rootId":"6keaupc4jb39q9o","id":"6keaupc4jb39q9o"},"id":"1jfed2gxg9b33qx","previousOperationId":"oemul7th199h8av"}
{"type":"operationStart","subtype":"render","name":"anonymous","previousOperationId":"oemul7th199h8av","timestamp":1722874596656,"id":"dppeuu85lr90oqm","previousEventId":"is04ycbazo1qiwt","operationId":"1d4wwxe1dfgcekz"}
{"type":"log","timestamp":1722874596656,"level":"info","message":"Starting rendering (child) request (user: admin)","meta":{"rootId":"6keaupc4jb39q9o","id":"qts0fnwtnhvz490"},"id":"8d9qr2dvyb8krlj","previousOperationId":"1d4wwxe1dfgcekz"}
{"type":"log","timestamp":1722874596656,"level":"info","message":"Rendering anonymous template { recipe: html, engine: handlebars }","meta":{"rootId":"6keaupc4jb39q9o","id":"qts0fnwtnhvz490"},"id":"ajbz7u3gxeq6k6k","previousOperationId":"1d4wwxe1dfgcekz"}
{"type":"log","timestamp":1722874596656,"level":"debug","message":"Inline data specified.","meta":{"rootId":"6keaupc4jb39q9o","id":"qts0fnwtnhvz490"},"id":"7g2pqdhib1zag38","previousOperationId":"1d4wwxe1dfgcekz"}
{"type":"log","timestamp":1722874596657,"level":"debug","message":"Base url not specified, skipping its injection.","meta":{"rootId":"6keaupc4jb39q9o","id":"qts0fnwtnhvz490"},"id":"uiamamnkccsnxr9","previousOperationId":"1d4wwxe1dfgcekz"}
{"type":"operationStart","subtype":"engine","name":"handlebars","timestamp":1722874596657,"id":"ctxe2xvmn7t5fhu","previousEventId":"dppeuu85lr90oqm","operationId":"n3vr00xasnduxg7","previousOperationId":"1d4wwxe1dfgcekz"}
{"type":"log","timestamp":1722874596657,"level":"debug","message":"Rendering engine handlebars","meta":{"rootId":"6keaupc4jb39q9o","id":"qts0fnwtnhvz490"},"id":"5d1a875f7ovh58p","previousOperationId":"n3vr00xasnduxg7"}
{"type":"operationEnd","operationId":"n3vr00xasnduxg7","timestamp":1722874596716,"id":"9q7qp2y6v5sls2o","previousEventId":"ctxe2xvmn7t5fhu","previousOperationId":"n3vr00xasnduxg7"}
{"type":"operationStart","subtype":"recipe","name":"html","timestamp":1722874596716,"id":"yq3ekk1sl4mi65t","previousEventId":"9q7qp2y6v5sls2o","operationId":"64frwu5xcmkdlpt","previousOperationId":"n3vr00xasnduxg7"}
{"type":"log","timestamp":1722874596716,"level":"debug","message":"Executing recipe html","meta":{"rootId":"6keaupc4jb39q9o","id":"qts0fnwtnhvz490"},"id":"nnk7smkz0ykjbty","previousOperationId":"64frwu5xcmkdlpt"}
{"type":"operationEnd","operationId":"64frwu5xcmkdlpt","timestamp":1722874596716,"id":"p6jd5m5g0b4w05a","previousEventId":"yq3ekk1sl4mi65t","previousOperationId":"64frwu5xcmkdlpt"}
{"type":"log","timestamp":1722874596716,"level":"debug","message":"Skipping storing report.","meta":{"rootId":"6keaupc4jb39q9o","id":"qts0fnwtnhvz490"},"id":"702lg4i8d47xrjs","previousOperationId":"64frwu5xcmkdlpt"}
{"type":"log","timestamp":1722874596716,"level":"info","message":"Rendering (child) request finished in 129 ms","meta":{"rootId":"6keaupc4jb39q9o","id":"qts0fnwtnhvz490"},"id":"o9u1lh2nj1k3m9j","previousOperationId":"64frwu5xcmkdlpt"}
{"type":"operationEnd","subtype":"render","operationId":"1d4wwxe1dfgcekz","timestamp":1722874596716,"id":"q5avqbthee078l2","previousEventId":"p6jd5m5g0b4w05a","previousOperationId":"64frwu5xcmkdlpt"}
{"type":"log","timestamp":1722874596750,"level":"debug","message":"xlsx successfully zipped","meta":{"rootId":"6keaupc4jb39q9o","id":"6keaupc4jb39q9o"},"id":"pqgqcdbmjfnswwd","previousOperationId":"oemul7th199h8av"}
{"type":"log","timestamp":1722874596750,"level":"info","message":"xlsx generation was finished","meta":{"rootId":"6keaupc4jb39q9o","id":"6keaupc4jb39q9o"},"id":"s4nzsycgx8hi0qf","previousOperationId":"oemul7th199h8av"}
{"type":"log","timestamp":1722874596750,"level":"info","message":"xlsx transformation is starting","meta":{"rootId":"6keaupc4jb39q9o","id":"6keaupc4jb39q9o"},"id":"lnfs4n79sf3fgn8","previousOperationId":"oemul7th199h8av"}
{"type":"log","timestamp":1722874596777,"level":"debug","message":"Parsing xlsx content","meta":{"rootId":"6keaupc4jb39q9o","id":"6keaupc4jb39q9o"},"id":"9ofq9hsuex4nvo6","previousOperationId":"oemul7th199h8av"}
{"type":"log","timestamp":1722874596799,"level":"debug","message":"Successfully zipped now.","meta":{"rootId":"6keaupc4jb39q9o","id":"6keaupc4jb39q9o"},"id":"dro9ojx50evl1y9","previousOperationId":"oemul7th199h8av"}
{"type":"log","timestamp":1722874596799,"level":"info","message":"xlsx transformation was finished","meta":{"rootId":"6keaupc4jb39q9o","id":"6keaupc4jb39q9o"},"id":"a7z6wwmx8ybex81","previousOperationId":"oemul7th199h8av"}
{"type":"log","timestamp":1722874596799,"level":"debug","message":"preparing office preview","meta":{"rootId":"6keaupc4jb39q9o","id":"6keaupc4jb39q9o"},"id":"dnqz952l4jfzdr7","previousOperationId":"oemul7th199h8av"}
{"type":"operationEnd","operationId":"oemul7th199h8av","timestamp":1722874597639,"id":"brkg3ektxqjh8gt","previousEventId":"is04ycbazo1qiwt","previousOperationId":"oemul7th199h8av"}
{"type":"log","timestamp":1722874597639,"level":"debug","message":"Skipping storing report.","meta":{"rootId":"6keaupc4jb39q9o","id":"6keaupc4jb39q9o"},"id":"00phykf9gugw6xh","previousOperationId":"oemul7th199h8av"}
{"type":"log","timestamp":1722874597639,"level":"info","message":"Rendering request 15 finished in 1052 ms","meta":{"rootId":"6keaupc4jb39q9o","id":"6keaupc4jb39q9o"},"id":"z75aznyfldysrlc","previousOperationId":"oemul7th199h8av"}
{"type":"operationEnd","subtype":"render","operationId":"licrp0fbmoe7wle","timestamp":1722874597639,"id":"u4muyamnzld2xnc","previousEventId":"brkg3ektxqjh8gt","previousOperationId":"oemul7th199h8av"}
{"type":"operationEnd","doDiffs":false,"previousEventId":"gw2mku8l36wbwfr","previousOperationId":"sj5m9a791nip2gv","operationId":"sj5m9a791nip2gv","timestamp":1722874597642,"id":"rwjddd18to6ac5e"}
