{"type":"operationStart","subtype":"profile","data":{"_id":"lrko7H0rmDAobWCL","timestamp":"2024-08-05T16:06:06.377Z","state":"queued","mode":"standard","creationDate":"2024-08-05T16:06:06.379Z","modificationDate":"2024-08-05T16:06:06.379Z","shortid":"TMqJvLs","inheritedReadPermissions":[],"inheritedEditPermissions":[],"$entitySet":"profiles"},"doDiffs":false,"timestamp":1722873966378,"id":"qvyxozc6s5udsje","previousOperationId":null,"operationId":"3xgbvs93y3wab86"}
{"type":"log","level":"info","message":"Render request 1 queued for execution and waiting for available worker","previousOperationId":"3xgbvs93y3wab86","timestamp":1722873966378,"id":"2prp9xhsf09nuvh"}
{"type":"operationStart","subtype":"render","name":"modules","previousOperationId":"3xgbvs93y3wab86","timestamp":1722873966427,"id":"wnkfckev1je4u1n","previousEventId":"qvyxozc6s5udsje","operationId":"9sdi9qx9ulbspap"}
{"type":"log","timestamp":1722873966427,"level":"info","message":"Starting rendering request 1 (user: admin)","meta":{"rootId":"86rplkktiru50sv","id":"86rplkktiru50sv"},"id":"kt4lxzvvmn4h96w","previousOperationId":"9sdi9qx9ulbspap"}
{"type":"log","timestamp":1722873966428,"level":"info","message":"Rendering template { name: modules, recipe: xlsx, engine: handlebars, preview: true }","meta":{"rootId":"86rplkktiru50sv","id":"86rplkktiru50sv"},"id":"f3nkmhywwul1eep","previousOperationId":"9sdi9qx9ulbspap"}
{"type":"log","timestamp":1722873966428,"level":"debug","message":"Inline data specified.","meta":{"rootId":"86rplkktiru50sv","id":"86rplkktiru50sv"},"id":"yyu2ih5n0drps4g","previousOperationId":"9sdi9qx9ulbspap"}
{"type":"log","timestamp":1722873966429,"level":"debug","message":"Base url not specified, skipping its injection.","meta":{"rootId":"86rplkktiru50sv","id":"86rplkktiru50sv"},"id":"0enh3e7iozy7soc","previousOperationId":"9sdi9qx9ulbspap"}
{"type":"operationStart","subtype":"engine","name":"handlebars","timestamp":1722873966430,"id":"irgrybbnhlfth7s","previousEventId":"wnkfckev1je4u1n","operationId":"xctj704v04f1sdc","previousOperationId":"9sdi9qx9ulbspap"}
{"type":"log","timestamp":1722873966430,"level":"debug","message":"Rendering engine handlebars","meta":{"rootId":"86rplkktiru50sv","id":"86rplkktiru50sv"},"id":"6opp9td2htyv5g8","previousOperationId":"xctj704v04f1sdc"}
{"type":"operationEnd","operationId":"xctj704v04f1sdc","timestamp":1722873966829,"id":"e50t4rtpdmu9pm4","previousEventId":"irgrybbnhlfth7s","previousOperationId":"xctj704v04f1sdc"}
{"type":"operationStart","subtype":"recipe","name":"xlsx","timestamp":1722873966829,"id":"teg431gb2xj7vhb","previousEventId":"e50t4rtpdmu9pm4","operationId":"obpnao95gvn72zh","previousOperationId":"xctj704v04f1sdc"}
{"type":"log","timestamp":1722873966829,"level":"debug","message":"Executing recipe xlsx","meta":{"rootId":"86rplkktiru50sv","id":"86rplkktiru50sv"},"id":"9s543sq6xc2ae52","previousOperationId":"obpnao95gvn72zh"}
{"type":"log","timestamp":1722873966867,"level":"info","message":"xlsx generation is starting","meta":{"rootId":"86rplkktiru50sv","id":"86rplkktiru50sv"},"id":"gd5gifwu2oyvos6","previousOperationId":"obpnao95gvn72zh"}
{"type":"log","timestamp":1722873966903,"level":"debug","message":"Starting child request to render xlsx dynamic parts for generation step","meta":{"rootId":"86rplkktiru50sv","id":"86rplkktiru50sv"},"id":"ap59jltkcjr8itf","previousOperationId":"obpnao95gvn72zh"}
{"type":"operationStart","subtype":"render","name":"anonymous","previousOperationId":"obpnao95gvn72zh","timestamp":1722873966904,"id":"djvksnu1hrocbsa","previousEventId":"teg431gb2xj7vhb","operationId":"3t3mpe1tocus7th"}
{"type":"log","timestamp":1722873966904,"level":"info","message":"Starting rendering (child) request (user: admin)","meta":{"rootId":"86rplkktiru50sv","id":"nza0fafmrxa817f"},"id":"6n96ynh0j0fm2o2","previousOperationId":"3t3mpe1tocus7th"}
{"type":"log","timestamp":1722873966904,"level":"info","message":"Rendering anonymous template { recipe: html, engine: handlebars }","meta":{"rootId":"86rplkktiru50sv","id":"nza0fafmrxa817f"},"id":"79gjlkc6ymo6pa4","previousOperationId":"3t3mpe1tocus7th"}
{"type":"log","timestamp":1722873966904,"level":"debug","message":"Inline data specified.","meta":{"rootId":"86rplkktiru50sv","id":"nza0fafmrxa817f"},"id":"wtxx9lv32sv8r9s","previousOperationId":"3t3mpe1tocus7th"}
{"type":"log","timestamp":1722873966912,"level":"debug","message":"Base url not specified, skipping its injection.","meta":{"rootId":"86rplkktiru50sv","id":"nza0fafmrxa817f"},"id":"henxyzyirtpp1zy","previousOperationId":"3t3mpe1tocus7th"}
{"type":"operationStart","subtype":"engine","name":"handlebars","timestamp":1722873966912,"id":"3z0b58270aqzz43","previousEventId":"djvksnu1hrocbsa","operationId":"4cduwlrfh546c3s","previousOperationId":"3t3mpe1tocus7th"}
{"type":"log","timestamp":1722873966912,"level":"debug","message":"Rendering engine handlebars","meta":{"rootId":"86rplkktiru50sv","id":"nza0fafmrxa817f"},"id":"pxhafnl0t2b4d42","previousOperationId":"4cduwlrfh546c3s"}
{"type":"operationEnd","operationId":"4cduwlrfh546c3s","timestamp":1722873966986,"id":"u2nrrvjfbbjpn7p","previousEventId":"3z0b58270aqzz43","previousOperationId":"4cduwlrfh546c3s"}
{"type":"operationStart","subtype":"recipe","name":"html","timestamp":1722873966987,"id":"dm98x12a2dm4iga","previousEventId":"u2nrrvjfbbjpn7p","operationId":"5eewkkljd83sruh","previousOperationId":"4cduwlrfh546c3s"}
{"type":"log","timestamp":1722873966987,"level":"debug","message":"Executing recipe html","meta":{"rootId":"86rplkktiru50sv","id":"nza0fafmrxa817f"},"id":"ti934std6xgl04f","previousOperationId":"5eewkkljd83sruh"}
{"type":"operationEnd","operationId":"5eewkkljd83sruh","timestamp":1722873966987,"id":"x8kfbiykj6fl8zz","previousEventId":"dm98x12a2dm4iga","previousOperationId":"5eewkkljd83sruh"}
{"type":"log","timestamp":1722873966988,"level":"debug","message":"Skipping storing report.","meta":{"rootId":"86rplkktiru50sv","id":"nza0fafmrxa817f"},"id":"cytk2lio0vtovly","previousOperationId":"5eewkkljd83sruh"}
{"type":"log","timestamp":1722873966988,"level":"info","message":"Rendering (child) request finished in 612 ms","meta":{"rootId":"86rplkktiru50sv","id":"nza0fafmrxa817f"},"id":"9oply0u5tfb9xfc","previousOperationId":"5eewkkljd83sruh"}
{"type":"operationEnd","subtype":"render","operationId":"3t3mpe1tocus7th","timestamp":1722873966988,"id":"3ay0fdbwotatn1q","previousEventId":"x8kfbiykj6fl8zz","previousOperationId":"5eewkkljd83sruh"}
{"type":"log","timestamp":1722873967127,"level":"debug","message":"xlsx successfully zipped","meta":{"rootId":"86rplkktiru50sv","id":"86rplkktiru50sv"},"id":"5dz38nzowcxqby7","previousOperationId":"obpnao95gvn72zh"}
{"type":"log","timestamp":1722873967127,"level":"info","message":"xlsx generation was finished","meta":{"rootId":"86rplkktiru50sv","id":"86rplkktiru50sv"},"id":"ifpjr6ag4gdchr4","previousOperationId":"obpnao95gvn72zh"}
{"type":"log","timestamp":1722873967131,"level":"info","message":"xlsx transformation is starting","meta":{"rootId":"86rplkktiru50sv","id":"86rplkktiru50sv"},"id":"0b9ohdu4k398buy","previousOperationId":"obpnao95gvn72zh"}
{"type":"log","timestamp":1722873967198,"level":"debug","message":"Parsing xlsx content","meta":{"rootId":"86rplkktiru50sv","id":"86rplkktiru50sv"},"id":"esu4fjgr9zfqbz4","previousOperationId":"obpnao95gvn72zh"}
{"type":"log","timestamp":1722873967232,"level":"debug","message":"Successfully zipped now.","meta":{"rootId":"86rplkktiru50sv","id":"86rplkktiru50sv"},"id":"nz7j36eyn4u1lh3","previousOperationId":"obpnao95gvn72zh"}
{"type":"log","timestamp":1722873967232,"level":"info","message":"xlsx transformation was finished","meta":{"rootId":"86rplkktiru50sv","id":"86rplkktiru50sv"},"id":"on1kpkskp2loyuh","previousOperationId":"obpnao95gvn72zh"}
{"type":"log","timestamp":1722873967253,"level":"debug","message":"preparing office preview","meta":{"rootId":"86rplkktiru50sv","id":"86rplkktiru50sv"},"id":"086tk1gc9m3y97r","previousOperationId":"obpnao95gvn72zh"}
{"type":"operationEnd","operationId":"obpnao95gvn72zh","timestamp":1722873967947,"id":"ro41nt86jbqx92g","previousEventId":"teg431gb2xj7vhb","previousOperationId":"obpnao95gvn72zh"}
{"type":"log","timestamp":1722873967947,"level":"debug","message":"Skipping storing report.","meta":{"rootId":"86rplkktiru50sv","id":"86rplkktiru50sv"},"id":"1c1a3bmsh738etp","previousOperationId":"obpnao95gvn72zh"}
{"type":"log","timestamp":1722873967947,"level":"info","message":"Rendering request 1 finished in 1571 ms","meta":{"rootId":"86rplkktiru50sv","id":"86rplkktiru50sv"},"id":"ib54vw9m3qfry27","previousOperationId":"obpnao95gvn72zh"}
{"type":"operationEnd","subtype":"render","operationId":"9sdi9qx9ulbspap","timestamp":1722873967947,"id":"ac0xhthfvulbx5k","previousEventId":"ro41nt86jbqx92g","previousOperationId":"obpnao95gvn72zh"}
{"type":"operationEnd","doDiffs":false,"previousEventId":"qvyxozc6s5udsje","previousOperationId":"3xgbvs93y3wab86","operationId":"3xgbvs93y3wab86","timestamp":1722873967949,"id":"qart2i8438lt0b7"}
