{"type":"operationStart","subtype":"profile","data":{"_id":"vN6bq1orAlZdgJ9j","timestamp":"2024-08-05T16:35:57.844Z","state":"queued","mode":"standard","creationDate":"2024-08-05T16:35:57.845Z","modificationDate":"2024-08-05T16:35:57.845Z","shortid":"cuTtpQQ","inheritedReadPermissions":[],"inheritedEditPermissions":[],"$entitySet":"profiles"},"doDiffs":false,"timestamp":1722875757844,"id":"dyd1icfz43yxbtl","previousOperationId":null,"operationId":"vuouz3iqz98khu4"}
{"type":"log","level":"info","message":"Render request 31 queued for execution and waiting for available worker","previousOperationId":"vuouz3iqz98khu4","timestamp":1722875757844,"id":"1f26c39qyhp0m31"}
{"type":"operationStart","subtype":"render","name":"modules","previousOperationId":"vuouz3iqz98khu4","timestamp":1722875757870,"id":"qrb8zwxj2yl6vqi","previousEventId":"dyd1icfz43yxbtl","operationId":"dlu12odha1g7cwy"}
{"type":"log","timestamp":1722875757870,"level":"info","message":"Starting rendering request 31 (user: admin)","meta":{"rootId":"9l9wyl1t7etm0g2","id":"9l9wyl1t7etm0g2"},"id":"epu4jpqq84vqqxb","previousOperationId":"dlu12odha1g7cwy"}
{"type":"log","timestamp":1722875757870,"level":"info","message":"Rendering template { name: modules, recipe: xlsx, engine: handlebars, preview: true }","meta":{"rootId":"9l9wyl1t7etm0g2","id":"9l9wyl1t7etm0g2"},"id":"9sbugujqxcs4m4p","previousOperationId":"dlu12odha1g7cwy"}
{"type":"log","timestamp":1722875757870,"level":"debug","message":"Inline data specified.","meta":{"rootId":"9l9wyl1t7etm0g2","id":"9l9wyl1t7etm0g2"},"id":"0e4x0psmyeihw6d","previousOperationId":"dlu12odha1g7cwy"}
{"type":"log","timestamp":1722875757871,"level":"debug","message":"Base url not specified, skipping its injection.","meta":{"rootId":"9l9wyl1t7etm0g2","id":"9l9wyl1t7etm0g2"},"id":"v6ltj898uttc1mz","previousOperationId":"dlu12odha1g7cwy"}
{"type":"operationStart","subtype":"engine","name":"handlebars","timestamp":1722875757871,"id":"iph9u7y1qoz3tq6","previousEventId":"qrb8zwxj2yl6vqi","operationId":"x3ajzjny86yvvzg","previousOperationId":"dlu12odha1g7cwy"}
{"type":"log","timestamp":1722875757871,"level":"debug","message":"Rendering engine handlebars","meta":{"rootId":"9l9wyl1t7etm0g2","id":"9l9wyl1t7etm0g2"},"id":"12r6d73t5kfsla3","previousOperationId":"x3ajzjny86yvvzg"}
{"type":"operationEnd","operationId":"x3ajzjny86yvvzg","timestamp":1722875757876,"id":"bnxth80jbas7o64","previousEventId":"iph9u7y1qoz3tq6","previousOperationId":"x3ajzjny86yvvzg"}
{"type":"operationStart","subtype":"recipe","name":"xlsx","timestamp":1722875757876,"id":"03bp0dkunxp3an8","previousEventId":"bnxth80jbas7o64","operationId":"14klwov8survbgl","previousOperationId":"x3ajzjny86yvvzg"}
{"type":"log","timestamp":1722875757876,"level":"debug","message":"Executing recipe xlsx","meta":{"rootId":"9l9wyl1t7etm0g2","id":"9l9wyl1t7etm0g2"},"id":"a5l2ysebbklqy2k","previousOperationId":"14klwov8survbgl"}
{"type":"log","timestamp":1722875757877,"level":"info","message":"xlsx generation is starting","meta":{"rootId":"9l9wyl1t7etm0g2","id":"9l9wyl1t7etm0g2"},"id":"e7ryyx55vhob2jo","previousOperationId":"14klwov8survbgl"}
{"type":"log","timestamp":1722875757887,"level":"debug","message":"Starting child request to render xlsx dynamic parts for generation step","meta":{"rootId":"9l9wyl1t7etm0g2","id":"9l9wyl1t7etm0g2"},"id":"q071ll4nwab228i","previousOperationId":"14klwov8survbgl"}
{"type":"operationStart","subtype":"render","name":"anonymous","previousOperationId":"14klwov8survbgl","timestamp":1722875757888,"id":"odqzznzq3y73866","previousEventId":"03bp0dkunxp3an8","operationId":"lc5627kbd10h2ol"}
{"type":"log","timestamp":1722875757888,"level":"info","message":"Starting rendering (child) request (user: admin)","meta":{"rootId":"9l9wyl1t7etm0g2","id":"l8gknt5ixtlourd"},"id":"oyoaip2myust5c1","previousOperationId":"lc5627kbd10h2ol"}
{"type":"log","timestamp":1722875757888,"level":"info","message":"Rendering anonymous template { recipe: html, engine: handlebars }","meta":{"rootId":"9l9wyl1t7etm0g2","id":"l8gknt5ixtlourd"},"id":"zlfkxt88grjt2qi","previousOperationId":"lc5627kbd10h2ol"}
{"type":"log","timestamp":1722875757888,"level":"debug","message":"Inline data specified.","meta":{"rootId":"9l9wyl1t7etm0g2","id":"l8gknt5ixtlourd"},"id":"2nf316n447t45hs","previousOperationId":"lc5627kbd10h2ol"}
{"type":"log","timestamp":1722875757889,"level":"debug","message":"Base url not specified, skipping its injection.","meta":{"rootId":"9l9wyl1t7etm0g2","id":"l8gknt5ixtlourd"},"id":"wb5ne9lya840uff","previousOperationId":"lc5627kbd10h2ol"}
{"type":"operationStart","subtype":"engine","name":"handlebars","timestamp":1722875757889,"id":"y08vcg9fzidvkk9","previousEventId":"odqzznzq3y73866","operationId":"mswu2hjk1gaue2l","previousOperationId":"lc5627kbd10h2ol"}
{"type":"log","timestamp":1722875757889,"level":"debug","message":"Rendering engine handlebars","meta":{"rootId":"9l9wyl1t7etm0g2","id":"l8gknt5ixtlourd"},"id":"vaydvr3164pr3e3","previousOperationId":"mswu2hjk1gaue2l"}
{"type":"operationEnd","operationId":"mswu2hjk1gaue2l","timestamp":1722875757972,"id":"4ixewi0v2lditpu","previousEventId":"y08vcg9fzidvkk9","previousOperationId":"mswu2hjk1gaue2l"}
{"type":"operationStart","subtype":"recipe","name":"html","timestamp":1722875757973,"id":"3411ruurot6rmk3","previousEventId":"4ixewi0v2lditpu","operationId":"hq2hrq340b8s8sn","previousOperationId":"mswu2hjk1gaue2l"}
{"type":"log","timestamp":1722875757973,"level":"debug","message":"Executing recipe html","meta":{"rootId":"9l9wyl1t7etm0g2","id":"l8gknt5ixtlourd"},"id":"6np6eg6vcg22cx6","previousOperationId":"hq2hrq340b8s8sn"}
{"type":"operationEnd","operationId":"hq2hrq340b8s8sn","timestamp":1722875757973,"id":"0oiy4lnr70kmx5e","previousEventId":"3411ruurot6rmk3","previousOperationId":"hq2hrq340b8s8sn"}
{"type":"log","timestamp":1722875757973,"level":"debug","message":"Skipping storing report.","meta":{"rootId":"9l9wyl1t7etm0g2","id":"l8gknt5ixtlourd"},"id":"vzqe8wulinjb6dk","previousOperationId":"hq2hrq340b8s8sn"}
{"type":"log","timestamp":1722875757973,"level":"info","message":"Rendering (child) request finished in 129 ms","meta":{"rootId":"9l9wyl1t7etm0g2","id":"l8gknt5ixtlourd"},"id":"1ift45s8ac7yd87","previousOperationId":"hq2hrq340b8s8sn"}
{"type":"operationEnd","subtype":"render","operationId":"lc5627kbd10h2ol","timestamp":1722875757973,"id":"6dzu2acjl2q0ehy","previousEventId":"0oiy4lnr70kmx5e","previousOperationId":"hq2hrq340b8s8sn"}
{"type":"log","timestamp":1722875757984,"level":"debug","message":"xlsx successfully zipped","meta":{"rootId":"9l9wyl1t7etm0g2","id":"9l9wyl1t7etm0g2"},"id":"n7kyztt77cwfx54","previousOperationId":"14klwov8survbgl"}
{"type":"log","timestamp":1722875757984,"level":"info","message":"xlsx generation was finished","meta":{"rootId":"9l9wyl1t7etm0g2","id":"9l9wyl1t7etm0g2"},"id":"lvdtvluovm0rx05","previousOperationId":"14klwov8survbgl"}
{"type":"log","timestamp":1722875757984,"level":"info","message":"xlsx transformation is starting","meta":{"rootId":"9l9wyl1t7etm0g2","id":"9l9wyl1t7etm0g2"},"id":"quladhyn15agv5i","previousOperationId":"14klwov8survbgl"}
{"type":"log","timestamp":1722875758040,"level":"debug","message":"Parsing xlsx content","meta":{"rootId":"9l9wyl1t7etm0g2","id":"9l9wyl1t7etm0g2"},"id":"ztypxupwsl3izdl","previousOperationId":"14klwov8survbgl"}
{"type":"log","timestamp":1722875758059,"level":"debug","message":"Successfully zipped now.","meta":{"rootId":"9l9wyl1t7etm0g2","id":"9l9wyl1t7etm0g2"},"id":"fpl9vr4yw1l8lzj","previousOperationId":"14klwov8survbgl"}
{"type":"log","timestamp":1722875758059,"level":"info","message":"xlsx transformation was finished","meta":{"rootId":"9l9wyl1t7etm0g2","id":"9l9wyl1t7etm0g2"},"id":"9obcpao6lctbzqv","previousOperationId":"14klwov8survbgl"}
{"type":"log","timestamp":1722875758060,"level":"debug","message":"preparing office preview","meta":{"rootId":"9l9wyl1t7etm0g2","id":"9l9wyl1t7etm0g2"},"id":"m7vb92h2g3ufe7q","previousOperationId":"14klwov8survbgl"}
{"type":"operationEnd","operationId":"14klwov8survbgl","timestamp":1722875758735,"id":"ipp8v6gc3zhmq5b","previousEventId":"03bp0dkunxp3an8","previousOperationId":"14klwov8survbgl"}
{"type":"log","timestamp":1722875758735,"level":"debug","message":"Skipping storing report.","meta":{"rootId":"9l9wyl1t7etm0g2","id":"9l9wyl1t7etm0g2"},"id":"74jjj3e25ou4zru","previousOperationId":"14klwov8survbgl"}
{"type":"log","timestamp":1722875758735,"level":"info","message":"Rendering request 31 finished in 891 ms","meta":{"rootId":"9l9wyl1t7etm0g2","id":"9l9wyl1t7etm0g2"},"id":"grk3rdpl5u7kpib","previousOperationId":"14klwov8survbgl"}
{"type":"operationEnd","subtype":"render","operationId":"dlu12odha1g7cwy","timestamp":1722875758735,"id":"92of2mhpf0bnca3","previousEventId":"ipp8v6gc3zhmq5b","previousOperationId":"14klwov8survbgl"}
{"type":"operationEnd","doDiffs":false,"previousEventId":"dyd1icfz43yxbtl","previousOperationId":"vuouz3iqz98khu4","operationId":"vuouz3iqz98khu4","timestamp":1722875758737,"id":"fk4sqxeu69f6wke"}
