{"type":"operationStart","subtype":"profile","data":{"_id":"jMALws1IZjgHLDGq","timestamp":"2024-08-05T17:15:37.846Z","state":"queued","mode":"standard","creationDate":"2024-08-05T17:15:37.847Z","modificationDate":"2024-08-05T17:15:37.847Z","shortid":"Xo-By2r","inheritedReadPermissions":[],"inheritedEditPermissions":[],"$entitySet":"profiles"},"doDiffs":false,"timestamp":1722878137847,"id":"w09fvmql4m5wcr8","previousOperationId":null,"operationId":"vojgnfygc79w5bf"}
{"type":"log","level":"info","message":"Render request 54 queued for execution and waiting for available worker","previousOperationId":"vojgnfygc79w5bf","timestamp":1722878137847,"id":"hlixhpmr626ujhl"}
{"type":"operationStart","subtype":"render","name":"modules","previousOperationId":"vojgnfygc79w5bf","timestamp":1722878137878,"id":"twu79wkxf6brerf","previousEventId":"w09fvmql4m5wcr8","operationId":"253vrpwhtbq3d4j"}
{"type":"log","timestamp":1722878137878,"level":"info","message":"Starting rendering request 54 (user: admin)","meta":{"rootId":"a674nye3qy5gcnb","id":"a674nye3qy5gcnb"},"id":"tfbgis0fyfvnbv6","previousOperationId":"253vrpwhtbq3d4j"}
{"type":"log","timestamp":1722878137879,"level":"info","message":"Rendering template { name: modules, recipe: xlsx, engine: handlebars, preview: true }","meta":{"rootId":"a674nye3qy5gcnb","id":"a674nye3qy5gcnb"},"id":"ymzb4b8ngf6nogo","previousOperationId":"253vrpwhtbq3d4j"}
{"type":"log","timestamp":1722878137879,"level":"debug","message":"Inline data specified.","meta":{"rootId":"a674nye3qy5gcnb","id":"a674nye3qy5gcnb"},"id":"8ry3rgjashkhhbv","previousOperationId":"253vrpwhtbq3d4j"}
{"type":"log","timestamp":1722878137880,"level":"debug","message":"Base url not specified, skipping its injection.","meta":{"rootId":"a674nye3qy5gcnb","id":"a674nye3qy5gcnb"},"id":"vdqno3h7gxh7175","previousOperationId":"253vrpwhtbq3d4j"}
{"type":"operationStart","subtype":"engine","name":"handlebars","timestamp":1722878137880,"id":"kfcpjfd43j6r8qx","previousEventId":"twu79wkxf6brerf","operationId":"ti7jzr40dzqqj12","previousOperationId":"253vrpwhtbq3d4j"}
{"type":"log","timestamp":1722878137880,"level":"debug","message":"Rendering engine handlebars","meta":{"rootId":"a674nye3qy5gcnb","id":"a674nye3qy5gcnb"},"id":"mtkojice34f5l6y","previousOperationId":"ti7jzr40dzqqj12"}
{"type":"operationEnd","operationId":"ti7jzr40dzqqj12","timestamp":1722878137890,"id":"63dbk8p5fz2mszc","previousEventId":"kfcpjfd43j6r8qx","previousOperationId":"ti7jzr40dzqqj12"}
{"type":"operationStart","subtype":"recipe","name":"xlsx","timestamp":1722878137890,"id":"0uvrq5i7dw9aqkh","previousEventId":"63dbk8p5fz2mszc","operationId":"53p548gcv38lctp","previousOperationId":"ti7jzr40dzqqj12"}
{"type":"log","timestamp":1722878137890,"level":"debug","message":"Executing recipe xlsx","meta":{"rootId":"a674nye3qy5gcnb","id":"a674nye3qy5gcnb"},"id":"rhyxgkuy8r39e54","previousOperationId":"53p548gcv38lctp"}
{"type":"log","timestamp":1722878137891,"level":"info","message":"xlsx generation is starting","meta":{"rootId":"a674nye3qy5gcnb","id":"a674nye3qy5gcnb"},"id":"edw32ghm5mepy2f","previousOperationId":"53p548gcv38lctp"}
{"type":"log","timestamp":1722878137919,"level":"debug","message":"Starting child request to render xlsx dynamic parts for generation step","meta":{"rootId":"a674nye3qy5gcnb","id":"a674nye3qy5gcnb"},"id":"nywb469ztfgeg7t","previousOperationId":"53p548gcv38lctp"}
{"type":"operationStart","subtype":"render","name":"anonymous","previousOperationId":"53p548gcv38lctp","timestamp":1722878137919,"id":"mu8l66tj3qdc9rw","previousEventId":"0uvrq5i7dw9aqkh","operationId":"3dkb5nw4hdynnyb"}
{"type":"log","timestamp":1722878137919,"level":"info","message":"Starting rendering (child) request (user: admin)","meta":{"rootId":"a674nye3qy5gcnb","id":"1ch0644qvpo0ncn"},"id":"doqty0zmuar9lyf","previousOperationId":"3dkb5nw4hdynnyb"}
{"type":"log","timestamp":1722878137919,"level":"info","message":"Rendering anonymous template { recipe: html, engine: handlebars }","meta":{"rootId":"a674nye3qy5gcnb","id":"1ch0644qvpo0ncn"},"id":"lm8yohlndgp39dl","previousOperationId":"3dkb5nw4hdynnyb"}
{"type":"log","timestamp":1722878137919,"level":"debug","message":"Inline data specified.","meta":{"rootId":"a674nye3qy5gcnb","id":"1ch0644qvpo0ncn"},"id":"j90rjlhuct76el1","previousOperationId":"3dkb5nw4hdynnyb"}
{"type":"log","timestamp":1722878137922,"level":"debug","message":"Base url not specified, skipping its injection.","meta":{"rootId":"a674nye3qy5gcnb","id":"1ch0644qvpo0ncn"},"id":"hvvmsvr3of1cqik","previousOperationId":"3dkb5nw4hdynnyb"}
{"type":"operationStart","subtype":"engine","name":"handlebars","timestamp":1722878137922,"id":"e18xdd8xlw18vxl","previousEventId":"mu8l66tj3qdc9rw","operationId":"jzyzv9rvezahrjc","previousOperationId":"3dkb5nw4hdynnyb"}
{"type":"log","timestamp":1722878137922,"level":"debug","message":"Rendering engine handlebars","meta":{"rootId":"a674nye3qy5gcnb","id":"1ch0644qvpo0ncn"},"id":"3v80jmnb7z4gzf8","previousOperationId":"jzyzv9rvezahrjc"}
{"type":"operationEnd","operationId":"jzyzv9rvezahrjc","timestamp":1722878138004,"id":"2gqhii9vcec59ob","previousEventId":"e18xdd8xlw18vxl","previousOperationId":"jzyzv9rvezahrjc"}
{"type":"operationStart","subtype":"recipe","name":"html","timestamp":1722878138004,"id":"d6xguci76vt77dc","previousEventId":"2gqhii9vcec59ob","operationId":"dc2hagjhq25w9nk","previousOperationId":"jzyzv9rvezahrjc"}
{"type":"log","timestamp":1722878138004,"level":"debug","message":"Executing recipe html","meta":{"rootId":"a674nye3qy5gcnb","id":"1ch0644qvpo0ncn"},"id":"bqk6uyxpa7pz1ao","previousOperationId":"dc2hagjhq25w9nk"}
{"type":"operationEnd","operationId":"dc2hagjhq25w9nk","timestamp":1722878138004,"id":"m675vnhd7mud18v","previousEventId":"d6xguci76vt77dc","previousOperationId":"dc2hagjhq25w9nk"}
{"type":"log","timestamp":1722878138004,"level":"debug","message":"Skipping storing report.","meta":{"rootId":"a674nye3qy5gcnb","id":"1ch0644qvpo0ncn"},"id":"gk1jnt24jfsv398","previousOperationId":"dc2hagjhq25w9nk"}
{"type":"log","timestamp":1722878138004,"level":"info","message":"Rendering (child) request finished in 158 ms","meta":{"rootId":"a674nye3qy5gcnb","id":"1ch0644qvpo0ncn"},"id":"jlas74h27qieo49","previousOperationId":"dc2hagjhq25w9nk"}
{"type":"operationEnd","subtype":"render","operationId":"3dkb5nw4hdynnyb","timestamp":1722878138004,"id":"wqpil3rfiebrs2v","previousEventId":"m675vnhd7mud18v","previousOperationId":"dc2hagjhq25w9nk"}
{"type":"log","timestamp":1722878138027,"level":"debug","message":"xlsx successfully zipped","meta":{"rootId":"a674nye3qy5gcnb","id":"a674nye3qy5gcnb"},"id":"xpxd0om8r3e5i8f","previousOperationId":"53p548gcv38lctp"}
{"type":"log","timestamp":1722878138027,"level":"info","message":"xlsx generation was finished","meta":{"rootId":"a674nye3qy5gcnb","id":"a674nye3qy5gcnb"},"id":"k3p57s5c9p1ix1v","previousOperationId":"53p548gcv38lctp"}
{"type":"log","timestamp":1722878138027,"level":"info","message":"xlsx transformation is starting","meta":{"rootId":"a674nye3qy5gcnb","id":"a674nye3qy5gcnb"},"id":"tighd2i7wdhqbgv","previousOperationId":"53p548gcv38lctp"}
{"type":"log","timestamp":1722878138081,"level":"debug","message":"Parsing xlsx content","meta":{"rootId":"a674nye3qy5gcnb","id":"a674nye3qy5gcnb"},"id":"kgmmsydjdfq77ee","previousOperationId":"53p548gcv38lctp"}
{"type":"log","timestamp":1722878138104,"level":"debug","message":"Successfully zipped now.","meta":{"rootId":"a674nye3qy5gcnb","id":"a674nye3qy5gcnb"},"id":"z6ovhfgajvnrh3q","previousOperationId":"53p548gcv38lctp"}
{"type":"log","timestamp":1722878138104,"level":"info","message":"xlsx transformation was finished","meta":{"rootId":"a674nye3qy5gcnb","id":"a674nye3qy5gcnb"},"id":"xman651szfo2t1j","previousOperationId":"53p548gcv38lctp"}
{"type":"log","timestamp":1722878138104,"level":"debug","message":"preparing office preview","meta":{"rootId":"a674nye3qy5gcnb","id":"a674nye3qy5gcnb"},"id":"9jwys3mc15xfgrb","previousOperationId":"53p548gcv38lctp"}
{"type":"operationEnd","operationId":"53p548gcv38lctp","timestamp":1722878138810,"id":"a6dze58kmcd8snu","previousEventId":"0uvrq5i7dw9aqkh","previousOperationId":"53p548gcv38lctp"}
{"type":"log","timestamp":1722878138810,"level":"debug","message":"Skipping storing report.","meta":{"rootId":"a674nye3qy5gcnb","id":"a674nye3qy5gcnb"},"id":"07a7qoqeahxjrm3","previousOperationId":"53p548gcv38lctp"}
{"type":"log","timestamp":1722878138810,"level":"info","message":"Rendering request 54 finished in 964 ms","meta":{"rootId":"a674nye3qy5gcnb","id":"a674nye3qy5gcnb"},"id":"o10p21mc62kodlj","previousOperationId":"53p548gcv38lctp"}
{"type":"operationEnd","subtype":"render","operationId":"253vrpwhtbq3d4j","timestamp":1722878138810,"id":"9mitokuuo5juw23","previousEventId":"a6dze58kmcd8snu","previousOperationId":"53p548gcv38lctp"}
{"type":"operationEnd","doDiffs":false,"previousEventId":"w09fvmql4m5wcr8","previousOperationId":"vojgnfygc79w5bf","operationId":"vojgnfygc79w5bf","timestamp":1722878138812,"id":"ri6plnw5hb6zirf"}
