{"type":"operationStart","subtype":"profile","data":{"_id":"1yjERISPsIQlhtpI","timestamp":"2024-08-05T18:38:11.903Z","state":"queued","mode":"standard","creationDate":"2024-08-05T18:38:11.968Z","modificationDate":"2024-08-05T18:38:11.968Z","shortid":"1FbQH3P","inheritedReadPermissions":[],"inheritedEditPermissions":[],"$entitySet":"profiles"},"doDiffs":false,"timestamp":1722883091968,"id":"93knfea6e2diklk","previousOperationId":null,"operationId":"0ubb9iyqx3p8r2a"}
{"type":"log","level":"info","message":"Render request 2 queued for execution and waiting for available worker","previousOperationId":"0ubb9iyqx3p8r2a","timestamp":1722883091968,"id":"zuz4e23cc3gzh57"}
{"type":"operationStart","subtype":"render","name":"modules","previousOperationId":"0ubb9iyqx3p8r2a","timestamp":1722883092105,"id":"w25mhzlt96djyd4","previousEventId":"93knfea6e2diklk","operationId":"41qgovxond004wx"}
{"type":"log","timestamp":1722883092106,"level":"info","message":"Starting rendering request 2 (user: admin)","meta":{"rootId":"bruj8ji2cacqs2z","id":"bruj8ji2cacqs2z"},"id":"fptcoi4hbl3ec0a","previousOperationId":"41qgovxond004wx"}
{"type":"log","timestamp":1722883092108,"level":"info","message":"Rendering template { name: modules, recipe: xlsx, engine: handlebars, preview: false }","meta":{"rootId":"bruj8ji2cacqs2z","id":"bruj8ji2cacqs2z"},"id":"4tawpg583rub939","previousOperationId":"41qgovxond004wx"}
{"type":"log","timestamp":1722883092110,"level":"debug","message":"Adding sample data zpoVsW4fC","meta":{"rootId":"bruj8ji2cacqs2z","id":"bruj8ji2cacqs2z"},"id":"o5g3l5dz5esqz5z","previousOperationId":"41qgovxond004wx"}
{"type":"log","timestamp":1722883092114,"level":"debug","message":"Base url not specified, skipping its injection.","meta":{"rootId":"bruj8ji2cacqs2z","id":"bruj8ji2cacqs2z"},"id":"kgjsv5nq5sjpccg","previousOperationId":"41qgovxond004wx"}
{"type":"operationStart","subtype":"engine","name":"handlebars","timestamp":1722883092116,"id":"6fgwrlvbju7hqnd","previousEventId":"w25mhzlt96djyd4","operationId":"jwdvcvtbghncgws","previousOperationId":"41qgovxond004wx"}
{"type":"log","timestamp":1722883092116,"level":"debug","message":"Rendering engine handlebars","meta":{"rootId":"bruj8ji2cacqs2z","id":"bruj8ji2cacqs2z"},"id":"8se8ewd0e4i6ix0","previousOperationId":"jwdvcvtbghncgws"}
{"type":"operationEnd","operationId":"jwdvcvtbghncgws","timestamp":1722883092883,"id":"v3v99t7zuoqn882","previousEventId":"6fgwrlvbju7hqnd","previousOperationId":"jwdvcvtbghncgws"}
{"type":"operationStart","subtype":"recipe","name":"xlsx","timestamp":1722883092884,"id":"200qtmff21w1utx","previousEventId":"v3v99t7zuoqn882","operationId":"isj46tbj8qqferv","previousOperationId":"jwdvcvtbghncgws"}
{"type":"log","timestamp":1722883092884,"level":"debug","message":"Executing recipe xlsx","meta":{"rootId":"bruj8ji2cacqs2z","id":"bruj8ji2cacqs2z"},"id":"z4vt3erkonuszb1","previousOperationId":"isj46tbj8qqferv"}
{"type":"log","timestamp":1722883092921,"level":"info","message":"xlsx generation is starting","meta":{"rootId":"bruj8ji2cacqs2z","id":"bruj8ji2cacqs2z"},"id":"t98diarnn0vz9cn","previousOperationId":"isj46tbj8qqferv"}
{"type":"log","timestamp":1722883092991,"level":"debug","message":"Starting child request to render xlsx dynamic parts for generation step","meta":{"rootId":"bruj8ji2cacqs2z","id":"bruj8ji2cacqs2z"},"id":"0iwfavzi1il0pei","previousOperationId":"isj46tbj8qqferv"}
{"type":"operationStart","subtype":"render","name":"anonymous","previousOperationId":"isj46tbj8qqferv","timestamp":1722883092992,"id":"w8c6rcagap9x903","previousEventId":"200qtmff21w1utx","operationId":"foe39xgjylczbjv"}
{"type":"log","timestamp":1722883092992,"level":"info","message":"Starting rendering (child) request (user: admin)","meta":{"rootId":"bruj8ji2cacqs2z","id":"f3k1krr2o04el04"},"id":"9h0k002ndno52ak","previousOperationId":"foe39xgjylczbjv"}
{"type":"log","timestamp":1722883092992,"level":"info","message":"Rendering anonymous template { recipe: html, engine: handlebars }","meta":{"rootId":"bruj8ji2cacqs2z","id":"f3k1krr2o04el04"},"id":"w1lxlegpa5omg47","previousOperationId":"foe39xgjylczbjv"}
{"type":"log","timestamp":1722883092992,"level":"debug","message":"Inline data specified.","meta":{"rootId":"bruj8ji2cacqs2z","id":"f3k1krr2o04el04"},"id":"xr0xyya3bwipkee","previousOperationId":"foe39xgjylczbjv"}
{"type":"log","timestamp":1722883092995,"level":"debug","message":"Base url not specified, skipping its injection.","meta":{"rootId":"bruj8ji2cacqs2z","id":"f3k1krr2o04el04"},"id":"9iyx0espv1ff7mx","previousOperationId":"foe39xgjylczbjv"}
{"type":"operationStart","subtype":"engine","name":"handlebars","timestamp":1722883092995,"id":"4brqp3aqjksgldl","previousEventId":"w8c6rcagap9x903","operationId":"f2l0v5nmmtns8gn","previousOperationId":"foe39xgjylczbjv"}
{"type":"log","timestamp":1722883092995,"level":"debug","message":"Rendering engine handlebars","meta":{"rootId":"bruj8ji2cacqs2z","id":"f3k1krr2o04el04"},"id":"xttra2bnulznq0a","previousOperationId":"f2l0v5nmmtns8gn"}
{"type":"operationEnd","operationId":"f2l0v5nmmtns8gn","timestamp":1722883093168,"id":"lk3umeqvwmaea9k","previousEventId":"4brqp3aqjksgldl","previousOperationId":"f2l0v5nmmtns8gn"}
{"type":"operationStart","subtype":"recipe","name":"html","timestamp":1722883093169,"id":"aaf4fckt3lpbrcj","previousEventId":"lk3umeqvwmaea9k","operationId":"9mxtxx4we1g8d4e","previousOperationId":"f2l0v5nmmtns8gn"}
{"type":"log","timestamp":1722883093169,"level":"debug","message":"Executing recipe html","meta":{"rootId":"bruj8ji2cacqs2z","id":"f3k1krr2o04el04"},"id":"mn7q7rrvbw9vlfl","previousOperationId":"9mxtxx4we1g8d4e"}
{"type":"operationEnd","operationId":"9mxtxx4we1g8d4e","timestamp":1722883093169,"id":"u0zxywroebcjboi","previousEventId":"aaf4fckt3lpbrcj","previousOperationId":"9mxtxx4we1g8d4e"}
{"type":"log","timestamp":1722883093170,"level":"debug","message":"Skipping storing report.","meta":{"rootId":"bruj8ji2cacqs2z","id":"f3k1krr2o04el04"},"id":"ta0ixctuai0i9re","previousOperationId":"9mxtxx4we1g8d4e"}
{"type":"log","timestamp":1722883093170,"level":"info","message":"Rendering (child) request finished in 1267 ms","meta":{"rootId":"bruj8ji2cacqs2z","id":"f3k1krr2o04el04"},"id":"wb5s7v4z5an7seu","previousOperationId":"9mxtxx4we1g8d4e"}
{"type":"operationEnd","subtype":"render","operationId":"foe39xgjylczbjv","timestamp":1722883093170,"id":"uw0497f7j7y1qhw","previousEventId":"u0zxywroebcjboi","previousOperationId":"9mxtxx4we1g8d4e"}
{"type":"log","timestamp":1722883093316,"level":"debug","message":"xlsx successfully zipped","meta":{"rootId":"bruj8ji2cacqs2z","id":"bruj8ji2cacqs2z"},"id":"itkc53lwfym26yv","previousOperationId":"isj46tbj8qqferv"}
{"type":"log","timestamp":1722883093317,"level":"info","message":"xlsx generation was finished","meta":{"rootId":"bruj8ji2cacqs2z","id":"bruj8ji2cacqs2z"},"id":"8oq9sxre2kpn7fr","previousOperationId":"isj46tbj8qqferv"}
{"type":"log","timestamp":1722883093319,"level":"info","message":"xlsx transformation is starting","meta":{"rootId":"bruj8ji2cacqs2z","id":"bruj8ji2cacqs2z"},"id":"ftu9uya13zgoo71","previousOperationId":"isj46tbj8qqferv"}
{"type":"log","timestamp":1722883093432,"level":"debug","message":"Parsing xlsx content","meta":{"rootId":"bruj8ji2cacqs2z","id":"bruj8ji2cacqs2z"},"id":"m5ornvdgyuiwunl","previousOperationId":"isj46tbj8qqferv"}
{"type":"log","timestamp":1722883093510,"level":"debug","message":"Successfully zipped now.","meta":{"rootId":"bruj8ji2cacqs2z","id":"bruj8ji2cacqs2z"},"id":"q15ruolwbkvka24","previousOperationId":"isj46tbj8qqferv"}
{"type":"log","timestamp":1722883093510,"level":"info","message":"xlsx transformation was finished","meta":{"rootId":"bruj8ji2cacqs2z","id":"bruj8ji2cacqs2z"},"id":"l4x4k0dadfafnbv","previousOperationId":"isj46tbj8qqferv"}
{"type":"operationEnd","operationId":"isj46tbj8qqferv","timestamp":1722883093536,"id":"io6iytopruukmn4","previousEventId":"200qtmff21w1utx","previousOperationId":"isj46tbj8qqferv"}
{"type":"log","timestamp":1722883093536,"level":"debug","message":"Skipping storing report.","meta":{"rootId":"bruj8ji2cacqs2z","id":"bruj8ji2cacqs2z"},"id":"bpj06qh1ht10tdw","previousOperationId":"isj46tbj8qqferv"}
{"type":"log","timestamp":1722883093536,"level":"info","message":"Rendering request 2 finished in 1633 ms","meta":{"rootId":"bruj8ji2cacqs2z","id":"bruj8ji2cacqs2z"},"id":"ety24pbzbdddxbg","previousOperationId":"isj46tbj8qqferv"}
{"type":"operationEnd","subtype":"render","operationId":"41qgovxond004wx","timestamp":1722883093536,"id":"sbwbda29gle504q","previousEventId":"io6iytopruukmn4","previousOperationId":"isj46tbj8qqferv"}
{"type":"operationEnd","doDiffs":false,"previousEventId":"93knfea6e2diklk","previousOperationId":"0ubb9iyqx3p8r2a","operationId":"0ubb9iyqx3p8r2a","timestamp":1722883093542,"id":"uf304sr9b2xk6ne"}
