{"type":"operationStart","subtype":"profile","data":{"_id":"SE8hToTQuQpOO2S6","timestamp":"2024-08-05T16:47:45.267Z","state":"queued","mode":"standard","creationDate":"2024-08-05T16:47:45.268Z","modificationDate":"2024-08-05T16:47:45.268Z","shortid":"Mu1j85H","inheritedReadPermissions":[],"inheritedEditPermissions":[],"$entitySet":"profiles"},"doDiffs":false,"timestamp":1722876465268,"id":"luprd51t6b9boh9","previousOperationId":null,"operationId":"fi8mwi6i4gm5rk3"}
{"type":"log","level":"info","message":"Render request 44 queued for execution and waiting for available worker","previousOperationId":"fi8mwi6i4gm5rk3","timestamp":1722876465268,"id":"2j91cam69j8ipoe"}
{"type":"operationStart","subtype":"render","name":"modules","previousOperationId":"fi8mwi6i4gm5rk3","timestamp":1722876465295,"id":"qoygxqwvm8xgtn7","previousEventId":"luprd51t6b9boh9","operationId":"asqcqo04e8aadix"}
{"type":"log","timestamp":1722876465295,"level":"info","message":"Starting rendering request 44 (user: admin)","meta":{"rootId":"eskzrywoud8le6s","id":"eskzrywoud8le6s"},"id":"e82tejfaqvc930n","previousOperationId":"asqcqo04e8aadix"}
{"type":"log","timestamp":1722876465295,"level":"info","message":"Rendering template { name: modules, recipe: xlsx, engine: handlebars, preview: true }","meta":{"rootId":"eskzrywoud8le6s","id":"eskzrywoud8le6s"},"id":"n2v3q2zu0t4xnmc","previousOperationId":"asqcqo04e8aadix"}
{"type":"log","timestamp":1722876465295,"level":"debug","message":"Inline data specified.","meta":{"rootId":"eskzrywoud8le6s","id":"eskzrywoud8le6s"},"id":"os2idprravmrs42","previousOperationId":"asqcqo04e8aadix"}
{"type":"log","timestamp":1722876465296,"level":"debug","message":"Base url not specified, skipping its injection.","meta":{"rootId":"eskzrywoud8le6s","id":"eskzrywoud8le6s"},"id":"1i15jvnka5zqoog","previousOperationId":"asqcqo04e8aadix"}
{"type":"operationStart","subtype":"engine","name":"handlebars","timestamp":1722876465296,"id":"esco570jkmcbpk3","previousEventId":"qoygxqwvm8xgtn7","operationId":"rn7zangs0ebapw6","previousOperationId":"asqcqo04e8aadix"}
{"type":"log","timestamp":1722876465296,"level":"debug","message":"Rendering engine handlebars","meta":{"rootId":"eskzrywoud8le6s","id":"eskzrywoud8le6s"},"id":"7jook5aev3cxfit","previousOperationId":"rn7zangs0ebapw6"}
{"type":"operationEnd","operationId":"rn7zangs0ebapw6","timestamp":1722876465299,"id":"fmuiqly6yz9bq6n","previousEventId":"esco570jkmcbpk3","previousOperationId":"rn7zangs0ebapw6"}
{"type":"operationStart","subtype":"recipe","name":"xlsx","timestamp":1722876465299,"id":"s9ra7j576j6z22m","previousEventId":"fmuiqly6yz9bq6n","operationId":"23vgc7ml3hv7f84","previousOperationId":"rn7zangs0ebapw6"}
{"type":"log","timestamp":1722876465299,"level":"debug","message":"Executing recipe xlsx","meta":{"rootId":"eskzrywoud8le6s","id":"eskzrywoud8le6s"},"id":"53h0q4viaq9lwpi","previousOperationId":"23vgc7ml3hv7f84"}
{"type":"log","timestamp":1722876465300,"level":"info","message":"xlsx generation is starting","meta":{"rootId":"eskzrywoud8le6s","id":"eskzrywoud8le6s"},"id":"g4x65jni82506ha","previousOperationId":"23vgc7ml3hv7f84"}
{"type":"log","timestamp":1722876465322,"level":"debug","message":"Starting child request to render xlsx dynamic parts for generation step","meta":{"rootId":"eskzrywoud8le6s","id":"eskzrywoud8le6s"},"id":"eocucn6c0azl47x","previousOperationId":"23vgc7ml3hv7f84"}
{"type":"operationStart","subtype":"render","name":"anonymous","previousOperationId":"23vgc7ml3hv7f84","timestamp":1722876465323,"id":"eeuqo0tqtfd2rr3","previousEventId":"s9ra7j576j6z22m","operationId":"67bkvmpnhah9tku"}
{"type":"log","timestamp":1722876465323,"level":"info","message":"Starting rendering (child) request (user: admin)","meta":{"rootId":"eskzrywoud8le6s","id":"v1pvxz5miq86ovs"},"id":"0lhk5x3azfxykbv","previousOperationId":"67bkvmpnhah9tku"}
{"type":"log","timestamp":1722876465323,"level":"info","message":"Rendering anonymous template { recipe: html, engine: handlebars }","meta":{"rootId":"eskzrywoud8le6s","id":"v1pvxz5miq86ovs"},"id":"ikpyt1y5ohhud4u","previousOperationId":"67bkvmpnhah9tku"}
{"type":"log","timestamp":1722876465323,"level":"debug","message":"Inline data specified.","meta":{"rootId":"eskzrywoud8le6s","id":"v1pvxz5miq86ovs"},"id":"7u2slkqst45pe6q","previousOperationId":"67bkvmpnhah9tku"}
{"type":"log","timestamp":1722876465324,"level":"debug","message":"Base url not specified, skipping its injection.","meta":{"rootId":"eskzrywoud8le6s","id":"v1pvxz5miq86ovs"},"id":"9tnh734xpke1uxx","previousOperationId":"67bkvmpnhah9tku"}
{"type":"operationStart","subtype":"engine","name":"handlebars","timestamp":1722876465324,"id":"hrzusev9ic3t7q8","previousEventId":"eeuqo0tqtfd2rr3","operationId":"gv73qkdp912xtkk","previousOperationId":"67bkvmpnhah9tku"}
{"type":"log","timestamp":1722876465324,"level":"debug","message":"Rendering engine handlebars","meta":{"rootId":"eskzrywoud8le6s","id":"v1pvxz5miq86ovs"},"id":"f4uaavzhr0d8euw","previousOperationId":"gv73qkdp912xtkk"}
{"type":"operationEnd","operationId":"gv73qkdp912xtkk","timestamp":1722876465398,"id":"53vuspwi7wyci1v","previousEventId":"hrzusev9ic3t7q8","previousOperationId":"gv73qkdp912xtkk"}
{"type":"operationStart","subtype":"recipe","name":"html","timestamp":1722876465399,"id":"6s3vn7ik5tiocup","previousEventId":"53vuspwi7wyci1v","operationId":"d8c6hoe0opcbtaj","previousOperationId":"gv73qkdp912xtkk"}
{"type":"log","timestamp":1722876465399,"level":"debug","message":"Executing recipe html","meta":{"rootId":"eskzrywoud8le6s","id":"v1pvxz5miq86ovs"},"id":"sbvdnkk6zzsvl70","previousOperationId":"d8c6hoe0opcbtaj"}
{"type":"operationEnd","operationId":"d8c6hoe0opcbtaj","timestamp":1722876465399,"id":"w4pl9r2rwtur8op","previousEventId":"6s3vn7ik5tiocup","previousOperationId":"d8c6hoe0opcbtaj"}
{"type":"log","timestamp":1722876465399,"level":"debug","message":"Skipping storing report.","meta":{"rootId":"eskzrywoud8le6s","id":"v1pvxz5miq86ovs"},"id":"oqzubbm2acqpv1f","previousOperationId":"d8c6hoe0opcbtaj"}
{"type":"log","timestamp":1722876465399,"level":"info","message":"Rendering (child) request finished in 132 ms","meta":{"rootId":"eskzrywoud8le6s","id":"v1pvxz5miq86ovs"},"id":"15533602fmd1pbq","previousOperationId":"d8c6hoe0opcbtaj"}
{"type":"operationEnd","subtype":"render","operationId":"67bkvmpnhah9tku","timestamp":1722876465399,"id":"wwwsaa6frawejjl","previousEventId":"w4pl9r2rwtur8op","previousOperationId":"d8c6hoe0opcbtaj"}
{"type":"log","timestamp":1722876465431,"level":"debug","message":"xlsx successfully zipped","meta":{"rootId":"eskzrywoud8le6s","id":"eskzrywoud8le6s"},"id":"ris6n22u92n0md8","previousOperationId":"23vgc7ml3hv7f84"}
{"type":"log","timestamp":1722876465431,"level":"info","message":"xlsx generation was finished","meta":{"rootId":"eskzrywoud8le6s","id":"eskzrywoud8le6s"},"id":"2rdff8y289l7d2x","previousOperationId":"23vgc7ml3hv7f84"}
{"type":"log","timestamp":1722876465431,"level":"info","message":"xlsx transformation is starting","meta":{"rootId":"eskzrywoud8le6s","id":"eskzrywoud8le6s"},"id":"mjpxqgny9zip6c9","previousOperationId":"23vgc7ml3hv7f84"}
{"type":"log","timestamp":1722876465446,"level":"debug","message":"Parsing xlsx content","meta":{"rootId":"eskzrywoud8le6s","id":"eskzrywoud8le6s"},"id":"2ebaaliqoufjp18","previousOperationId":"23vgc7ml3hv7f84"}
{"type":"log","timestamp":1722876465464,"level":"debug","message":"Successfully zipped now.","meta":{"rootId":"eskzrywoud8le6s","id":"eskzrywoud8le6s"},"id":"tccyyc405lsop02","previousOperationId":"23vgc7ml3hv7f84"}
{"type":"log","timestamp":1722876465464,"level":"info","message":"xlsx transformation was finished","meta":{"rootId":"eskzrywoud8le6s","id":"eskzrywoud8le6s"},"id":"x781r9b31s12sbs","previousOperationId":"23vgc7ml3hv7f84"}
{"type":"log","timestamp":1722876465464,"level":"debug","message":"preparing office preview","meta":{"rootId":"eskzrywoud8le6s","id":"eskzrywoud8le6s"},"id":"1wfyw2mk3gox60z","previousOperationId":"23vgc7ml3hv7f84"}
{"type":"operationEnd","operationId":"23vgc7ml3hv7f84","timestamp":1722876466141,"id":"3q7685uoo9jyuv4","previousEventId":"s9ra7j576j6z22m","previousOperationId":"23vgc7ml3hv7f84"}
{"type":"log","timestamp":1722876466142,"level":"debug","message":"Skipping storing report.","meta":{"rootId":"eskzrywoud8le6s","id":"eskzrywoud8le6s"},"id":"nz301nq908wq95s","previousOperationId":"23vgc7ml3hv7f84"}
{"type":"log","timestamp":1722876466142,"level":"info","message":"Rendering request 44 finished in 875 ms","meta":{"rootId":"eskzrywoud8le6s","id":"eskzrywoud8le6s"},"id":"8aagvyekgw64mdj","previousOperationId":"23vgc7ml3hv7f84"}
{"type":"operationEnd","subtype":"render","operationId":"asqcqo04e8aadix","timestamp":1722876466142,"id":"d51x0ir8r6nzi2n","previousEventId":"3q7685uoo9jyuv4","previousOperationId":"23vgc7ml3hv7f84"}
{"type":"operationEnd","doDiffs":false,"previousEventId":"luprd51t6b9boh9","previousOperationId":"fi8mwi6i4gm5rk3","operationId":"fi8mwi6i4gm5rk3","timestamp":1722876466143,"id":"8yccu5yjchvfx7x"}
