{"type":"operationStart","subtype":"profile","data":{"_id":"gEqurXH3lL3IMfj6","timestamp":"2024-08-05T17:14:47.813Z","state":"queued","mode":"standard","creationDate":"2024-08-05T17:14:47.814Z","modificationDate":"2024-08-05T17:14:47.814Z","shortid":"1S0Qj0E","inheritedReadPermissions":[],"inheritedEditPermissions":[],"$entitySet":"profiles"},"doDiffs":false,"timestamp":1722878087814,"id":"c33xm4mwkrk095f","previousOperationId":null,"operationId":"7rl6y86v3tujh50"}
{"type":"log","level":"info","message":"Render request 52 queued for execution and waiting for available worker","previousOperationId":"7rl6y86v3tujh50","timestamp":1722878087814,"id":"2mae3s86zjrlh29"}
{"type":"operationStart","subtype":"render","name":"modules","previousOperationId":"7rl6y86v3tujh50","timestamp":1722878087847,"id":"xc2wvr4iephrl9f","previousEventId":"c33xm4mwkrk095f","operationId":"sz4h7xp1ywlryah"}
{"type":"log","timestamp":1722878087848,"level":"info","message":"Starting rendering request 52 (user: admin)","meta":{"rootId":"gj8sy6gdwpk6xef","id":"gj8sy6gdwpk6xef"},"id":"3czbljck2unlm8a","previousOperationId":"sz4h7xp1ywlryah"}
{"type":"log","timestamp":1722878087848,"level":"info","message":"Rendering template { name: modules, recipe: xlsx, engine: handlebars, preview: true }","meta":{"rootId":"gj8sy6gdwpk6xef","id":"gj8sy6gdwpk6xef"},"id":"pqmlsqr1vpnm8qv","previousOperationId":"sz4h7xp1ywlryah"}
{"type":"log","timestamp":1722878087848,"level":"debug","message":"Inline data specified.","meta":{"rootId":"gj8sy6gdwpk6xef","id":"gj8sy6gdwpk6xef"},"id":"usgxmehsci5mluu","previousOperationId":"sz4h7xp1ywlryah"}
{"type":"log","timestamp":1722878087849,"level":"debug","message":"Base url not specified, skipping its injection.","meta":{"rootId":"gj8sy6gdwpk6xef","id":"gj8sy6gdwpk6xef"},"id":"20ufahsn90oill3","previousOperationId":"sz4h7xp1ywlryah"}
{"type":"operationStart","subtype":"engine","name":"handlebars","timestamp":1722878087850,"id":"gb9tsfxmwfqjz3k","previousEventId":"xc2wvr4iephrl9f","operationId":"rbacd8rxhs06qk2","previousOperationId":"sz4h7xp1ywlryah"}
{"type":"log","timestamp":1722878087850,"level":"debug","message":"Rendering engine handlebars","meta":{"rootId":"gj8sy6gdwpk6xef","id":"gj8sy6gdwpk6xef"},"id":"0n8c0rvg64k76hp","previousOperationId":"rbacd8rxhs06qk2"}
{"type":"operationEnd","operationId":"rbacd8rxhs06qk2","timestamp":1722878087859,"id":"d03sp9aawaamiuc","previousEventId":"gb9tsfxmwfqjz3k","previousOperationId":"rbacd8rxhs06qk2"}
{"type":"operationStart","subtype":"recipe","name":"xlsx","timestamp":1722878087859,"id":"g4kx1ik7dvm8gb9","previousEventId":"d03sp9aawaamiuc","operationId":"6xfcpqvytav5oa4","previousOperationId":"rbacd8rxhs06qk2"}
{"type":"log","timestamp":1722878087859,"level":"debug","message":"Executing recipe xlsx","meta":{"rootId":"gj8sy6gdwpk6xef","id":"gj8sy6gdwpk6xef"},"id":"jnspreq1n2g762b","previousOperationId":"6xfcpqvytav5oa4"}
{"type":"log","timestamp":1722878087860,"level":"info","message":"xlsx generation is starting","meta":{"rootId":"gj8sy6gdwpk6xef","id":"gj8sy6gdwpk6xef"},"id":"h3za7evnt1876fi","previousOperationId":"6xfcpqvytav5oa4"}
{"type":"log","timestamp":1722878087893,"level":"debug","message":"Starting child request to render xlsx dynamic parts for generation step","meta":{"rootId":"gj8sy6gdwpk6xef","id":"gj8sy6gdwpk6xef"},"id":"ujhprvuvkizzl8i","previousOperationId":"6xfcpqvytav5oa4"}
{"type":"operationStart","subtype":"render","name":"anonymous","previousOperationId":"6xfcpqvytav5oa4","timestamp":1722878087893,"id":"6seadskj31ww3mg","previousEventId":"g4kx1ik7dvm8gb9","operationId":"m7eclqcfm092rja"}
{"type":"log","timestamp":1722878087893,"level":"info","message":"Starting rendering (child) request (user: admin)","meta":{"rootId":"gj8sy6gdwpk6xef","id":"7sv631l1euyfko8"},"id":"6qnsg7dor3aa88t","previousOperationId":"m7eclqcfm092rja"}
{"type":"log","timestamp":1722878087893,"level":"info","message":"Rendering anonymous template { recipe: html, engine: handlebars }","meta":{"rootId":"gj8sy6gdwpk6xef","id":"7sv631l1euyfko8"},"id":"cfqmo4vtb40cxj8","previousOperationId":"m7eclqcfm092rja"}
{"type":"log","timestamp":1722878087893,"level":"debug","message":"Inline data specified.","meta":{"rootId":"gj8sy6gdwpk6xef","id":"7sv631l1euyfko8"},"id":"btxi6v24f590f1s","previousOperationId":"m7eclqcfm092rja"}
{"type":"log","timestamp":1722878087899,"level":"debug","message":"Base url not specified, skipping its injection.","meta":{"rootId":"gj8sy6gdwpk6xef","id":"7sv631l1euyfko8"},"id":"ujtghd4md945uq6","previousOperationId":"m7eclqcfm092rja"}
{"type":"operationStart","subtype":"engine","name":"handlebars","timestamp":1722878087899,"id":"050rhlbhbz2oecr","previousEventId":"6seadskj31ww3mg","operationId":"g09e04l7ck6ghzk","previousOperationId":"m7eclqcfm092rja"}
{"type":"log","timestamp":1722878087899,"level":"debug","message":"Rendering engine handlebars","meta":{"rootId":"gj8sy6gdwpk6xef","id":"7sv631l1euyfko8"},"id":"v4kdlb2audwwiij","previousOperationId":"g09e04l7ck6ghzk"}
{"type":"operationEnd","operationId":"g09e04l7ck6ghzk","timestamp":1722878088026,"id":"pl3bjli9utauu76","previousEventId":"050rhlbhbz2oecr","previousOperationId":"g09e04l7ck6ghzk"}
{"type":"operationStart","subtype":"recipe","name":"html","timestamp":1722878088027,"id":"6ouh7e05ajzj6rd","previousEventId":"pl3bjli9utauu76","operationId":"fee7yioq5apkrzk","previousOperationId":"g09e04l7ck6ghzk"}
{"type":"log","timestamp":1722878088027,"level":"debug","message":"Executing recipe html","meta":{"rootId":"gj8sy6gdwpk6xef","id":"7sv631l1euyfko8"},"id":"2x90evybygmdhzy","previousOperationId":"fee7yioq5apkrzk"}
{"type":"operationEnd","operationId":"fee7yioq5apkrzk","timestamp":1722878088027,"id":"pdv5v7k06w35jea","previousEventId":"6ouh7e05ajzj6rd","previousOperationId":"fee7yioq5apkrzk"}
{"type":"log","timestamp":1722878088027,"level":"debug","message":"Skipping storing report.","meta":{"rootId":"gj8sy6gdwpk6xef","id":"7sv631l1euyfko8"},"id":"uffqruf0cdogsa9","previousOperationId":"fee7yioq5apkrzk"}
{"type":"log","timestamp":1722878088027,"level":"info","message":"Rendering (child) request finished in 214 ms","meta":{"rootId":"gj8sy6gdwpk6xef","id":"7sv631l1euyfko8"},"id":"yerp4ryj2emsjpt","previousOperationId":"fee7yioq5apkrzk"}
{"type":"operationEnd","subtype":"render","operationId":"m7eclqcfm092rja","timestamp":1722878088028,"id":"z4cg38eynn829pw","previousEventId":"pdv5v7k06w35jea","previousOperationId":"fee7yioq5apkrzk"}
{"type":"log","timestamp":1722878088076,"level":"debug","message":"xlsx successfully zipped","meta":{"rootId":"gj8sy6gdwpk6xef","id":"gj8sy6gdwpk6xef"},"id":"atv4p7lfp60vrds","previousOperationId":"6xfcpqvytav5oa4"}
{"type":"log","timestamp":1722878088076,"level":"info","message":"xlsx generation was finished","meta":{"rootId":"gj8sy6gdwpk6xef","id":"gj8sy6gdwpk6xef"},"id":"ebx2dxwocywi8x4","previousOperationId":"6xfcpqvytav5oa4"}
{"type":"log","timestamp":1722878088076,"level":"info","message":"xlsx transformation is starting","meta":{"rootId":"gj8sy6gdwpk6xef","id":"gj8sy6gdwpk6xef"},"id":"roz3b7utchdo0ys","previousOperationId":"6xfcpqvytav5oa4"}
{"type":"log","timestamp":1722878088127,"level":"debug","message":"Parsing xlsx content","meta":{"rootId":"gj8sy6gdwpk6xef","id":"gj8sy6gdwpk6xef"},"id":"ecez9qq4yovo4xy","previousOperationId":"6xfcpqvytav5oa4"}
{"type":"log","timestamp":1722878088152,"level":"debug","message":"Successfully zipped now.","meta":{"rootId":"gj8sy6gdwpk6xef","id":"gj8sy6gdwpk6xef"},"id":"nxr37ivzau9gc5t","previousOperationId":"6xfcpqvytav5oa4"}
{"type":"log","timestamp":1722878088153,"level":"info","message":"xlsx transformation was finished","meta":{"rootId":"gj8sy6gdwpk6xef","id":"gj8sy6gdwpk6xef"},"id":"cuq06p3h7lxnqn7","previousOperationId":"6xfcpqvytav5oa4"}
{"type":"log","timestamp":1722878088153,"level":"debug","message":"preparing office preview","meta":{"rootId":"gj8sy6gdwpk6xef","id":"gj8sy6gdwpk6xef"},"id":"590prtiwl8vlpeb","previousOperationId":"6xfcpqvytav5oa4"}
{"type":"operationEnd","operationId":"6xfcpqvytav5oa4","timestamp":1722878089169,"id":"1yieayasd3b4dys","previousEventId":"g4kx1ik7dvm8gb9","previousOperationId":"6xfcpqvytav5oa4"}
{"type":"log","timestamp":1722878089169,"level":"debug","message":"Skipping storing report.","meta":{"rootId":"gj8sy6gdwpk6xef","id":"gj8sy6gdwpk6xef"},"id":"k2p1q9jdunftkbc","previousOperationId":"6xfcpqvytav5oa4"}
{"type":"log","timestamp":1722878089169,"level":"info","message":"Rendering request 52 finished in 1356 ms","meta":{"rootId":"gj8sy6gdwpk6xef","id":"gj8sy6gdwpk6xef"},"id":"f3bgqfed8nbe8qe","previousOperationId":"6xfcpqvytav5oa4"}
{"type":"operationEnd","subtype":"render","operationId":"sz4h7xp1ywlryah","timestamp":1722878089169,"id":"oy42oqrb5euyx45","previousEventId":"1yieayasd3b4dys","previousOperationId":"6xfcpqvytav5oa4"}
{"type":"operationEnd","doDiffs":false,"previousEventId":"c33xm4mwkrk095f","previousOperationId":"7rl6y86v3tujh50","operationId":"7rl6y86v3tujh50","timestamp":1722878089171,"id":"doyw44yrus572yl"}
