{"type":"operationStart","subtype":"profile","data":{"_id":"Od1JA2pHIzJoM1pn","timestamp":"2024-08-05T16:44:51.444Z","state":"queued","mode":"standard","creationDate":"2024-08-05T16:44:51.445Z","modificationDate":"2024-08-05T16:44:51.445Z","shortid":"OhQmDn-","inheritedReadPermissions":[],"inheritedEditPermissions":[],"$entitySet":"profiles"},"doDiffs":false,"timestamp":1722876291445,"id":"2zho5em9uzy8329","previousOperationId":null,"operationId":"e7ya7lgeh7uu735"}
{"type":"log","level":"info","message":"Render request 35 queued for execution and waiting for available worker","previousOperationId":"e7ya7lgeh7uu735","timestamp":1722876291445,"id":"m1vze4z1yt70s3p"}
{"type":"operationStart","subtype":"render","name":"modules","previousOperationId":"e7ya7lgeh7uu735","timestamp":1722876291471,"id":"g3tjy380b7p52e0","previousEventId":"2zho5em9uzy8329","operationId":"623jmjzfrxq92re"}
{"type":"log","timestamp":1722876291471,"level":"info","message":"Starting rendering request 35 (user: admin)","meta":{"rootId":"if1ggpfqmuygt48","id":"if1ggpfqmuygt48"},"id":"c333actm10480l8","previousOperationId":"623jmjzfrxq92re"}
{"type":"log","timestamp":1722876291471,"level":"info","message":"Rendering template { name: modules, recipe: xlsx, engine: handlebars, preview: true }","meta":{"rootId":"if1ggpfqmuygt48","id":"if1ggpfqmuygt48"},"id":"batbtlm1wg87hfv","previousOperationId":"623jmjzfrxq92re"}
{"type":"log","timestamp":1722876291472,"level":"debug","message":"Inline data specified.","meta":{"rootId":"if1ggpfqmuygt48","id":"if1ggpfqmuygt48"},"id":"01k5uuolqa9oexo","previousOperationId":"623jmjzfrxq92re"}
{"type":"log","timestamp":1722876291472,"level":"debug","message":"Base url not specified, skipping its injection.","meta":{"rootId":"if1ggpfqmuygt48","id":"if1ggpfqmuygt48"},"id":"rl8td0fpxvrt1wq","previousOperationId":"623jmjzfrxq92re"}
{"type":"operationStart","subtype":"engine","name":"handlebars","timestamp":1722876291472,"id":"5f15gveuz3q0i27","previousEventId":"g3tjy380b7p52e0","operationId":"6rkwgfu1jdnr3au","previousOperationId":"623jmjzfrxq92re"}
{"type":"log","timestamp":1722876291472,"level":"debug","message":"Rendering engine handlebars","meta":{"rootId":"if1ggpfqmuygt48","id":"if1ggpfqmuygt48"},"id":"rqdhcqpq8lu1l9v","previousOperationId":"6rkwgfu1jdnr3au"}
{"type":"operationEnd","operationId":"6rkwgfu1jdnr3au","timestamp":1722876291478,"id":"tyqey1ej355knv3","previousEventId":"5f15gveuz3q0i27","previousOperationId":"6rkwgfu1jdnr3au"}
{"type":"operationStart","subtype":"recipe","name":"xlsx","timestamp":1722876291478,"id":"vfp0psn2eyrytbb","previousEventId":"tyqey1ej355knv3","operationId":"8asfp4shxv6wxe9","previousOperationId":"6rkwgfu1jdnr3au"}
{"type":"log","timestamp":1722876291478,"level":"debug","message":"Executing recipe xlsx","meta":{"rootId":"if1ggpfqmuygt48","id":"if1ggpfqmuygt48"},"id":"sukpphu97m9yrg4","previousOperationId":"8asfp4shxv6wxe9"}
{"type":"log","timestamp":1722876291478,"level":"info","message":"xlsx generation is starting","meta":{"rootId":"if1ggpfqmuygt48","id":"if1ggpfqmuygt48"},"id":"7mmpm0u3w7e7la2","previousOperationId":"8asfp4shxv6wxe9"}
{"type":"log","timestamp":1722876291496,"level":"debug","message":"Starting child request to render xlsx dynamic parts for generation step","meta":{"rootId":"if1ggpfqmuygt48","id":"if1ggpfqmuygt48"},"id":"tdayyz1ky0ifxw8","previousOperationId":"8asfp4shxv6wxe9"}
{"type":"operationStart","subtype":"render","name":"anonymous","previousOperationId":"8asfp4shxv6wxe9","timestamp":1722876291496,"id":"56gth0y06fn1w3x","previousEventId":"vfp0psn2eyrytbb","operationId":"mmuhqnwskj9sxnz"}
{"type":"log","timestamp":1722876291496,"level":"info","message":"Starting rendering (child) request (user: admin)","meta":{"rootId":"if1ggpfqmuygt48","id":"k4jgfx0wvg9ybox"},"id":"q2w6cd2yb01a0bd","previousOperationId":"mmuhqnwskj9sxnz"}
{"type":"log","timestamp":1722876291496,"level":"info","message":"Rendering anonymous template { recipe: html, engine: handlebars }","meta":{"rootId":"if1ggpfqmuygt48","id":"k4jgfx0wvg9ybox"},"id":"wdpm7y1rsy6u4xk","previousOperationId":"mmuhqnwskj9sxnz"}
{"type":"log","timestamp":1722876291497,"level":"debug","message":"Inline data specified.","meta":{"rootId":"if1ggpfqmuygt48","id":"k4jgfx0wvg9ybox"},"id":"zr0owkh7slwvd0m","previousOperationId":"mmuhqnwskj9sxnz"}
{"type":"log","timestamp":1722876291497,"level":"debug","message":"Base url not specified, skipping its injection.","meta":{"rootId":"if1ggpfqmuygt48","id":"k4jgfx0wvg9ybox"},"id":"yvep2bigl78ri7s","previousOperationId":"mmuhqnwskj9sxnz"}
{"type":"operationStart","subtype":"engine","name":"handlebars","timestamp":1722876291498,"id":"225940psy95cqyw","previousEventId":"56gth0y06fn1w3x","operationId":"pojge37eejxw14o","previousOperationId":"mmuhqnwskj9sxnz"}
{"type":"log","timestamp":1722876291498,"level":"debug","message":"Rendering engine handlebars","meta":{"rootId":"if1ggpfqmuygt48","id":"k4jgfx0wvg9ybox"},"id":"civajtehdsl9ozq","previousOperationId":"pojge37eejxw14o"}
{"type":"operationEnd","operationId":"pojge37eejxw14o","timestamp":1722876291570,"id":"1f9u1xvh6qfqaca","previousEventId":"225940psy95cqyw","previousOperationId":"pojge37eejxw14o"}
{"type":"operationStart","subtype":"recipe","name":"html","timestamp":1722876291571,"id":"n5whoreh29uda4s","previousEventId":"1f9u1xvh6qfqaca","operationId":"c0bvlaxdk8uu5ov","previousOperationId":"pojge37eejxw14o"}
{"type":"log","timestamp":1722876291572,"level":"debug","message":"Executing recipe html","meta":{"rootId":"if1ggpfqmuygt48","id":"k4jgfx0wvg9ybox"},"id":"p5nr20a5ywii1x9","previousOperationId":"c0bvlaxdk8uu5ov"}
{"type":"operationEnd","operationId":"c0bvlaxdk8uu5ov","timestamp":1722876291572,"id":"hgpkiowt7nym5if","previousEventId":"n5whoreh29uda4s","previousOperationId":"c0bvlaxdk8uu5ov"}
{"type":"log","timestamp":1722876291572,"level":"debug","message":"Skipping storing report.","meta":{"rootId":"if1ggpfqmuygt48","id":"k4jgfx0wvg9ybox"},"id":"oazyy8ayxa5cq0p","previousOperationId":"c0bvlaxdk8uu5ov"}
{"type":"log","timestamp":1722876291572,"level":"info","message":"Rendering (child) request finished in 128 ms","meta":{"rootId":"if1ggpfqmuygt48","id":"k4jgfx0wvg9ybox"},"id":"i2yqjs6kyo43v7j","previousOperationId":"c0bvlaxdk8uu5ov"}
{"type":"operationEnd","subtype":"render","operationId":"mmuhqnwskj9sxnz","timestamp":1722876291572,"id":"irxspl648f9epqm","previousEventId":"hgpkiowt7nym5if","previousOperationId":"c0bvlaxdk8uu5ov"}
{"type":"log","timestamp":1722876291596,"level":"debug","message":"xlsx successfully zipped","meta":{"rootId":"if1ggpfqmuygt48","id":"if1ggpfqmuygt48"},"id":"x0567vp7ty3c255","previousOperationId":"8asfp4shxv6wxe9"}
{"type":"log","timestamp":1722876291596,"level":"info","message":"xlsx generation was finished","meta":{"rootId":"if1ggpfqmuygt48","id":"if1ggpfqmuygt48"},"id":"3h0t34udxcy6dc6","previousOperationId":"8asfp4shxv6wxe9"}
{"type":"log","timestamp":1722876291596,"level":"info","message":"xlsx transformation is starting","meta":{"rootId":"if1ggpfqmuygt48","id":"if1ggpfqmuygt48"},"id":"d0wh9ajd4usmcht","previousOperationId":"8asfp4shxv6wxe9"}
{"type":"log","timestamp":1722876291628,"level":"debug","message":"Parsing xlsx content","meta":{"rootId":"if1ggpfqmuygt48","id":"if1ggpfqmuygt48"},"id":"87kmk6oy95jya7h","previousOperationId":"8asfp4shxv6wxe9"}
{"type":"log","timestamp":1722876291653,"level":"debug","message":"Successfully zipped now.","meta":{"rootId":"if1ggpfqmuygt48","id":"if1ggpfqmuygt48"},"id":"rmhrcbht5ewca4y","previousOperationId":"8asfp4shxv6wxe9"}
{"type":"log","timestamp":1722876291653,"level":"info","message":"xlsx transformation was finished","meta":{"rootId":"if1ggpfqmuygt48","id":"if1ggpfqmuygt48"},"id":"wjtoy6v7hkzdmir","previousOperationId":"8asfp4shxv6wxe9"}
{"type":"log","timestamp":1722876291653,"level":"debug","message":"preparing office preview","meta":{"rootId":"if1ggpfqmuygt48","id":"if1ggpfqmuygt48"},"id":"jo8hoq9nnv615j8","previousOperationId":"8asfp4shxv6wxe9"}
{"type":"operationEnd","operationId":"8asfp4shxv6wxe9","timestamp":1722876292324,"id":"9jy7pwktwfd6ok4","previousEventId":"vfp0psn2eyrytbb","previousOperationId":"8asfp4shxv6wxe9"}
{"type":"log","timestamp":1722876292324,"level":"debug","message":"Skipping storing report.","meta":{"rootId":"if1ggpfqmuygt48","id":"if1ggpfqmuygt48"},"id":"l0f545tljf8tguo","previousOperationId":"8asfp4shxv6wxe9"}
{"type":"log","timestamp":1722876292324,"level":"info","message":"Rendering request 35 finished in 880 ms","meta":{"rootId":"if1ggpfqmuygt48","id":"if1ggpfqmuygt48"},"id":"kab6a97jbodi9j2","previousOperationId":"8asfp4shxv6wxe9"}
{"type":"operationEnd","subtype":"render","operationId":"623jmjzfrxq92re","timestamp":1722876292324,"id":"tcjuf3akv43mjot","previousEventId":"9jy7pwktwfd6ok4","previousOperationId":"8asfp4shxv6wxe9"}
{"type":"operationEnd","doDiffs":false,"previousEventId":"2zho5em9uzy8329","previousOperationId":"e7ya7lgeh7uu735","operationId":"e7ya7lgeh7uu735","timestamp":1722876292326,"id":"f6jpb49mkjqs94i"}
