{"type":"operationStart","subtype":"profile","data":{"_id":"TZnPEHZIresN2WyR","timestamp":"2024-08-05T17:17:18.427Z","state":"queued","mode":"standard","creationDate":"2024-08-05T17:17:18.428Z","modificationDate":"2024-08-05T17:17:18.428Z","shortid":"bfEgkja","inheritedReadPermissions":[],"inheritedEditPermissions":[],"$entitySet":"profiles"},"doDiffs":false,"timestamp":1722878238427,"id":"w2007ca6v57ia3f","previousOperationId":null,"operationId":"7cj98wvdxg7dm15"}
{"type":"log","level":"info","message":"Render request 56 queued for execution and waiting for available worker","previousOperationId":"7cj98wvdxg7dm15","timestamp":1722878238427,"id":"0u9hzip76x586ys"}
{"type":"operationStart","subtype":"render","name":"modules","previousOperationId":"7cj98wvdxg7dm15","timestamp":1722878238456,"id":"a2uj8bnzqb5k9xq","previousEventId":"w2007ca6v57ia3f","operationId":"7zp631ekniubeon"}
{"type":"log","timestamp":1722878238456,"level":"info","message":"Starting rendering request 56 (user: admin)","meta":{"rootId":"k8qo8eg4dqs07ig","id":"k8qo8eg4dqs07ig"},"id":"xk15kne3r66q5px","previousOperationId":"7zp631ekniubeon"}
{"type":"log","timestamp":1722878238456,"level":"info","message":"Rendering template { name: modules, recipe: xlsx, engine: handlebars, preview: true }","meta":{"rootId":"k8qo8eg4dqs07ig","id":"k8qo8eg4dqs07ig"},"id":"bizahcjzcrrbawr","previousOperationId":"7zp631ekniubeon"}
{"type":"log","timestamp":1722878238456,"level":"debug","message":"Inline data specified.","meta":{"rootId":"k8qo8eg4dqs07ig","id":"k8qo8eg4dqs07ig"},"id":"udq19ulvb736923","previousOperationId":"7zp631ekniubeon"}
{"type":"log","timestamp":1722878238457,"level":"debug","message":"Base url not specified, skipping its injection.","meta":{"rootId":"k8qo8eg4dqs07ig","id":"k8qo8eg4dqs07ig"},"id":"8eeqlnybl8iql2a","previousOperationId":"7zp631ekniubeon"}
{"type":"operationStart","subtype":"engine","name":"handlebars","timestamp":1722878238457,"id":"g5dfz993hybdfud","previousEventId":"a2uj8bnzqb5k9xq","operationId":"27kofve5izs0urs","previousOperationId":"7zp631ekniubeon"}
{"type":"log","timestamp":1722878238457,"level":"debug","message":"Rendering engine handlebars","meta":{"rootId":"k8qo8eg4dqs07ig","id":"k8qo8eg4dqs07ig"},"id":"6k2zxzmm43kuddp","previousOperationId":"27kofve5izs0urs"}
{"type":"operationEnd","operationId":"27kofve5izs0urs","timestamp":1722878238463,"id":"oa22owwgghgpbzx","previousEventId":"g5dfz993hybdfud","previousOperationId":"27kofve5izs0urs"}
{"type":"operationStart","subtype":"recipe","name":"xlsx","timestamp":1722878238463,"id":"97tw5vfsfg29m4c","previousEventId":"oa22owwgghgpbzx","operationId":"cxnmd09v0eh4v21","previousOperationId":"27kofve5izs0urs"}
{"type":"log","timestamp":1722878238463,"level":"debug","message":"Executing recipe xlsx","meta":{"rootId":"k8qo8eg4dqs07ig","id":"k8qo8eg4dqs07ig"},"id":"9rtzk6fm06dbr3e","previousOperationId":"cxnmd09v0eh4v21"}
{"type":"log","timestamp":1722878238463,"level":"info","message":"xlsx generation is starting","meta":{"rootId":"k8qo8eg4dqs07ig","id":"k8qo8eg4dqs07ig"},"id":"rc4ejbobtuucqy3","previousOperationId":"cxnmd09v0eh4v21"}
{"type":"log","timestamp":1722878238479,"level":"debug","message":"Starting child request to render xlsx dynamic parts for generation step","meta":{"rootId":"k8qo8eg4dqs07ig","id":"k8qo8eg4dqs07ig"},"id":"s6mctjb1koqra0h","previousOperationId":"cxnmd09v0eh4v21"}
{"type":"operationStart","subtype":"render","name":"anonymous","previousOperationId":"cxnmd09v0eh4v21","timestamp":1722878238480,"id":"wue2mjd4oxiwtyr","previousEventId":"97tw5vfsfg29m4c","operationId":"k90bq5r6wotgh2w"}
{"type":"log","timestamp":1722878238480,"level":"info","message":"Starting rendering (child) request (user: admin)","meta":{"rootId":"k8qo8eg4dqs07ig","id":"xnpv36oanvv6oys"},"id":"05w8fjex5b5nu05","previousOperationId":"k90bq5r6wotgh2w"}
{"type":"log","timestamp":1722878238480,"level":"info","message":"Rendering anonymous template { recipe: html, engine: handlebars }","meta":{"rootId":"k8qo8eg4dqs07ig","id":"xnpv36oanvv6oys"},"id":"dys4pvqypvmer5o","previousOperationId":"k90bq5r6wotgh2w"}
{"type":"log","timestamp":1722878238480,"level":"debug","message":"Inline data specified.","meta":{"rootId":"k8qo8eg4dqs07ig","id":"xnpv36oanvv6oys"},"id":"szfks6rsdt3987y","previousOperationId":"k90bq5r6wotgh2w"}
{"type":"log","timestamp":1722878238483,"level":"debug","message":"Base url not specified, skipping its injection.","meta":{"rootId":"k8qo8eg4dqs07ig","id":"xnpv36oanvv6oys"},"id":"n1qq2iauiel55zk","previousOperationId":"k90bq5r6wotgh2w"}
{"type":"operationStart","subtype":"engine","name":"handlebars","timestamp":1722878238483,"id":"89h50wvsabsy7xm","previousEventId":"wue2mjd4oxiwtyr","operationId":"vy9w6m4yvggdmuj","previousOperationId":"k90bq5r6wotgh2w"}
{"type":"log","timestamp":1722878238483,"level":"debug","message":"Rendering engine handlebars","meta":{"rootId":"k8qo8eg4dqs07ig","id":"xnpv36oanvv6oys"},"id":"aeu6x4xt9u3cvrm","previousOperationId":"vy9w6m4yvggdmuj"}
{"type":"operationEnd","operationId":"vy9w6m4yvggdmuj","timestamp":1722878238566,"id":"amdfz6nyxds7x4b","previousEventId":"89h50wvsabsy7xm","previousOperationId":"vy9w6m4yvggdmuj"}
{"type":"operationStart","subtype":"recipe","name":"html","timestamp":1722878238567,"id":"rw7d9nrcjxoedi9","previousEventId":"amdfz6nyxds7x4b","operationId":"o5tt32zj366m8cq","previousOperationId":"vy9w6m4yvggdmuj"}
{"type":"log","timestamp":1722878238567,"level":"debug","message":"Executing recipe html","meta":{"rootId":"k8qo8eg4dqs07ig","id":"xnpv36oanvv6oys"},"id":"xehvfh9jbpg331r","previousOperationId":"o5tt32zj366m8cq"}
{"type":"operationEnd","operationId":"o5tt32zj366m8cq","timestamp":1722878238567,"id":"ytgq2qgu1czt2ge","previousEventId":"rw7d9nrcjxoedi9","previousOperationId":"o5tt32zj366m8cq"}
{"type":"log","timestamp":1722878238567,"level":"debug","message":"Skipping storing report.","meta":{"rootId":"k8qo8eg4dqs07ig","id":"xnpv36oanvv6oys"},"id":"e7kk93o8if8hicp","previousOperationId":"o5tt32zj366m8cq"}
{"type":"log","timestamp":1722878238567,"level":"info","message":"Rendering (child) request finished in 140 ms","meta":{"rootId":"k8qo8eg4dqs07ig","id":"xnpv36oanvv6oys"},"id":"v003lnvios75s7p","previousOperationId":"o5tt32zj366m8cq"}
{"type":"operationEnd","subtype":"render","operationId":"k90bq5r6wotgh2w","timestamp":1722878238567,"id":"gqv6xx1pe1z1nkg","previousEventId":"ytgq2qgu1czt2ge","previousOperationId":"o5tt32zj366m8cq"}
{"type":"log","timestamp":1722878238599,"level":"debug","message":"xlsx successfully zipped","meta":{"rootId":"k8qo8eg4dqs07ig","id":"k8qo8eg4dqs07ig"},"id":"csut5c8ep6pbucq","previousOperationId":"cxnmd09v0eh4v21"}
{"type":"log","timestamp":1722878238599,"level":"info","message":"xlsx generation was finished","meta":{"rootId":"k8qo8eg4dqs07ig","id":"k8qo8eg4dqs07ig"},"id":"uzoqaq55cytpk5e","previousOperationId":"cxnmd09v0eh4v21"}
{"type":"log","timestamp":1722878238599,"level":"info","message":"xlsx transformation is starting","meta":{"rootId":"k8qo8eg4dqs07ig","id":"k8qo8eg4dqs07ig"},"id":"jnqg272f3in8b0m","previousOperationId":"cxnmd09v0eh4v21"}
{"type":"log","timestamp":1722878238630,"level":"debug","message":"Parsing xlsx content","meta":{"rootId":"k8qo8eg4dqs07ig","id":"k8qo8eg4dqs07ig"},"id":"yvgi70xiw6ajrdf","previousOperationId":"cxnmd09v0eh4v21"}
{"type":"log","timestamp":1722878238650,"level":"debug","message":"Successfully zipped now.","meta":{"rootId":"k8qo8eg4dqs07ig","id":"k8qo8eg4dqs07ig"},"id":"vb75k5kgt1hanav","previousOperationId":"cxnmd09v0eh4v21"}
{"type":"log","timestamp":1722878238650,"level":"info","message":"xlsx transformation was finished","meta":{"rootId":"k8qo8eg4dqs07ig","id":"k8qo8eg4dqs07ig"},"id":"ol1mcfocel2gshf","previousOperationId":"cxnmd09v0eh4v21"}
{"type":"log","timestamp":1722878238650,"level":"debug","message":"preparing office preview","meta":{"rootId":"k8qo8eg4dqs07ig","id":"k8qo8eg4dqs07ig"},"id":"egksr06cf65m0cl","previousOperationId":"cxnmd09v0eh4v21"}
{"type":"operationEnd","operationId":"cxnmd09v0eh4v21","timestamp":1722878239338,"id":"oqi35jym6q2nbbn","previousEventId":"97tw5vfsfg29m4c","previousOperationId":"cxnmd09v0eh4v21"}
{"type":"log","timestamp":1722878239338,"level":"debug","message":"Skipping storing report.","meta":{"rootId":"k8qo8eg4dqs07ig","id":"k8qo8eg4dqs07ig"},"id":"rnqgvg0otcvo649","previousOperationId":"cxnmd09v0eh4v21"}
{"type":"log","timestamp":1722878239338,"level":"info","message":"Rendering request 56 finished in 911 ms","meta":{"rootId":"k8qo8eg4dqs07ig","id":"k8qo8eg4dqs07ig"},"id":"u6bzorwt3a4shmv","previousOperationId":"cxnmd09v0eh4v21"}
{"type":"operationEnd","subtype":"render","operationId":"7zp631ekniubeon","timestamp":1722878239338,"id":"0ko9ij9m76i8jpu","previousEventId":"oqi35jym6q2nbbn","previousOperationId":"cxnmd09v0eh4v21"}
{"type":"operationEnd","doDiffs":false,"previousEventId":"w2007ca6v57ia3f","previousOperationId":"7cj98wvdxg7dm15","operationId":"7cj98wvdxg7dm15","timestamp":1722878239340,"id":"w90q69a3sj6zjd3"}
