{"type":"operationStart","subtype":"profile","data":{"_id":"svV5OG2yRxnwsxoU","timestamp":"2024-08-05T17:08:47.279Z","state":"queued","mode":"standard","creationDate":"2024-08-05T17:08:47.279Z","modificationDate":"2024-08-05T17:08:47.279Z","shortid":"w77i0tY","inheritedReadPermissions":[],"inheritedEditPermissions":[],"$entitySet":"profiles"},"doDiffs":false,"timestamp":1722877727279,"id":"iz9i31qbpx45cd2","previousOperationId":null,"operationId":"1b81y4cgwa0gegy"}
{"type":"log","level":"info","message":"Render request 51 queued for execution and waiting for available worker","previousOperationId":"1b81y4cgwa0gegy","timestamp":1722877727279,"id":"azyjc4hop86tl4l"}
{"type":"operationStart","subtype":"render","name":"modules","previousOperationId":"1b81y4cgwa0gegy","timestamp":1722877727308,"id":"9td5wxe8uhd3lf2","previousEventId":"iz9i31qbpx45cd2","operationId":"op2cg9p9l8ja3n1"}
{"type":"log","timestamp":1722877727308,"level":"info","message":"Starting rendering request 51 (user: admin)","meta":{"rootId":"kp36zpfnftrtulv","id":"kp36zpfnftrtulv"},"id":"ofnsm3nb2sr4tqk","previousOperationId":"op2cg9p9l8ja3n1"}
{"type":"log","timestamp":1722877727308,"level":"info","message":"Rendering template { name: modules, recipe: xlsx, engine: handlebars, preview: true }","meta":{"rootId":"kp36zpfnftrtulv","id":"kp36zpfnftrtulv"},"id":"4q2yxfj8h06504x","previousOperationId":"op2cg9p9l8ja3n1"}
{"type":"log","timestamp":1722877727308,"level":"debug","message":"Inline data specified.","meta":{"rootId":"kp36zpfnftrtulv","id":"kp36zpfnftrtulv"},"id":"um3325jwp1hdjyi","previousOperationId":"op2cg9p9l8ja3n1"}
{"type":"log","timestamp":1722877727309,"level":"debug","message":"Base url not specified, skipping its injection.","meta":{"rootId":"kp36zpfnftrtulv","id":"kp36zpfnftrtulv"},"id":"tfc6dt327kcpgk6","previousOperationId":"op2cg9p9l8ja3n1"}
{"type":"operationStart","subtype":"engine","name":"handlebars","timestamp":1722877727309,"id":"1hb98lojdgh1dcc","previousEventId":"9td5wxe8uhd3lf2","operationId":"j01kwdpyj9kz3uo","previousOperationId":"op2cg9p9l8ja3n1"}
{"type":"log","timestamp":1722877727309,"level":"debug","message":"Rendering engine handlebars","meta":{"rootId":"kp36zpfnftrtulv","id":"kp36zpfnftrtulv"},"id":"4se7crsk43jpo4u","previousOperationId":"j01kwdpyj9kz3uo"}
{"type":"operationEnd","operationId":"j01kwdpyj9kz3uo","timestamp":1722877727313,"id":"rqz3tmh8e3xtllr","previousEventId":"1hb98lojdgh1dcc","previousOperationId":"j01kwdpyj9kz3uo"}
{"type":"operationStart","subtype":"recipe","name":"xlsx","timestamp":1722877727313,"id":"19vslr4yct32zvf","previousEventId":"rqz3tmh8e3xtllr","operationId":"bbp13y2tecxykqc","previousOperationId":"j01kwdpyj9kz3uo"}
{"type":"log","timestamp":1722877727313,"level":"debug","message":"Executing recipe xlsx","meta":{"rootId":"kp36zpfnftrtulv","id":"kp36zpfnftrtulv"},"id":"sizf7hjaxh8koe7","previousOperationId":"bbp13y2tecxykqc"}
{"type":"log","timestamp":1722877727314,"level":"info","message":"xlsx generation is starting","meta":{"rootId":"kp36zpfnftrtulv","id":"kp36zpfnftrtulv"},"id":"clo0hxhlrzk7sf8","previousOperationId":"bbp13y2tecxykqc"}
{"type":"log","timestamp":1722877727331,"level":"debug","message":"Starting child request to render xlsx dynamic parts for generation step","meta":{"rootId":"kp36zpfnftrtulv","id":"kp36zpfnftrtulv"},"id":"djtcrwsgyp4cmkz","previousOperationId":"bbp13y2tecxykqc"}
{"type":"operationStart","subtype":"render","name":"anonymous","previousOperationId":"bbp13y2tecxykqc","timestamp":1722877727331,"id":"nprv2ycpihen3xp","previousEventId":"19vslr4yct32zvf","operationId":"q0fu9y38q1xl03t"}
{"type":"log","timestamp":1722877727331,"level":"info","message":"Starting rendering (child) request (user: admin)","meta":{"rootId":"kp36zpfnftrtulv","id":"ax982zhmk8m50pp"},"id":"ex1drghjdbwkecu","previousOperationId":"q0fu9y38q1xl03t"}
{"type":"log","timestamp":1722877727331,"level":"info","message":"Rendering anonymous template { recipe: html, engine: handlebars }","meta":{"rootId":"kp36zpfnftrtulv","id":"ax982zhmk8m50pp"},"id":"bdsspc0riaaucdx","previousOperationId":"q0fu9y38q1xl03t"}
{"type":"log","timestamp":1722877727331,"level":"debug","message":"Inline data specified.","meta":{"rootId":"kp36zpfnftrtulv","id":"ax982zhmk8m50pp"},"id":"9qnhwodirqtwvbm","previousOperationId":"q0fu9y38q1xl03t"}
{"type":"log","timestamp":1722877727332,"level":"debug","message":"Base url not specified, skipping its injection.","meta":{"rootId":"kp36zpfnftrtulv","id":"ax982zhmk8m50pp"},"id":"fmyys8pemdnofvd","previousOperationId":"q0fu9y38q1xl03t"}
{"type":"operationStart","subtype":"engine","name":"handlebars","timestamp":1722877727332,"id":"uiqxoi42ft3iiot","previousEventId":"nprv2ycpihen3xp","operationId":"k1j6eclh9lam2ni","previousOperationId":"q0fu9y38q1xl03t"}
{"type":"log","timestamp":1722877727332,"level":"debug","message":"Rendering engine handlebars","meta":{"rootId":"kp36zpfnftrtulv","id":"ax982zhmk8m50pp"},"id":"v64t7kozj517i51","previousOperationId":"k1j6eclh9lam2ni"}
{"type":"operationEnd","operationId":"k1j6eclh9lam2ni","timestamp":1722877727407,"id":"2v56vlbackquiej","previousEventId":"uiqxoi42ft3iiot","previousOperationId":"k1j6eclh9lam2ni"}
{"type":"operationStart","subtype":"recipe","name":"html","timestamp":1722877727408,"id":"warkr0y959le7jp","previousEventId":"2v56vlbackquiej","operationId":"eq4grulqk6ob4ol","previousOperationId":"k1j6eclh9lam2ni"}
{"type":"log","timestamp":1722877727408,"level":"debug","message":"Executing recipe html","meta":{"rootId":"kp36zpfnftrtulv","id":"ax982zhmk8m50pp"},"id":"69m9ixjyssw6tgs","previousOperationId":"eq4grulqk6ob4ol"}
{"type":"operationEnd","operationId":"eq4grulqk6ob4ol","timestamp":1722877727408,"id":"9i745dbdlgsulro","previousEventId":"warkr0y959le7jp","previousOperationId":"eq4grulqk6ob4ol"}
{"type":"log","timestamp":1722877727408,"level":"debug","message":"Skipping storing report.","meta":{"rootId":"kp36zpfnftrtulv","id":"ax982zhmk8m50pp"},"id":"bcx8r3znoh9tf2m","previousOperationId":"eq4grulqk6ob4ol"}
{"type":"log","timestamp":1722877727408,"level":"info","message":"Rendering (child) request finished in 129 ms","meta":{"rootId":"kp36zpfnftrtulv","id":"ax982zhmk8m50pp"},"id":"6hqrtayyetsb30b","previousOperationId":"eq4grulqk6ob4ol"}
{"type":"operationEnd","subtype":"render","operationId":"q0fu9y38q1xl03t","timestamp":1722877727408,"id":"0v88a221yvde3o2","previousEventId":"9i745dbdlgsulro","previousOperationId":"eq4grulqk6ob4ol"}
{"type":"log","timestamp":1722877727432,"level":"debug","message":"xlsx successfully zipped","meta":{"rootId":"kp36zpfnftrtulv","id":"kp36zpfnftrtulv"},"id":"fl8z1bnczjw2b1w","previousOperationId":"bbp13y2tecxykqc"}
{"type":"log","timestamp":1722877727432,"level":"info","message":"xlsx generation was finished","meta":{"rootId":"kp36zpfnftrtulv","id":"kp36zpfnftrtulv"},"id":"ont2kf5whkvgfm2","previousOperationId":"bbp13y2tecxykqc"}
{"type":"log","timestamp":1722877727433,"level":"info","message":"xlsx transformation is starting","meta":{"rootId":"kp36zpfnftrtulv","id":"kp36zpfnftrtulv"},"id":"zxxxiw4jojhzzaz","previousOperationId":"bbp13y2tecxykqc"}
{"type":"log","timestamp":1722877727466,"level":"debug","message":"Parsing xlsx content","meta":{"rootId":"kp36zpfnftrtulv","id":"kp36zpfnftrtulv"},"id":"19sto42j80h7w19","previousOperationId":"bbp13y2tecxykqc"}
{"type":"log","timestamp":1722877727488,"level":"debug","message":"Successfully zipped now.","meta":{"rootId":"kp36zpfnftrtulv","id":"kp36zpfnftrtulv"},"id":"cof5ookpy81ks8r","previousOperationId":"bbp13y2tecxykqc"}
{"type":"log","timestamp":1722877727488,"level":"info","message":"xlsx transformation was finished","meta":{"rootId":"kp36zpfnftrtulv","id":"kp36zpfnftrtulv"},"id":"w6ete7m2o0dcp24","previousOperationId":"bbp13y2tecxykqc"}
{"type":"log","timestamp":1722877727488,"level":"debug","message":"preparing office preview","meta":{"rootId":"kp36zpfnftrtulv","id":"kp36zpfnftrtulv"},"id":"bayph06pbk15nvw","previousOperationId":"bbp13y2tecxykqc"}
{"type":"operationEnd","operationId":"bbp13y2tecxykqc","timestamp":1722877728178,"id":"x3qt4k7swxtdynh","previousEventId":"19vslr4yct32zvf","previousOperationId":"bbp13y2tecxykqc"}
{"type":"log","timestamp":1722877728178,"level":"debug","message":"Skipping storing report.","meta":{"rootId":"kp36zpfnftrtulv","id":"kp36zpfnftrtulv"},"id":"nayfl2vzjriny00","previousOperationId":"bbp13y2tecxykqc"}
{"type":"log","timestamp":1722877728178,"level":"info","message":"Rendering request 51 finished in 899 ms","meta":{"rootId":"kp36zpfnftrtulv","id":"kp36zpfnftrtulv"},"id":"5n66dhn9wx14x87","previousOperationId":"bbp13y2tecxykqc"}
{"type":"operationEnd","subtype":"render","operationId":"op2cg9p9l8ja3n1","timestamp":1722877728178,"id":"crw46o3gb3lm1vd","previousEventId":"x3qt4k7swxtdynh","previousOperationId":"bbp13y2tecxykqc"}
{"type":"operationEnd","doDiffs":false,"previousEventId":"iz9i31qbpx45cd2","previousOperationId":"1b81y4cgwa0gegy","operationId":"1b81y4cgwa0gegy","timestamp":1722877728180,"id":"mu75bnf65eizsa9"}
