{"type":"operationStart","subtype":"profile","data":{"_id":"wJEfWx4CAplXlZtv","timestamp":"2024-08-05T16:46:57.737Z","state":"queued","mode":"standard","creationDate":"2024-08-05T16:46:57.738Z","modificationDate":"2024-08-05T16:46:57.738Z","shortid":"YLsSQTJ","inheritedReadPermissions":[],"inheritedEditPermissions":[],"$entitySet":"profiles"},"doDiffs":false,"timestamp":1722876417737,"id":"ps4jufu00ezwivr","previousOperationId":null,"operationId":"8xrhzj7vu8eby55"}
{"type":"log","level":"info","message":"Render request 41 queued for execution and waiting for available worker","previousOperationId":"8xrhzj7vu8eby55","timestamp":1722876417737,"id":"h6ewt1memrq50wz"}
{"type":"operationStart","subtype":"render","name":"modules","previousOperationId":"8xrhzj7vu8eby55","timestamp":1722876417765,"id":"mwh5zsftbn0ebil","previousEventId":"ps4jufu00ezwivr","operationId":"hcu1no8l41vi85h"}
{"type":"log","timestamp":1722876417765,"level":"info","message":"Starting rendering request 41 (user: admin)","meta":{"rootId":"l4a2lc9jx8eqh8p","id":"l4a2lc9jx8eqh8p"},"id":"azmi1f7m0dcn261","previousOperationId":"hcu1no8l41vi85h"}
{"type":"log","timestamp":1722876417765,"level":"info","message":"Rendering template { name: modules, recipe: xlsx, engine: handlebars, preview: true }","meta":{"rootId":"l4a2lc9jx8eqh8p","id":"l4a2lc9jx8eqh8p"},"id":"y3wpof1m5o2elx9","previousOperationId":"hcu1no8l41vi85h"}
{"type":"log","timestamp":1722876417765,"level":"debug","message":"Inline data specified.","meta":{"rootId":"l4a2lc9jx8eqh8p","id":"l4a2lc9jx8eqh8p"},"id":"invq2ctu4zehg1k","previousOperationId":"hcu1no8l41vi85h"}
{"type":"log","timestamp":1722876417766,"level":"debug","message":"Base url not specified, skipping its injection.","meta":{"rootId":"l4a2lc9jx8eqh8p","id":"l4a2lc9jx8eqh8p"},"id":"r3obh5vo7va0qcb","previousOperationId":"hcu1no8l41vi85h"}
{"type":"operationStart","subtype":"engine","name":"handlebars","timestamp":1722876417766,"id":"aqkpfel2pvulnii","previousEventId":"mwh5zsftbn0ebil","operationId":"kvao40qv291mduq","previousOperationId":"hcu1no8l41vi85h"}
{"type":"log","timestamp":1722876417766,"level":"debug","message":"Rendering engine handlebars","meta":{"rootId":"l4a2lc9jx8eqh8p","id":"l4a2lc9jx8eqh8p"},"id":"p16lcf3bn6oh7uh","previousOperationId":"kvao40qv291mduq"}
{"type":"operationEnd","operationId":"kvao40qv291mduq","timestamp":1722876417771,"id":"rwapaaoz1bxkovn","previousEventId":"aqkpfel2pvulnii","previousOperationId":"kvao40qv291mduq"}
{"type":"operationStart","subtype":"recipe","name":"xlsx","timestamp":1722876417771,"id":"dtc4n0d82p09mjd","previousEventId":"rwapaaoz1bxkovn","operationId":"yc3ejmtsbcz7yee","previousOperationId":"kvao40qv291mduq"}
{"type":"log","timestamp":1722876417771,"level":"debug","message":"Executing recipe xlsx","meta":{"rootId":"l4a2lc9jx8eqh8p","id":"l4a2lc9jx8eqh8p"},"id":"ne372jbkg8tiy92","previousOperationId":"yc3ejmtsbcz7yee"}
{"type":"log","timestamp":1722876417771,"level":"info","message":"xlsx generation is starting","meta":{"rootId":"l4a2lc9jx8eqh8p","id":"l4a2lc9jx8eqh8p"},"id":"9dp3w7cyh9kuf8b","previousOperationId":"yc3ejmtsbcz7yee"}
{"type":"log","timestamp":1722876417786,"level":"debug","message":"Starting child request to render xlsx dynamic parts for generation step","meta":{"rootId":"l4a2lc9jx8eqh8p","id":"l4a2lc9jx8eqh8p"},"id":"gpgrug63oauq97e","previousOperationId":"yc3ejmtsbcz7yee"}
{"type":"operationStart","subtype":"render","name":"anonymous","previousOperationId":"yc3ejmtsbcz7yee","timestamp":1722876417787,"id":"92lmc7syve5x2xa","previousEventId":"dtc4n0d82p09mjd","operationId":"47zkm0n4mlh2ogv"}
{"type":"log","timestamp":1722876417787,"level":"info","message":"Starting rendering (child) request (user: admin)","meta":{"rootId":"l4a2lc9jx8eqh8p","id":"fwmmt92cumcq91h"},"id":"p68subflhoq3zzw","previousOperationId":"47zkm0n4mlh2ogv"}
{"type":"log","timestamp":1722876417787,"level":"info","message":"Rendering anonymous template { recipe: html, engine: handlebars }","meta":{"rootId":"l4a2lc9jx8eqh8p","id":"fwmmt92cumcq91h"},"id":"x0eadwf1zr5gfpx","previousOperationId":"47zkm0n4mlh2ogv"}
{"type":"log","timestamp":1722876417787,"level":"debug","message":"Inline data specified.","meta":{"rootId":"l4a2lc9jx8eqh8p","id":"fwmmt92cumcq91h"},"id":"fvckgkfnxmoaix4","previousOperationId":"47zkm0n4mlh2ogv"}
{"type":"log","timestamp":1722876417788,"level":"debug","message":"Base url not specified, skipping its injection.","meta":{"rootId":"l4a2lc9jx8eqh8p","id":"fwmmt92cumcq91h"},"id":"bjfs6xjc5e84sd8","previousOperationId":"47zkm0n4mlh2ogv"}
{"type":"operationStart","subtype":"engine","name":"handlebars","timestamp":1722876417788,"id":"cfcqr1ruagex8fp","previousEventId":"92lmc7syve5x2xa","operationId":"9s0oj0ythwe47qi","previousOperationId":"47zkm0n4mlh2ogv"}
{"type":"log","timestamp":1722876417788,"level":"debug","message":"Rendering engine handlebars","meta":{"rootId":"l4a2lc9jx8eqh8p","id":"fwmmt92cumcq91h"},"id":"lwuc1ysjmvxvqea","previousOperationId":"9s0oj0ythwe47qi"}
{"type":"operationEnd","operationId":"9s0oj0ythwe47qi","timestamp":1722876417868,"id":"xwtiiscneoe5mtk","previousEventId":"cfcqr1ruagex8fp","previousOperationId":"9s0oj0ythwe47qi"}
{"type":"operationStart","subtype":"recipe","name":"html","timestamp":1722876417869,"id":"q8ebl3q6ymk0ux1","previousEventId":"xwtiiscneoe5mtk","operationId":"zt37kmfh8rrfmoi","previousOperationId":"9s0oj0ythwe47qi"}
{"type":"log","timestamp":1722876417869,"level":"debug","message":"Executing recipe html","meta":{"rootId":"l4a2lc9jx8eqh8p","id":"fwmmt92cumcq91h"},"id":"g7ogdo9rr58faob","previousOperationId":"zt37kmfh8rrfmoi"}
{"type":"operationEnd","operationId":"zt37kmfh8rrfmoi","timestamp":1722876417869,"id":"orw0pm3azml9ne6","previousEventId":"q8ebl3q6ymk0ux1","previousOperationId":"zt37kmfh8rrfmoi"}
{"type":"log","timestamp":1722876417869,"level":"debug","message":"Skipping storing report.","meta":{"rootId":"l4a2lc9jx8eqh8p","id":"fwmmt92cumcq91h"},"id":"ukb2heys4kpii0n","previousOperationId":"zt37kmfh8rrfmoi"}
{"type":"log","timestamp":1722876417869,"level":"info","message":"Rendering (child) request finished in 132 ms","meta":{"rootId":"l4a2lc9jx8eqh8p","id":"fwmmt92cumcq91h"},"id":"ikzxfhoga4h3klz","previousOperationId":"zt37kmfh8rrfmoi"}
{"type":"operationEnd","subtype":"render","operationId":"47zkm0n4mlh2ogv","timestamp":1722876417869,"id":"nqd6unki3lzqag2","previousEventId":"orw0pm3azml9ne6","previousOperationId":"zt37kmfh8rrfmoi"}
{"type":"log","timestamp":1722876417890,"level":"debug","message":"xlsx successfully zipped","meta":{"rootId":"l4a2lc9jx8eqh8p","id":"l4a2lc9jx8eqh8p"},"id":"dcvwwpmntt9bptd","previousOperationId":"yc3ejmtsbcz7yee"}
{"type":"log","timestamp":1722876417890,"level":"info","message":"xlsx generation was finished","meta":{"rootId":"l4a2lc9jx8eqh8p","id":"l4a2lc9jx8eqh8p"},"id":"hpeeneyudmhhy07","previousOperationId":"yc3ejmtsbcz7yee"}
{"type":"log","timestamp":1722876417890,"level":"info","message":"xlsx transformation is starting","meta":{"rootId":"l4a2lc9jx8eqh8p","id":"l4a2lc9jx8eqh8p"},"id":"d8vzotxu9y67021","previousOperationId":"yc3ejmtsbcz7yee"}
{"type":"log","timestamp":1722876417909,"level":"debug","message":"Parsing xlsx content","meta":{"rootId":"l4a2lc9jx8eqh8p","id":"l4a2lc9jx8eqh8p"},"id":"6t777n800m9a9dd","previousOperationId":"yc3ejmtsbcz7yee"}
{"type":"log","timestamp":1722876417936,"level":"debug","message":"Successfully zipped now.","meta":{"rootId":"l4a2lc9jx8eqh8p","id":"l4a2lc9jx8eqh8p"},"id":"8topk350mrqzgsm","previousOperationId":"yc3ejmtsbcz7yee"}
{"type":"log","timestamp":1722876417936,"level":"info","message":"xlsx transformation was finished","meta":{"rootId":"l4a2lc9jx8eqh8p","id":"l4a2lc9jx8eqh8p"},"id":"obl67udxgc4ej4h","previousOperationId":"yc3ejmtsbcz7yee"}
{"type":"log","timestamp":1722876417936,"level":"debug","message":"preparing office preview","meta":{"rootId":"l4a2lc9jx8eqh8p","id":"l4a2lc9jx8eqh8p"},"id":"l4nre13nsvynyof","previousOperationId":"yc3ejmtsbcz7yee"}
{"type":"operationEnd","operationId":"yc3ejmtsbcz7yee","timestamp":1722876418624,"id":"o37ciq8ybzsp763","previousEventId":"dtc4n0d82p09mjd","previousOperationId":"yc3ejmtsbcz7yee"}
{"type":"log","timestamp":1722876418624,"level":"debug","message":"Skipping storing report.","meta":{"rootId":"l4a2lc9jx8eqh8p","id":"l4a2lc9jx8eqh8p"},"id":"avo3s4l7zvh06x8","previousOperationId":"yc3ejmtsbcz7yee"}
{"type":"log","timestamp":1722876418624,"level":"info","message":"Rendering request 41 finished in 887 ms","meta":{"rootId":"l4a2lc9jx8eqh8p","id":"l4a2lc9jx8eqh8p"},"id":"63xpiqilcjsqdw5","previousOperationId":"yc3ejmtsbcz7yee"}
{"type":"operationEnd","subtype":"render","operationId":"hcu1no8l41vi85h","timestamp":1722876418624,"id":"ff80u4fqha6r0wh","previousEventId":"o37ciq8ybzsp763","previousOperationId":"yc3ejmtsbcz7yee"}
{"type":"operationEnd","doDiffs":false,"previousEventId":"ps4jufu00ezwivr","previousOperationId":"8xrhzj7vu8eby55","operationId":"8xrhzj7vu8eby55","timestamp":1722876418626,"id":"ncfgwg988ky9ei3"}
