{"type":"operationStart","subtype":"profile","data":{"_id":"IvKyDgHk71kRvrQ6","timestamp":"2024-08-05T16:31:11.000Z","state":"queued","mode":"standard","creationDate":"2024-08-05T16:31:11.001Z","modificationDate":"2024-08-05T16:31:11.001Z","shortid":"cDYk1iq","inheritedReadPermissions":[],"inheritedEditPermissions":[],"$entitySet":"profiles"},"doDiffs":false,"timestamp":1722875471001,"id":"eqblz0ow5fiejab","previousOperationId":null,"operationId":"fefurd08cnt6sh8"}
{"type":"log","level":"info","message":"Render request 20 queued for execution and waiting for available worker","previousOperationId":"fefurd08cnt6sh8","timestamp":1722875471001,"id":"8sf4cryjvem2twi"}
{"type":"operationStart","subtype":"render","name":"modules","previousOperationId":"fefurd08cnt6sh8","timestamp":1722875471027,"id":"6sghtck3z60ek97","previousEventId":"eqblz0ow5fiejab","operationId":"7fu3eut7075pq2y"}
{"type":"log","timestamp":1722875471027,"level":"info","message":"Starting rendering request 20 (user: admin)","meta":{"rootId":"lbbz5crc23b6xsy","id":"lbbz5crc23b6xsy"},"id":"uvb8nfa4j8bfw5b","previousOperationId":"7fu3eut7075pq2y"}
{"type":"log","timestamp":1722875471027,"level":"info","message":"Rendering template { name: modules, recipe: xlsx, engine: handlebars, preview: true }","meta":{"rootId":"lbbz5crc23b6xsy","id":"lbbz5crc23b6xsy"},"id":"il6tkpjmoor1cy9","previousOperationId":"7fu3eut7075pq2y"}
{"type":"log","timestamp":1722875471027,"level":"debug","message":"Inline data specified.","meta":{"rootId":"lbbz5crc23b6xsy","id":"lbbz5crc23b6xsy"},"id":"v8fxg5o461n9b7c","previousOperationId":"7fu3eut7075pq2y"}
{"type":"log","timestamp":1722875471028,"level":"debug","message":"Base url not specified, skipping its injection.","meta":{"rootId":"lbbz5crc23b6xsy","id":"lbbz5crc23b6xsy"},"id":"9eerv9dgxsqqced","previousOperationId":"7fu3eut7075pq2y"}
{"type":"operationStart","subtype":"engine","name":"handlebars","timestamp":1722875471028,"id":"njitlbdah6e3i4j","previousEventId":"6sghtck3z60ek97","operationId":"lin5p4em34zld46","previousOperationId":"7fu3eut7075pq2y"}
{"type":"log","timestamp":1722875471028,"level":"debug","message":"Rendering engine handlebars","meta":{"rootId":"lbbz5crc23b6xsy","id":"lbbz5crc23b6xsy"},"id":"3b62jey8a8u0zmx","previousOperationId":"lin5p4em34zld46"}
{"type":"operationEnd","operationId":"lin5p4em34zld46","timestamp":1722875471043,"id":"s921efdh52abyou","previousEventId":"njitlbdah6e3i4j","previousOperationId":"lin5p4em34zld46"}
{"type":"operationStart","subtype":"recipe","name":"xlsx","timestamp":1722875471043,"id":"2gytcjaggmp6p5k","previousEventId":"s921efdh52abyou","operationId":"1lcqlxa738mpl8p","previousOperationId":"lin5p4em34zld46"}
{"type":"log","timestamp":1722875471043,"level":"debug","message":"Executing recipe xlsx","meta":{"rootId":"lbbz5crc23b6xsy","id":"lbbz5crc23b6xsy"},"id":"e2vpkhvjh3yq733","previousOperationId":"1lcqlxa738mpl8p"}
{"type":"log","timestamp":1722875471044,"level":"info","message":"xlsx generation is starting","meta":{"rootId":"lbbz5crc23b6xsy","id":"lbbz5crc23b6xsy"},"id":"gol3kb097on07ki","previousOperationId":"1lcqlxa738mpl8p"}
{"type":"log","timestamp":1722875471064,"level":"debug","message":"Starting child request to render xlsx dynamic parts for generation step","meta":{"rootId":"lbbz5crc23b6xsy","id":"lbbz5crc23b6xsy"},"id":"1e2ra42g2c9pled","previousOperationId":"1lcqlxa738mpl8p"}
{"type":"operationStart","subtype":"render","name":"anonymous","previousOperationId":"1lcqlxa738mpl8p","timestamp":1722875471064,"id":"2r21howkdxx8oko","previousEventId":"2gytcjaggmp6p5k","operationId":"yp0asmfuj1saotg"}
{"type":"log","timestamp":1722875471064,"level":"info","message":"Starting rendering (child) request (user: admin)","meta":{"rootId":"lbbz5crc23b6xsy","id":"w4wifei1bpvh2zu"},"id":"7am6jb2fuipnmod","previousOperationId":"yp0asmfuj1saotg"}
{"type":"log","timestamp":1722875471065,"level":"info","message":"Rendering anonymous template { recipe: html, engine: handlebars }","meta":{"rootId":"lbbz5crc23b6xsy","id":"w4wifei1bpvh2zu"},"id":"2gkjwn19sxuwt5v","previousOperationId":"yp0asmfuj1saotg"}
{"type":"log","timestamp":1722875471065,"level":"debug","message":"Inline data specified.","meta":{"rootId":"lbbz5crc23b6xsy","id":"w4wifei1bpvh2zu"},"id":"stkx14o8o1hurpw","previousOperationId":"yp0asmfuj1saotg"}
{"type":"log","timestamp":1722875471065,"level":"debug","message":"Base url not specified, skipping its injection.","meta":{"rootId":"lbbz5crc23b6xsy","id":"w4wifei1bpvh2zu"},"id":"2eu65umpqvofgmw","previousOperationId":"yp0asmfuj1saotg"}
{"type":"operationStart","subtype":"engine","name":"handlebars","timestamp":1722875471065,"id":"b6ogbc8z69mbgu5","previousEventId":"2r21howkdxx8oko","operationId":"xqzrk1zm1rtye8n","previousOperationId":"yp0asmfuj1saotg"}
{"type":"log","timestamp":1722875471065,"level":"debug","message":"Rendering engine handlebars","meta":{"rootId":"lbbz5crc23b6xsy","id":"w4wifei1bpvh2zu"},"id":"6kpz0iqjmn6tdwf","previousOperationId":"xqzrk1zm1rtye8n"}
{"type":"operationEnd","operationId":"xqzrk1zm1rtye8n","timestamp":1722875471187,"id":"055vu0aaz9la072","previousEventId":"b6ogbc8z69mbgu5","previousOperationId":"xqzrk1zm1rtye8n"}
{"type":"operationStart","subtype":"recipe","name":"html","timestamp":1722875471187,"id":"4qkzksdfa2jh289","previousEventId":"055vu0aaz9la072","operationId":"y3qqbsi2h6t85ya","previousOperationId":"xqzrk1zm1rtye8n"}
{"type":"log","timestamp":1722875471187,"level":"debug","message":"Executing recipe html","meta":{"rootId":"lbbz5crc23b6xsy","id":"w4wifei1bpvh2zu"},"id":"hlegbthxsdgn6k5","previousOperationId":"y3qqbsi2h6t85ya"}
{"type":"operationEnd","operationId":"y3qqbsi2h6t85ya","timestamp":1722875471187,"id":"0aj0w94rgqmzt2m","previousEventId":"4qkzksdfa2jh289","previousOperationId":"y3qqbsi2h6t85ya"}
{"type":"log","timestamp":1722875471188,"level":"debug","message":"Skipping storing report.","meta":{"rootId":"lbbz5crc23b6xsy","id":"w4wifei1bpvh2zu"},"id":"0uzavyjioacar8l","previousOperationId":"y3qqbsi2h6t85ya"}
{"type":"log","timestamp":1722875471188,"level":"info","message":"Rendering (child) request finished in 188 ms","meta":{"rootId":"lbbz5crc23b6xsy","id":"w4wifei1bpvh2zu"},"id":"c9me26w7iyjh70l","previousOperationId":"y3qqbsi2h6t85ya"}
{"type":"operationEnd","subtype":"render","operationId":"yp0asmfuj1saotg","timestamp":1722875471188,"id":"qoaiaql5r85ngg3","previousEventId":"0aj0w94rgqmzt2m","previousOperationId":"y3qqbsi2h6t85ya"}
{"type":"log","timestamp":1722875471222,"level":"debug","message":"xlsx successfully zipped","meta":{"rootId":"lbbz5crc23b6xsy","id":"lbbz5crc23b6xsy"},"id":"fndgxbmz0vh2at7","previousOperationId":"1lcqlxa738mpl8p"}
{"type":"log","timestamp":1722875471222,"level":"info","message":"xlsx generation was finished","meta":{"rootId":"lbbz5crc23b6xsy","id":"lbbz5crc23b6xsy"},"id":"jwxqk0dt7zh66k5","previousOperationId":"1lcqlxa738mpl8p"}
{"type":"log","timestamp":1722875471222,"level":"info","message":"xlsx transformation is starting","meta":{"rootId":"lbbz5crc23b6xsy","id":"lbbz5crc23b6xsy"},"id":"l1l247b48w97qie","previousOperationId":"1lcqlxa738mpl8p"}
{"type":"log","timestamp":1722875471249,"level":"debug","message":"Parsing xlsx content","meta":{"rootId":"lbbz5crc23b6xsy","id":"lbbz5crc23b6xsy"},"id":"av7n3gn5poyuaug","previousOperationId":"1lcqlxa738mpl8p"}
{"type":"log","timestamp":1722875471277,"level":"debug","message":"Successfully zipped now.","meta":{"rootId":"lbbz5crc23b6xsy","id":"lbbz5crc23b6xsy"},"id":"rdh4rpld6q65x2z","previousOperationId":"1lcqlxa738mpl8p"}
{"type":"log","timestamp":1722875471277,"level":"info","message":"xlsx transformation was finished","meta":{"rootId":"lbbz5crc23b6xsy","id":"lbbz5crc23b6xsy"},"id":"14m31ufy9yq185h","previousOperationId":"1lcqlxa738mpl8p"}
{"type":"log","timestamp":1722875471277,"level":"debug","message":"preparing office preview","meta":{"rootId":"lbbz5crc23b6xsy","id":"lbbz5crc23b6xsy"},"id":"o7rri4ivertesw1","previousOperationId":"1lcqlxa738mpl8p"}
{"type":"operationEnd","operationId":"1lcqlxa738mpl8p","timestamp":1722875472286,"id":"aejmqydp86x7ijg","previousEventId":"2gytcjaggmp6p5k","previousOperationId":"1lcqlxa738mpl8p"}
{"type":"log","timestamp":1722875472286,"level":"debug","message":"Skipping storing report.","meta":{"rootId":"lbbz5crc23b6xsy","id":"lbbz5crc23b6xsy"},"id":"6lg6zridhgrdkuy","previousOperationId":"1lcqlxa738mpl8p"}
{"type":"log","timestamp":1722875472286,"level":"info","message":"Rendering request 20 finished in 1286 ms","meta":{"rootId":"lbbz5crc23b6xsy","id":"lbbz5crc23b6xsy"},"id":"zkqu77zv417zy3s","previousOperationId":"1lcqlxa738mpl8p"}
{"type":"operationEnd","subtype":"render","operationId":"7fu3eut7075pq2y","timestamp":1722875472286,"id":"ove8q6dzppsdhly","previousEventId":"aejmqydp86x7ijg","previousOperationId":"1lcqlxa738mpl8p"}
{"type":"operationEnd","doDiffs":false,"previousEventId":"eqblz0ow5fiejab","previousOperationId":"fefurd08cnt6sh8","operationId":"fefurd08cnt6sh8","timestamp":1722875472288,"id":"piie9xaj7xbfqlu"}
