{"type":"operationStart","subtype":"profile","data":{"_id":"Ki7FFzZW3f78QFUy","timestamp":"2024-08-05T16:38:15.861Z","state":"queued","mode":"standard","creationDate":"2024-08-05T16:38:15.862Z","modificationDate":"2024-08-05T16:38:15.862Z","shortid":"1-06X3_","inheritedReadPermissions":[],"inheritedEditPermissions":[],"$entitySet":"profiles"},"doDiffs":false,"timestamp":1722875895862,"id":"t902bh8v5z16s7r","previousOperationId":null,"operationId":"ehhyh1mnfcb6zxu"}
{"type":"log","level":"info","message":"Render request 32 queued for execution and waiting for available worker","previousOperationId":"ehhyh1mnfcb6zxu","timestamp":1722875895862,"id":"f7tbb3gfofcy5my"}
{"type":"operationStart","subtype":"render","name":"modules","previousOperationId":"ehhyh1mnfcb6zxu","timestamp":1722875895895,"id":"8sodhxlb65ep497","previousEventId":"t902bh8v5z16s7r","operationId":"h64mk3nbbsxg4vr"}
{"type":"log","timestamp":1722875895895,"level":"info","message":"Starting rendering request 32 (user: admin)","meta":{"rootId":"mrgsvhtl890rda7","id":"mrgsvhtl890rda7"},"id":"x2nxhvyw94gozys","previousOperationId":"h64mk3nbbsxg4vr"}
{"type":"log","timestamp":1722875895895,"level":"info","message":"Rendering template { name: modules, recipe: xlsx, engine: handlebars, preview: true }","meta":{"rootId":"mrgsvhtl890rda7","id":"mrgsvhtl890rda7"},"id":"kz7aaew3juhgcok","previousOperationId":"h64mk3nbbsxg4vr"}
{"type":"log","timestamp":1722875895895,"level":"debug","message":"Inline data specified.","meta":{"rootId":"mrgsvhtl890rda7","id":"mrgsvhtl890rda7"},"id":"munje3id4wnc18b","previousOperationId":"h64mk3nbbsxg4vr"}
{"type":"log","timestamp":1722875895896,"level":"debug","message":"Base url not specified, skipping its injection.","meta":{"rootId":"mrgsvhtl890rda7","id":"mrgsvhtl890rda7"},"id":"ghe9502axcoiv0c","previousOperationId":"h64mk3nbbsxg4vr"}
{"type":"operationStart","subtype":"engine","name":"handlebars","timestamp":1722875895897,"id":"k64f47sg7dposvb","previousEventId":"8sodhxlb65ep497","operationId":"nekf62lubmlbgph","previousOperationId":"h64mk3nbbsxg4vr"}
{"type":"log","timestamp":1722875895897,"level":"debug","message":"Rendering engine handlebars","meta":{"rootId":"mrgsvhtl890rda7","id":"mrgsvhtl890rda7"},"id":"nu29kwyoes70abw","previousOperationId":"nekf62lubmlbgph"}
{"type":"operationEnd","operationId":"nekf62lubmlbgph","timestamp":1722875895907,"id":"lsbh73dyaqebq0f","previousEventId":"k64f47sg7dposvb","previousOperationId":"nekf62lubmlbgph"}
{"type":"operationStart","subtype":"recipe","name":"xlsx","timestamp":1722875895907,"id":"d1zmdapm4469809","previousEventId":"lsbh73dyaqebq0f","operationId":"mss5xa7bg5g6lwp","previousOperationId":"nekf62lubmlbgph"}
{"type":"log","timestamp":1722875895907,"level":"debug","message":"Executing recipe xlsx","meta":{"rootId":"mrgsvhtl890rda7","id":"mrgsvhtl890rda7"},"id":"2i72jbw2n05o351","previousOperationId":"mss5xa7bg5g6lwp"}
{"type":"log","timestamp":1722875895908,"level":"info","message":"xlsx generation is starting","meta":{"rootId":"mrgsvhtl890rda7","id":"mrgsvhtl890rda7"},"id":"uw1kl5amx70tdgf","previousOperationId":"mss5xa7bg5g6lwp"}
{"type":"log","timestamp":1722875895927,"level":"debug","message":"Starting child request to render xlsx dynamic parts for generation step","meta":{"rootId":"mrgsvhtl890rda7","id":"mrgsvhtl890rda7"},"id":"mu0pc1j5ripljio","previousOperationId":"mss5xa7bg5g6lwp"}
{"type":"operationStart","subtype":"render","name":"anonymous","previousOperationId":"mss5xa7bg5g6lwp","timestamp":1722875895927,"id":"53ov48uu76yxx92","previousEventId":"d1zmdapm4469809","operationId":"brdmfa2uqbaxi5k"}
{"type":"log","timestamp":1722875895927,"level":"info","message":"Starting rendering (child) request (user: admin)","meta":{"rootId":"mrgsvhtl890rda7","id":"krn2qw22ca2g535"},"id":"w1ws0yr84zh9ap8","previousOperationId":"brdmfa2uqbaxi5k"}
{"type":"log","timestamp":1722875895927,"level":"info","message":"Rendering anonymous template { recipe: html, engine: handlebars }","meta":{"rootId":"mrgsvhtl890rda7","id":"krn2qw22ca2g535"},"id":"is9x7nu0bm2tfsq","previousOperationId":"brdmfa2uqbaxi5k"}
{"type":"log","timestamp":1722875895927,"level":"debug","message":"Inline data specified.","meta":{"rootId":"mrgsvhtl890rda7","id":"krn2qw22ca2g535"},"id":"c2arfw0pd0hokoq","previousOperationId":"brdmfa2uqbaxi5k"}
{"type":"log","timestamp":1722875895928,"level":"debug","message":"Base url not specified, skipping its injection.","meta":{"rootId":"mrgsvhtl890rda7","id":"krn2qw22ca2g535"},"id":"bqj197isi4ycb11","previousOperationId":"brdmfa2uqbaxi5k"}
{"type":"operationStart","subtype":"engine","name":"handlebars","timestamp":1722875895929,"id":"ynt9i3x04fgbny2","previousEventId":"53ov48uu76yxx92","operationId":"bn06j43qt40vv2j","previousOperationId":"brdmfa2uqbaxi5k"}
{"type":"log","timestamp":1722875895929,"level":"debug","message":"Rendering engine handlebars","meta":{"rootId":"mrgsvhtl890rda7","id":"krn2qw22ca2g535"},"id":"gtco9l8g4ak3ecu","previousOperationId":"bn06j43qt40vv2j"}
{"type":"operationEnd","operationId":"bn06j43qt40vv2j","timestamp":1722875896012,"id":"ytkopkpcwfq2dwd","previousEventId":"ynt9i3x04fgbny2","previousOperationId":"bn06j43qt40vv2j"}
{"type":"operationStart","subtype":"recipe","name":"html","timestamp":1722875896013,"id":"0agv11qtbkrvlp9","previousEventId":"ytkopkpcwfq2dwd","operationId":"bw30owv3w14z348","previousOperationId":"bn06j43qt40vv2j"}
{"type":"log","timestamp":1722875896013,"level":"debug","message":"Executing recipe html","meta":{"rootId":"mrgsvhtl890rda7","id":"krn2qw22ca2g535"},"id":"tza7apawzv59nvs","previousOperationId":"bw30owv3w14z348"}
{"type":"operationEnd","operationId":"bw30owv3w14z348","timestamp":1722875896013,"id":"lvxbmwx5ysagz64","previousEventId":"0agv11qtbkrvlp9","previousOperationId":"bw30owv3w14z348"}
{"type":"log","timestamp":1722875896013,"level":"debug","message":"Skipping storing report.","meta":{"rootId":"mrgsvhtl890rda7","id":"krn2qw22ca2g535"},"id":"hfbm7m6ftkt2bki","previousOperationId":"bw30owv3w14z348"}
{"type":"log","timestamp":1722875896013,"level":"info","message":"Rendering (child) request finished in 152 ms","meta":{"rootId":"mrgsvhtl890rda7","id":"krn2qw22ca2g535"},"id":"ts1tr6ua6hjnk5k","previousOperationId":"bw30owv3w14z348"}
{"type":"operationEnd","subtype":"render","operationId":"brdmfa2uqbaxi5k","timestamp":1722875896013,"id":"tr7z0eqzufcquci","previousEventId":"lvxbmwx5ysagz64","previousOperationId":"bw30owv3w14z348"}
{"type":"log","timestamp":1722875896038,"level":"debug","message":"xlsx successfully zipped","meta":{"rootId":"mrgsvhtl890rda7","id":"mrgsvhtl890rda7"},"id":"iaiqq0ofn8b5ea4","previousOperationId":"mss5xa7bg5g6lwp"}
{"type":"log","timestamp":1722875896038,"level":"info","message":"xlsx generation was finished","meta":{"rootId":"mrgsvhtl890rda7","id":"mrgsvhtl890rda7"},"id":"q89zu2mv6puiftn","previousOperationId":"mss5xa7bg5g6lwp"}
{"type":"log","timestamp":1722875896038,"level":"info","message":"xlsx transformation is starting","meta":{"rootId":"mrgsvhtl890rda7","id":"mrgsvhtl890rda7"},"id":"55lkq4vhanmtkyt","previousOperationId":"mss5xa7bg5g6lwp"}
{"type":"log","timestamp":1722875896069,"level":"debug","message":"Parsing xlsx content","meta":{"rootId":"mrgsvhtl890rda7","id":"mrgsvhtl890rda7"},"id":"bh1o6e1y1rulefa","previousOperationId":"mss5xa7bg5g6lwp"}
{"type":"log","timestamp":1722875896095,"level":"debug","message":"Successfully zipped now.","meta":{"rootId":"mrgsvhtl890rda7","id":"mrgsvhtl890rda7"},"id":"4ltzdi4s2nsslp8","previousOperationId":"mss5xa7bg5g6lwp"}
{"type":"log","timestamp":1722875896095,"level":"info","message":"xlsx transformation was finished","meta":{"rootId":"mrgsvhtl890rda7","id":"mrgsvhtl890rda7"},"id":"a84me9l855va6v2","previousOperationId":"mss5xa7bg5g6lwp"}
{"type":"log","timestamp":1722875896095,"level":"debug","message":"preparing office preview","meta":{"rootId":"mrgsvhtl890rda7","id":"mrgsvhtl890rda7"},"id":"cz0hip2g8q3q45a","previousOperationId":"mss5xa7bg5g6lwp"}
{"type":"operationEnd","operationId":"mss5xa7bg5g6lwp","timestamp":1722875897105,"id":"4tprsh5137fw8p0","previousEventId":"d1zmdapm4469809","previousOperationId":"mss5xa7bg5g6lwp"}
{"type":"log","timestamp":1722875897105,"level":"debug","message":"Skipping storing report.","meta":{"rootId":"mrgsvhtl890rda7","id":"mrgsvhtl890rda7"},"id":"wgikw7kev56pqqr","previousOperationId":"mss5xa7bg5g6lwp"}
{"type":"log","timestamp":1722875897105,"level":"info","message":"Rendering request 32 finished in 1244 ms","meta":{"rootId":"mrgsvhtl890rda7","id":"mrgsvhtl890rda7"},"id":"809eo6dek8uibrk","previousOperationId":"mss5xa7bg5g6lwp"}
{"type":"operationEnd","subtype":"render","operationId":"h64mk3nbbsxg4vr","timestamp":1722875897105,"id":"skc59s9iv635jly","previousEventId":"4tprsh5137fw8p0","previousOperationId":"mss5xa7bg5g6lwp"}
{"type":"operationEnd","doDiffs":false,"previousEventId":"t902bh8v5z16s7r","previousOperationId":"ehhyh1mnfcb6zxu","operationId":"ehhyh1mnfcb6zxu","timestamp":1722875897106,"id":"9xpihg76k52zs0w"}
