{"type":"operationStart","subtype":"profile","data":{"_id":"xvPraq73Ub3Ox9hs","timestamp":"2024-08-05T17:17:40.940Z","state":"queued","mode":"standard","creationDate":"2024-08-05T17:17:40.940Z","modificationDate":"2024-08-05T17:17:40.940Z","shortid":"6eVftsT","inheritedReadPermissions":[],"inheritedEditPermissions":[],"$entitySet":"profiles"},"doDiffs":false,"timestamp":1722878260940,"id":"zmhtjmpdy1ikw1e","previousOperationId":null,"operationId":"54oeotj3fug76li"}
{"type":"log","level":"info","message":"Render request 58 queued for execution and waiting for available worker","previousOperationId":"54oeotj3fug76li","timestamp":1722878260940,"id":"zmg3i7331obvxt2"}
{"type":"operationStart","subtype":"render","name":"modules","previousOperationId":"54oeotj3fug76li","timestamp":1722878260965,"id":"wkj1c4sr5sl3l22","previousEventId":"zmhtjmpdy1ikw1e","operationId":"j6kg0m2tjpr4do2"}
{"type":"log","timestamp":1722878260965,"level":"info","message":"Starting rendering request 58 (user: admin)","meta":{"rootId":"omp55funo9qh0nn","id":"omp55funo9qh0nn"},"id":"b2cf6ex9wop7xep","previousOperationId":"j6kg0m2tjpr4do2"}
{"type":"log","timestamp":1722878260965,"level":"info","message":"Rendering template { name: modules, recipe: xlsx, engine: handlebars, preview: true }","meta":{"rootId":"omp55funo9qh0nn","id":"omp55funo9qh0nn"},"id":"tx2iqomjtd03m99","previousOperationId":"j6kg0m2tjpr4do2"}
{"type":"log","timestamp":1722878260965,"level":"debug","message":"Inline data specified.","meta":{"rootId":"omp55funo9qh0nn","id":"omp55funo9qh0nn"},"id":"4koijri1c3iylcz","previousOperationId":"j6kg0m2tjpr4do2"}
{"type":"log","timestamp":1722878260966,"level":"debug","message":"Base url not specified, skipping its injection.","meta":{"rootId":"omp55funo9qh0nn","id":"omp55funo9qh0nn"},"id":"zot3frehnevaht9","previousOperationId":"j6kg0m2tjpr4do2"}
{"type":"operationStart","subtype":"engine","name":"handlebars","timestamp":1722878260966,"id":"lptd25flppq3ukn","previousEventId":"wkj1c4sr5sl3l22","operationId":"vcg46iqnngtefjm","previousOperationId":"j6kg0m2tjpr4do2"}
{"type":"log","timestamp":1722878260966,"level":"debug","message":"Rendering engine handlebars","meta":{"rootId":"omp55funo9qh0nn","id":"omp55funo9qh0nn"},"id":"dzu9j4jpyu1j261","previousOperationId":"vcg46iqnngtefjm"}
{"type":"operationEnd","operationId":"vcg46iqnngtefjm","timestamp":1722878260970,"id":"o35tc59csioylvt","previousEventId":"lptd25flppq3ukn","previousOperationId":"vcg46iqnngtefjm"}
{"type":"operationStart","subtype":"recipe","name":"xlsx","timestamp":1722878260970,"id":"gjeodlp68njohpx","previousEventId":"o35tc59csioylvt","operationId":"z449857wftz8lst","previousOperationId":"vcg46iqnngtefjm"}
{"type":"log","timestamp":1722878260970,"level":"debug","message":"Executing recipe xlsx","meta":{"rootId":"omp55funo9qh0nn","id":"omp55funo9qh0nn"},"id":"umz48blsdlm4hot","previousOperationId":"z449857wftz8lst"}
{"type":"log","timestamp":1722878260971,"level":"info","message":"xlsx generation is starting","meta":{"rootId":"omp55funo9qh0nn","id":"omp55funo9qh0nn"},"id":"t792btywl5sqlwa","previousOperationId":"z449857wftz8lst"}
{"type":"log","timestamp":1722878260991,"level":"debug","message":"Starting child request to render xlsx dynamic parts for generation step","meta":{"rootId":"omp55funo9qh0nn","id":"omp55funo9qh0nn"},"id":"kivjbzc7hbs7813","previousOperationId":"z449857wftz8lst"}
{"type":"operationStart","subtype":"render","name":"anonymous","previousOperationId":"z449857wftz8lst","timestamp":1722878260991,"id":"jwvy4qkmk0do181","previousEventId":"gjeodlp68njohpx","operationId":"svx95z8cpfzlmko"}
{"type":"log","timestamp":1722878260991,"level":"info","message":"Starting rendering (child) request (user: admin)","meta":{"rootId":"omp55funo9qh0nn","id":"3p1g9z3uf52wnll"},"id":"zppwbzmma8d0u88","previousOperationId":"svx95z8cpfzlmko"}
{"type":"log","timestamp":1722878260991,"level":"info","message":"Rendering anonymous template { recipe: html, engine: handlebars }","meta":{"rootId":"omp55funo9qh0nn","id":"3p1g9z3uf52wnll"},"id":"7zgzyfy77m8hig0","previousOperationId":"svx95z8cpfzlmko"}
{"type":"log","timestamp":1722878260991,"level":"debug","message":"Inline data specified.","meta":{"rootId":"omp55funo9qh0nn","id":"3p1g9z3uf52wnll"},"id":"mtu4ckqlpk7zs7s","previousOperationId":"svx95z8cpfzlmko"}
{"type":"log","timestamp":1722878260992,"level":"debug","message":"Base url not specified, skipping its injection.","meta":{"rootId":"omp55funo9qh0nn","id":"3p1g9z3uf52wnll"},"id":"7crhed81o5ccdmm","previousOperationId":"svx95z8cpfzlmko"}
{"type":"operationStart","subtype":"engine","name":"handlebars","timestamp":1722878260992,"id":"k2a10q93mywd48p","previousEventId":"jwvy4qkmk0do181","operationId":"4sqkvx9oonkm9mi","previousOperationId":"svx95z8cpfzlmko"}
{"type":"log","timestamp":1722878260992,"level":"debug","message":"Rendering engine handlebars","meta":{"rootId":"omp55funo9qh0nn","id":"3p1g9z3uf52wnll"},"id":"3kpiig4wz1giuha","previousOperationId":"4sqkvx9oonkm9mi"}
{"type":"operationEnd","operationId":"4sqkvx9oonkm9mi","timestamp":1722878261079,"id":"m88s5jwlchb65an","previousEventId":"k2a10q93mywd48p","previousOperationId":"4sqkvx9oonkm9mi"}
{"type":"operationStart","subtype":"recipe","name":"html","timestamp":1722878261080,"id":"wqe6gy4jzgyzq2k","previousEventId":"m88s5jwlchb65an","operationId":"or43ofr39juw2kf","previousOperationId":"4sqkvx9oonkm9mi"}
{"type":"log","timestamp":1722878261080,"level":"debug","message":"Executing recipe html","meta":{"rootId":"omp55funo9qh0nn","id":"3p1g9z3uf52wnll"},"id":"xgsob3ybjrmdyue","previousOperationId":"or43ofr39juw2kf"}
{"type":"operationEnd","operationId":"or43ofr39juw2kf","timestamp":1722878261080,"id":"3hu19sq89cnr197","previousEventId":"wqe6gy4jzgyzq2k","previousOperationId":"or43ofr39juw2kf"}
{"type":"log","timestamp":1722878261080,"level":"debug","message":"Skipping storing report.","meta":{"rootId":"omp55funo9qh0nn","id":"3p1g9z3uf52wnll"},"id":"xveqvpzqaiedpxv","previousOperationId":"or43ofr39juw2kf"}
{"type":"log","timestamp":1722878261080,"level":"info","message":"Rendering (child) request finished in 140 ms","meta":{"rootId":"omp55funo9qh0nn","id":"3p1g9z3uf52wnll"},"id":"4067tvlyeaht8ys","previousOperationId":"or43ofr39juw2kf"}
{"type":"operationEnd","subtype":"render","operationId":"svx95z8cpfzlmko","timestamp":1722878261080,"id":"q41x5182mdqs0p6","previousEventId":"3hu19sq89cnr197","previousOperationId":"or43ofr39juw2kf"}
{"type":"log","timestamp":1722878261109,"level":"debug","message":"xlsx successfully zipped","meta":{"rootId":"omp55funo9qh0nn","id":"omp55funo9qh0nn"},"id":"06y3q8fjhq085yf","previousOperationId":"z449857wftz8lst"}
{"type":"log","timestamp":1722878261109,"level":"info","message":"xlsx generation was finished","meta":{"rootId":"omp55funo9qh0nn","id":"omp55funo9qh0nn"},"id":"ltbfiy1tazh2wyk","previousOperationId":"z449857wftz8lst"}
{"type":"log","timestamp":1722878261109,"level":"info","message":"xlsx transformation is starting","meta":{"rootId":"omp55funo9qh0nn","id":"omp55funo9qh0nn"},"id":"spqu7smcyl7tzyl","previousOperationId":"z449857wftz8lst"}
{"type":"log","timestamp":1722878261147,"level":"debug","message":"Parsing xlsx content","meta":{"rootId":"omp55funo9qh0nn","id":"omp55funo9qh0nn"},"id":"vp2827zmnm8xx62","previousOperationId":"z449857wftz8lst"}
{"type":"log","timestamp":1722878261172,"level":"debug","message":"Successfully zipped now.","meta":{"rootId":"omp55funo9qh0nn","id":"omp55funo9qh0nn"},"id":"lcfdlfdpu82744o","previousOperationId":"z449857wftz8lst"}
{"type":"log","timestamp":1722878261172,"level":"info","message":"xlsx transformation was finished","meta":{"rootId":"omp55funo9qh0nn","id":"omp55funo9qh0nn"},"id":"n0b373bjsvtqmo5","previousOperationId":"z449857wftz8lst"}
{"type":"log","timestamp":1722878261172,"level":"debug","message":"preparing office preview","meta":{"rootId":"omp55funo9qh0nn","id":"omp55funo9qh0nn"},"id":"szvv9kask4es7t4","previousOperationId":"z449857wftz8lst"}
{"type":"operationEnd","operationId":"z449857wftz8lst","timestamp":1722878261868,"id":"6v1qq8sx0gn833j","previousEventId":"gjeodlp68njohpx","previousOperationId":"z449857wftz8lst"}
{"type":"log","timestamp":1722878261868,"level":"debug","message":"Skipping storing report.","meta":{"rootId":"omp55funo9qh0nn","id":"omp55funo9qh0nn"},"id":"ny6hjo3dl4tblnz","previousOperationId":"z449857wftz8lst"}
{"type":"log","timestamp":1722878261868,"level":"info","message":"Rendering request 58 finished in 928 ms","meta":{"rootId":"omp55funo9qh0nn","id":"omp55funo9qh0nn"},"id":"giq1frhv2n6tqh6","previousOperationId":"z449857wftz8lst"}
{"type":"operationEnd","subtype":"render","operationId":"j6kg0m2tjpr4do2","timestamp":1722878261868,"id":"04w36nd8ttm8e38","previousEventId":"6v1qq8sx0gn833j","previousOperationId":"z449857wftz8lst"}
{"type":"operationEnd","doDiffs":false,"previousEventId":"zmhtjmpdy1ikw1e","previousOperationId":"54oeotj3fug76li","operationId":"54oeotj3fug76li","timestamp":1722878261870,"id":"rtprwwt6pid4oyz"}
