{"type":"operationStart","subtype":"profile","data":{"_id":"zIQGaYBYeZmwWpHx","timestamp":"2024-08-05T16:40:54.013Z","state":"queued","mode":"standard","creationDate":"2024-08-05T16:40:54.014Z","modificationDate":"2024-08-05T16:40:54.014Z","shortid":"XviJla6","inheritedReadPermissions":[],"inheritedEditPermissions":[],"$entitySet":"profiles"},"doDiffs":false,"timestamp":1722876054014,"id":"l390bz3o6bvjfc0","previousOperationId":null,"operationId":"mhvmtp80osxf9c7"}
{"type":"log","level":"info","message":"Render request 33 queued for execution and waiting for available worker","previousOperationId":"mhvmtp80osxf9c7","timestamp":1722876054014,"id":"r6gl8bptzea3vvi"}
{"type":"operationStart","subtype":"render","name":"modules","previousOperationId":"mhvmtp80osxf9c7","timestamp":1722876054050,"id":"37avw779bgog6j4","previousEventId":"l390bz3o6bvjfc0","operationId":"jxq7wjmthpsvdqh"}
{"type":"log","timestamp":1722876054050,"level":"info","message":"Starting rendering request 33 (user: admin)","meta":{"rootId":"orithfcqpfy0zc0","id":"orithfcqpfy0zc0"},"id":"5jufotkdjlyzkvy","previousOperationId":"jxq7wjmthpsvdqh"}
{"type":"log","timestamp":1722876054050,"level":"info","message":"Rendering template { name: modules, recipe: xlsx, engine: handlebars, preview: true }","meta":{"rootId":"orithfcqpfy0zc0","id":"orithfcqpfy0zc0"},"id":"wxkzb68pwonlm2o","previousOperationId":"jxq7wjmthpsvdqh"}
{"type":"log","timestamp":1722876054050,"level":"debug","message":"Inline data specified.","meta":{"rootId":"orithfcqpfy0zc0","id":"orithfcqpfy0zc0"},"id":"9k50v6ixvho9js5","previousOperationId":"jxq7wjmthpsvdqh"}
{"type":"log","timestamp":1722876054051,"level":"debug","message":"Base url not specified, skipping its injection.","meta":{"rootId":"orithfcqpfy0zc0","id":"orithfcqpfy0zc0"},"id":"0ycj0zffc3d1dov","previousOperationId":"jxq7wjmthpsvdqh"}
{"type":"operationStart","subtype":"engine","name":"handlebars","timestamp":1722876054051,"id":"1kwuol41s2w3w86","previousEventId":"37avw779bgog6j4","operationId":"pgtjmc2cdjmnyx3","previousOperationId":"jxq7wjmthpsvdqh"}
{"type":"log","timestamp":1722876054051,"level":"debug","message":"Rendering engine handlebars","meta":{"rootId":"orithfcqpfy0zc0","id":"orithfcqpfy0zc0"},"id":"obcg31tpf4wy3l2","previousOperationId":"pgtjmc2cdjmnyx3"}
{"type":"operationEnd","operationId":"pgtjmc2cdjmnyx3","timestamp":1722876054056,"id":"4qcwuf0ft6v0pw4","previousEventId":"1kwuol41s2w3w86","previousOperationId":"pgtjmc2cdjmnyx3"}
{"type":"operationStart","subtype":"recipe","name":"xlsx","timestamp":1722876054056,"id":"ukhh3opewswj5cu","previousEventId":"4qcwuf0ft6v0pw4","operationId":"khekd9k6xm5pdk2","previousOperationId":"pgtjmc2cdjmnyx3"}
{"type":"log","timestamp":1722876054056,"level":"debug","message":"Executing recipe xlsx","meta":{"rootId":"orithfcqpfy0zc0","id":"orithfcqpfy0zc0"},"id":"zu94kml7qj9j9d3","previousOperationId":"khekd9k6xm5pdk2"}
{"type":"log","timestamp":1722876054056,"level":"info","message":"xlsx generation is starting","meta":{"rootId":"orithfcqpfy0zc0","id":"orithfcqpfy0zc0"},"id":"kyo5sq909bjtwyx","previousOperationId":"khekd9k6xm5pdk2"}
{"type":"log","timestamp":1722876054070,"level":"debug","message":"Starting child request to render xlsx dynamic parts for generation step","meta":{"rootId":"orithfcqpfy0zc0","id":"orithfcqpfy0zc0"},"id":"kfoi0v0uxlopyhq","previousOperationId":"khekd9k6xm5pdk2"}
{"type":"operationStart","subtype":"render","name":"anonymous","previousOperationId":"khekd9k6xm5pdk2","timestamp":1722876054071,"id":"x730hyvrd8wkmxu","previousEventId":"ukhh3opewswj5cu","operationId":"lbljsf3pvs4vi6j"}
{"type":"log","timestamp":1722876054071,"level":"info","message":"Starting rendering (child) request (user: admin)","meta":{"rootId":"orithfcqpfy0zc0","id":"akptzsb45a5ekj6"},"id":"tdluxlocqznh9uu","previousOperationId":"lbljsf3pvs4vi6j"}
{"type":"log","timestamp":1722876054071,"level":"info","message":"Rendering anonymous template { recipe: html, engine: handlebars }","meta":{"rootId":"orithfcqpfy0zc0","id":"akptzsb45a5ekj6"},"id":"d48zikq4scqpbn3","previousOperationId":"lbljsf3pvs4vi6j"}
{"type":"log","timestamp":1722876054071,"level":"debug","message":"Inline data specified.","meta":{"rootId":"orithfcqpfy0zc0","id":"akptzsb45a5ekj6"},"id":"71284uoxafkigd8","previousOperationId":"lbljsf3pvs4vi6j"}
{"type":"log","timestamp":1722876054072,"level":"debug","message":"Base url not specified, skipping its injection.","meta":{"rootId":"orithfcqpfy0zc0","id":"akptzsb45a5ekj6"},"id":"vv7l9laylhc9q1w","previousOperationId":"lbljsf3pvs4vi6j"}
{"type":"operationStart","subtype":"engine","name":"handlebars","timestamp":1722876054072,"id":"e1y3ady33prq8gx","previousEventId":"x730hyvrd8wkmxu","operationId":"gt2eaxl2uk8m9es","previousOperationId":"lbljsf3pvs4vi6j"}
{"type":"log","timestamp":1722876054072,"level":"debug","message":"Rendering engine handlebars","meta":{"rootId":"orithfcqpfy0zc0","id":"akptzsb45a5ekj6"},"id":"57f4hf88d0ybyf6","previousOperationId":"gt2eaxl2uk8m9es"}
{"type":"operationEnd","operationId":"gt2eaxl2uk8m9es","timestamp":1722876054160,"id":"jwsfhoxysjvrhbt","previousEventId":"e1y3ady33prq8gx","previousOperationId":"gt2eaxl2uk8m9es"}
{"type":"operationStart","subtype":"recipe","name":"html","timestamp":1722876054160,"id":"kxjx0hoa6lm9pt4","previousEventId":"jwsfhoxysjvrhbt","operationId":"n1r5zg4bnm90h99","previousOperationId":"gt2eaxl2uk8m9es"}
{"type":"log","timestamp":1722876054160,"level":"debug","message":"Executing recipe html","meta":{"rootId":"orithfcqpfy0zc0","id":"akptzsb45a5ekj6"},"id":"s985j43wgswwhaz","previousOperationId":"n1r5zg4bnm90h99"}
{"type":"operationEnd","operationId":"n1r5zg4bnm90h99","timestamp":1722876054160,"id":"w6syhx3dxlx2ep0","previousEventId":"kxjx0hoa6lm9pt4","previousOperationId":"n1r5zg4bnm90h99"}
{"type":"log","timestamp":1722876054160,"level":"debug","message":"Skipping storing report.","meta":{"rootId":"orithfcqpfy0zc0","id":"akptzsb45a5ekj6"},"id":"kfge6zb8k3ttedc","previousOperationId":"n1r5zg4bnm90h99"}
{"type":"log","timestamp":1722876054160,"level":"info","message":"Rendering (child) request finished in 147 ms","meta":{"rootId":"orithfcqpfy0zc0","id":"akptzsb45a5ekj6"},"id":"j0vyppg6pjtmdfj","previousOperationId":"n1r5zg4bnm90h99"}
{"type":"operationEnd","subtype":"render","operationId":"lbljsf3pvs4vi6j","timestamp":1722876054160,"id":"yiti6pgp6dr2faq","previousEventId":"w6syhx3dxlx2ep0","previousOperationId":"n1r5zg4bnm90h99"}
{"type":"log","timestamp":1722876054175,"level":"debug","message":"xlsx successfully zipped","meta":{"rootId":"orithfcqpfy0zc0","id":"orithfcqpfy0zc0"},"id":"q2iiw7s82g4jwct","previousOperationId":"khekd9k6xm5pdk2"}
{"type":"log","timestamp":1722876054175,"level":"info","message":"xlsx generation was finished","meta":{"rootId":"orithfcqpfy0zc0","id":"orithfcqpfy0zc0"},"id":"4u0wtes7onecuzt","previousOperationId":"khekd9k6xm5pdk2"}
{"type":"log","timestamp":1722876054175,"level":"info","message":"xlsx transformation is starting","meta":{"rootId":"orithfcqpfy0zc0","id":"orithfcqpfy0zc0"},"id":"tlofu5kfnas1gip","previousOperationId":"khekd9k6xm5pdk2"}
{"type":"log","timestamp":1722876054222,"level":"debug","message":"Parsing xlsx content","meta":{"rootId":"orithfcqpfy0zc0","id":"orithfcqpfy0zc0"},"id":"ejna21wuxzg8el4","previousOperationId":"khekd9k6xm5pdk2"}
{"type":"log","timestamp":1722876054246,"level":"debug","message":"Successfully zipped now.","meta":{"rootId":"orithfcqpfy0zc0","id":"orithfcqpfy0zc0"},"id":"jalny2bqx56wwz1","previousOperationId":"khekd9k6xm5pdk2"}
{"type":"log","timestamp":1722876054246,"level":"info","message":"xlsx transformation was finished","meta":{"rootId":"orithfcqpfy0zc0","id":"orithfcqpfy0zc0"},"id":"ih80mf4rhu0tyir","previousOperationId":"khekd9k6xm5pdk2"}
{"type":"log","timestamp":1722876054246,"level":"debug","message":"preparing office preview","meta":{"rootId":"orithfcqpfy0zc0","id":"orithfcqpfy0zc0"},"id":"zwv7trmqeq6lflg","previousOperationId":"khekd9k6xm5pdk2"}
{"type":"operationEnd","operationId":"khekd9k6xm5pdk2","timestamp":1722876054937,"id":"i0xcazqdzh7bkh8","previousEventId":"ukhh3opewswj5cu","previousOperationId":"khekd9k6xm5pdk2"}
{"type":"log","timestamp":1722876054937,"level":"debug","message":"Skipping storing report.","meta":{"rootId":"orithfcqpfy0zc0","id":"orithfcqpfy0zc0"},"id":"da0h2przddm39zq","previousOperationId":"khekd9k6xm5pdk2"}
{"type":"log","timestamp":1722876054937,"level":"info","message":"Rendering request 33 finished in 924 ms","meta":{"rootId":"orithfcqpfy0zc0","id":"orithfcqpfy0zc0"},"id":"c5rrt3o666o9dkk","previousOperationId":"khekd9k6xm5pdk2"}
{"type":"operationEnd","subtype":"render","operationId":"jxq7wjmthpsvdqh","timestamp":1722876054937,"id":"uv2nja6ru515err","previousEventId":"i0xcazqdzh7bkh8","previousOperationId":"khekd9k6xm5pdk2"}
{"type":"operationEnd","doDiffs":false,"previousEventId":"l390bz3o6bvjfc0","previousOperationId":"mhvmtp80osxf9c7","operationId":"mhvmtp80osxf9c7","timestamp":1722876054938,"id":"w27afsid8rmk63y"}
