{"type":"operationStart","subtype":"profile","data":{"_id":"8myFabhwfiYPKego","timestamp":"2024-08-05T16:32:23.774Z","state":"queued","mode":"standard","creationDate":"2024-08-05T16:32:23.776Z","modificationDate":"2024-08-05T16:32:23.776Z","shortid":"4vOtzk8","inheritedReadPermissions":[],"inheritedEditPermissions":[],"$entitySet":"profiles"},"doDiffs":false,"timestamp":1722875543775,"id":"p2g9g13ufqi3fzf","previousOperationId":null,"operationId":"zu1otcnjxt2g5u8"}
{"type":"log","level":"info","message":"Render request 23 queued for execution and waiting for available worker","previousOperationId":"zu1otcnjxt2g5u8","timestamp":1722875543775,"id":"97w8ibak9oqr4nq"}
{"type":"operationStart","subtype":"render","name":"modules","previousOperationId":"zu1otcnjxt2g5u8","timestamp":1722875543801,"id":"7ce0xg3s5jy2dyk","previousEventId":"p2g9g13ufqi3fzf","operationId":"dqo02brjz0zbyku"}
{"type":"log","timestamp":1722875543801,"level":"info","message":"Starting rendering request 23 (user: admin)","meta":{"rootId":"qhm59s9exhtxis3","id":"qhm59s9exhtxis3"},"id":"bmvvkrr0gtv3tmg","previousOperationId":"dqo02brjz0zbyku"}
{"type":"log","timestamp":1722875543802,"level":"info","message":"Rendering template { name: modules, recipe: xlsx, engine: handlebars, preview: true }","meta":{"rootId":"qhm59s9exhtxis3","id":"qhm59s9exhtxis3"},"id":"d53v42sn24u2ra8","previousOperationId":"dqo02brjz0zbyku"}
{"type":"log","timestamp":1722875543802,"level":"debug","message":"Inline data specified.","meta":{"rootId":"qhm59s9exhtxis3","id":"qhm59s9exhtxis3"},"id":"kvaki76xqz0ygtn","previousOperationId":"dqo02brjz0zbyku"}
{"type":"log","timestamp":1722875543802,"level":"debug","message":"Base url not specified, skipping its injection.","meta":{"rootId":"qhm59s9exhtxis3","id":"qhm59s9exhtxis3"},"id":"j08c36k926x05wz","previousOperationId":"dqo02brjz0zbyku"}
{"type":"operationStart","subtype":"engine","name":"handlebars","timestamp":1722875543802,"id":"eqp31qubfw0s78b","previousEventId":"7ce0xg3s5jy2dyk","operationId":"vynn7ur6yv8yi0w","previousOperationId":"dqo02brjz0zbyku"}
{"type":"log","timestamp":1722875543802,"level":"debug","message":"Rendering engine handlebars","meta":{"rootId":"qhm59s9exhtxis3","id":"qhm59s9exhtxis3"},"id":"p0su3sx0k7xcezn","previousOperationId":"vynn7ur6yv8yi0w"}
{"type":"operationEnd","operationId":"vynn7ur6yv8yi0w","timestamp":1722875543807,"id":"ibtpq6bewxaoofc","previousEventId":"eqp31qubfw0s78b","previousOperationId":"vynn7ur6yv8yi0w"}
{"type":"operationStart","subtype":"recipe","name":"xlsx","timestamp":1722875543808,"id":"lgyyffhelo9ycto","previousEventId":"ibtpq6bewxaoofc","operationId":"akgvqikb8xx2ho9","previousOperationId":"vynn7ur6yv8yi0w"}
{"type":"log","timestamp":1722875543808,"level":"debug","message":"Executing recipe xlsx","meta":{"rootId":"qhm59s9exhtxis3","id":"qhm59s9exhtxis3"},"id":"t2m7r5qo0jcy98n","previousOperationId":"akgvqikb8xx2ho9"}
{"type":"log","timestamp":1722875543808,"level":"info","message":"xlsx generation is starting","meta":{"rootId":"qhm59s9exhtxis3","id":"qhm59s9exhtxis3"},"id":"l4giimqwbjhhlrs","previousOperationId":"akgvqikb8xx2ho9"}
{"type":"log","timestamp":1722875543821,"level":"debug","message":"Starting child request to render xlsx dynamic parts for generation step","meta":{"rootId":"qhm59s9exhtxis3","id":"qhm59s9exhtxis3"},"id":"3jb7mzrw229kj6y","previousOperationId":"akgvqikb8xx2ho9"}
{"type":"operationStart","subtype":"render","name":"anonymous","previousOperationId":"akgvqikb8xx2ho9","timestamp":1722875543822,"id":"qfida6qw5erzwui","previousEventId":"lgyyffhelo9ycto","operationId":"mge2tzwrpk0fru2"}
{"type":"log","timestamp":1722875543822,"level":"info","message":"Starting rendering (child) request (user: admin)","meta":{"rootId":"qhm59s9exhtxis3","id":"618x3tfasd128iv"},"id":"u3xio7m5vuwut7t","previousOperationId":"mge2tzwrpk0fru2"}
{"type":"log","timestamp":1722875543822,"level":"info","message":"Rendering anonymous template { recipe: html, engine: handlebars }","meta":{"rootId":"qhm59s9exhtxis3","id":"618x3tfasd128iv"},"id":"jqfn5ygmrsnn2h5","previousOperationId":"mge2tzwrpk0fru2"}
{"type":"log","timestamp":1722875543822,"level":"debug","message":"Inline data specified.","meta":{"rootId":"qhm59s9exhtxis3","id":"618x3tfasd128iv"},"id":"nwdi1gpbrc1t55d","previousOperationId":"mge2tzwrpk0fru2"}
{"type":"log","timestamp":1722875543834,"level":"debug","message":"Base url not specified, skipping its injection.","meta":{"rootId":"qhm59s9exhtxis3","id":"618x3tfasd128iv"},"id":"jtv3udvz6mum6xs","previousOperationId":"mge2tzwrpk0fru2"}
{"type":"operationStart","subtype":"engine","name":"handlebars","timestamp":1722875543835,"id":"znnizjw50aq33jv","previousEventId":"qfida6qw5erzwui","operationId":"yuyv6nub0o9z6mb","previousOperationId":"mge2tzwrpk0fru2"}
{"type":"log","timestamp":1722875543835,"level":"debug","message":"Rendering engine handlebars","meta":{"rootId":"qhm59s9exhtxis3","id":"618x3tfasd128iv"},"id":"9hcg7kcf43venc5","previousOperationId":"yuyv6nub0o9z6mb"}
{"type":"operationEnd","operationId":"yuyv6nub0o9z6mb","timestamp":1722875543890,"id":"w7lrx9oa270hd2k","previousEventId":"znnizjw50aq33jv","previousOperationId":"yuyv6nub0o9z6mb"}
{"type":"operationStart","subtype":"recipe","name":"html","timestamp":1722875543890,"id":"j50uh68hi0xfqym","previousEventId":"w7lrx9oa270hd2k","operationId":"a9teadg774qzx7w","previousOperationId":"yuyv6nub0o9z6mb"}
{"type":"log","timestamp":1722875543891,"level":"debug","message":"Executing recipe html","meta":{"rootId":"qhm59s9exhtxis3","id":"618x3tfasd128iv"},"id":"q2d177n95m50gry","previousOperationId":"a9teadg774qzx7w"}
{"type":"operationEnd","operationId":"a9teadg774qzx7w","timestamp":1722875543891,"id":"enlw47hfzyukc6j","previousEventId":"j50uh68hi0xfqym","previousOperationId":"a9teadg774qzx7w"}
{"type":"log","timestamp":1722875543891,"level":"debug","message":"Skipping storing report.","meta":{"rootId":"qhm59s9exhtxis3","id":"618x3tfasd128iv"},"id":"25tco6tl3bxroko","previousOperationId":"a9teadg774qzx7w"}
{"type":"log","timestamp":1722875543891,"level":"info","message":"Rendering (child) request finished in 117 ms","meta":{"rootId":"qhm59s9exhtxis3","id":"618x3tfasd128iv"},"id":"6as4vszojh766ww","previousOperationId":"a9teadg774qzx7w"}
{"type":"operationEnd","subtype":"render","operationId":"mge2tzwrpk0fru2","timestamp":1722875543891,"id":"xpykg7cqmfxm6ix","previousEventId":"enlw47hfzyukc6j","previousOperationId":"a9teadg774qzx7w"}
{"type":"log","timestamp":1722875543912,"level":"debug","message":"xlsx successfully zipped","meta":{"rootId":"qhm59s9exhtxis3","id":"qhm59s9exhtxis3"},"id":"lptd4rkv2t6corw","previousOperationId":"akgvqikb8xx2ho9"}
{"type":"log","timestamp":1722875543912,"level":"info","message":"xlsx generation was finished","meta":{"rootId":"qhm59s9exhtxis3","id":"qhm59s9exhtxis3"},"id":"n18szovbm1e3ecd","previousOperationId":"akgvqikb8xx2ho9"}
{"type":"log","timestamp":1722875543912,"level":"info","message":"xlsx transformation is starting","meta":{"rootId":"qhm59s9exhtxis3","id":"qhm59s9exhtxis3"},"id":"jdtats64h6s7x0q","previousOperationId":"akgvqikb8xx2ho9"}
{"type":"log","timestamp":1722875543958,"level":"debug","message":"Parsing xlsx content","meta":{"rootId":"qhm59s9exhtxis3","id":"qhm59s9exhtxis3"},"id":"c0aer337dx5cesl","previousOperationId":"akgvqikb8xx2ho9"}
{"type":"log","timestamp":1722875543990,"level":"debug","message":"Successfully zipped now.","meta":{"rootId":"qhm59s9exhtxis3","id":"qhm59s9exhtxis3"},"id":"cd76ek88bfdxbi6","previousOperationId":"akgvqikb8xx2ho9"}
{"type":"log","timestamp":1722875543991,"level":"info","message":"xlsx transformation was finished","meta":{"rootId":"qhm59s9exhtxis3","id":"qhm59s9exhtxis3"},"id":"bs1t6kg0nb1gbn4","previousOperationId":"akgvqikb8xx2ho9"}
{"type":"log","timestamp":1722875543991,"level":"debug","message":"preparing office preview","meta":{"rootId":"qhm59s9exhtxis3","id":"qhm59s9exhtxis3"},"id":"kfdieyxx4gq3xag","previousOperationId":"akgvqikb8xx2ho9"}
{"type":"operationEnd","operationId":"akgvqikb8xx2ho9","timestamp":1722875544677,"id":"jok6hacmle6c156","previousEventId":"lgyyffhelo9ycto","previousOperationId":"akgvqikb8xx2ho9"}
{"type":"log","timestamp":1722875544677,"level":"debug","message":"Skipping storing report.","meta":{"rootId":"qhm59s9exhtxis3","id":"qhm59s9exhtxis3"},"id":"jwynyc6ooqo6hf8","previousOperationId":"akgvqikb8xx2ho9"}
{"type":"log","timestamp":1722875544677,"level":"info","message":"Rendering request 23 finished in 903 ms","meta":{"rootId":"qhm59s9exhtxis3","id":"qhm59s9exhtxis3"},"id":"m5jv7n64rb06nva","previousOperationId":"akgvqikb8xx2ho9"}
{"type":"operationEnd","subtype":"render","operationId":"dqo02brjz0zbyku","timestamp":1722875544677,"id":"yc0num0k8ej7lwn","previousEventId":"jok6hacmle6c156","previousOperationId":"akgvqikb8xx2ho9"}
{"type":"operationEnd","doDiffs":false,"previousEventId":"p2g9g13ufqi3fzf","previousOperationId":"zu1otcnjxt2g5u8","operationId":"zu1otcnjxt2g5u8","timestamp":1722875544679,"id":"3263uxrdzdy29xj"}
