{"type":"operationStart","subtype":"profile","data":{"_id":"BfzB8ccVPjj1mwnJ","timestamp":"2024-08-05T16:31:36.206Z","state":"queued","mode":"standard","creationDate":"2024-08-05T16:31:36.209Z","modificationDate":"2024-08-05T16:31:36.209Z","shortid":"17tCEZI","inheritedReadPermissions":[],"inheritedEditPermissions":[],"$entitySet":"profiles"},"doDiffs":false,"timestamp":1722875496208,"id":"9w6txgv4gxr8qbt","previousOperationId":null,"operationId":"yz23wsji3fidg1e"}
{"type":"log","level":"info","message":"Render request 22 queued for execution and waiting for available worker","previousOperationId":"yz23wsji3fidg1e","timestamp":1722875496208,"id":"01hwzwh5wli52bj"}
{"type":"operationStart","subtype":"render","name":"modules","previousOperationId":"yz23wsji3fidg1e","timestamp":1722875496239,"id":"fqolkjteq00j1wa","previousEventId":"9w6txgv4gxr8qbt","operationId":"lf1x8xtf6co52oq"}
{"type":"log","timestamp":1722875496239,"level":"info","message":"Starting rendering request 22 (user: admin)","meta":{"rootId":"rp8pme6myemwul5","id":"rp8pme6myemwul5"},"id":"k8fls5e8wuxrxq1","previousOperationId":"lf1x8xtf6co52oq"}
{"type":"log","timestamp":1722875496239,"level":"info","message":"Rendering template { name: modules, recipe: xlsx, engine: handlebars, preview: true }","meta":{"rootId":"rp8pme6myemwul5","id":"rp8pme6myemwul5"},"id":"ef21jw8toty0qpk","previousOperationId":"lf1x8xtf6co52oq"}
{"type":"log","timestamp":1722875496240,"level":"debug","message":"Inline data specified.","meta":{"rootId":"rp8pme6myemwul5","id":"rp8pme6myemwul5"},"id":"9y6bgrmnrhnhnul","previousOperationId":"lf1x8xtf6co52oq"}
{"type":"log","timestamp":1722875496240,"level":"debug","message":"Base url not specified, skipping its injection.","meta":{"rootId":"rp8pme6myemwul5","id":"rp8pme6myemwul5"},"id":"lecr85clib5h0xn","previousOperationId":"lf1x8xtf6co52oq"}
{"type":"operationStart","subtype":"engine","name":"handlebars","timestamp":1722875496240,"id":"si36hm8huqf6sm2","previousEventId":"fqolkjteq00j1wa","operationId":"udbqswtoardnr9b","previousOperationId":"lf1x8xtf6co52oq"}
{"type":"log","timestamp":1722875496240,"level":"debug","message":"Rendering engine handlebars","meta":{"rootId":"rp8pme6myemwul5","id":"rp8pme6myemwul5"},"id":"h91ky1wbxv8patd","previousOperationId":"udbqswtoardnr9b"}
{"type":"operationEnd","operationId":"udbqswtoardnr9b","timestamp":1722875496246,"id":"oozooacyq5fj2wi","previousEventId":"si36hm8huqf6sm2","previousOperationId":"udbqswtoardnr9b"}
{"type":"operationStart","subtype":"recipe","name":"xlsx","timestamp":1722875496246,"id":"jg3enjqvva34b5s","previousEventId":"oozooacyq5fj2wi","operationId":"pz7ewecqz0nkq1x","previousOperationId":"udbqswtoardnr9b"}
{"type":"log","timestamp":1722875496246,"level":"debug","message":"Executing recipe xlsx","meta":{"rootId":"rp8pme6myemwul5","id":"rp8pme6myemwul5"},"id":"7u1i1ej35gun1ib","previousOperationId":"pz7ewecqz0nkq1x"}
{"type":"log","timestamp":1722875496246,"level":"info","message":"xlsx generation is starting","meta":{"rootId":"rp8pme6myemwul5","id":"rp8pme6myemwul5"},"id":"mahq0wzuackmpfb","previousOperationId":"pz7ewecqz0nkq1x"}
{"type":"log","timestamp":1722875496262,"level":"debug","message":"Starting child request to render xlsx dynamic parts for generation step","meta":{"rootId":"rp8pme6myemwul5","id":"rp8pme6myemwul5"},"id":"mzmu0v58qro3uj5","previousOperationId":"pz7ewecqz0nkq1x"}
{"type":"operationStart","subtype":"render","name":"anonymous","previousOperationId":"pz7ewecqz0nkq1x","timestamp":1722875496262,"id":"x9iyhvawr5myfb2","previousEventId":"jg3enjqvva34b5s","operationId":"1mfmx1ezg2as05f"}
{"type":"log","timestamp":1722875496262,"level":"info","message":"Starting rendering (child) request (user: admin)","meta":{"rootId":"rp8pme6myemwul5","id":"ycw5ry8rbmrrtqj"},"id":"wa9pqqy41sni3bi","previousOperationId":"1mfmx1ezg2as05f"}
{"type":"log","timestamp":1722875496262,"level":"info","message":"Rendering anonymous template { recipe: html, engine: handlebars }","meta":{"rootId":"rp8pme6myemwul5","id":"ycw5ry8rbmrrtqj"},"id":"kyrp061lqgxm2ge","previousOperationId":"1mfmx1ezg2as05f"}
{"type":"log","timestamp":1722875496263,"level":"debug","message":"Inline data specified.","meta":{"rootId":"rp8pme6myemwul5","id":"ycw5ry8rbmrrtqj"},"id":"ah4t3p9y4p8wmbf","previousOperationId":"1mfmx1ezg2as05f"}
{"type":"log","timestamp":1722875496263,"level":"debug","message":"Base url not specified, skipping its injection.","meta":{"rootId":"rp8pme6myemwul5","id":"ycw5ry8rbmrrtqj"},"id":"4vvl3jqvqaolc7r","previousOperationId":"1mfmx1ezg2as05f"}
{"type":"operationStart","subtype":"engine","name":"handlebars","timestamp":1722875496264,"id":"1qvkqmy2u8ezdnm","previousEventId":"x9iyhvawr5myfb2","operationId":"vaz6be0vpec6ppd","previousOperationId":"1mfmx1ezg2as05f"}
{"type":"log","timestamp":1722875496264,"level":"debug","message":"Rendering engine handlebars","meta":{"rootId":"rp8pme6myemwul5","id":"ycw5ry8rbmrrtqj"},"id":"9uds9y0xnol91bu","previousOperationId":"vaz6be0vpec6ppd"}
{"type":"operationEnd","operationId":"vaz6be0vpec6ppd","timestamp":1722875496352,"id":"utz8cg0bo0f7052","previousEventId":"1qvkqmy2u8ezdnm","previousOperationId":"vaz6be0vpec6ppd"}
{"type":"operationStart","subtype":"recipe","name":"html","timestamp":1722875496352,"id":"f61xoteppjpk71p","previousEventId":"utz8cg0bo0f7052","operationId":"osf41euipr4ltb4","previousOperationId":"vaz6be0vpec6ppd"}
{"type":"log","timestamp":1722875496352,"level":"debug","message":"Executing recipe html","meta":{"rootId":"rp8pme6myemwul5","id":"ycw5ry8rbmrrtqj"},"id":"ywf2pa3sc78rjv3","previousOperationId":"osf41euipr4ltb4"}
{"type":"operationEnd","operationId":"osf41euipr4ltb4","timestamp":1722875496352,"id":"70yvhk9zc8lwsyj","previousEventId":"f61xoteppjpk71p","previousOperationId":"osf41euipr4ltb4"}
{"type":"log","timestamp":1722875496352,"level":"debug","message":"Skipping storing report.","meta":{"rootId":"rp8pme6myemwul5","id":"ycw5ry8rbmrrtqj"},"id":"8190ts5xw90gcyq","previousOperationId":"osf41euipr4ltb4"}
{"type":"log","timestamp":1722875496352,"level":"info","message":"Rendering (child) request finished in 146 ms","meta":{"rootId":"rp8pme6myemwul5","id":"ycw5ry8rbmrrtqj"},"id":"osuohsppnj7p90n","previousOperationId":"osf41euipr4ltb4"}
{"type":"operationEnd","subtype":"render","operationId":"1mfmx1ezg2as05f","timestamp":1722875496352,"id":"6749v4hesmfbbqd","previousEventId":"70yvhk9zc8lwsyj","previousOperationId":"osf41euipr4ltb4"}
{"type":"log","timestamp":1722875496368,"level":"debug","message":"xlsx successfully zipped","meta":{"rootId":"rp8pme6myemwul5","id":"rp8pme6myemwul5"},"id":"lx1ctfn4d7av81h","previousOperationId":"pz7ewecqz0nkq1x"}
{"type":"log","timestamp":1722875496368,"level":"info","message":"xlsx generation was finished","meta":{"rootId":"rp8pme6myemwul5","id":"rp8pme6myemwul5"},"id":"1dkis4yavw9ngkp","previousOperationId":"pz7ewecqz0nkq1x"}
{"type":"log","timestamp":1722875496368,"level":"info","message":"xlsx transformation is starting","meta":{"rootId":"rp8pme6myemwul5","id":"rp8pme6myemwul5"},"id":"ego0zpavv0q3tag","previousOperationId":"pz7ewecqz0nkq1x"}
{"type":"log","timestamp":1722875496412,"level":"debug","message":"Parsing xlsx content","meta":{"rootId":"rp8pme6myemwul5","id":"rp8pme6myemwul5"},"id":"2sqzzxa6mvya3n7","previousOperationId":"pz7ewecqz0nkq1x"}
{"type":"log","timestamp":1722875496440,"level":"debug","message":"Successfully zipped now.","meta":{"rootId":"rp8pme6myemwul5","id":"rp8pme6myemwul5"},"id":"5h77sopihljaagi","previousOperationId":"pz7ewecqz0nkq1x"}
{"type":"log","timestamp":1722875496440,"level":"info","message":"xlsx transformation was finished","meta":{"rootId":"rp8pme6myemwul5","id":"rp8pme6myemwul5"},"id":"iwk0vh190h8rl31","previousOperationId":"pz7ewecqz0nkq1x"}
{"type":"log","timestamp":1722875496440,"level":"debug","message":"preparing office preview","meta":{"rootId":"rp8pme6myemwul5","id":"rp8pme6myemwul5"},"id":"agknz0n3kvdz9fp","previousOperationId":"pz7ewecqz0nkq1x"}
{"type":"operationEnd","operationId":"pz7ewecqz0nkq1x","timestamp":1722875497109,"id":"x84nx39lsad7kym","previousEventId":"jg3enjqvva34b5s","previousOperationId":"pz7ewecqz0nkq1x"}
{"type":"log","timestamp":1722875497109,"level":"debug","message":"Skipping storing report.","meta":{"rootId":"rp8pme6myemwul5","id":"rp8pme6myemwul5"},"id":"vh0hcoahl7zg2lu","previousOperationId":"pz7ewecqz0nkq1x"}
{"type":"log","timestamp":1722875497109,"level":"info","message":"Rendering request 22 finished in 903 ms","meta":{"rootId":"rp8pme6myemwul5","id":"rp8pme6myemwul5"},"id":"bcvdnv2d2r010ke","previousOperationId":"pz7ewecqz0nkq1x"}
{"type":"operationEnd","subtype":"render","operationId":"lf1x8xtf6co52oq","timestamp":1722875497109,"id":"8vmvw9ip7i1xf1d","previousEventId":"x84nx39lsad7kym","previousOperationId":"pz7ewecqz0nkq1x"}
{"type":"operationEnd","doDiffs":false,"previousEventId":"9w6txgv4gxr8qbt","previousOperationId":"yz23wsji3fidg1e","operationId":"yz23wsji3fidg1e","timestamp":1722875497111,"id":"j1pg4h46zmodk4t"}
