{"type":"operationStart","subtype":"profile","data":{"_id":"ShXarMjOiPXQ8mMI","timestamp":"2024-08-05T17:08:11.891Z","state":"queued","mode":"standard","creationDate":"2024-08-05T17:08:11.891Z","modificationDate":"2024-08-05T17:08:11.891Z","shortid":"PvAI8kX","inheritedReadPermissions":[],"inheritedEditPermissions":[],"$entitySet":"profiles"},"doDiffs":false,"timestamp":1722877691891,"id":"talm01pdarwuj5z","previousOperationId":null,"operationId":"49t0r6qriegs6u9"}
{"type":"log","level":"info","message":"Render request 49 queued for execution and waiting for available worker","previousOperationId":"49t0r6qriegs6u9","timestamp":1722877691891,"id":"jvnb2fn122xvkc8"}
{"type":"operationStart","subtype":"render","name":"modules","previousOperationId":"49t0r6qriegs6u9","timestamp":1722877691921,"id":"xmnvcht84oph4dn","previousEventId":"talm01pdarwuj5z","operationId":"nf97yl7zqtgtr0j"}
{"type":"log","timestamp":1722877691921,"level":"info","message":"Starting rendering request 49 (user: admin)","meta":{"rootId":"rvtjup16b6q8myp","id":"rvtjup16b6q8myp"},"id":"xpv9ch4vav2hurp","previousOperationId":"nf97yl7zqtgtr0j"}
{"type":"log","timestamp":1722877691921,"level":"info","message":"Rendering template { name: modules, recipe: xlsx, engine: handlebars, preview: true }","meta":{"rootId":"rvtjup16b6q8myp","id":"rvtjup16b6q8myp"},"id":"u58rjt8nhd769nv","previousOperationId":"nf97yl7zqtgtr0j"}
{"type":"log","timestamp":1722877691921,"level":"debug","message":"Inline data specified.","meta":{"rootId":"rvtjup16b6q8myp","id":"rvtjup16b6q8myp"},"id":"6s4qfq4vy62uhul","previousOperationId":"nf97yl7zqtgtr0j"}
{"type":"log","timestamp":1722877691922,"level":"debug","message":"Base url not specified, skipping its injection.","meta":{"rootId":"rvtjup16b6q8myp","id":"rvtjup16b6q8myp"},"id":"eymzanzvtdort10","previousOperationId":"nf97yl7zqtgtr0j"}
{"type":"operationStart","subtype":"engine","name":"handlebars","timestamp":1722877691922,"id":"8fybccnbbuxrk80","previousEventId":"xmnvcht84oph4dn","operationId":"5vwq3s23gcbi663","previousOperationId":"nf97yl7zqtgtr0j"}
{"type":"log","timestamp":1722877691922,"level":"debug","message":"Rendering engine handlebars","meta":{"rootId":"rvtjup16b6q8myp","id":"rvtjup16b6q8myp"},"id":"sgqyj6bd8ja91zm","previousOperationId":"5vwq3s23gcbi663"}
{"type":"operationEnd","operationId":"5vwq3s23gcbi663","timestamp":1722877691929,"id":"qe4xrvu1paopv0i","previousEventId":"8fybccnbbuxrk80","previousOperationId":"5vwq3s23gcbi663"}
{"type":"operationStart","subtype":"recipe","name":"xlsx","timestamp":1722877691929,"id":"jw6051kzviai48f","previousEventId":"qe4xrvu1paopv0i","operationId":"j9oglmd58nf5qa4","previousOperationId":"5vwq3s23gcbi663"}
{"type":"log","timestamp":1722877691929,"level":"debug","message":"Executing recipe xlsx","meta":{"rootId":"rvtjup16b6q8myp","id":"rvtjup16b6q8myp"},"id":"ox86yfsy2vxn5v5","previousOperationId":"j9oglmd58nf5qa4"}
{"type":"log","timestamp":1722877691929,"level":"info","message":"xlsx generation is starting","meta":{"rootId":"rvtjup16b6q8myp","id":"rvtjup16b6q8myp"},"id":"v5dw9h8xxhy4c9y","previousOperationId":"j9oglmd58nf5qa4"}
{"type":"log","timestamp":1722877691946,"level":"debug","message":"Starting child request to render xlsx dynamic parts for generation step","meta":{"rootId":"rvtjup16b6q8myp","id":"rvtjup16b6q8myp"},"id":"fbgzrg99a5k2mgx","previousOperationId":"j9oglmd58nf5qa4"}
{"type":"operationStart","subtype":"render","name":"anonymous","previousOperationId":"j9oglmd58nf5qa4","timestamp":1722877691946,"id":"gofi9ss9hapct4n","previousEventId":"jw6051kzviai48f","operationId":"bzpoyjxr4cwdpph"}
{"type":"log","timestamp":1722877691946,"level":"info","message":"Starting rendering (child) request (user: admin)","meta":{"rootId":"rvtjup16b6q8myp","id":"3qhojglmysb3a28"},"id":"zmn3auo7v4bmssb","previousOperationId":"bzpoyjxr4cwdpph"}
{"type":"log","timestamp":1722877691946,"level":"info","message":"Rendering anonymous template { recipe: html, engine: handlebars }","meta":{"rootId":"rvtjup16b6q8myp","id":"3qhojglmysb3a28"},"id":"ovam0xihx7zu4i0","previousOperationId":"bzpoyjxr4cwdpph"}
{"type":"log","timestamp":1722877691946,"level":"debug","message":"Inline data specified.","meta":{"rootId":"rvtjup16b6q8myp","id":"3qhojglmysb3a28"},"id":"kolqhqcvuhwpql7","previousOperationId":"bzpoyjxr4cwdpph"}
{"type":"log","timestamp":1722877691948,"level":"debug","message":"Base url not specified, skipping its injection.","meta":{"rootId":"rvtjup16b6q8myp","id":"3qhojglmysb3a28"},"id":"wcl9xcu431mx7qz","previousOperationId":"bzpoyjxr4cwdpph"}
{"type":"operationStart","subtype":"engine","name":"handlebars","timestamp":1722877691948,"id":"34nyu5ucgrtteqs","previousEventId":"gofi9ss9hapct4n","operationId":"xdtnv1jvaljmxuk","previousOperationId":"bzpoyjxr4cwdpph"}
{"type":"log","timestamp":1722877691948,"level":"debug","message":"Rendering engine handlebars","meta":{"rootId":"rvtjup16b6q8myp","id":"3qhojglmysb3a28"},"id":"15ae28jzmmeyx01","previousOperationId":"xdtnv1jvaljmxuk"}
{"type":"operationEnd","operationId":"xdtnv1jvaljmxuk","timestamp":1722877692018,"id":"4xdsy4gxxp1keeg","previousEventId":"34nyu5ucgrtteqs","previousOperationId":"xdtnv1jvaljmxuk"}
{"type":"operationStart","subtype":"recipe","name":"html","timestamp":1722877692019,"id":"fr846dzbz7c193q","previousEventId":"4xdsy4gxxp1keeg","operationId":"9m1nh6b190yq43l","previousOperationId":"xdtnv1jvaljmxuk"}
{"type":"log","timestamp":1722877692019,"level":"debug","message":"Executing recipe html","meta":{"rootId":"rvtjup16b6q8myp","id":"3qhojglmysb3a28"},"id":"x2kxxcspp53mhwo","previousOperationId":"9m1nh6b190yq43l"}
{"type":"operationEnd","operationId":"9m1nh6b190yq43l","timestamp":1722877692019,"id":"ar24prm66ozlr82","previousEventId":"fr846dzbz7c193q","previousOperationId":"9m1nh6b190yq43l"}
{"type":"log","timestamp":1722877692019,"level":"debug","message":"Skipping storing report.","meta":{"rootId":"rvtjup16b6q8myp","id":"3qhojglmysb3a28"},"id":"id189eutedjvu0l","previousOperationId":"9m1nh6b190yq43l"}
{"type":"log","timestamp":1722877692019,"level":"info","message":"Rendering (child) request finished in 129 ms","meta":{"rootId":"rvtjup16b6q8myp","id":"3qhojglmysb3a28"},"id":"j3f3nxg4oje1er2","previousOperationId":"9m1nh6b190yq43l"}
{"type":"operationEnd","subtype":"render","operationId":"bzpoyjxr4cwdpph","timestamp":1722877692019,"id":"xtfzj6yb1icovpa","previousEventId":"ar24prm66ozlr82","previousOperationId":"9m1nh6b190yq43l"}
{"type":"log","timestamp":1722877692051,"level":"debug","message":"xlsx successfully zipped","meta":{"rootId":"rvtjup16b6q8myp","id":"rvtjup16b6q8myp"},"id":"h6uyouz4gcbpkz7","previousOperationId":"j9oglmd58nf5qa4"}
{"type":"log","timestamp":1722877692051,"level":"info","message":"xlsx generation was finished","meta":{"rootId":"rvtjup16b6q8myp","id":"rvtjup16b6q8myp"},"id":"6he4odtsz1tz56u","previousOperationId":"j9oglmd58nf5qa4"}
{"type":"log","timestamp":1722877692051,"level":"info","message":"xlsx transformation is starting","meta":{"rootId":"rvtjup16b6q8myp","id":"rvtjup16b6q8myp"},"id":"2agr4fzlwjbk48j","previousOperationId":"j9oglmd58nf5qa4"}
{"type":"log","timestamp":1722877692079,"level":"debug","message":"Parsing xlsx content","meta":{"rootId":"rvtjup16b6q8myp","id":"rvtjup16b6q8myp"},"id":"u1sgey0acpnymua","previousOperationId":"j9oglmd58nf5qa4"}
{"type":"log","timestamp":1722877692098,"level":"debug","message":"Successfully zipped now.","meta":{"rootId":"rvtjup16b6q8myp","id":"rvtjup16b6q8myp"},"id":"gw68ifp9vjek91x","previousOperationId":"j9oglmd58nf5qa4"}
{"type":"log","timestamp":1722877692098,"level":"info","message":"xlsx transformation was finished","meta":{"rootId":"rvtjup16b6q8myp","id":"rvtjup16b6q8myp"},"id":"hgjo1syjcld325s","previousOperationId":"j9oglmd58nf5qa4"}
{"type":"log","timestamp":1722877692098,"level":"debug","message":"preparing office preview","meta":{"rootId":"rvtjup16b6q8myp","id":"rvtjup16b6q8myp"},"id":"bxv1ll0k0ieuoyh","previousOperationId":"j9oglmd58nf5qa4"}
{"type":"operationEnd","operationId":"j9oglmd58nf5qa4","timestamp":1722877693153,"id":"u6i4a3cft6e3rgd","previousEventId":"jw6051kzviai48f","previousOperationId":"j9oglmd58nf5qa4"}
{"type":"log","timestamp":1722877693154,"level":"debug","message":"Skipping storing report.","meta":{"rootId":"rvtjup16b6q8myp","id":"rvtjup16b6q8myp"},"id":"wza1wxllp4517el","previousOperationId":"j9oglmd58nf5qa4"}
{"type":"log","timestamp":1722877693154,"level":"info","message":"Rendering request 49 finished in 1264 ms","meta":{"rootId":"rvtjup16b6q8myp","id":"rvtjup16b6q8myp"},"id":"ey8bzvpl1dqe9pd","previousOperationId":"j9oglmd58nf5qa4"}
{"type":"operationEnd","subtype":"render","operationId":"nf97yl7zqtgtr0j","timestamp":1722877693154,"id":"yweqy25uugfl3be","previousEventId":"u6i4a3cft6e3rgd","previousOperationId":"j9oglmd58nf5qa4"}
{"type":"operationEnd","doDiffs":false,"previousEventId":"talm01pdarwuj5z","previousOperationId":"49t0r6qriegs6u9","operationId":"49t0r6qriegs6u9","timestamp":1722877693155,"id":"s322lc6jgu6u1h5"}
