{"type":"operationStart","subtype":"profile","data":{"_id":"m91WtqdeDzCEEDt3","timestamp":"2024-08-05T16:51:30.609Z","state":"queued","mode":"standard","creationDate":"2024-08-05T16:51:30.610Z","modificationDate":"2024-08-05T16:51:30.610Z","shortid":"yKq7rpc","inheritedReadPermissions":[],"inheritedEditPermissions":[],"$entitySet":"profiles"},"doDiffs":false,"timestamp":1722876690609,"id":"pmk05bb0cfv1lz3","previousOperationId":null,"operationId":"rmivyncmruxacqh"}
{"type":"log","level":"info","message":"Render request 46 queued for execution and waiting for available worker","previousOperationId":"rmivyncmruxacqh","timestamp":1722876690609,"id":"8z5lbozfvd1piz1"}
{"type":"operationStart","subtype":"render","name":"modules","previousOperationId":"rmivyncmruxacqh","timestamp":1722876690632,"id":"ibtn6b0znqlsrat","previousEventId":"pmk05bb0cfv1lz3","operationId":"zc8tvi5vcwzzm0b"}
{"type":"log","timestamp":1722876690632,"level":"info","message":"Starting rendering request 46 (user: admin)","meta":{"rootId":"ud1tg43dfbdunql","id":"ud1tg43dfbdunql"},"id":"0v6qzyb7ccqpufs","previousOperationId":"zc8tvi5vcwzzm0b"}
{"type":"log","timestamp":1722876690632,"level":"info","message":"Rendering template { name: modules, recipe: xlsx, engine: handlebars, preview: false }","meta":{"rootId":"ud1tg43dfbdunql","id":"ud1tg43dfbdunql"},"id":"0py79bzlpzn5wkz","previousOperationId":"zc8tvi5vcwzzm0b"}
{"type":"log","timestamp":1722876690632,"level":"debug","message":"Inline data specified.","meta":{"rootId":"ud1tg43dfbdunql","id":"ud1tg43dfbdunql"},"id":"gnjneg5b6ay9cel","previousOperationId":"zc8tvi5vcwzzm0b"}
{"type":"log","timestamp":1722876690632,"level":"debug","message":"Base url not specified, skipping its injection.","meta":{"rootId":"ud1tg43dfbdunql","id":"ud1tg43dfbdunql"},"id":"g8pengw0192g1sm","previousOperationId":"zc8tvi5vcwzzm0b"}
{"type":"operationStart","subtype":"engine","name":"handlebars","timestamp":1722876690632,"id":"1dk9d7rvxn825n6","previousEventId":"ibtn6b0znqlsrat","operationId":"qorzq9hezxwpxku","previousOperationId":"zc8tvi5vcwzzm0b"}
{"type":"log","timestamp":1722876690633,"level":"debug","message":"Rendering engine handlebars","meta":{"rootId":"ud1tg43dfbdunql","id":"ud1tg43dfbdunql"},"id":"ckgzzjkb1xy7iai","previousOperationId":"qorzq9hezxwpxku"}
{"type":"operationEnd","operationId":"qorzq9hezxwpxku","timestamp":1722876690637,"id":"6mbltizzdjmcadd","previousEventId":"1dk9d7rvxn825n6","previousOperationId":"qorzq9hezxwpxku"}
{"type":"operationStart","subtype":"recipe","name":"xlsx","timestamp":1722876690637,"id":"sqj62boix7pi3ub","previousEventId":"6mbltizzdjmcadd","operationId":"1mvglkexd8e5vwr","previousOperationId":"qorzq9hezxwpxku"}
{"type":"log","timestamp":1722876690637,"level":"debug","message":"Executing recipe xlsx","meta":{"rootId":"ud1tg43dfbdunql","id":"ud1tg43dfbdunql"},"id":"7hv763560bkqmbl","previousOperationId":"1mvglkexd8e5vwr"}
{"type":"log","timestamp":1722876690637,"level":"info","message":"xlsx generation is starting","meta":{"rootId":"ud1tg43dfbdunql","id":"ud1tg43dfbdunql"},"id":"yxiu4jom00kyie7","previousOperationId":"1mvglkexd8e5vwr"}
{"type":"log","timestamp":1722876690653,"level":"debug","message":"Starting child request to render xlsx dynamic parts for generation step","meta":{"rootId":"ud1tg43dfbdunql","id":"ud1tg43dfbdunql"},"id":"257flmqcsywqx0i","previousOperationId":"1mvglkexd8e5vwr"}
{"type":"operationStart","subtype":"render","name":"anonymous","previousOperationId":"1mvglkexd8e5vwr","timestamp":1722876690653,"id":"jqfy0cgb9n5m4o8","previousEventId":"sqj62boix7pi3ub","operationId":"0urnool36sa818i"}
{"type":"log","timestamp":1722876690653,"level":"info","message":"Starting rendering (child) request (user: admin)","meta":{"rootId":"ud1tg43dfbdunql","id":"dg5bn7q8drp28fx"},"id":"zi8fbue92rdd5z9","previousOperationId":"0urnool36sa818i"}
{"type":"log","timestamp":1722876690653,"level":"info","message":"Rendering anonymous template { recipe: html, engine: handlebars }","meta":{"rootId":"ud1tg43dfbdunql","id":"dg5bn7q8drp28fx"},"id":"90up542t27qd1n4","previousOperationId":"0urnool36sa818i"}
{"type":"log","timestamp":1722876690653,"level":"debug","message":"Inline data specified.","meta":{"rootId":"ud1tg43dfbdunql","id":"dg5bn7q8drp28fx"},"id":"72pzhcmt115pke0","previousOperationId":"0urnool36sa818i"}
{"type":"log","timestamp":1722876690654,"level":"debug","message":"Base url not specified, skipping its injection.","meta":{"rootId":"ud1tg43dfbdunql","id":"dg5bn7q8drp28fx"},"id":"krrn1hioaigiv4p","previousOperationId":"0urnool36sa818i"}
{"type":"operationStart","subtype":"engine","name":"handlebars","timestamp":1722876690654,"id":"qibl4pfdftta1hx","previousEventId":"jqfy0cgb9n5m4o8","operationId":"46b7dynvc0npaf6","previousOperationId":"0urnool36sa818i"}
{"type":"log","timestamp":1722876690654,"level":"debug","message":"Rendering engine handlebars","meta":{"rootId":"ud1tg43dfbdunql","id":"dg5bn7q8drp28fx"},"id":"pwsnil46q3oq6s8","previousOperationId":"46b7dynvc0npaf6"}
{"type":"operationEnd","operationId":"46b7dynvc0npaf6","timestamp":1722876690730,"id":"mgkifzui45p9y6c","previousEventId":"qibl4pfdftta1hx","previousOperationId":"46b7dynvc0npaf6"}
{"type":"operationStart","subtype":"recipe","name":"html","timestamp":1722876690731,"id":"gebw4ki4nnnjwo6","previousEventId":"mgkifzui45p9y6c","operationId":"xm4utbzmkjw8aqu","previousOperationId":"46b7dynvc0npaf6"}
{"type":"log","timestamp":1722876690731,"level":"debug","message":"Executing recipe html","meta":{"rootId":"ud1tg43dfbdunql","id":"dg5bn7q8drp28fx"},"id":"xn5nrux3tdig7ja","previousOperationId":"xm4utbzmkjw8aqu"}
{"type":"operationEnd","operationId":"xm4utbzmkjw8aqu","timestamp":1722876690731,"id":"ds9mc4kkb2u2luq","previousEventId":"gebw4ki4nnnjwo6","previousOperationId":"xm4utbzmkjw8aqu"}
{"type":"log","timestamp":1722876690731,"level":"debug","message":"Skipping storing report.","meta":{"rootId":"ud1tg43dfbdunql","id":"dg5bn7q8drp28fx"},"id":"ue99ck8wnlm8h5u","previousOperationId":"xm4utbzmkjw8aqu"}
{"type":"log","timestamp":1722876690731,"level":"info","message":"Rendering (child) request finished in 122 ms","meta":{"rootId":"ud1tg43dfbdunql","id":"dg5bn7q8drp28fx"},"id":"gpanse3ew5ythx9","previousOperationId":"xm4utbzmkjw8aqu"}
{"type":"operationEnd","subtype":"render","operationId":"0urnool36sa818i","timestamp":1722876690731,"id":"b28xy5yb3z7bo9a","previousEventId":"ds9mc4kkb2u2luq","previousOperationId":"xm4utbzmkjw8aqu"}
{"type":"log","timestamp":1722876690755,"level":"debug","message":"xlsx successfully zipped","meta":{"rootId":"ud1tg43dfbdunql","id":"ud1tg43dfbdunql"},"id":"ncu1zy3hde6m7hh","previousOperationId":"1mvglkexd8e5vwr"}
{"type":"log","timestamp":1722876690755,"level":"info","message":"xlsx generation was finished","meta":{"rootId":"ud1tg43dfbdunql","id":"ud1tg43dfbdunql"},"id":"o4i5pdiwwrjqxo8","previousOperationId":"1mvglkexd8e5vwr"}
{"type":"log","timestamp":1722876690755,"level":"info","message":"xlsx transformation is starting","meta":{"rootId":"ud1tg43dfbdunql","id":"ud1tg43dfbdunql"},"id":"zersyhlgvgmh7hg","previousOperationId":"1mvglkexd8e5vwr"}
{"type":"log","timestamp":1722876690786,"level":"debug","message":"Parsing xlsx content","meta":{"rootId":"ud1tg43dfbdunql","id":"ud1tg43dfbdunql"},"id":"53rm1ys1mloh924","previousOperationId":"1mvglkexd8e5vwr"}
{"type":"log","timestamp":1722876690815,"level":"debug","message":"Successfully zipped now.","meta":{"rootId":"ud1tg43dfbdunql","id":"ud1tg43dfbdunql"},"id":"dfwabloiozbdcok","previousOperationId":"1mvglkexd8e5vwr"}
{"type":"log","timestamp":1722876690815,"level":"info","message":"xlsx transformation was finished","meta":{"rootId":"ud1tg43dfbdunql","id":"ud1tg43dfbdunql"},"id":"etmw08s3yt2atmu","previousOperationId":"1mvglkexd8e5vwr"}
{"type":"operationEnd","operationId":"1mvglkexd8e5vwr","timestamp":1722876690817,"id":"pw31t07nkrlj507","previousEventId":"sqj62boix7pi3ub","previousOperationId":"1mvglkexd8e5vwr"}
{"type":"log","timestamp":1722876690817,"level":"debug","message":"Skipping storing report.","meta":{"rootId":"ud1tg43dfbdunql","id":"ud1tg43dfbdunql"},"id":"lnab8hxyylgq7wb","previousOperationId":"1mvglkexd8e5vwr"}
{"type":"log","timestamp":1722876690817,"level":"info","message":"Rendering request 46 finished in 208 ms","meta":{"rootId":"ud1tg43dfbdunql","id":"ud1tg43dfbdunql"},"id":"mgjqozrb41dlgyp","previousOperationId":"1mvglkexd8e5vwr"}
{"type":"operationEnd","subtype":"render","operationId":"zc8tvi5vcwzzm0b","timestamp":1722876690817,"id":"dycnbokqjqwqb8g","previousEventId":"pw31t07nkrlj507","previousOperationId":"1mvglkexd8e5vwr"}
{"type":"operationEnd","doDiffs":false,"previousEventId":"pmk05bb0cfv1lz3","previousOperationId":"rmivyncmruxacqh","operationId":"rmivyncmruxacqh","timestamp":1722876690821,"id":"zvq5b3avv3jwfb9"}
