{"type":"operationStart","subtype":"profile","data":{"_id":"VFztU6l6D7vhkFpj","timestamp":"2024-08-05T16:46:20.888Z","state":"queued","mode":"standard","creationDate":"2024-08-05T16:46:20.888Z","modificationDate":"2024-08-05T16:46:20.888Z","shortid":"1BlfBdy","inheritedReadPermissions":[],"inheritedEditPermissions":[],"$entitySet":"profiles"},"doDiffs":false,"timestamp":1722876380888,"id":"p7aurw4nlr5kayk","previousOperationId":null,"operationId":"9xgyfntt7h8oap8"}
{"type":"log","level":"info","message":"Render request 39 queued for execution and waiting for available worker","previousOperationId":"9xgyfntt7h8oap8","timestamp":1722876380888,"id":"y4x5a6031rpgghh"}
{"type":"operationStart","subtype":"render","name":"modules","previousOperationId":"9xgyfntt7h8oap8","timestamp":1722876380923,"id":"a0rzb3vk3usel7b","previousEventId":"p7aurw4nlr5kayk","operationId":"vpb6jydt9b31tzq"}
{"type":"log","timestamp":1722876380923,"level":"info","message":"Starting rendering request 39 (user: admin)","meta":{"rootId":"uhe4kp8d3yzzl43","id":"uhe4kp8d3yzzl43"},"id":"tp4443z98ntn422","previousOperationId":"vpb6jydt9b31tzq"}
{"type":"log","timestamp":1722876380923,"level":"info","message":"Rendering template { name: modules, recipe: xlsx, engine: handlebars, preview: true }","meta":{"rootId":"uhe4kp8d3yzzl43","id":"uhe4kp8d3yzzl43"},"id":"unjpwhztfkj40b9","previousOperationId":"vpb6jydt9b31tzq"}
{"type":"log","timestamp":1722876380923,"level":"debug","message":"Inline data specified.","meta":{"rootId":"uhe4kp8d3yzzl43","id":"uhe4kp8d3yzzl43"},"id":"664xdeq3jypasgm","previousOperationId":"vpb6jydt9b31tzq"}
{"type":"log","timestamp":1722876380924,"level":"debug","message":"Base url not specified, skipping its injection.","meta":{"rootId":"uhe4kp8d3yzzl43","id":"uhe4kp8d3yzzl43"},"id":"ri6g3ev96lsgorr","previousOperationId":"vpb6jydt9b31tzq"}
{"type":"operationStart","subtype":"engine","name":"handlebars","timestamp":1722876380924,"id":"bccfa38xqsw8l7c","previousEventId":"a0rzb3vk3usel7b","operationId":"hzhds4m1grfrcq5","previousOperationId":"vpb6jydt9b31tzq"}
{"type":"log","timestamp":1722876380924,"level":"debug","message":"Rendering engine handlebars","meta":{"rootId":"uhe4kp8d3yzzl43","id":"uhe4kp8d3yzzl43"},"id":"k437caqlah4azt9","previousOperationId":"hzhds4m1grfrcq5"}
{"type":"operationEnd","operationId":"hzhds4m1grfrcq5","timestamp":1722876380929,"id":"qx4eh9fyoom6f8e","previousEventId":"bccfa38xqsw8l7c","previousOperationId":"hzhds4m1grfrcq5"}
{"type":"operationStart","subtype":"recipe","name":"xlsx","timestamp":1722876380929,"id":"bxusw1qf8rd1vv3","previousEventId":"qx4eh9fyoom6f8e","operationId":"k9ihsofkeb5fmfq","previousOperationId":"hzhds4m1grfrcq5"}
{"type":"log","timestamp":1722876380929,"level":"debug","message":"Executing recipe xlsx","meta":{"rootId":"uhe4kp8d3yzzl43","id":"uhe4kp8d3yzzl43"},"id":"571qhsici515o11","previousOperationId":"k9ihsofkeb5fmfq"}
{"type":"log","timestamp":1722876380930,"level":"info","message":"xlsx generation is starting","meta":{"rootId":"uhe4kp8d3yzzl43","id":"uhe4kp8d3yzzl43"},"id":"7k042xen71ouwbe","previousOperationId":"k9ihsofkeb5fmfq"}
{"type":"log","timestamp":1722876380946,"level":"debug","message":"Starting child request to render xlsx dynamic parts for generation step","meta":{"rootId":"uhe4kp8d3yzzl43","id":"uhe4kp8d3yzzl43"},"id":"43c4awngid2nr2g","previousOperationId":"k9ihsofkeb5fmfq"}
{"type":"operationStart","subtype":"render","name":"anonymous","previousOperationId":"k9ihsofkeb5fmfq","timestamp":1722876380946,"id":"xq4oa9rnam88x8c","previousEventId":"bxusw1qf8rd1vv3","operationId":"k2tqzfh23oxu8fg"}
{"type":"log","timestamp":1722876380947,"level":"info","message":"Starting rendering (child) request (user: admin)","meta":{"rootId":"uhe4kp8d3yzzl43","id":"wba90yox3k56dx0"},"id":"4874ilykpx5dejt","previousOperationId":"k2tqzfh23oxu8fg"}
{"type":"log","timestamp":1722876380947,"level":"info","message":"Rendering anonymous template { recipe: html, engine: handlebars }","meta":{"rootId":"uhe4kp8d3yzzl43","id":"wba90yox3k56dx0"},"id":"bakwmotj1g559wr","previousOperationId":"k2tqzfh23oxu8fg"}
{"type":"log","timestamp":1722876380947,"level":"debug","message":"Inline data specified.","meta":{"rootId":"uhe4kp8d3yzzl43","id":"wba90yox3k56dx0"},"id":"kffxmbcljmdr7d6","previousOperationId":"k2tqzfh23oxu8fg"}
{"type":"log","timestamp":1722876380951,"level":"debug","message":"Base url not specified, skipping its injection.","meta":{"rootId":"uhe4kp8d3yzzl43","id":"wba90yox3k56dx0"},"id":"o76ff4x3ek9s336","previousOperationId":"k2tqzfh23oxu8fg"}
{"type":"operationStart","subtype":"engine","name":"handlebars","timestamp":1722876380951,"id":"mnvcuxcadmdx2rg","previousEventId":"xq4oa9rnam88x8c","operationId":"4jkdk3ki74lq0t6","previousOperationId":"k2tqzfh23oxu8fg"}
{"type":"log","timestamp":1722876380951,"level":"debug","message":"Rendering engine handlebars","meta":{"rootId":"uhe4kp8d3yzzl43","id":"wba90yox3k56dx0"},"id":"dy5iaez64dybxgh","previousOperationId":"4jkdk3ki74lq0t6"}
{"type":"operationEnd","operationId":"4jkdk3ki74lq0t6","timestamp":1722876381038,"id":"yinaijee4y3usq6","previousEventId":"mnvcuxcadmdx2rg","previousOperationId":"4jkdk3ki74lq0t6"}
{"type":"operationStart","subtype":"recipe","name":"html","timestamp":1722876381039,"id":"qb21fq34ewdnvhb","previousEventId":"yinaijee4y3usq6","operationId":"6uz85v8svi1gjo8","previousOperationId":"4jkdk3ki74lq0t6"}
{"type":"log","timestamp":1722876381039,"level":"debug","message":"Executing recipe html","meta":{"rootId":"uhe4kp8d3yzzl43","id":"wba90yox3k56dx0"},"id":"hcp40awa5851rgy","previousOperationId":"6uz85v8svi1gjo8"}
{"type":"operationEnd","operationId":"6uz85v8svi1gjo8","timestamp":1722876381039,"id":"4o2xjgobiqh4mdv","previousEventId":"qb21fq34ewdnvhb","previousOperationId":"6uz85v8svi1gjo8"}
{"type":"log","timestamp":1722876381039,"level":"debug","message":"Skipping storing report.","meta":{"rootId":"uhe4kp8d3yzzl43","id":"wba90yox3k56dx0"},"id":"le4zoe676cdeapx","previousOperationId":"6uz85v8svi1gjo8"}
{"type":"log","timestamp":1722876381039,"level":"info","message":"Rendering (child) request finished in 152 ms","meta":{"rootId":"uhe4kp8d3yzzl43","id":"wba90yox3k56dx0"},"id":"yqeyzjp6ntrjus2","previousOperationId":"6uz85v8svi1gjo8"}
{"type":"operationEnd","subtype":"render","operationId":"k2tqzfh23oxu8fg","timestamp":1722876381039,"id":"ckh0qwi9st5tku6","previousEventId":"4o2xjgobiqh4mdv","previousOperationId":"6uz85v8svi1gjo8"}
{"type":"log","timestamp":1722876381080,"level":"debug","message":"xlsx successfully zipped","meta":{"rootId":"uhe4kp8d3yzzl43","id":"uhe4kp8d3yzzl43"},"id":"euiiqjdgxiyqy56","previousOperationId":"k9ihsofkeb5fmfq"}
{"type":"log","timestamp":1722876381080,"level":"info","message":"xlsx generation was finished","meta":{"rootId":"uhe4kp8d3yzzl43","id":"uhe4kp8d3yzzl43"},"id":"tcapvs1h9cqdal0","previousOperationId":"k9ihsofkeb5fmfq"}
{"type":"log","timestamp":1722876381080,"level":"info","message":"xlsx transformation is starting","meta":{"rootId":"uhe4kp8d3yzzl43","id":"uhe4kp8d3yzzl43"},"id":"xzth81399lborhp","previousOperationId":"k9ihsofkeb5fmfq"}
{"type":"log","timestamp":1722876381098,"level":"debug","message":"Parsing xlsx content","meta":{"rootId":"uhe4kp8d3yzzl43","id":"uhe4kp8d3yzzl43"},"id":"tq3p37pcpvqoya0","previousOperationId":"k9ihsofkeb5fmfq"}
{"type":"log","timestamp":1722876381120,"level":"debug","message":"Successfully zipped now.","meta":{"rootId":"uhe4kp8d3yzzl43","id":"uhe4kp8d3yzzl43"},"id":"lof6ouuq6ilag3v","previousOperationId":"k9ihsofkeb5fmfq"}
{"type":"log","timestamp":1722876381120,"level":"info","message":"xlsx transformation was finished","meta":{"rootId":"uhe4kp8d3yzzl43","id":"uhe4kp8d3yzzl43"},"id":"tv444fonfxfq3iq","previousOperationId":"k9ihsofkeb5fmfq"}
{"type":"log","timestamp":1722876381120,"level":"debug","message":"preparing office preview","meta":{"rootId":"uhe4kp8d3yzzl43","id":"uhe4kp8d3yzzl43"},"id":"yhtb9ghxpy68np9","previousOperationId":"k9ihsofkeb5fmfq"}
{"type":"operationEnd","operationId":"k9ihsofkeb5fmfq","timestamp":1722876381810,"id":"ib9ar5borhjivkj","previousEventId":"bxusw1qf8rd1vv3","previousOperationId":"k9ihsofkeb5fmfq"}
{"type":"log","timestamp":1722876381810,"level":"debug","message":"Skipping storing report.","meta":{"rootId":"uhe4kp8d3yzzl43","id":"uhe4kp8d3yzzl43"},"id":"a3fnzwtjd6l5er1","previousOperationId":"k9ihsofkeb5fmfq"}
{"type":"log","timestamp":1722876381810,"level":"info","message":"Rendering request 39 finished in 923 ms","meta":{"rootId":"uhe4kp8d3yzzl43","id":"uhe4kp8d3yzzl43"},"id":"i0kfr4lsp6y5qop","previousOperationId":"k9ihsofkeb5fmfq"}
{"type":"operationEnd","subtype":"render","operationId":"vpb6jydt9b31tzq","timestamp":1722876381810,"id":"jargs36qfv5yalw","previousEventId":"ib9ar5borhjivkj","previousOperationId":"k9ihsofkeb5fmfq"}
{"type":"operationEnd","doDiffs":false,"previousEventId":"p7aurw4nlr5kayk","previousOperationId":"9xgyfntt7h8oap8","operationId":"9xgyfntt7h8oap8","timestamp":1722876381812,"id":"3zrzj5g96zwp007"}
