{"type":"operationStart","subtype":"profile","data":{"_id":"djnx5KxrKNiicIa9","timestamp":"2024-08-05T17:04:31.697Z","state":"queued","mode":"standard","creationDate":"2024-08-05T17:04:31.699Z","modificationDate":"2024-08-05T17:04:31.699Z","shortid":"RGHnhqA","inheritedReadPermissions":[],"inheritedEditPermissions":[],"$entitySet":"profiles"},"doDiffs":false,"timestamp":1722877471699,"id":"97zj5o0lt11kk0y","previousOperationId":null,"operationId":"eif2iwj1wstk8fc"}
{"type":"log","level":"info","message":"Render request 48 queued for execution and waiting for available worker","previousOperationId":"eif2iwj1wstk8fc","timestamp":1722877471699,"id":"si4zos5pm1uch64"}
{"type":"operationStart","subtype":"render","name":"modules","previousOperationId":"eif2iwj1wstk8fc","timestamp":1722877471727,"id":"7bd1hbokhfhdcqa","previousEventId":"97zj5o0lt11kk0y","operationId":"a3lxt2b5kqddj7o"}
{"type":"log","timestamp":1722877471727,"level":"info","message":"Starting rendering request 48 (user: admin)","meta":{"rootId":"v5f9sxtak39w6bb","id":"v5f9sxtak39w6bb"},"id":"shpscwpfnoxwkvu","previousOperationId":"a3lxt2b5kqddj7o"}
{"type":"log","timestamp":1722877471727,"level":"info","message":"Rendering template { name: modules, recipe: xlsx, engine: handlebars, preview: true }","meta":{"rootId":"v5f9sxtak39w6bb","id":"v5f9sxtak39w6bb"},"id":"52bvy6eukd6mf30","previousOperationId":"a3lxt2b5kqddj7o"}
{"type":"log","timestamp":1722877471727,"level":"debug","message":"Inline data specified.","meta":{"rootId":"v5f9sxtak39w6bb","id":"v5f9sxtak39w6bb"},"id":"bd7y55g699ewzoj","previousOperationId":"a3lxt2b5kqddj7o"}
{"type":"log","timestamp":1722877471728,"level":"debug","message":"Base url not specified, skipping its injection.","meta":{"rootId":"v5f9sxtak39w6bb","id":"v5f9sxtak39w6bb"},"id":"l6u1pc09eg7uwrp","previousOperationId":"a3lxt2b5kqddj7o"}
{"type":"operationStart","subtype":"engine","name":"handlebars","timestamp":1722877471728,"id":"nqfzts0wwgsda4m","previousEventId":"7bd1hbokhfhdcqa","operationId":"usvcwopjdfxlzw4","previousOperationId":"a3lxt2b5kqddj7o"}
{"type":"log","timestamp":1722877471728,"level":"debug","message":"Rendering engine handlebars","meta":{"rootId":"v5f9sxtak39w6bb","id":"v5f9sxtak39w6bb"},"id":"7uc66xdlq753xvk","previousOperationId":"usvcwopjdfxlzw4"}
{"type":"operationEnd","operationId":"usvcwopjdfxlzw4","timestamp":1722877471732,"id":"ctm623ss3cb1nli","previousEventId":"nqfzts0wwgsda4m","previousOperationId":"usvcwopjdfxlzw4"}
{"type":"operationStart","subtype":"recipe","name":"xlsx","timestamp":1722877471732,"id":"ear43d2gaedo6hc","previousEventId":"ctm623ss3cb1nli","operationId":"q2l5p6a7esra48a","previousOperationId":"usvcwopjdfxlzw4"}
{"type":"log","timestamp":1722877471732,"level":"debug","message":"Executing recipe xlsx","meta":{"rootId":"v5f9sxtak39w6bb","id":"v5f9sxtak39w6bb"},"id":"ijoxi97t9as5nrf","previousOperationId":"q2l5p6a7esra48a"}
{"type":"log","timestamp":1722877471733,"level":"info","message":"xlsx generation is starting","meta":{"rootId":"v5f9sxtak39w6bb","id":"v5f9sxtak39w6bb"},"id":"djrfertzsksd2e7","previousOperationId":"q2l5p6a7esra48a"}
{"type":"log","timestamp":1722877471750,"level":"debug","message":"Starting child request to render xlsx dynamic parts for generation step","meta":{"rootId":"v5f9sxtak39w6bb","id":"v5f9sxtak39w6bb"},"id":"394vqfvdnad4y1x","previousOperationId":"q2l5p6a7esra48a"}
{"type":"operationStart","subtype":"render","name":"anonymous","previousOperationId":"q2l5p6a7esra48a","timestamp":1722877471750,"id":"7o53lk4zmc653mw","previousEventId":"ear43d2gaedo6hc","operationId":"dpe5o48t6y1g77e"}
{"type":"log","timestamp":1722877471750,"level":"info","message":"Starting rendering (child) request (user: admin)","meta":{"rootId":"v5f9sxtak39w6bb","id":"a0ilt58bro4vjpn"},"id":"rawt2n8t1ti8txd","previousOperationId":"dpe5o48t6y1g77e"}
{"type":"log","timestamp":1722877471750,"level":"info","message":"Rendering anonymous template { recipe: html, engine: handlebars }","meta":{"rootId":"v5f9sxtak39w6bb","id":"a0ilt58bro4vjpn"},"id":"8hy4yu9dguaiwx8","previousOperationId":"dpe5o48t6y1g77e"}
{"type":"log","timestamp":1722877471750,"level":"debug","message":"Inline data specified.","meta":{"rootId":"v5f9sxtak39w6bb","id":"a0ilt58bro4vjpn"},"id":"w2d3enkhp3hj8vc","previousOperationId":"dpe5o48t6y1g77e"}
{"type":"log","timestamp":1722877471751,"level":"debug","message":"Base url not specified, skipping its injection.","meta":{"rootId":"v5f9sxtak39w6bb","id":"a0ilt58bro4vjpn"},"id":"faqk5jbj92tmtko","previousOperationId":"dpe5o48t6y1g77e"}
{"type":"operationStart","subtype":"engine","name":"handlebars","timestamp":1722877471751,"id":"a672uew0lh04dpm","previousEventId":"7o53lk4zmc653mw","operationId":"dbt55dbsfqhe18d","previousOperationId":"dpe5o48t6y1g77e"}
{"type":"log","timestamp":1722877471751,"level":"debug","message":"Rendering engine handlebars","meta":{"rootId":"v5f9sxtak39w6bb","id":"a0ilt58bro4vjpn"},"id":"d2eqh5hwcf3year","previousOperationId":"dbt55dbsfqhe18d"}
{"type":"operationEnd","operationId":"dbt55dbsfqhe18d","timestamp":1722877471835,"id":"g3jp2rr73xt5n1d","previousEventId":"a672uew0lh04dpm","previousOperationId":"dbt55dbsfqhe18d"}
{"type":"operationStart","subtype":"recipe","name":"html","timestamp":1722877471836,"id":"rk6pjzc86ewocsp","previousEventId":"g3jp2rr73xt5n1d","operationId":"0p5hf4heeos7ady","previousOperationId":"dbt55dbsfqhe18d"}
{"type":"log","timestamp":1722877471836,"level":"debug","message":"Executing recipe html","meta":{"rootId":"v5f9sxtak39w6bb","id":"a0ilt58bro4vjpn"},"id":"74jpta5dgsa77zy","previousOperationId":"0p5hf4heeos7ady"}
{"type":"operationEnd","operationId":"0p5hf4heeos7ady","timestamp":1722877471836,"id":"wyma2eil1zsx3tv","previousEventId":"rk6pjzc86ewocsp","previousOperationId":"0p5hf4heeos7ady"}
{"type":"log","timestamp":1722877471836,"level":"debug","message":"Skipping storing report.","meta":{"rootId":"v5f9sxtak39w6bb","id":"a0ilt58bro4vjpn"},"id":"yd15hrlnjfdw6da","previousOperationId":"0p5hf4heeos7ady"}
{"type":"log","timestamp":1722877471836,"level":"info","message":"Rendering (child) request finished in 140 ms","meta":{"rootId":"v5f9sxtak39w6bb","id":"a0ilt58bro4vjpn"},"id":"htmj3w85su4cxya","previousOperationId":"0p5hf4heeos7ady"}
{"type":"operationEnd","subtype":"render","operationId":"dpe5o48t6y1g77e","timestamp":1722877471836,"id":"n58kbknqapu8jup","previousEventId":"wyma2eil1zsx3tv","previousOperationId":"0p5hf4heeos7ady"}
{"type":"log","timestamp":1722877471860,"level":"debug","message":"xlsx successfully zipped","meta":{"rootId":"v5f9sxtak39w6bb","id":"v5f9sxtak39w6bb"},"id":"hqztzlwfnmm4wtw","previousOperationId":"q2l5p6a7esra48a"}
{"type":"log","timestamp":1722877471860,"level":"info","message":"xlsx generation was finished","meta":{"rootId":"v5f9sxtak39w6bb","id":"v5f9sxtak39w6bb"},"id":"3rxl9l23yootrj8","previousOperationId":"q2l5p6a7esra48a"}
{"type":"log","timestamp":1722877471860,"level":"info","message":"xlsx transformation is starting","meta":{"rootId":"v5f9sxtak39w6bb","id":"v5f9sxtak39w6bb"},"id":"b1d4v5x5rmwo9dq","previousOperationId":"q2l5p6a7esra48a"}
{"type":"log","timestamp":1722877471911,"level":"debug","message":"Parsing xlsx content","meta":{"rootId":"v5f9sxtak39w6bb","id":"v5f9sxtak39w6bb"},"id":"crwkdp9ayn9ghrv","previousOperationId":"q2l5p6a7esra48a"}
{"type":"log","timestamp":1722877471932,"level":"debug","message":"Successfully zipped now.","meta":{"rootId":"v5f9sxtak39w6bb","id":"v5f9sxtak39w6bb"},"id":"ps9w6zkui2li29c","previousOperationId":"q2l5p6a7esra48a"}
{"type":"log","timestamp":1722877471932,"level":"info","message":"xlsx transformation was finished","meta":{"rootId":"v5f9sxtak39w6bb","id":"v5f9sxtak39w6bb"},"id":"tmhrlbsord935wm","previousOperationId":"q2l5p6a7esra48a"}
{"type":"log","timestamp":1722877471932,"level":"debug","message":"preparing office preview","meta":{"rootId":"v5f9sxtak39w6bb","id":"v5f9sxtak39w6bb"},"id":"188l5rkf44joftl","previousOperationId":"q2l5p6a7esra48a"}
{"type":"operationEnd","operationId":"q2l5p6a7esra48a","timestamp":1722877472617,"id":"svgmmmc5el62lhj","previousEventId":"ear43d2gaedo6hc","previousOperationId":"q2l5p6a7esra48a"}
{"type":"log","timestamp":1722877472617,"level":"debug","message":"Skipping storing report.","meta":{"rootId":"v5f9sxtak39w6bb","id":"v5f9sxtak39w6bb"},"id":"pyfr7n6glbvydvp","previousOperationId":"q2l5p6a7esra48a"}
{"type":"log","timestamp":1722877472617,"level":"info","message":"Rendering request 48 finished in 921 ms","meta":{"rootId":"v5f9sxtak39w6bb","id":"v5f9sxtak39w6bb"},"id":"diq9i812ufxq34z","previousOperationId":"q2l5p6a7esra48a"}
{"type":"operationEnd","subtype":"render","operationId":"a3lxt2b5kqddj7o","timestamp":1722877472617,"id":"0m97u5t3ewvvaf4","previousEventId":"svgmmmc5el62lhj","previousOperationId":"q2l5p6a7esra48a"}
{"type":"operationEnd","doDiffs":false,"previousEventId":"97zj5o0lt11kk0y","previousOperationId":"eif2iwj1wstk8fc","operationId":"eif2iwj1wstk8fc","timestamp":1722877472618,"id":"cuo2z65ypzy4o1l"}
