{"type":"operationStart","subtype":"profile","data":{"_id":"2ykzPuMYT5f9hSYI","timestamp":"2024-08-05T16:44:47.498Z","state":"queued","mode":"standard","creationDate":"2024-08-05T16:44:47.499Z","modificationDate":"2024-08-05T16:44:47.499Z","shortid":"7vJBdib","inheritedReadPermissions":[],"inheritedEditPermissions":[],"$entitySet":"profiles"},"doDiffs":false,"timestamp":1722876287498,"id":"pyj1ey1a85zn8qw","previousOperationId":null,"operationId":"n51ltqlg3qv45a5"}
{"type":"log","level":"info","message":"Render request 34 queued for execution and waiting for available worker","previousOperationId":"n51ltqlg3qv45a5","timestamp":1722876287499,"id":"rrjikrsjpt9k804"}
{"type":"operationStart","subtype":"render","name":"modules","previousOperationId":"n51ltqlg3qv45a5","timestamp":1722876287530,"id":"znbyodovjm6l4vp","previousEventId":"pyj1ey1a85zn8qw","operationId":"p8b5lpl3uwy3yjq"}
{"type":"log","timestamp":1722876287530,"level":"info","message":"Starting rendering request 34 (user: admin)","meta":{"rootId":"ve5ftpud3bp28by","id":"ve5ftpud3bp28by"},"id":"n3xk1d4kekv1jdj","previousOperationId":"p8b5lpl3uwy3yjq"}
{"type":"log","timestamp":1722876287530,"level":"info","message":"Rendering template { name: modules, recipe: xlsx, engine: handlebars, preview: true }","meta":{"rootId":"ve5ftpud3bp28by","id":"ve5ftpud3bp28by"},"id":"n2wj4b5zauv5fj6","previousOperationId":"p8b5lpl3uwy3yjq"}
{"type":"log","timestamp":1722876287530,"level":"debug","message":"Inline data specified.","meta":{"rootId":"ve5ftpud3bp28by","id":"ve5ftpud3bp28by"},"id":"6ouxjnhy46x0vgp","previousOperationId":"p8b5lpl3uwy3yjq"}
{"type":"log","timestamp":1722876287531,"level":"debug","message":"Base url not specified, skipping its injection.","meta":{"rootId":"ve5ftpud3bp28by","id":"ve5ftpud3bp28by"},"id":"3cz2mbsykp42cf9","previousOperationId":"p8b5lpl3uwy3yjq"}
{"type":"operationStart","subtype":"engine","name":"handlebars","timestamp":1722876287531,"id":"btl09o7w6v9ryq4","previousEventId":"znbyodovjm6l4vp","operationId":"s4u2ojbeljs4ebo","previousOperationId":"p8b5lpl3uwy3yjq"}
{"type":"log","timestamp":1722876287531,"level":"debug","message":"Rendering engine handlebars","meta":{"rootId":"ve5ftpud3bp28by","id":"ve5ftpud3bp28by"},"id":"hjabhnhtmdkl12r","previousOperationId":"s4u2ojbeljs4ebo"}
{"type":"operationEnd","operationId":"s4u2ojbeljs4ebo","timestamp":1722876287536,"id":"k8cqgus2nkt9lvh","previousEventId":"btl09o7w6v9ryq4","previousOperationId":"s4u2ojbeljs4ebo"}
{"type":"operationStart","subtype":"recipe","name":"xlsx","timestamp":1722876287536,"id":"m8pol2q0voe879d","previousEventId":"k8cqgus2nkt9lvh","operationId":"ihcwqy58y671fxx","previousOperationId":"s4u2ojbeljs4ebo"}
{"type":"log","timestamp":1722876287536,"level":"debug","message":"Executing recipe xlsx","meta":{"rootId":"ve5ftpud3bp28by","id":"ve5ftpud3bp28by"},"id":"6q9a4d98w4tw0wn","previousOperationId":"ihcwqy58y671fxx"}
{"type":"log","timestamp":1722876287536,"level":"info","message":"xlsx generation is starting","meta":{"rootId":"ve5ftpud3bp28by","id":"ve5ftpud3bp28by"},"id":"4riaiufyub344q2","previousOperationId":"ihcwqy58y671fxx"}
{"type":"log","timestamp":1722876287552,"level":"debug","message":"Starting child request to render xlsx dynamic parts for generation step","meta":{"rootId":"ve5ftpud3bp28by","id":"ve5ftpud3bp28by"},"id":"5ixmij94q5ilccj","previousOperationId":"ihcwqy58y671fxx"}
{"type":"operationStart","subtype":"render","name":"anonymous","previousOperationId":"ihcwqy58y671fxx","timestamp":1722876287553,"id":"5jpbosiyuoj2lrz","previousEventId":"m8pol2q0voe879d","operationId":"dghn6h4oqtrtcbi"}
{"type":"log","timestamp":1722876287553,"level":"info","message":"Starting rendering (child) request (user: admin)","meta":{"rootId":"ve5ftpud3bp28by","id":"qhh24ifcz00omnr"},"id":"1hbc55w50tz9wzt","previousOperationId":"dghn6h4oqtrtcbi"}
{"type":"log","timestamp":1722876287553,"level":"info","message":"Rendering anonymous template { recipe: html, engine: handlebars }","meta":{"rootId":"ve5ftpud3bp28by","id":"qhh24ifcz00omnr"},"id":"txygarptbfjux2e","previousOperationId":"dghn6h4oqtrtcbi"}
{"type":"log","timestamp":1722876287553,"level":"debug","message":"Inline data specified.","meta":{"rootId":"ve5ftpud3bp28by","id":"qhh24ifcz00omnr"},"id":"pgal2z590ot2tv3","previousOperationId":"dghn6h4oqtrtcbi"}
{"type":"log","timestamp":1722876287553,"level":"debug","message":"Base url not specified, skipping its injection.","meta":{"rootId":"ve5ftpud3bp28by","id":"qhh24ifcz00omnr"},"id":"hhufp4imvy92v7e","previousOperationId":"dghn6h4oqtrtcbi"}
{"type":"operationStart","subtype":"engine","name":"handlebars","timestamp":1722876287554,"id":"en3s69vddwluqas","previousEventId":"5jpbosiyuoj2lrz","operationId":"q8htab31l3ntvaj","previousOperationId":"dghn6h4oqtrtcbi"}
{"type":"log","timestamp":1722876287554,"level":"debug","message":"Rendering engine handlebars","meta":{"rootId":"ve5ftpud3bp28by","id":"qhh24ifcz00omnr"},"id":"cjun8cm6sozqe5p","previousOperationId":"q8htab31l3ntvaj"}
{"type":"operationEnd","operationId":"q8htab31l3ntvaj","timestamp":1722876287619,"id":"gowkeiaofof8t2s","previousEventId":"en3s69vddwluqas","previousOperationId":"q8htab31l3ntvaj"}
{"type":"operationStart","subtype":"recipe","name":"html","timestamp":1722876287620,"id":"42ymgvx1nkg3ide","previousEventId":"gowkeiaofof8t2s","operationId":"homsbx3k7hcin0c","previousOperationId":"q8htab31l3ntvaj"}
{"type":"log","timestamp":1722876287620,"level":"debug","message":"Executing recipe html","meta":{"rootId":"ve5ftpud3bp28by","id":"qhh24ifcz00omnr"},"id":"u1ujvubmpevfu3g","previousOperationId":"homsbx3k7hcin0c"}
{"type":"operationEnd","operationId":"homsbx3k7hcin0c","timestamp":1722876287620,"id":"8tah1ywbbavadhk","previousEventId":"42ymgvx1nkg3ide","previousOperationId":"homsbx3k7hcin0c"}
{"type":"log","timestamp":1722876287620,"level":"debug","message":"Skipping storing report.","meta":{"rootId":"ve5ftpud3bp28by","id":"qhh24ifcz00omnr"},"id":"zkrvctb6u2znxz4","previousOperationId":"homsbx3k7hcin0c"}
{"type":"log","timestamp":1722876287620,"level":"info","message":"Rendering (child) request finished in 122 ms","meta":{"rootId":"ve5ftpud3bp28by","id":"qhh24ifcz00omnr"},"id":"je0k55b8nk8fjz0","previousOperationId":"homsbx3k7hcin0c"}
{"type":"operationEnd","subtype":"render","operationId":"dghn6h4oqtrtcbi","timestamp":1722876287620,"id":"uu8miszpa2hzbpc","previousEventId":"8tah1ywbbavadhk","previousOperationId":"homsbx3k7hcin0c"}
{"type":"log","timestamp":1722876287636,"level":"debug","message":"xlsx successfully zipped","meta":{"rootId":"ve5ftpud3bp28by","id":"ve5ftpud3bp28by"},"id":"tytjpdlel9arrcw","previousOperationId":"ihcwqy58y671fxx"}
{"type":"log","timestamp":1722876287636,"level":"info","message":"xlsx generation was finished","meta":{"rootId":"ve5ftpud3bp28by","id":"ve5ftpud3bp28by"},"id":"cxtppjxnaqpxop2","previousOperationId":"ihcwqy58y671fxx"}
{"type":"log","timestamp":1722876287636,"level":"info","message":"xlsx transformation is starting","meta":{"rootId":"ve5ftpud3bp28by","id":"ve5ftpud3bp28by"},"id":"s1l1xvooywyktng","previousOperationId":"ihcwqy58y671fxx"}
{"type":"log","timestamp":1722876287680,"level":"debug","message":"Parsing xlsx content","meta":{"rootId":"ve5ftpud3bp28by","id":"ve5ftpud3bp28by"},"id":"6z0ow7a8kdncznf","previousOperationId":"ihcwqy58y671fxx"}
{"type":"log","timestamp":1722876287699,"level":"debug","message":"Successfully zipped now.","meta":{"rootId":"ve5ftpud3bp28by","id":"ve5ftpud3bp28by"},"id":"k0j9igxkmwt3ec2","previousOperationId":"ihcwqy58y671fxx"}
{"type":"log","timestamp":1722876287699,"level":"info","message":"xlsx transformation was finished","meta":{"rootId":"ve5ftpud3bp28by","id":"ve5ftpud3bp28by"},"id":"cack0me04j41c5l","previousOperationId":"ihcwqy58y671fxx"}
{"type":"log","timestamp":1722876287699,"level":"debug","message":"preparing office preview","meta":{"rootId":"ve5ftpud3bp28by","id":"ve5ftpud3bp28by"},"id":"l8svd5cmw6lnzio","previousOperationId":"ihcwqy58y671fxx"}
{"type":"operationEnd","operationId":"ihcwqy58y671fxx","timestamp":1722876288702,"id":"lmpshyik2iz3ukq","previousEventId":"m8pol2q0voe879d","previousOperationId":"ihcwqy58y671fxx"}
{"type":"log","timestamp":1722876288702,"level":"debug","message":"Skipping storing report.","meta":{"rootId":"ve5ftpud3bp28by","id":"ve5ftpud3bp28by"},"id":"9h46io66d1cauep","previousOperationId":"ihcwqy58y671fxx"}
{"type":"log","timestamp":1722876288702,"level":"info","message":"Rendering request 34 finished in 1204 ms","meta":{"rootId":"ve5ftpud3bp28by","id":"ve5ftpud3bp28by"},"id":"i06fx8c1scse5zl","previousOperationId":"ihcwqy58y671fxx"}
{"type":"operationEnd","subtype":"render","operationId":"p8b5lpl3uwy3yjq","timestamp":1722876288702,"id":"5c0k4kwzdcj36n2","previousEventId":"lmpshyik2iz3ukq","previousOperationId":"ihcwqy58y671fxx"}
{"type":"operationEnd","doDiffs":false,"previousEventId":"pyj1ey1a85zn8qw","previousOperationId":"n51ltqlg3qv45a5","operationId":"n51ltqlg3qv45a5","timestamp":1722876288704,"id":"clzlfatae35wvz9"}
