{"type":"operationStart","subtype":"profile","data":{"_id":"dcoMKqT6ptr6NUN0","timestamp":"2024-08-05T16:45:15.525Z","state":"queued","mode":"standard","creationDate":"2024-08-05T16:45:15.526Z","modificationDate":"2024-08-05T16:45:15.526Z","shortid":"ohWWvPi","inheritedReadPermissions":[],"inheritedEditPermissions":[],"$entitySet":"profiles"},"doDiffs":false,"timestamp":1722876315525,"id":"k495knudofd72b0","previousOperationId":null,"operationId":"3yiafwd9if2mztt"}
{"type":"log","level":"info","message":"Render request 37 queued for execution and waiting for available worker","previousOperationId":"3yiafwd9if2mztt","timestamp":1722876315526,"id":"snkxfv94eg6yf9t"}
{"type":"operationStart","subtype":"render","name":"modules","previousOperationId":"3yiafwd9if2mztt","timestamp":1722876315549,"id":"qycyt7u7v9f5k3l","previousEventId":"k495knudofd72b0","operationId":"bdderqsvk2kloau"}
{"type":"log","timestamp":1722876315549,"level":"info","message":"Starting rendering request 37 (user: admin)","meta":{"rootId":"yp824h7z4xcunl0","id":"yp824h7z4xcunl0"},"id":"7s0bi3ad8vp0je1","previousOperationId":"bdderqsvk2kloau"}
{"type":"log","timestamp":1722876315549,"level":"info","message":"Rendering template { name: modules, recipe: xlsx, engine: handlebars, preview: false }","meta":{"rootId":"yp824h7z4xcunl0","id":"yp824h7z4xcunl0"},"id":"785kept7rv34e77","previousOperationId":"bdderqsvk2kloau"}
{"type":"log","timestamp":1722876315549,"level":"debug","message":"Inline data specified.","meta":{"rootId":"yp824h7z4xcunl0","id":"yp824h7z4xcunl0"},"id":"5dqzf1aawxfn6lu","previousOperationId":"bdderqsvk2kloau"}
{"type":"log","timestamp":1722876315550,"level":"debug","message":"Base url not specified, skipping its injection.","meta":{"rootId":"yp824h7z4xcunl0","id":"yp824h7z4xcunl0"},"id":"oci74rtrrxxgvpf","previousOperationId":"bdderqsvk2kloau"}
{"type":"operationStart","subtype":"engine","name":"handlebars","timestamp":1722876315550,"id":"s75gn7kn812hctn","previousEventId":"qycyt7u7v9f5k3l","operationId":"0jqjksjbyr92uay","previousOperationId":"bdderqsvk2kloau"}
{"type":"log","timestamp":1722876315550,"level":"debug","message":"Rendering engine handlebars","meta":{"rootId":"yp824h7z4xcunl0","id":"yp824h7z4xcunl0"},"id":"i31h6ahyj5ceqn7","previousOperationId":"0jqjksjbyr92uay"}
{"type":"operationEnd","operationId":"0jqjksjbyr92uay","timestamp":1722876315554,"id":"7pbd6vpow9ackh2","previousEventId":"s75gn7kn812hctn","previousOperationId":"0jqjksjbyr92uay"}
{"type":"operationStart","subtype":"recipe","name":"xlsx","timestamp":1722876315554,"id":"qw1apgosjrfqg94","previousEventId":"7pbd6vpow9ackh2","operationId":"yc4m6r0l6b02nbp","previousOperationId":"0jqjksjbyr92uay"}
{"type":"log","timestamp":1722876315554,"level":"debug","message":"Executing recipe xlsx","meta":{"rootId":"yp824h7z4xcunl0","id":"yp824h7z4xcunl0"},"id":"e0m4hrt3j3g5jju","previousOperationId":"yc4m6r0l6b02nbp"}
{"type":"log","timestamp":1722876315555,"level":"info","message":"xlsx generation is starting","meta":{"rootId":"yp824h7z4xcunl0","id":"yp824h7z4xcunl0"},"id":"g7td4d9ik7l33p1","previousOperationId":"yc4m6r0l6b02nbp"}
{"type":"log","timestamp":1722876315578,"level":"debug","message":"Starting child request to render xlsx dynamic parts for generation step","meta":{"rootId":"yp824h7z4xcunl0","id":"yp824h7z4xcunl0"},"id":"xix23pzrq4ev6mg","previousOperationId":"yc4m6r0l6b02nbp"}
{"type":"operationStart","subtype":"render","name":"anonymous","previousOperationId":"yc4m6r0l6b02nbp","timestamp":1722876315578,"id":"02kl8rbkouwj7aq","previousEventId":"qw1apgosjrfqg94","operationId":"9olfl4uf5vg7wbj"}
{"type":"log","timestamp":1722876315578,"level":"info","message":"Starting rendering (child) request (user: admin)","meta":{"rootId":"yp824h7z4xcunl0","id":"e1k9m3vcjd9rzf8"},"id":"0dlitgz522xznwh","previousOperationId":"9olfl4uf5vg7wbj"}
{"type":"log","timestamp":1722876315578,"level":"info","message":"Rendering anonymous template { recipe: html, engine: handlebars }","meta":{"rootId":"yp824h7z4xcunl0","id":"e1k9m3vcjd9rzf8"},"id":"7debo33dkrswyw6","previousOperationId":"9olfl4uf5vg7wbj"}
{"type":"log","timestamp":1722876315578,"level":"debug","message":"Inline data specified.","meta":{"rootId":"yp824h7z4xcunl0","id":"e1k9m3vcjd9rzf8"},"id":"lvjgx3xsmns0m01","previousOperationId":"9olfl4uf5vg7wbj"}
{"type":"log","timestamp":1722876315579,"level":"debug","message":"Base url not specified, skipping its injection.","meta":{"rootId":"yp824h7z4xcunl0","id":"e1k9m3vcjd9rzf8"},"id":"o878czbl85yg2jk","previousOperationId":"9olfl4uf5vg7wbj"}
{"type":"operationStart","subtype":"engine","name":"handlebars","timestamp":1722876315579,"id":"fme0uyr4qhci65p","previousEventId":"02kl8rbkouwj7aq","operationId":"b21tlhwvwifgkka","previousOperationId":"9olfl4uf5vg7wbj"}
{"type":"log","timestamp":1722876315579,"level":"debug","message":"Rendering engine handlebars","meta":{"rootId":"yp824h7z4xcunl0","id":"e1k9m3vcjd9rzf8"},"id":"ul2ncmezfat74nw","previousOperationId":"b21tlhwvwifgkka"}
{"type":"operationEnd","operationId":"b21tlhwvwifgkka","timestamp":1722876315638,"id":"icqmspx5xr7rgt0","previousEventId":"fme0uyr4qhci65p","previousOperationId":"b21tlhwvwifgkka"}
{"type":"operationStart","subtype":"recipe","name":"html","timestamp":1722876315638,"id":"anco4i2ncwy75t1","previousEventId":"icqmspx5xr7rgt0","operationId":"na3cue0vspoz8yu","previousOperationId":"b21tlhwvwifgkka"}
{"type":"log","timestamp":1722876315638,"level":"debug","message":"Executing recipe html","meta":{"rootId":"yp824h7z4xcunl0","id":"e1k9m3vcjd9rzf8"},"id":"0fmwp1i3kcjojue","previousOperationId":"na3cue0vspoz8yu"}
{"type":"operationEnd","operationId":"na3cue0vspoz8yu","timestamp":1722876315639,"id":"heh46wv2kysok0n","previousEventId":"anco4i2ncwy75t1","previousOperationId":"na3cue0vspoz8yu"}
{"type":"log","timestamp":1722876315639,"level":"debug","message":"Skipping storing report.","meta":{"rootId":"yp824h7z4xcunl0","id":"e1k9m3vcjd9rzf8"},"id":"0tby4a3ouhty7yy","previousOperationId":"na3cue0vspoz8yu"}
{"type":"log","timestamp":1722876315639,"level":"info","message":"Rendering (child) request finished in 115 ms","meta":{"rootId":"yp824h7z4xcunl0","id":"e1k9m3vcjd9rzf8"},"id":"6hpquq2w707ch4s","previousOperationId":"na3cue0vspoz8yu"}
{"type":"operationEnd","subtype":"render","operationId":"9olfl4uf5vg7wbj","timestamp":1722876315639,"id":"r893hg896tinxzo","previousEventId":"heh46wv2kysok0n","previousOperationId":"na3cue0vspoz8yu"}
{"type":"log","timestamp":1722876315672,"level":"debug","message":"xlsx successfully zipped","meta":{"rootId":"yp824h7z4xcunl0","id":"yp824h7z4xcunl0"},"id":"xvpfmr5jfq4cpxd","previousOperationId":"yc4m6r0l6b02nbp"}
{"type":"log","timestamp":1722876315672,"level":"info","message":"xlsx generation was finished","meta":{"rootId":"yp824h7z4xcunl0","id":"yp824h7z4xcunl0"},"id":"u1ex8mxoop89xnr","previousOperationId":"yc4m6r0l6b02nbp"}
{"type":"log","timestamp":1722876315672,"level":"info","message":"xlsx transformation is starting","meta":{"rootId":"yp824h7z4xcunl0","id":"yp824h7z4xcunl0"},"id":"xyke05wlbfadqr4","previousOperationId":"yc4m6r0l6b02nbp"}
{"type":"log","timestamp":1722876315713,"level":"debug","message":"Parsing xlsx content","meta":{"rootId":"yp824h7z4xcunl0","id":"yp824h7z4xcunl0"},"id":"9b2e9sb6u2jzqkm","previousOperationId":"yc4m6r0l6b02nbp"}
{"type":"log","timestamp":1722876315732,"level":"debug","message":"Successfully zipped now.","meta":{"rootId":"yp824h7z4xcunl0","id":"yp824h7z4xcunl0"},"id":"yp0ibz1tcl43123","previousOperationId":"yc4m6r0l6b02nbp"}
{"type":"log","timestamp":1722876315732,"level":"info","message":"xlsx transformation was finished","meta":{"rootId":"yp824h7z4xcunl0","id":"yp824h7z4xcunl0"},"id":"24a0opc8q66rt0k","previousOperationId":"yc4m6r0l6b02nbp"}
{"type":"operationEnd","operationId":"yc4m6r0l6b02nbp","timestamp":1722876315732,"id":"6ruqgyp9n0he5oo","previousEventId":"qw1apgosjrfqg94","previousOperationId":"yc4m6r0l6b02nbp"}
{"type":"log","timestamp":1722876315732,"level":"debug","message":"Skipping storing report.","meta":{"rootId":"yp824h7z4xcunl0","id":"yp824h7z4xcunl0"},"id":"j1jjyrsi8a309ui","previousOperationId":"yc4m6r0l6b02nbp"}
{"type":"log","timestamp":1722876315732,"level":"info","message":"Rendering request 37 finished in 208 ms","meta":{"rootId":"yp824h7z4xcunl0","id":"yp824h7z4xcunl0"},"id":"uufp44mvtd3lf62","previousOperationId":"yc4m6r0l6b02nbp"}
{"type":"operationEnd","subtype":"render","operationId":"bdderqsvk2kloau","timestamp":1722876315732,"id":"e4nnz1g85fi928o","previousEventId":"6ruqgyp9n0he5oo","previousOperationId":"yc4m6r0l6b02nbp"}
{"type":"operationEnd","doDiffs":false,"previousEventId":"k495knudofd72b0","previousOperationId":"3yiafwd9if2mztt","operationId":"3yiafwd9if2mztt","timestamp":1722876315734,"id":"uuvwvs9nnwbrdzk"}
