{"type":"operationStart","subtype":"profile","data":{"_id":"E008CcfzV2z57EHf","timestamp":"2024-08-31T18:40:20.057Z","state":"queued","mode":"standard","creationDate":"2024-08-31T18:40:20.059Z","modificationDate":"2024-08-31T18:40:20.059Z","shortid":"iHDm7a1","inheritedReadPermissions":[],"inheritedEditPermissions":[],"$entitySet":"profiles"},"doDiffs":false,"timestamp":1725129620058,"id":"a9xqv9l702i3l6j","previousOperationId":null,"operationId":"48iv3m595l5ar3n"}
{"type":"log","level":"info","message":"Render request 2 queued for execution and waiting for available worker","previousOperationId":"48iv3m595l5ar3n","timestamp":1725129620059,"id":"wtll8ke4sqwfld2"}
{"type":"operationStart","subtype":"render","name":"modules","previousOperationId":"48iv3m595l5ar3n","timestamp":1725129620093,"id":"wtgltq2mesfnb95","previousEventId":"a9xqv9l702i3l6j","operationId":"wssng5y6xcyhwqz"}
{"type":"log","timestamp":1725129620093,"level":"info","message":"Starting rendering request 2 (user: admin)","meta":{"rootId":"0ijnqfsur899ujq","id":"0ijnqfsur899ujq"},"id":"1kzl4fk5ws8hit9","previousOperationId":"wssng5y6xcyhwqz"}
{"type":"log","timestamp":1725129620094,"level":"info","message":"Rendering template { name: modules, recipe: xlsx, engine: handlebars, preview: false }","meta":{"rootId":"0ijnqfsur899ujq","id":"0ijnqfsur899ujq"},"id":"01ecbsjbj7a59b8","previousOperationId":"wssng5y6xcyhwqz"}
{"type":"log","timestamp":1725129620094,"level":"debug","message":"Inline data specified.","meta":{"rootId":"0ijnqfsur899ujq","id":"0ijnqfsur899ujq"},"id":"2eorc9x5g92ljr2","previousOperationId":"wssng5y6xcyhwqz"}
{"type":"log","timestamp":1725129620095,"level":"debug","message":"Base url not specified, skipping its injection.","meta":{"rootId":"0ijnqfsur899ujq","id":"0ijnqfsur899ujq"},"id":"kcsshxqc7e8gmjy","previousOperationId":"wssng5y6xcyhwqz"}
{"type":"operationStart","subtype":"engine","name":"handlebars","timestamp":1725129620096,"id":"9kdvi8eq76gkw5w","previousEventId":"wtgltq2mesfnb95","operationId":"7eu5ps42zrkha1u","previousOperationId":"wssng5y6xcyhwqz"}
{"type":"log","timestamp":1725129620096,"level":"debug","message":"Rendering engine handlebars","meta":{"rootId":"0ijnqfsur899ujq","id":"0ijnqfsur899ujq"},"id":"12x72v9yfglkpz2","previousOperationId":"7eu5ps42zrkha1u"}
{"type":"operationEnd","operationId":"7eu5ps42zrkha1u","timestamp":1725129620382,"id":"rq5zyhvq6wsydkc","previousEventId":"9kdvi8eq76gkw5w","previousOperationId":"7eu5ps42zrkha1u"}
{"type":"operationStart","subtype":"recipe","name":"xlsx","timestamp":1725129620382,"id":"k1xc3l6rjkwvkhq","previousEventId":"rq5zyhvq6wsydkc","operationId":"68x2i1axpp4xy2s","previousOperationId":"7eu5ps42zrkha1u"}
{"type":"log","timestamp":1725129620382,"level":"debug","message":"Executing recipe xlsx","meta":{"rootId":"0ijnqfsur899ujq","id":"0ijnqfsur899ujq"},"id":"w645dstvqthd0o6","previousOperationId":"68x2i1axpp4xy2s"}
{"type":"log","timestamp":1725129620397,"level":"info","message":"xlsx generation is starting","meta":{"rootId":"0ijnqfsur899ujq","id":"0ijnqfsur899ujq"},"id":"8n2wjjits111hx3","previousOperationId":"68x2i1axpp4xy2s"}
{"type":"log","timestamp":1725129620436,"level":"debug","message":"Starting child request to render xlsx dynamic parts for generation step","meta":{"rootId":"0ijnqfsur899ujq","id":"0ijnqfsur899ujq"},"id":"pq53nadafqzudy8","previousOperationId":"68x2i1axpp4xy2s"}
{"type":"operationStart","subtype":"render","name":"anonymous","previousOperationId":"68x2i1axpp4xy2s","timestamp":1725129620437,"id":"whh9zszv070fvcx","previousEventId":"k1xc3l6rjkwvkhq","operationId":"gm1f1tkdsdnnrzb"}
{"type":"log","timestamp":1725129620437,"level":"info","message":"Starting rendering (child) request (user: admin)","meta":{"rootId":"0ijnqfsur899ujq","id":"g9or3r75aitrf9a"},"id":"hj5aabn8quwv5qa","previousOperationId":"gm1f1tkdsdnnrzb"}
{"type":"log","timestamp":1725129620437,"level":"info","message":"Rendering anonymous template { recipe: html, engine: handlebars }","meta":{"rootId":"0ijnqfsur899ujq","id":"g9or3r75aitrf9a"},"id":"pttqzdqkwn46xrg","previousOperationId":"gm1f1tkdsdnnrzb"}
{"type":"log","timestamp":1725129620437,"level":"debug","message":"Inline data specified.","meta":{"rootId":"0ijnqfsur899ujq","id":"g9or3r75aitrf9a"},"id":"2dx1359jql1yat2","previousOperationId":"gm1f1tkdsdnnrzb"}
{"type":"log","timestamp":1725129620442,"level":"debug","message":"Base url not specified, skipping its injection.","meta":{"rootId":"0ijnqfsur899ujq","id":"g9or3r75aitrf9a"},"id":"ae9f0wdfivgjvn9","previousOperationId":"gm1f1tkdsdnnrzb"}
{"type":"operationStart","subtype":"engine","name":"handlebars","timestamp":1725129620442,"id":"u5qz0ljx7bva3w8","previousEventId":"whh9zszv070fvcx","operationId":"b0nqgrtfxl56awb","previousOperationId":"gm1f1tkdsdnnrzb"}
{"type":"log","timestamp":1725129620442,"level":"debug","message":"Rendering engine handlebars","meta":{"rootId":"0ijnqfsur899ujq","id":"g9or3r75aitrf9a"},"id":"b0mb7wrvgxn9gx5","previousOperationId":"b0nqgrtfxl56awb"}
{"type":"operationEnd","operationId":"b0nqgrtfxl56awb","timestamp":1725129620527,"id":"ut3fp1m9xl3p426","previousEventId":"u5qz0ljx7bva3w8","previousOperationId":"b0nqgrtfxl56awb"}
{"type":"operationStart","subtype":"recipe","name":"html","timestamp":1725129620528,"id":"tvizbbr9u6ker5p","previousEventId":"ut3fp1m9xl3p426","operationId":"atqh3t3gys03ru5","previousOperationId":"b0nqgrtfxl56awb"}
{"type":"log","timestamp":1725129620528,"level":"debug","message":"Executing recipe html","meta":{"rootId":"0ijnqfsur899ujq","id":"g9or3r75aitrf9a"},"id":"k51285i5e2tw43u","previousOperationId":"atqh3t3gys03ru5"}
{"type":"operationEnd","operationId":"atqh3t3gys03ru5","timestamp":1725129620528,"id":"urkzvoe62ygza6t","previousEventId":"tvizbbr9u6ker5p","previousOperationId":"atqh3t3gys03ru5"}
{"type":"log","timestamp":1725129620529,"level":"debug","message":"Skipping storing report.","meta":{"rootId":"0ijnqfsur899ujq","id":"g9or3r75aitrf9a"},"id":"waycvg8g9no5jrw","previousOperationId":"atqh3t3gys03ru5"}
{"type":"log","timestamp":1725129620529,"level":"info","message":"Rendering (child) request finished in 472 ms","meta":{"rootId":"0ijnqfsur899ujq","id":"g9or3r75aitrf9a"},"id":"epljy3yj9150wc2","previousOperationId":"atqh3t3gys03ru5"}
{"type":"operationEnd","subtype":"render","operationId":"gm1f1tkdsdnnrzb","timestamp":1725129620529,"id":"q2ignrqo98l7mcf","previousEventId":"urkzvoe62ygza6t","previousOperationId":"atqh3t3gys03ru5"}
{"type":"log","timestamp":1725129620598,"level":"debug","message":"xlsx successfully zipped","meta":{"rootId":"0ijnqfsur899ujq","id":"0ijnqfsur899ujq"},"id":"hacbfmbntji1epn","previousOperationId":"68x2i1axpp4xy2s"}
{"type":"log","timestamp":1725129620598,"level":"info","message":"xlsx generation was finished","meta":{"rootId":"0ijnqfsur899ujq","id":"0ijnqfsur899ujq"},"id":"0dmbhc6ee8fcg0g","previousOperationId":"68x2i1axpp4xy2s"}
{"type":"log","timestamp":1725129620600,"level":"info","message":"xlsx transformation is starting","meta":{"rootId":"0ijnqfsur899ujq","id":"0ijnqfsur899ujq"},"id":"cnkdivsy9ubdhsj","previousOperationId":"68x2i1axpp4xy2s"}
{"type":"log","timestamp":1725129620666,"level":"debug","message":"Parsing xlsx content","meta":{"rootId":"0ijnqfsur899ujq","id":"0ijnqfsur899ujq"},"id":"m28wurc3o0us0gy","previousOperationId":"68x2i1axpp4xy2s"}
{"type":"log","timestamp":1725129620695,"level":"debug","message":"Successfully zipped now.","meta":{"rootId":"0ijnqfsur899ujq","id":"0ijnqfsur899ujq"},"id":"fpj0cdmpqk9sykl","previousOperationId":"68x2i1axpp4xy2s"}
{"type":"log","timestamp":1725129620695,"level":"info","message":"xlsx transformation was finished","meta":{"rootId":"0ijnqfsur899ujq","id":"0ijnqfsur899ujq"},"id":"wdv368qk0yms7e5","previousOperationId":"68x2i1axpp4xy2s"}
{"type":"operationEnd","operationId":"68x2i1axpp4xy2s","timestamp":1725129620710,"id":"s8ox0vnwhesnw66","previousEventId":"k1xc3l6rjkwvkhq","previousOperationId":"68x2i1axpp4xy2s"}
{"type":"log","timestamp":1725129620710,"level":"debug","message":"Skipping storing report.","meta":{"rootId":"0ijnqfsur899ujq","id":"0ijnqfsur899ujq"},"id":"yh3fbc4865c0tw8","previousOperationId":"68x2i1axpp4xy2s"}
{"type":"log","timestamp":1725129620710,"level":"info","message":"Rendering request 2 finished in 653 ms","meta":{"rootId":"0ijnqfsur899ujq","id":"0ijnqfsur899ujq"},"id":"728shku08s3ms24","previousOperationId":"68x2i1axpp4xy2s"}
{"type":"operationEnd","subtype":"render","operationId":"wssng5y6xcyhwqz","timestamp":1725129620710,"id":"4l64c9eos1qxm2p","previousEventId":"s8ox0vnwhesnw66","previousOperationId":"68x2i1axpp4xy2s"}
{"type":"operationEnd","doDiffs":false,"previousEventId":"a9xqv9l702i3l6j","previousOperationId":"48iv3m595l5ar3n","operationId":"48iv3m595l5ar3n","timestamp":1725129620712,"id":"12z15z63dce9rat"}
