{"type":"operationStart","subtype":"profile","data":{"_id":"Uh5OuVIySGCsNtbm","timestamp":"2024-08-05T16:34:49.531Z","state":"queued","mode":"standard","creationDate":"2024-08-05T16:34:49.531Z","modificationDate":"2024-08-05T16:34:49.531Z","shortid":"vcccLtO","inheritedReadPermissions":[],"inheritedEditPermissions":[],"$entitySet":"profiles"},"doDiffs":false,"timestamp":1722875689531,"id":"9dmnveoipzmm2qq","previousOperationId":null,"operationId":"w7m3k44ruawo9t7"}
{"type":"log","level":"info","message":"Render request 28 queued for execution and waiting for available worker","previousOperationId":"w7m3k44ruawo9t7","timestamp":1722875689531,"id":"f2kegcpk8b7wdq9"}
{"type":"operationStart","subtype":"render","name":"modules","previousOperationId":"w7m3k44ruawo9t7","timestamp":1722875689561,"id":"6q6sm34is47pavw","previousEventId":"9dmnveoipzmm2qq","operationId":"o3grrfnimp7b37k"}
{"type":"log","timestamp":1722875689561,"level":"info","message":"Starting rendering request 28 (user: admin)","meta":{"rootId":"2ngh7u821xmbfmt","id":"2ngh7u821xmbfmt"},"id":"9rdxxmauvhme9bn","previousOperationId":"o3grrfnimp7b37k"}
{"type":"log","timestamp":1722875689561,"level":"info","message":"Rendering template { name: modules, recipe: xlsx, engine: handlebars, preview: true }","meta":{"rootId":"2ngh7u821xmbfmt","id":"2ngh7u821xmbfmt"},"id":"5kcktxs6ajs9d05","previousOperationId":"o3grrfnimp7b37k"}
{"type":"log","timestamp":1722875689561,"level":"debug","message":"Inline data specified.","meta":{"rootId":"2ngh7u821xmbfmt","id":"2ngh7u821xmbfmt"},"id":"rpya5ezqw55jl99","previousOperationId":"o3grrfnimp7b37k"}
{"type":"log","timestamp":1722875689562,"level":"debug","message":"Base url not specified, skipping its injection.","meta":{"rootId":"2ngh7u821xmbfmt","id":"2ngh7u821xmbfmt"},"id":"lxqlzftupjtpoym","previousOperationId":"o3grrfnimp7b37k"}
{"type":"operationStart","subtype":"engine","name":"handlebars","timestamp":1722875689562,"id":"h7st8cg2gglvkpc","previousEventId":"6q6sm34is47pavw","operationId":"gsk20rsc0dlbjf3","previousOperationId":"o3grrfnimp7b37k"}
{"type":"log","timestamp":1722875689562,"level":"debug","message":"Rendering engine handlebars","meta":{"rootId":"2ngh7u821xmbfmt","id":"2ngh7u821xmbfmt"},"id":"7jyk5h8vci1xrfk","previousOperationId":"gsk20rsc0dlbjf3"}
{"type":"operationEnd","operationId":"gsk20rsc0dlbjf3","timestamp":1722875689574,"id":"eqw12myrbt9i7v1","previousEventId":"h7st8cg2gglvkpc","previousOperationId":"gsk20rsc0dlbjf3"}
{"type":"operationStart","subtype":"recipe","name":"xlsx","timestamp":1722875689574,"id":"1jl53oua6o5sdgm","previousEventId":"eqw12myrbt9i7v1","operationId":"umthb98kluhcixa","previousOperationId":"gsk20rsc0dlbjf3"}
{"type":"log","timestamp":1722875689574,"level":"debug","message":"Executing recipe xlsx","meta":{"rootId":"2ngh7u821xmbfmt","id":"2ngh7u821xmbfmt"},"id":"qa92w4mkqmway6f","previousOperationId":"umthb98kluhcixa"}
{"type":"log","timestamp":1722875689575,"level":"info","message":"xlsx generation is starting","meta":{"rootId":"2ngh7u821xmbfmt","id":"2ngh7u821xmbfmt"},"id":"wgteqcwhpsumdl3","previousOperationId":"umthb98kluhcixa"}
{"type":"log","timestamp":1722875689597,"level":"debug","message":"Starting child request to render xlsx dynamic parts for generation step","meta":{"rootId":"2ngh7u821xmbfmt","id":"2ngh7u821xmbfmt"},"id":"h7njrgjsrzxchgj","previousOperationId":"umthb98kluhcixa"}
{"type":"operationStart","subtype":"render","name":"anonymous","previousOperationId":"umthb98kluhcixa","timestamp":1722875689597,"id":"6aypaiolaqajroa","previousEventId":"1jl53oua6o5sdgm","operationId":"xiogx1lr689zl4v"}
{"type":"log","timestamp":1722875689597,"level":"info","message":"Starting rendering (child) request (user: admin)","meta":{"rootId":"2ngh7u821xmbfmt","id":"bk38jzlvqkr28ok"},"id":"z84xvcwgh23iktg","previousOperationId":"xiogx1lr689zl4v"}
{"type":"log","timestamp":1722875689597,"level":"info","message":"Rendering anonymous template { recipe: html, engine: handlebars }","meta":{"rootId":"2ngh7u821xmbfmt","id":"bk38jzlvqkr28ok"},"id":"h0warp4w1lj6utw","previousOperationId":"xiogx1lr689zl4v"}
{"type":"log","timestamp":1722875689597,"level":"debug","message":"Inline data specified.","meta":{"rootId":"2ngh7u821xmbfmt","id":"bk38jzlvqkr28ok"},"id":"f1ceutikiprvlzs","previousOperationId":"xiogx1lr689zl4v"}
{"type":"log","timestamp":1722875689598,"level":"debug","message":"Base url not specified, skipping its injection.","meta":{"rootId":"2ngh7u821xmbfmt","id":"bk38jzlvqkr28ok"},"id":"ogi3uwtvkmeo10z","previousOperationId":"xiogx1lr689zl4v"}
{"type":"operationStart","subtype":"engine","name":"handlebars","timestamp":1722875689598,"id":"s5qbvn4o9mf72yc","previousEventId":"6aypaiolaqajroa","operationId":"eobphbeor4zhoh0","previousOperationId":"xiogx1lr689zl4v"}
{"type":"log","timestamp":1722875689598,"level":"debug","message":"Rendering engine handlebars","meta":{"rootId":"2ngh7u821xmbfmt","id":"bk38jzlvqkr28ok"},"id":"4gsm0bq4wco20tc","previousOperationId":"eobphbeor4zhoh0"}
{"type":"operationEnd","operationId":"eobphbeor4zhoh0","timestamp":1722875689637,"id":"nvw4it6ol2cqef0","previousEventId":"s5qbvn4o9mf72yc","previousOperationId":"eobphbeor4zhoh0"}
{"type":"operationStart","subtype":"recipe","name":"html","timestamp":1722875689637,"id":"yzkqn0j8istlrvi","previousEventId":"nvw4it6ol2cqef0","operationId":"dqlll571241naqw","previousOperationId":"eobphbeor4zhoh0"}
{"type":"log","timestamp":1722875689637,"level":"debug","message":"Executing recipe html","meta":{"rootId":"2ngh7u821xmbfmt","id":"bk38jzlvqkr28ok"},"id":"yhfn6i3q2lty8am","previousOperationId":"dqlll571241naqw"}
{"type":"operationEnd","operationId":"dqlll571241naqw","timestamp":1722875689637,"id":"qgn7qj7swkpj2c4","previousEventId":"yzkqn0j8istlrvi","previousOperationId":"dqlll571241naqw"}
{"type":"log","timestamp":1722875689637,"level":"debug","message":"Skipping storing report.","meta":{"rootId":"2ngh7u821xmbfmt","id":"bk38jzlvqkr28ok"},"id":"smyn4tgvh61ocgv","previousOperationId":"dqlll571241naqw"}
{"type":"log","timestamp":1722875689637,"level":"info","message":"Rendering (child) request finished in 107 ms","meta":{"rootId":"2ngh7u821xmbfmt","id":"bk38jzlvqkr28ok"},"id":"ysvxiw64aukr0l3","previousOperationId":"dqlll571241naqw"}
{"type":"operationEnd","subtype":"render","operationId":"xiogx1lr689zl4v","timestamp":1722875689637,"id":"p4j3mzqeafm8nqb","previousEventId":"qgn7qj7swkpj2c4","previousOperationId":"dqlll571241naqw"}
{"type":"log","timestamp":1722875689664,"level":"debug","message":"xlsx successfully zipped","meta":{"rootId":"2ngh7u821xmbfmt","id":"2ngh7u821xmbfmt"},"id":"6r7wqg7tr432q0i","previousOperationId":"umthb98kluhcixa"}
{"type":"log","timestamp":1722875689664,"level":"info","message":"xlsx generation was finished","meta":{"rootId":"2ngh7u821xmbfmt","id":"2ngh7u821xmbfmt"},"id":"av5wqlwl6b9ls58","previousOperationId":"umthb98kluhcixa"}
{"type":"log","timestamp":1722875689664,"level":"info","message":"xlsx transformation is starting","meta":{"rootId":"2ngh7u821xmbfmt","id":"2ngh7u821xmbfmt"},"id":"1kgletonemevfgi","previousOperationId":"umthb98kluhcixa"}
{"type":"log","timestamp":1722875689692,"level":"debug","message":"Parsing xlsx content","meta":{"rootId":"2ngh7u821xmbfmt","id":"2ngh7u821xmbfmt"},"id":"383tncp94aipsul","previousOperationId":"umthb98kluhcixa"}
{"type":"log","timestamp":1722875689729,"level":"debug","message":"Successfully zipped now.","meta":{"rootId":"2ngh7u821xmbfmt","id":"2ngh7u821xmbfmt"},"id":"104kayjpqt2vi4e","previousOperationId":"umthb98kluhcixa"}
{"type":"log","timestamp":1722875689729,"level":"info","message":"xlsx transformation was finished","meta":{"rootId":"2ngh7u821xmbfmt","id":"2ngh7u821xmbfmt"},"id":"8kw28zohducxj8o","previousOperationId":"umthb98kluhcixa"}
{"type":"log","timestamp":1722875689729,"level":"debug","message":"preparing office preview","meta":{"rootId":"2ngh7u821xmbfmt","id":"2ngh7u821xmbfmt"},"id":"0yegbs5hxb8jtci","previousOperationId":"umthb98kluhcixa"}
{"type":"operationEnd","operationId":"umthb98kluhcixa","timestamp":1722875690407,"id":"5w3uh11wb7zagxg","previousEventId":"1jl53oua6o5sdgm","previousOperationId":"umthb98kluhcixa"}
{"type":"log","timestamp":1722875690407,"level":"debug","message":"Skipping storing report.","meta":{"rootId":"2ngh7u821xmbfmt","id":"2ngh7u821xmbfmt"},"id":"z43p7bry7id8433","previousOperationId":"umthb98kluhcixa"}
{"type":"log","timestamp":1722875690407,"level":"info","message":"Rendering request 28 finished in 877 ms","meta":{"rootId":"2ngh7u821xmbfmt","id":"2ngh7u821xmbfmt"},"id":"cxxxkiu6fkg90tl","previousOperationId":"umthb98kluhcixa"}
{"type":"operationEnd","subtype":"render","operationId":"o3grrfnimp7b37k","timestamp":1722875690407,"id":"eaknkolvpicvcrb","previousEventId":"5w3uh11wb7zagxg","previousOperationId":"umthb98kluhcixa"}
{"type":"operationEnd","doDiffs":false,"previousEventId":"9dmnveoipzmm2qq","previousOperationId":"w7m3k44ruawo9t7","operationId":"w7m3k44ruawo9t7","timestamp":1722875690409,"id":"zbf7tw39gzxooz0"}
