{"type":"operationStart","subtype":"profile","data":{"_id":"RgfwQzRBZWfOSsHS","timestamp":"2024-08-31T18:52:33.210Z","state":"queued","mode":"standard","creationDate":"2024-08-31T18:52:33.211Z","modificationDate":"2024-08-31T18:52:33.211Z","shortid":"o4w5Euc","inheritedReadPermissions":[],"inheritedEditPermissions":[],"$entitySet":"profiles"},"doDiffs":false,"timestamp":1725130353210,"id":"p8hqsvth1k2qxvf","previousOperationId":null,"operationId":"q37ml1hq65pv6pb"}
{"type":"log","level":"info","message":"Render request 4 queued for execution and waiting for available worker","previousOperationId":"q37ml1hq65pv6pb","timestamp":1725130353210,"id":"spspy5meu2wn5n2"}
{"type":"operationStart","subtype":"render","name":"modules","previousOperationId":"q37ml1hq65pv6pb","timestamp":1725130353244,"id":"3lsccdzhdr3gvl5","previousEventId":"p8hqsvth1k2qxvf","operationId":"zdmwfwczvl5zaa1"}
{"type":"log","timestamp":1725130353244,"level":"info","message":"Starting rendering request 4 (user: admin)","meta":{"rootId":"3xxui5w68eotpyx","id":"3xxui5w68eotpyx"},"id":"w4khn5r7j9p0ghk","previousOperationId":"zdmwfwczvl5zaa1"}
{"type":"log","timestamp":1725130353244,"level":"info","message":"Rendering template { name: modules, recipe: xlsx, engine: handlebars, preview: true }","meta":{"rootId":"3xxui5w68eotpyx","id":"3xxui5w68eotpyx"},"id":"y61hp467ed1xl82","previousOperationId":"zdmwfwczvl5zaa1"}
{"type":"log","timestamp":1725130353245,"level":"debug","message":"Adding sample data zpoVsW4fC","meta":{"rootId":"3xxui5w68eotpyx","id":"3xxui5w68eotpyx"},"id":"596i59kqlvbkon8","previousOperationId":"zdmwfwczvl5zaa1"}
{"type":"log","timestamp":1725130353246,"level":"debug","message":"Base url not specified, skipping its injection.","meta":{"rootId":"3xxui5w68eotpyx","id":"3xxui5w68eotpyx"},"id":"5ndhril3n4ys2br","previousOperationId":"zdmwfwczvl5zaa1"}
{"type":"operationStart","subtype":"engine","name":"handlebars","timestamp":1725130353246,"id":"xmxkcuc1bf1sxr2","previousEventId":"3lsccdzhdr3gvl5","operationId":"94y6e5opeb0ro6f","previousOperationId":"zdmwfwczvl5zaa1"}
{"type":"log","timestamp":1725130353246,"level":"debug","message":"Rendering engine handlebars","meta":{"rootId":"3xxui5w68eotpyx","id":"3xxui5w68eotpyx"},"id":"bk8rsd0nsm58elu","previousOperationId":"94y6e5opeb0ro6f"}
{"type":"operationEnd","operationId":"94y6e5opeb0ro6f","timestamp":1725130353252,"id":"etyfdjscx9rev14","previousEventId":"xmxkcuc1bf1sxr2","previousOperationId":"94y6e5opeb0ro6f"}
{"type":"operationStart","subtype":"recipe","name":"xlsx","timestamp":1725130353252,"id":"56137vo28qk4bqq","previousEventId":"etyfdjscx9rev14","operationId":"8of78fm8nre7b2i","previousOperationId":"94y6e5opeb0ro6f"}
{"type":"log","timestamp":1725130353252,"level":"debug","message":"Executing recipe xlsx","meta":{"rootId":"3xxui5w68eotpyx","id":"3xxui5w68eotpyx"},"id":"4ript7o3nh3gy03","previousOperationId":"8of78fm8nre7b2i"}
{"type":"log","timestamp":1725130353253,"level":"info","message":"xlsx generation is starting","meta":{"rootId":"3xxui5w68eotpyx","id":"3xxui5w68eotpyx"},"id":"mu6vnkkidi8rgyo","previousOperationId":"8of78fm8nre7b2i"}
{"type":"log","timestamp":1725130353284,"level":"debug","message":"Starting child request to render xlsx dynamic parts for generation step","meta":{"rootId":"3xxui5w68eotpyx","id":"3xxui5w68eotpyx"},"id":"syzcctfo3y3jfxg","previousOperationId":"8of78fm8nre7b2i"}
{"type":"operationStart","subtype":"render","name":"anonymous","previousOperationId":"8of78fm8nre7b2i","timestamp":1725130353284,"id":"ot5l4xq0of66j4s","previousEventId":"56137vo28qk4bqq","operationId":"9jf6squ4ccprmbi"}
{"type":"log","timestamp":1725130353284,"level":"info","message":"Starting rendering (child) request (user: admin)","meta":{"rootId":"3xxui5w68eotpyx","id":"ugyzoo6mcxr3ywc"},"id":"upuvz51nx43skfo","previousOperationId":"9jf6squ4ccprmbi"}
{"type":"log","timestamp":1725130353284,"level":"info","message":"Rendering anonymous template { recipe: html, engine: handlebars }","meta":{"rootId":"3xxui5w68eotpyx","id":"ugyzoo6mcxr3ywc"},"id":"rtc026b9qvnom46","previousOperationId":"9jf6squ4ccprmbi"}
{"type":"log","timestamp":1725130353284,"level":"debug","message":"Inline data specified.","meta":{"rootId":"3xxui5w68eotpyx","id":"ugyzoo6mcxr3ywc"},"id":"hrb25nb9wy51q2t","previousOperationId":"9jf6squ4ccprmbi"}
{"type":"log","timestamp":1725130353285,"level":"debug","message":"Base url not specified, skipping its injection.","meta":{"rootId":"3xxui5w68eotpyx","id":"ugyzoo6mcxr3ywc"},"id":"cpy9y9te3ui7jzb","previousOperationId":"9jf6squ4ccprmbi"}
{"type":"operationStart","subtype":"engine","name":"handlebars","timestamp":1725130353285,"id":"isljk0yv9ebzz1f","previousEventId":"ot5l4xq0of66j4s","operationId":"hq5blmw0wr8xl29","previousOperationId":"9jf6squ4ccprmbi"}
{"type":"log","timestamp":1725130353285,"level":"debug","message":"Rendering engine handlebars","meta":{"rootId":"3xxui5w68eotpyx","id":"ugyzoo6mcxr3ywc"},"id":"mhsj29ymji1kyc1","previousOperationId":"hq5blmw0wr8xl29"}
{"type":"operationEnd","operationId":"hq5blmw0wr8xl29","timestamp":1725130353390,"id":"sn5waul5c9gn437","previousEventId":"isljk0yv9ebzz1f","previousOperationId":"hq5blmw0wr8xl29"}
{"type":"operationStart","subtype":"recipe","name":"html","timestamp":1725130353391,"id":"nhwpq1e8or6hznt","previousEventId":"sn5waul5c9gn437","operationId":"q4txg17cixgy6mb","previousOperationId":"hq5blmw0wr8xl29"}
{"type":"log","timestamp":1725130353391,"level":"debug","message":"Executing recipe html","meta":{"rootId":"3xxui5w68eotpyx","id":"ugyzoo6mcxr3ywc"},"id":"8250ou0bb4r3fw2","previousOperationId":"q4txg17cixgy6mb"}
{"type":"operationEnd","operationId":"q4txg17cixgy6mb","timestamp":1725130353391,"id":"fnih2215r8j8w4u","previousEventId":"nhwpq1e8or6hznt","previousOperationId":"q4txg17cixgy6mb"}
{"type":"log","timestamp":1725130353391,"level":"debug","message":"Skipping storing report.","meta":{"rootId":"3xxui5w68eotpyx","id":"ugyzoo6mcxr3ywc"},"id":"6mwn5owzeazau5z","previousOperationId":"q4txg17cixgy6mb"}
{"type":"log","timestamp":1725130353391,"level":"info","message":"Rendering (child) request finished in 182 ms","meta":{"rootId":"3xxui5w68eotpyx","id":"ugyzoo6mcxr3ywc"},"id":"x6xqyeetyrx2xhw","previousOperationId":"q4txg17cixgy6mb"}
{"type":"operationEnd","subtype":"render","operationId":"9jf6squ4ccprmbi","timestamp":1725130353391,"id":"kdy99ahsg8649lg","previousEventId":"fnih2215r8j8w4u","previousOperationId":"q4txg17cixgy6mb"}
{"type":"log","timestamp":1725130353434,"level":"debug","message":"xlsx successfully zipped","meta":{"rootId":"3xxui5w68eotpyx","id":"3xxui5w68eotpyx"},"id":"ixceq8gmmsn1bs1","previousOperationId":"8of78fm8nre7b2i"}
{"type":"log","timestamp":1725130353434,"level":"info","message":"xlsx generation was finished","meta":{"rootId":"3xxui5w68eotpyx","id":"3xxui5w68eotpyx"},"id":"cuasfueffm0lmrj","previousOperationId":"8of78fm8nre7b2i"}
{"type":"log","timestamp":1725130353434,"level":"info","message":"xlsx transformation is starting","meta":{"rootId":"3xxui5w68eotpyx","id":"3xxui5w68eotpyx"},"id":"jivyp3a21la38sz","previousOperationId":"8of78fm8nre7b2i"}
{"type":"log","timestamp":1725130353504,"level":"debug","message":"Parsing xlsx content","meta":{"rootId":"3xxui5w68eotpyx","id":"3xxui5w68eotpyx"},"id":"lihtu5mnq3gp4s1","previousOperationId":"8of78fm8nre7b2i"}
{"type":"log","timestamp":1725130353532,"level":"debug","message":"Successfully zipped now.","meta":{"rootId":"3xxui5w68eotpyx","id":"3xxui5w68eotpyx"},"id":"dgug1jc7zveu16a","previousOperationId":"8of78fm8nre7b2i"}
{"type":"log","timestamp":1725130353532,"level":"info","message":"xlsx transformation was finished","meta":{"rootId":"3xxui5w68eotpyx","id":"3xxui5w68eotpyx"},"id":"85owddnyirfc33u","previousOperationId":"8of78fm8nre7b2i"}
{"type":"log","timestamp":1725130353533,"level":"debug","message":"preparing office preview","meta":{"rootId":"3xxui5w68eotpyx","id":"3xxui5w68eotpyx"},"id":"0h99ykfmod2vx26","previousOperationId":"8of78fm8nre7b2i"}
{"type":"operationEnd","operationId":"8of78fm8nre7b2i","timestamp":1725130354248,"id":"lfla3d1ilk9dr3b","previousEventId":"56137vo28qk4bqq","previousOperationId":"8of78fm8nre7b2i"}
{"type":"log","timestamp":1725130354248,"level":"debug","message":"Skipping storing report.","meta":{"rootId":"3xxui5w68eotpyx","id":"3xxui5w68eotpyx"},"id":"ql3w3oya4zhbv5h","previousOperationId":"8of78fm8nre7b2i"}
{"type":"log","timestamp":1725130354248,"level":"info","message":"Rendering request 4 finished in 1039 ms","meta":{"rootId":"3xxui5w68eotpyx","id":"3xxui5w68eotpyx"},"id":"kom30rl44phdf8n","previousOperationId":"8of78fm8nre7b2i"}
{"type":"operationEnd","subtype":"render","operationId":"zdmwfwczvl5zaa1","timestamp":1725130354248,"id":"stji5spg08d4mkg","previousEventId":"lfla3d1ilk9dr3b","previousOperationId":"8of78fm8nre7b2i"}
{"type":"operationEnd","doDiffs":false,"previousEventId":"p8hqsvth1k2qxvf","previousOperationId":"q37ml1hq65pv6pb","operationId":"q37ml1hq65pv6pb","timestamp":1725130354251,"id":"npohnoj0kofjc0i"}
