{"type":"operationStart","subtype":"profile","data":{"_id":"DWHNz1CqVZR6U6me","timestamp":"2024-08-05T17:15:40.220Z","state":"queued","mode":"standard","creationDate":"2024-08-05T17:15:40.221Z","modificationDate":"2024-08-05T17:15:40.221Z","shortid":"JqrjJYI","inheritedReadPermissions":[],"inheritedEditPermissions":[],"$entitySet":"profiles"},"doDiffs":false,"timestamp":1722878140220,"id":"6lpz7dkhu33jt9g","previousOperationId":null,"operationId":"sriz863ll0z0rh6"}
{"type":"log","level":"info","message":"Render request 55 queued for execution and waiting for available worker","previousOperationId":"sriz863ll0z0rh6","timestamp":1722878140220,"id":"wdgc4b0rhrm3uh7"}
{"type":"operationStart","subtype":"render","name":"modules","previousOperationId":"sriz863ll0z0rh6","timestamp":1722878140257,"id":"m5gcu87cezu48e2","previousEventId":"6lpz7dkhu33jt9g","operationId":"cfmlvfxf018r9f7"}
{"type":"log","timestamp":1722878140257,"level":"info","message":"Starting rendering request 55 (user: admin)","meta":{"rootId":"4ujgg144t7iqgn7","id":"4ujgg144t7iqgn7"},"id":"2stwtp52wr5nn6a","previousOperationId":"cfmlvfxf018r9f7"}
{"type":"log","timestamp":1722878140257,"level":"info","message":"Rendering template { name: modules, recipe: xlsx, engine: handlebars, preview: false }","meta":{"rootId":"4ujgg144t7iqgn7","id":"4ujgg144t7iqgn7"},"id":"ipday4mhw96nfeu","previousOperationId":"cfmlvfxf018r9f7"}
{"type":"log","timestamp":1722878140257,"level":"debug","message":"Inline data specified.","meta":{"rootId":"4ujgg144t7iqgn7","id":"4ujgg144t7iqgn7"},"id":"ot0d9yyhbhse2ks","previousOperationId":"cfmlvfxf018r9f7"}
{"type":"log","timestamp":1722878140260,"level":"debug","message":"Base url not specified, skipping its injection.","meta":{"rootId":"4ujgg144t7iqgn7","id":"4ujgg144t7iqgn7"},"id":"hnvwdasrc0be8pj","previousOperationId":"cfmlvfxf018r9f7"}
{"type":"operationStart","subtype":"engine","name":"handlebars","timestamp":1722878140260,"id":"lofaajadf2cbf9v","previousEventId":"m5gcu87cezu48e2","operationId":"wt30cjbbkzi3wft","previousOperationId":"cfmlvfxf018r9f7"}
{"type":"log","timestamp":1722878140260,"level":"debug","message":"Rendering engine handlebars","meta":{"rootId":"4ujgg144t7iqgn7","id":"4ujgg144t7iqgn7"},"id":"42w44m395dda423","previousOperationId":"wt30cjbbkzi3wft"}
{"type":"operationEnd","operationId":"wt30cjbbkzi3wft","timestamp":1722878140271,"id":"0q3025gczgsjcs2","previousEventId":"lofaajadf2cbf9v","previousOperationId":"wt30cjbbkzi3wft"}
{"type":"operationStart","subtype":"recipe","name":"xlsx","timestamp":1722878140271,"id":"1jbhovwz0jr9e9z","previousEventId":"0q3025gczgsjcs2","operationId":"bauewz39gzrpd98","previousOperationId":"wt30cjbbkzi3wft"}
{"type":"log","timestamp":1722878140271,"level":"debug","message":"Executing recipe xlsx","meta":{"rootId":"4ujgg144t7iqgn7","id":"4ujgg144t7iqgn7"},"id":"did66g5unmswmz6","previousOperationId":"bauewz39gzrpd98"}
{"type":"log","timestamp":1722878140272,"level":"info","message":"xlsx generation is starting","meta":{"rootId":"4ujgg144t7iqgn7","id":"4ujgg144t7iqgn7"},"id":"4jdlbl2hpb1xly9","previousOperationId":"bauewz39gzrpd98"}
{"type":"log","timestamp":1722878140303,"level":"debug","message":"Starting child request to render xlsx dynamic parts for generation step","meta":{"rootId":"4ujgg144t7iqgn7","id":"4ujgg144t7iqgn7"},"id":"zkurjhy1mcd19jd","previousOperationId":"bauewz39gzrpd98"}
{"type":"operationStart","subtype":"render","name":"anonymous","previousOperationId":"bauewz39gzrpd98","timestamp":1722878140303,"id":"n86ojy2hznaboom","previousEventId":"1jbhovwz0jr9e9z","operationId":"0y0f78737i6qnnm"}
{"type":"log","timestamp":1722878140304,"level":"info","message":"Starting rendering (child) request (user: admin)","meta":{"rootId":"4ujgg144t7iqgn7","id":"2nal7ftgijeshez"},"id":"yf2n31htwjdaa8z","previousOperationId":"0y0f78737i6qnnm"}
{"type":"log","timestamp":1722878140304,"level":"info","message":"Rendering anonymous template { recipe: html, engine: handlebars }","meta":{"rootId":"4ujgg144t7iqgn7","id":"2nal7ftgijeshez"},"id":"tt72h0xaj8fq1oj","previousOperationId":"0y0f78737i6qnnm"}
{"type":"log","timestamp":1722878140304,"level":"debug","message":"Inline data specified.","meta":{"rootId":"4ujgg144t7iqgn7","id":"2nal7ftgijeshez"},"id":"02w1q50e4714yjo","previousOperationId":"0y0f78737i6qnnm"}
{"type":"log","timestamp":1722878140305,"level":"debug","message":"Base url not specified, skipping its injection.","meta":{"rootId":"4ujgg144t7iqgn7","id":"2nal7ftgijeshez"},"id":"zsijnq70mpun1ru","previousOperationId":"0y0f78737i6qnnm"}
{"type":"operationStart","subtype":"engine","name":"handlebars","timestamp":1722878140305,"id":"l6ozsu30280r1de","previousEventId":"n86ojy2hznaboom","operationId":"kpe26exdfpu1lez","previousOperationId":"0y0f78737i6qnnm"}
{"type":"log","timestamp":1722878140305,"level":"debug","message":"Rendering engine handlebars","meta":{"rootId":"4ujgg144t7iqgn7","id":"2nal7ftgijeshez"},"id":"yr3qs4swrbsoix3","previousOperationId":"kpe26exdfpu1lez"}
{"type":"operationEnd","operationId":"kpe26exdfpu1lez","timestamp":1722878140371,"id":"iq5eruxqx2qatg1","previousEventId":"l6ozsu30280r1de","previousOperationId":"kpe26exdfpu1lez"}
{"type":"operationStart","subtype":"recipe","name":"html","timestamp":1722878140372,"id":"bgj47tzgrfvsghr","previousEventId":"iq5eruxqx2qatg1","operationId":"kgim8ho07lwagb9","previousOperationId":"kpe26exdfpu1lez"}
{"type":"log","timestamp":1722878140372,"level":"debug","message":"Executing recipe html","meta":{"rootId":"4ujgg144t7iqgn7","id":"2nal7ftgijeshez"},"id":"i3khhriotzfaulg","previousOperationId":"kgim8ho07lwagb9"}
{"type":"operationEnd","operationId":"kgim8ho07lwagb9","timestamp":1722878140372,"id":"nplowl4o7dklc3g","previousEventId":"bgj47tzgrfvsghr","previousOperationId":"kgim8ho07lwagb9"}
{"type":"log","timestamp":1722878140373,"level":"debug","message":"Skipping storing report.","meta":{"rootId":"4ujgg144t7iqgn7","id":"2nal7ftgijeshez"},"id":"1g7wphmpi5upsph","previousOperationId":"kgim8ho07lwagb9"}
{"type":"log","timestamp":1722878140373,"level":"info","message":"Rendering (child) request finished in 154 ms","meta":{"rootId":"4ujgg144t7iqgn7","id":"2nal7ftgijeshez"},"id":"cxj56x571wmsid8","previousOperationId":"kgim8ho07lwagb9"}
{"type":"operationEnd","subtype":"render","operationId":"0y0f78737i6qnnm","timestamp":1722878140373,"id":"vsfojxbv6hk2z1z","previousEventId":"nplowl4o7dklc3g","previousOperationId":"kgim8ho07lwagb9"}
{"type":"log","timestamp":1722878140420,"level":"debug","message":"xlsx successfully zipped","meta":{"rootId":"4ujgg144t7iqgn7","id":"4ujgg144t7iqgn7"},"id":"ctxnesdnozqygos","previousOperationId":"bauewz39gzrpd98"}
{"type":"log","timestamp":1722878140420,"level":"info","message":"xlsx generation was finished","meta":{"rootId":"4ujgg144t7iqgn7","id":"4ujgg144t7iqgn7"},"id":"16q442zwb5yg9b7","previousOperationId":"bauewz39gzrpd98"}
{"type":"log","timestamp":1722878140420,"level":"info","message":"xlsx transformation is starting","meta":{"rootId":"4ujgg144t7iqgn7","id":"4ujgg144t7iqgn7"},"id":"gehyd1ngvfg19fx","previousOperationId":"bauewz39gzrpd98"}
{"type":"log","timestamp":1722878140461,"level":"debug","message":"Parsing xlsx content","meta":{"rootId":"4ujgg144t7iqgn7","id":"4ujgg144t7iqgn7"},"id":"9hffzivydpy2pjl","previousOperationId":"bauewz39gzrpd98"}
{"type":"log","timestamp":1722878140511,"level":"debug","message":"Successfully zipped now.","meta":{"rootId":"4ujgg144t7iqgn7","id":"4ujgg144t7iqgn7"},"id":"ju5xcq6dbsxvke9","previousOperationId":"bauewz39gzrpd98"}
{"type":"log","timestamp":1722878140511,"level":"info","message":"xlsx transformation was finished","meta":{"rootId":"4ujgg144t7iqgn7","id":"4ujgg144t7iqgn7"},"id":"nqb7zba9z23gl4r","previousOperationId":"bauewz39gzrpd98"}
{"type":"operationEnd","operationId":"bauewz39gzrpd98","timestamp":1722878140511,"id":"6vxfnda0qpuvvz5","previousEventId":"1jbhovwz0jr9e9z","previousOperationId":"bauewz39gzrpd98"}
{"type":"log","timestamp":1722878140511,"level":"debug","message":"Skipping storing report.","meta":{"rootId":"4ujgg144t7iqgn7","id":"4ujgg144t7iqgn7"},"id":"pti58h63e89424w","previousOperationId":"bauewz39gzrpd98"}
{"type":"log","timestamp":1722878140511,"level":"info","message":"Rendering request 55 finished in 292 ms","meta":{"rootId":"4ujgg144t7iqgn7","id":"4ujgg144t7iqgn7"},"id":"pv32hs4vd43wnue","previousOperationId":"bauewz39gzrpd98"}
{"type":"operationEnd","subtype":"render","operationId":"cfmlvfxf018r9f7","timestamp":1722878140511,"id":"fhyxy2719xzjkv2","previousEventId":"6vxfnda0qpuvvz5","previousOperationId":"bauewz39gzrpd98"}
{"type":"operationEnd","doDiffs":false,"previousEventId":"6lpz7dkhu33jt9g","previousOperationId":"sriz863ll0z0rh6","operationId":"sriz863ll0z0rh6","timestamp":1722878140515,"id":"0jjh5jl3ur99c6s"}
