{"type":"operationStart","subtype":"profile","data":{"_id":"nUrGR93WQps3SZQ9","timestamp":"2024-08-07T13:02:26.706Z","state":"queued","mode":"standard","creationDate":"2024-08-07T13:02:26.708Z","modificationDate":"2024-08-07T13:02:26.708Z","shortid":"_OP3v_g","inheritedReadPermissions":[],"inheritedEditPermissions":[],"$entitySet":"profiles"},"doDiffs":false,"timestamp":1723035746706,"id":"6wai18ilg767bjt","previousOperationId":null,"operationId":"mvixnzpjn3rprwn"}
{"type":"log","level":"info","message":"Render request 1 queued for execution and waiting for available worker","previousOperationId":"mvixnzpjn3rprwn","timestamp":1723035746707,"id":"89o225y6g12m94t"}
{"type":"operationStart","subtype":"render","name":"modules","previousOperationId":"mvixnzpjn3rprwn","timestamp":1723035746738,"id":"e9fcy8ru3mzodt2","previousEventId":"6wai18ilg767bjt","operationId":"8lri2awpuuxl8ib"}
{"type":"log","timestamp":1723035746738,"level":"info","message":"Starting rendering request 1 (user: admin)","meta":{"rootId":"55nafz60vqrw2dg","id":"55nafz60vqrw2dg"},"id":"bshz6iu1w1djqxu","previousOperationId":"8lri2awpuuxl8ib"}
{"type":"log","timestamp":1723035746739,"level":"info","message":"Rendering template { name: modules, recipe: xlsx, engine: handlebars, preview: true }","meta":{"rootId":"55nafz60vqrw2dg","id":"55nafz60vqrw2dg"},"id":"sbegb2p8y2vo49b","previousOperationId":"8lri2awpuuxl8ib"}
{"type":"log","timestamp":1723035746740,"level":"debug","message":"Adding sample data zpoVsW4fC","meta":{"rootId":"55nafz60vqrw2dg","id":"55nafz60vqrw2dg"},"id":"bzo1kq774de7ug2","previousOperationId":"8lri2awpuuxl8ib"}
{"type":"log","timestamp":1723035746741,"level":"debug","message":"Base url not specified, skipping its injection.","meta":{"rootId":"55nafz60vqrw2dg","id":"55nafz60vqrw2dg"},"id":"cxaa7uf21apntel","previousOperationId":"8lri2awpuuxl8ib"}
{"type":"operationStart","subtype":"engine","name":"handlebars","timestamp":1723035746742,"id":"rvkwqcy55r7asft","previousEventId":"e9fcy8ru3mzodt2","operationId":"1j1l0d4u5jb2qru","previousOperationId":"8lri2awpuuxl8ib"}
{"type":"log","timestamp":1723035746742,"level":"debug","message":"Rendering engine handlebars","meta":{"rootId":"55nafz60vqrw2dg","id":"55nafz60vqrw2dg"},"id":"p3888jfg70wae3g","previousOperationId":"1j1l0d4u5jb2qru"}
{"type":"operationEnd","operationId":"1j1l0d4u5jb2qru","timestamp":1723035747124,"id":"kj7m7quxsoa5xd0","previousEventId":"rvkwqcy55r7asft","previousOperationId":"1j1l0d4u5jb2qru"}
{"type":"operationStart","subtype":"recipe","name":"xlsx","timestamp":1723035747125,"id":"nfpjdgdgjwbq11b","previousEventId":"kj7m7quxsoa5xd0","operationId":"ggis01pj4741esu","previousOperationId":"1j1l0d4u5jb2qru"}
{"type":"log","timestamp":1723035747125,"level":"debug","message":"Executing recipe xlsx","meta":{"rootId":"55nafz60vqrw2dg","id":"55nafz60vqrw2dg"},"id":"8rj2l8kbqu4wa79","previousOperationId":"ggis01pj4741esu"}
{"type":"log","timestamp":1723035747164,"level":"info","message":"xlsx generation is starting","meta":{"rootId":"55nafz60vqrw2dg","id":"55nafz60vqrw2dg"},"id":"68h1qenbnv8snmc","previousOperationId":"ggis01pj4741esu"}
{"type":"log","timestamp":1723035747213,"level":"debug","message":"Starting child request to render xlsx dynamic parts for generation step","meta":{"rootId":"55nafz60vqrw2dg","id":"55nafz60vqrw2dg"},"id":"oto95d30xne9vli","previousOperationId":"ggis01pj4741esu"}
{"type":"operationStart","subtype":"render","name":"anonymous","previousOperationId":"ggis01pj4741esu","timestamp":1723035747214,"id":"d6kt7uhhelaahc1","previousEventId":"nfpjdgdgjwbq11b","operationId":"l5dsivx7fao86fb"}
{"type":"log","timestamp":1723035747214,"level":"info","message":"Starting rendering (child) request (user: admin)","meta":{"rootId":"55nafz60vqrw2dg","id":"14wfoeuefn5d245"},"id":"u0jz7qvid6yxw5v","previousOperationId":"l5dsivx7fao86fb"}
{"type":"log","timestamp":1723035747214,"level":"info","message":"Rendering anonymous template { recipe: html, engine: handlebars }","meta":{"rootId":"55nafz60vqrw2dg","id":"14wfoeuefn5d245"},"id":"nvkcdg4d3cp9xwt","previousOperationId":"l5dsivx7fao86fb"}
{"type":"log","timestamp":1723035747214,"level":"debug","message":"Inline data specified.","meta":{"rootId":"55nafz60vqrw2dg","id":"14wfoeuefn5d245"},"id":"ujxs61sm9yent7p","previousOperationId":"l5dsivx7fao86fb"}
{"type":"log","timestamp":1723035747215,"level":"debug","message":"Base url not specified, skipping its injection.","meta":{"rootId":"55nafz60vqrw2dg","id":"14wfoeuefn5d245"},"id":"3aqwabq8gvb4oaa","previousOperationId":"l5dsivx7fao86fb"}
{"type":"operationStart","subtype":"engine","name":"handlebars","timestamp":1723035747216,"id":"4390njxr6ugr15s","previousEventId":"d6kt7uhhelaahc1","operationId":"d5rtxr2zbofdbs2","previousOperationId":"l5dsivx7fao86fb"}
{"type":"log","timestamp":1723035747216,"level":"debug","message":"Rendering engine handlebars","meta":{"rootId":"55nafz60vqrw2dg","id":"14wfoeuefn5d245"},"id":"v5b4odncygjkc9j","previousOperationId":"d5rtxr2zbofdbs2"}
{"type":"operationEnd","operationId":"d5rtxr2zbofdbs2","timestamp":1723035747371,"id":"z5fzotzhsoczwy3","previousEventId":"4390njxr6ugr15s","previousOperationId":"d5rtxr2zbofdbs2"}
{"type":"operationStart","subtype":"recipe","name":"html","timestamp":1723035747373,"id":"6qug1qbxpp777wl","previousEventId":"z5fzotzhsoczwy3","operationId":"c8hjifa3qsdyp33","previousOperationId":"d5rtxr2zbofdbs2"}
{"type":"log","timestamp":1723035747373,"level":"debug","message":"Executing recipe html","meta":{"rootId":"55nafz60vqrw2dg","id":"14wfoeuefn5d245"},"id":"6bqwwf4anhfgcql","previousOperationId":"c8hjifa3qsdyp33"}
{"type":"operationEnd","operationId":"c8hjifa3qsdyp33","timestamp":1723035747373,"id":"ri3dcwfscuzdnor","previousEventId":"6qug1qbxpp777wl","previousOperationId":"c8hjifa3qsdyp33"}
{"type":"log","timestamp":1723035747374,"level":"debug","message":"Skipping storing report.","meta":{"rootId":"55nafz60vqrw2dg","id":"14wfoeuefn5d245"},"id":"cbdejlzt6dyid04","previousOperationId":"c8hjifa3qsdyp33"}
{"type":"log","timestamp":1723035747374,"level":"info","message":"Rendering (child) request finished in 669 ms","meta":{"rootId":"55nafz60vqrw2dg","id":"14wfoeuefn5d245"},"id":"ob9qk9c05cx77n8","previousOperationId":"c8hjifa3qsdyp33"}
{"type":"operationEnd","subtype":"render","operationId":"l5dsivx7fao86fb","timestamp":1723035747374,"id":"ughre1agle5vtgx","previousEventId":"ri3dcwfscuzdnor","previousOperationId":"c8hjifa3qsdyp33"}
{"type":"log","timestamp":1723035747526,"level":"debug","message":"xlsx successfully zipped","meta":{"rootId":"55nafz60vqrw2dg","id":"55nafz60vqrw2dg"},"id":"iwbgyf7zbzpsit1","previousOperationId":"ggis01pj4741esu"}
{"type":"log","timestamp":1723035747526,"level":"info","message":"xlsx generation was finished","meta":{"rootId":"55nafz60vqrw2dg","id":"55nafz60vqrw2dg"},"id":"sdk5j2f37s36rxl","previousOperationId":"ggis01pj4741esu"}
{"type":"log","timestamp":1723035747532,"level":"info","message":"xlsx transformation is starting","meta":{"rootId":"55nafz60vqrw2dg","id":"55nafz60vqrw2dg"},"id":"022xcz4xgusryds","previousOperationId":"ggis01pj4741esu"}
{"type":"log","timestamp":1723035747614,"level":"debug","message":"Parsing xlsx content","meta":{"rootId":"55nafz60vqrw2dg","id":"55nafz60vqrw2dg"},"id":"l7dw7zoosil09yh","previousOperationId":"ggis01pj4741esu"}
{"type":"log","timestamp":1723035747659,"level":"debug","message":"Successfully zipped now.","meta":{"rootId":"55nafz60vqrw2dg","id":"55nafz60vqrw2dg"},"id":"kg85vac3takkmal","previousOperationId":"ggis01pj4741esu"}
{"type":"log","timestamp":1723035747659,"level":"info","message":"xlsx transformation was finished","meta":{"rootId":"55nafz60vqrw2dg","id":"55nafz60vqrw2dg"},"id":"dpvwkarokoticpd","previousOperationId":"ggis01pj4741esu"}
{"type":"log","timestamp":1723035747689,"level":"debug","message":"preparing office preview","meta":{"rootId":"55nafz60vqrw2dg","id":"55nafz60vqrw2dg"},"id":"yn0t8lox22kqboa","previousOperationId":"ggis01pj4741esu"}
{"type":"operationEnd","operationId":"ggis01pj4741esu","timestamp":1723035748800,"id":"n1q1veuf65baaif","previousEventId":"nfpjdgdgjwbq11b","previousOperationId":"ggis01pj4741esu"}
{"type":"log","timestamp":1723035748800,"level":"debug","message":"Skipping storing report.","meta":{"rootId":"55nafz60vqrw2dg","id":"55nafz60vqrw2dg"},"id":"mxkr02o168s4s38","previousOperationId":"ggis01pj4741esu"}
{"type":"log","timestamp":1723035748800,"level":"info","message":"Rendering request 1 finished in 2095 ms","meta":{"rootId":"55nafz60vqrw2dg","id":"55nafz60vqrw2dg"},"id":"88m72u5hi2rkvyi","previousOperationId":"ggis01pj4741esu"}
{"type":"operationEnd","subtype":"render","operationId":"8lri2awpuuxl8ib","timestamp":1723035748800,"id":"ssfpmejqvrpkr3z","previousEventId":"n1q1veuf65baaif","previousOperationId":"ggis01pj4741esu"}
{"type":"operationEnd","doDiffs":false,"previousEventId":"6wai18ilg767bjt","previousOperationId":"mvixnzpjn3rprwn","operationId":"mvixnzpjn3rprwn","timestamp":1723035748803,"id":"vqxy0a2ky8mh62m"}
