{"type":"operationStart","subtype":"profile","data":{"_id":"cpT64f1bUcd5YllA","timestamp":"2024-08-31T18:52:12.122Z","state":"queued","mode":"standard","creationDate":"2024-08-31T18:52:12.123Z","modificationDate":"2024-08-31T18:52:12.123Z","shortid":"-mtux5L","inheritedReadPermissions":[],"inheritedEditPermissions":[],"$entitySet":"profiles"},"doDiffs":false,"timestamp":1725130332122,"id":"f7zuuz9amv4wlhg","previousOperationId":null,"operationId":"guceet2y8htthlu"}
{"type":"log","level":"info","message":"Render request 3 queued for execution and waiting for available worker","previousOperationId":"guceet2y8htthlu","timestamp":1725130332122,"id":"tlwgsqe5wilec0m"}
{"type":"operationStart","subtype":"render","name":"modules","previousOperationId":"guceet2y8htthlu","timestamp":1725130332160,"id":"s9mbo65xkinyki0","previousEventId":"f7zuuz9amv4wlhg","operationId":"e8q11443b5lhodu"}
{"type":"log","timestamp":1725130332160,"level":"info","message":"Starting rendering request 3 (user: admin)","meta":{"rootId":"5fmxrfe78a41h95","id":"5fmxrfe78a41h95"},"id":"nht2f44avk3etjn","previousOperationId":"e8q11443b5lhodu"}
{"type":"log","timestamp":1725130332160,"level":"info","message":"Rendering template { name: modules, recipe: xlsx, engine: handlebars, preview: true }","meta":{"rootId":"5fmxrfe78a41h95","id":"5fmxrfe78a41h95"},"id":"76n0b44jxyt4we4","previousOperationId":"e8q11443b5lhodu"}
{"type":"log","timestamp":1725130332160,"level":"debug","message":"Inline data specified.","meta":{"rootId":"5fmxrfe78a41h95","id":"5fmxrfe78a41h95"},"id":"xpfvlxc9oow09av","previousOperationId":"e8q11443b5lhodu"}
{"type":"log","timestamp":1725130332162,"level":"debug","message":"Base url not specified, skipping its injection.","meta":{"rootId":"5fmxrfe78a41h95","id":"5fmxrfe78a41h95"},"id":"acjjdiunalg7ogn","previousOperationId":"e8q11443b5lhodu"}
{"type":"operationStart","subtype":"engine","name":"handlebars","timestamp":1725130332162,"id":"kg3jzx3i095xz9b","previousEventId":"s9mbo65xkinyki0","operationId":"d52ci0bgi62i4ei","previousOperationId":"e8q11443b5lhodu"}
{"type":"log","timestamp":1725130332162,"level":"debug","message":"Rendering engine handlebars","meta":{"rootId":"5fmxrfe78a41h95","id":"5fmxrfe78a41h95"},"id":"1zo6kjeq4yw6vdt","previousOperationId":"d52ci0bgi62i4ei"}
{"type":"operationEnd","operationId":"d52ci0bgi62i4ei","timestamp":1725130332175,"id":"7tv3dy4819j1sit","previousEventId":"kg3jzx3i095xz9b","previousOperationId":"d52ci0bgi62i4ei"}
{"type":"operationStart","subtype":"recipe","name":"xlsx","timestamp":1725130332175,"id":"4krmcjgfleuzerd","previousEventId":"7tv3dy4819j1sit","operationId":"2adm5ghk58uj61y","previousOperationId":"d52ci0bgi62i4ei"}
{"type":"log","timestamp":1725130332175,"level":"debug","message":"Executing recipe xlsx","meta":{"rootId":"5fmxrfe78a41h95","id":"5fmxrfe78a41h95"},"id":"6jrkjx70nauy07r","previousOperationId":"2adm5ghk58uj61y"}
{"type":"log","timestamp":1725130332176,"level":"info","message":"xlsx generation is starting","meta":{"rootId":"5fmxrfe78a41h95","id":"5fmxrfe78a41h95"},"id":"isdzs3ip3ie27nl","previousOperationId":"2adm5ghk58uj61y"}
{"type":"log","timestamp":1725130332223,"level":"debug","message":"Starting child request to render xlsx dynamic parts for generation step","meta":{"rootId":"5fmxrfe78a41h95","id":"5fmxrfe78a41h95"},"id":"oyyc3rrk9i2sqzt","previousOperationId":"2adm5ghk58uj61y"}
{"type":"operationStart","subtype":"render","name":"anonymous","previousOperationId":"2adm5ghk58uj61y","timestamp":1725130332223,"id":"yi21u67fcynueic","previousEventId":"4krmcjgfleuzerd","operationId":"8nljd9c264gg9af"}
{"type":"log","timestamp":1725130332223,"level":"info","message":"Starting rendering (child) request (user: admin)","meta":{"rootId":"5fmxrfe78a41h95","id":"r3gu5czc0lmunl0"},"id":"k1mopp4g7h6m036","previousOperationId":"8nljd9c264gg9af"}
{"type":"log","timestamp":1725130332224,"level":"info","message":"Rendering anonymous template { recipe: html, engine: handlebars }","meta":{"rootId":"5fmxrfe78a41h95","id":"r3gu5czc0lmunl0"},"id":"v96gjirnncoynwc","previousOperationId":"8nljd9c264gg9af"}
{"type":"log","timestamp":1725130332224,"level":"debug","message":"Inline data specified.","meta":{"rootId":"5fmxrfe78a41h95","id":"r3gu5czc0lmunl0"},"id":"5jfypott8y3kz7s","previousOperationId":"8nljd9c264gg9af"}
{"type":"log","timestamp":1725130332226,"level":"debug","message":"Base url not specified, skipping its injection.","meta":{"rootId":"5fmxrfe78a41h95","id":"r3gu5czc0lmunl0"},"id":"qagdky4p61cn2tk","previousOperationId":"8nljd9c264gg9af"}
{"type":"operationStart","subtype":"engine","name":"handlebars","timestamp":1725130332226,"id":"wfb2fa9j6rcjf47","previousEventId":"yi21u67fcynueic","operationId":"wctipe9nvccm9oa","previousOperationId":"8nljd9c264gg9af"}
{"type":"log","timestamp":1725130332226,"level":"debug","message":"Rendering engine handlebars","meta":{"rootId":"5fmxrfe78a41h95","id":"r3gu5czc0lmunl0"},"id":"s5t6vtfnphsi2gn","previousOperationId":"wctipe9nvccm9oa"}
{"type":"operationEnd","operationId":"wctipe9nvccm9oa","timestamp":1725130332362,"id":"oaywzkkv92azks0","previousEventId":"wfb2fa9j6rcjf47","previousOperationId":"wctipe9nvccm9oa"}
{"type":"operationStart","subtype":"recipe","name":"html","timestamp":1725130332364,"id":"elz3xnvejqohaxa","previousEventId":"oaywzkkv92azks0","operationId":"qbeflvz0qhqgj3r","previousOperationId":"wctipe9nvccm9oa"}
{"type":"log","timestamp":1725130332364,"level":"debug","message":"Executing recipe html","meta":{"rootId":"5fmxrfe78a41h95","id":"r3gu5czc0lmunl0"},"id":"hjjar6l4u4zc4xu","previousOperationId":"qbeflvz0qhqgj3r"}
{"type":"operationEnd","operationId":"qbeflvz0qhqgj3r","timestamp":1725130332364,"id":"atlmx9jhguzbbzs","previousEventId":"elz3xnvejqohaxa","previousOperationId":"qbeflvz0qhqgj3r"}
{"type":"log","timestamp":1725130332364,"level":"debug","message":"Skipping storing report.","meta":{"rootId":"5fmxrfe78a41h95","id":"r3gu5czc0lmunl0"},"id":"tfrltmi2vvhr9xs","previousOperationId":"qbeflvz0qhqgj3r"}
{"type":"log","timestamp":1725130332364,"level":"info","message":"Rendering (child) request finished in 243 ms","meta":{"rootId":"5fmxrfe78a41h95","id":"r3gu5czc0lmunl0"},"id":"yhkm5g2ux4n0ob0","previousOperationId":"qbeflvz0qhqgj3r"}
{"type":"operationEnd","subtype":"render","operationId":"8nljd9c264gg9af","timestamp":1725130332364,"id":"uya8rswal7efdi1","previousEventId":"atlmx9jhguzbbzs","previousOperationId":"qbeflvz0qhqgj3r"}
{"type":"log","timestamp":1725130332432,"level":"debug","message":"xlsx successfully zipped","meta":{"rootId":"5fmxrfe78a41h95","id":"5fmxrfe78a41h95"},"id":"9x44hnuvv5z4wob","previousOperationId":"2adm5ghk58uj61y"}
{"type":"log","timestamp":1725130332432,"level":"info","message":"xlsx generation was finished","meta":{"rootId":"5fmxrfe78a41h95","id":"5fmxrfe78a41h95"},"id":"ij8m88y13q2uw1p","previousOperationId":"2adm5ghk58uj61y"}
{"type":"log","timestamp":1725130332432,"level":"info","message":"xlsx transformation is starting","meta":{"rootId":"5fmxrfe78a41h95","id":"5fmxrfe78a41h95"},"id":"exsaiw5xbz1oore","previousOperationId":"2adm5ghk58uj61y"}
{"type":"log","timestamp":1725130332502,"level":"debug","message":"Parsing xlsx content","meta":{"rootId":"5fmxrfe78a41h95","id":"5fmxrfe78a41h95"},"id":"t2338srshr8hilr","previousOperationId":"2adm5ghk58uj61y"}
{"type":"log","timestamp":1725130332554,"level":"debug","message":"Successfully zipped now.","meta":{"rootId":"5fmxrfe78a41h95","id":"5fmxrfe78a41h95"},"id":"awfgp0eh1b0nbcb","previousOperationId":"2adm5ghk58uj61y"}
{"type":"log","timestamp":1725130332554,"level":"info","message":"xlsx transformation was finished","meta":{"rootId":"5fmxrfe78a41h95","id":"5fmxrfe78a41h95"},"id":"fjh42jtalqs53dg","previousOperationId":"2adm5ghk58uj61y"}
{"type":"log","timestamp":1725130332554,"level":"debug","message":"preparing office preview","meta":{"rootId":"5fmxrfe78a41h95","id":"5fmxrfe78a41h95"},"id":"5qyr35w5l6bg1l5","previousOperationId":"2adm5ghk58uj61y"}
{"type":"operationEnd","operationId":"2adm5ghk58uj61y","timestamp":1725130333612,"id":"5bzuv8e1j5315en","previousEventId":"4krmcjgfleuzerd","previousOperationId":"2adm5ghk58uj61y"}
{"type":"log","timestamp":1725130333612,"level":"debug","message":"Skipping storing report.","meta":{"rootId":"5fmxrfe78a41h95","id":"5fmxrfe78a41h95"},"id":"s1z80gd8avjpmjj","previousOperationId":"2adm5ghk58uj61y"}
{"type":"log","timestamp":1725130333612,"level":"info","message":"Rendering request 3 finished in 1491 ms","meta":{"rootId":"5fmxrfe78a41h95","id":"5fmxrfe78a41h95"},"id":"2joahagyff4ev1e","previousOperationId":"2adm5ghk58uj61y"}
{"type":"operationEnd","subtype":"render","operationId":"e8q11443b5lhodu","timestamp":1725130333612,"id":"c5qvnjfhxmsemtx","previousEventId":"5bzuv8e1j5315en","previousOperationId":"2adm5ghk58uj61y"}
{"type":"operationEnd","doDiffs":false,"previousEventId":"f7zuuz9amv4wlhg","previousOperationId":"guceet2y8htthlu","operationId":"guceet2y8htthlu","timestamp":1725130333615,"id":"vb6658eyekew2no"}
