{"type":"operationStart","subtype":"profile","data":{"_id":"AAnwTRX1PyViGvH2","timestamp":"2024-08-05T16:07:21.320Z","state":"queued","mode":"standard","creationDate":"2024-08-05T16:07:21.325Z","modificationDate":"2024-08-05T16:07:21.325Z","shortid":"WX09gnf","inheritedReadPermissions":[],"inheritedEditPermissions":[],"$entitySet":"profiles"},"doDiffs":false,"timestamp":1722874041325,"id":"2026xtn0btsglqz","previousOperationId":null,"operationId":"zxhkv4wkwtdxeaa"}
{"type":"log","level":"info","message":"Render request 2 queued for execution and waiting for available worker","previousOperationId":"zxhkv4wkwtdxeaa","timestamp":1722874041325,"id":"2stilyv6g1zbyow"}
{"type":"operationStart","subtype":"render","name":"modules","previousOperationId":"zxhkv4wkwtdxeaa","timestamp":1722874041350,"id":"mnz481tikqid4t8","previousEventId":"2026xtn0btsglqz","operationId":"7ilgsyqrwbv577d"}
{"type":"log","timestamp":1722874041350,"level":"info","message":"Starting rendering request 2 (user: admin)","meta":{"rootId":"6rwad27ggtag17q","id":"6rwad27ggtag17q"},"id":"xje560fllf52k4m","previousOperationId":"7ilgsyqrwbv577d"}
{"type":"log","timestamp":1722874041351,"level":"info","message":"Rendering template { name: modules, recipe: xlsx, engine: handlebars, preview: true }","meta":{"rootId":"6rwad27ggtag17q","id":"6rwad27ggtag17q"},"id":"898muoz5g0di0ak","previousOperationId":"7ilgsyqrwbv577d"}
{"type":"log","timestamp":1722874041351,"level":"debug","message":"Inline data specified.","meta":{"rootId":"6rwad27ggtag17q","id":"6rwad27ggtag17q"},"id":"36i88om46lyf8eh","previousOperationId":"7ilgsyqrwbv577d"}
{"type":"log","timestamp":1722874041352,"level":"debug","message":"Base url not specified, skipping its injection.","meta":{"rootId":"6rwad27ggtag17q","id":"6rwad27ggtag17q"},"id":"ju2c7iuu8n06hw9","previousOperationId":"7ilgsyqrwbv577d"}
{"type":"operationStart","subtype":"engine","name":"handlebars","timestamp":1722874041353,"id":"2ys3kkqvroeugjh","previousEventId":"mnz481tikqid4t8","operationId":"t15yo0ywc0p4wng","previousOperationId":"7ilgsyqrwbv577d"}
{"type":"log","timestamp":1722874041353,"level":"debug","message":"Rendering engine handlebars","meta":{"rootId":"6rwad27ggtag17q","id":"6rwad27ggtag17q"},"id":"6ywxzzed5qlwcxj","previousOperationId":"t15yo0ywc0p4wng"}
{"type":"operationEnd","operationId":"t15yo0ywc0p4wng","timestamp":1722874041728,"id":"xqj2ompvrljfanr","previousEventId":"2ys3kkqvroeugjh","previousOperationId":"t15yo0ywc0p4wng"}
{"type":"operationStart","subtype":"recipe","name":"xlsx","timestamp":1722874041729,"id":"8cm7f4qjsx3a0uz","previousEventId":"xqj2ompvrljfanr","operationId":"avopdid353r0ixe","previousOperationId":"t15yo0ywc0p4wng"}
{"type":"log","timestamp":1722874041729,"level":"debug","message":"Executing recipe xlsx","meta":{"rootId":"6rwad27ggtag17q","id":"6rwad27ggtag17q"},"id":"pk882zrjdxtnyr8","previousOperationId":"avopdid353r0ixe"}
{"type":"log","timestamp":1722874041753,"level":"info","message":"xlsx generation is starting","meta":{"rootId":"6rwad27ggtag17q","id":"6rwad27ggtag17q"},"id":"35z4jr1rc0uygu6","previousOperationId":"avopdid353r0ixe"}
{"type":"log","timestamp":1722874041789,"level":"debug","message":"Starting child request to render xlsx dynamic parts for generation step","meta":{"rootId":"6rwad27ggtag17q","id":"6rwad27ggtag17q"},"id":"mxswvfolighwt3b","previousOperationId":"avopdid353r0ixe"}
{"type":"operationStart","subtype":"render","name":"anonymous","previousOperationId":"avopdid353r0ixe","timestamp":1722874041789,"id":"xz84pcw5795wuf4","previousEventId":"8cm7f4qjsx3a0uz","operationId":"0k49e3xa0qsu2cq"}
{"type":"log","timestamp":1722874041789,"level":"info","message":"Starting rendering (child) request (user: admin)","meta":{"rootId":"6rwad27ggtag17q","id":"3fjleljejmmwb81"},"id":"jw5hgsuvbd71gdw","previousOperationId":"0k49e3xa0qsu2cq"}
{"type":"log","timestamp":1722874041789,"level":"info","message":"Rendering anonymous template { recipe: html, engine: handlebars }","meta":{"rootId":"6rwad27ggtag17q","id":"3fjleljejmmwb81"},"id":"7guuo469fo18f9f","previousOperationId":"0k49e3xa0qsu2cq"}
{"type":"log","timestamp":1722874041789,"level":"debug","message":"Inline data specified.","meta":{"rootId":"6rwad27ggtag17q","id":"3fjleljejmmwb81"},"id":"wj0tvqejs6ki8zn","previousOperationId":"0k49e3xa0qsu2cq"}
{"type":"log","timestamp":1722874041793,"level":"debug","message":"Base url not specified, skipping its injection.","meta":{"rootId":"6rwad27ggtag17q","id":"3fjleljejmmwb81"},"id":"d5abywfpcfn65if","previousOperationId":"0k49e3xa0qsu2cq"}
{"type":"operationStart","subtype":"engine","name":"handlebars","timestamp":1722874041793,"id":"os9fgskiq9zb50r","previousEventId":"xz84pcw5795wuf4","operationId":"fd2x2ixenqo1wv3","previousOperationId":"0k49e3xa0qsu2cq"}
{"type":"log","timestamp":1722874041793,"level":"debug","message":"Rendering engine handlebars","meta":{"rootId":"6rwad27ggtag17q","id":"3fjleljejmmwb81"},"id":"e1phluz28pssh13","previousOperationId":"fd2x2ixenqo1wv3"}
{"type":"operationEnd","operationId":"fd2x2ixenqo1wv3","timestamp":1722874041860,"id":"r5w0f1wlsciu6bi","previousEventId":"os9fgskiq9zb50r","previousOperationId":"fd2x2ixenqo1wv3"}
{"type":"operationStart","subtype":"recipe","name":"html","timestamp":1722874041861,"id":"m9lhc9tox0cbei1","previousEventId":"r5w0f1wlsciu6bi","operationId":"roi5hkc3oc385vk","previousOperationId":"fd2x2ixenqo1wv3"}
{"type":"log","timestamp":1722874041861,"level":"debug","message":"Executing recipe html","meta":{"rootId":"6rwad27ggtag17q","id":"3fjleljejmmwb81"},"id":"ijrrxuh5jf2ijf9","previousOperationId":"roi5hkc3oc385vk"}
{"type":"operationEnd","operationId":"roi5hkc3oc385vk","timestamp":1722874041861,"id":"tc86fwms8cw33n4","previousEventId":"m9lhc9tox0cbei1","previousOperationId":"roi5hkc3oc385vk"}
{"type":"log","timestamp":1722874041862,"level":"debug","message":"Skipping storing report.","meta":{"rootId":"6rwad27ggtag17q","id":"3fjleljejmmwb81"},"id":"4qndg8eufxyb9vk","previousOperationId":"roi5hkc3oc385vk"}
{"type":"log","timestamp":1722874041862,"level":"info","message":"Rendering (child) request finished in 542 ms","meta":{"rootId":"6rwad27ggtag17q","id":"3fjleljejmmwb81"},"id":"q54q6u4e7lqctjc","previousOperationId":"roi5hkc3oc385vk"}
{"type":"operationEnd","subtype":"render","operationId":"0k49e3xa0qsu2cq","timestamp":1722874041862,"id":"wjexno61caolwya","previousEventId":"tc86fwms8cw33n4","previousOperationId":"roi5hkc3oc385vk"}
{"type":"log","timestamp":1722874041989,"level":"debug","message":"xlsx successfully zipped","meta":{"rootId":"6rwad27ggtag17q","id":"6rwad27ggtag17q"},"id":"878by6s8303lp7b","previousOperationId":"avopdid353r0ixe"}
{"type":"log","timestamp":1722874041989,"level":"info","message":"xlsx generation was finished","meta":{"rootId":"6rwad27ggtag17q","id":"6rwad27ggtag17q"},"id":"ucy9x8nu8zwrubm","previousOperationId":"avopdid353r0ixe"}
{"type":"log","timestamp":1722874041992,"level":"info","message":"xlsx transformation is starting","meta":{"rootId":"6rwad27ggtag17q","id":"6rwad27ggtag17q"},"id":"24aa09l61gpcivm","previousOperationId":"avopdid353r0ixe"}
{"type":"log","timestamp":1722874042062,"level":"debug","message":"Parsing xlsx content","meta":{"rootId":"6rwad27ggtag17q","id":"6rwad27ggtag17q"},"id":"7jaggtiz1993m7k","previousOperationId":"avopdid353r0ixe"}
{"type":"log","timestamp":1722874042093,"level":"debug","message":"Successfully zipped now.","meta":{"rootId":"6rwad27ggtag17q","id":"6rwad27ggtag17q"},"id":"v117gwxzhm8acbj","previousOperationId":"avopdid353r0ixe"}
{"type":"log","timestamp":1722874042093,"level":"info","message":"xlsx transformation was finished","meta":{"rootId":"6rwad27ggtag17q","id":"6rwad27ggtag17q"},"id":"dvuw0po8094fgpe","previousOperationId":"avopdid353r0ixe"}
{"type":"log","timestamp":1722874042113,"level":"debug","message":"preparing office preview","meta":{"rootId":"6rwad27ggtag17q","id":"6rwad27ggtag17q"},"id":"nzv58yprzr2cis1","previousOperationId":"avopdid353r0ixe"}
{"type":"operationEnd","operationId":"avopdid353r0ixe","timestamp":1722874042801,"id":"tovfdnytzhftrun","previousEventId":"8cm7f4qjsx3a0uz","previousOperationId":"avopdid353r0ixe"}
{"type":"log","timestamp":1722874042801,"level":"debug","message":"Skipping storing report.","meta":{"rootId":"6rwad27ggtag17q","id":"6rwad27ggtag17q"},"id":"3ikcfqc81fig141","previousOperationId":"avopdid353r0ixe"}
{"type":"log","timestamp":1722874042801,"level":"info","message":"Rendering request 2 finished in 1481 ms","meta":{"rootId":"6rwad27ggtag17q","id":"6rwad27ggtag17q"},"id":"6nqn372kbsd9u8x","previousOperationId":"avopdid353r0ixe"}
{"type":"operationEnd","subtype":"render","operationId":"7ilgsyqrwbv577d","timestamp":1722874042801,"id":"zezmki7s6ceyfpo","previousEventId":"tovfdnytzhftrun","previousOperationId":"avopdid353r0ixe"}
{"type":"operationEnd","doDiffs":false,"previousEventId":"2026xtn0btsglqz","previousOperationId":"zxhkv4wkwtdxeaa","operationId":"zxhkv4wkwtdxeaa","timestamp":1722874042804,"id":"dqdvifh4rf7uz4y"}
