{"type":"operationStart","subtype":"profile","data":{"_id":"G8PWQRdyVVAef7V0","timestamp":"2024-08-05T17:15:22.009Z","state":"queued","mode":"standard","creationDate":"2024-08-05T17:15:22.010Z","modificationDate":"2024-08-05T17:15:22.010Z","shortid":"uNpM84R","inheritedReadPermissions":[],"inheritedEditPermissions":[],"$entitySet":"profiles"},"doDiffs":false,"timestamp":1722878122010,"id":"6501qx8v0a0ztn3","previousOperationId":null,"operationId":"643ourlp3icyjff"}
{"type":"log","level":"info","message":"Render request 53 queued for execution and waiting for available worker","previousOperationId":"643ourlp3icyjff","timestamp":1722878122010,"id":"2on3wlw71yyl7vs"}
{"type":"operationStart","subtype":"render","name":"modules","previousOperationId":"643ourlp3icyjff","timestamp":1722878122049,"id":"uqy6kywq699c7gp","previousEventId":"6501qx8v0a0ztn3","operationId":"fia37ngh4u9pwlx"}
{"type":"log","timestamp":1722878122049,"level":"info","message":"Starting rendering request 53 (user: admin)","meta":{"rootId":"7jmlmu9uk1uhzti","id":"7jmlmu9uk1uhzti"},"id":"upvbj9pbglvnf5j","previousOperationId":"fia37ngh4u9pwlx"}
{"type":"log","timestamp":1722878122049,"level":"info","message":"Rendering template { name: modules, recipe: xlsx, engine: handlebars, preview: true }","meta":{"rootId":"7jmlmu9uk1uhzti","id":"7jmlmu9uk1uhzti"},"id":"u49szeu1cy6ga2n","previousOperationId":"fia37ngh4u9pwlx"}
{"type":"log","timestamp":1722878122049,"level":"debug","message":"Inline data specified.","meta":{"rootId":"7jmlmu9uk1uhzti","id":"7jmlmu9uk1uhzti"},"id":"gx9de59l48dousm","previousOperationId":"fia37ngh4u9pwlx"}
{"type":"log","timestamp":1722878122050,"level":"debug","message":"Base url not specified, skipping its injection.","meta":{"rootId":"7jmlmu9uk1uhzti","id":"7jmlmu9uk1uhzti"},"id":"vkhw3wm0xd2w1p1","previousOperationId":"fia37ngh4u9pwlx"}
{"type":"operationStart","subtype":"engine","name":"handlebars","timestamp":1722878122050,"id":"cxhrg8ibmn5bnrs","previousEventId":"uqy6kywq699c7gp","operationId":"3mc2k80a7u6je4u","previousOperationId":"fia37ngh4u9pwlx"}
{"type":"log","timestamp":1722878122050,"level":"debug","message":"Rendering engine handlebars","meta":{"rootId":"7jmlmu9uk1uhzti","id":"7jmlmu9uk1uhzti"},"id":"421idlb0n702grj","previousOperationId":"3mc2k80a7u6je4u"}
{"type":"operationEnd","operationId":"3mc2k80a7u6je4u","timestamp":1722878122059,"id":"taotnhewgs9d7ni","previousEventId":"cxhrg8ibmn5bnrs","previousOperationId":"3mc2k80a7u6je4u"}
{"type":"operationStart","subtype":"recipe","name":"xlsx","timestamp":1722878122059,"id":"5at1l9bi9w68d1a","previousEventId":"taotnhewgs9d7ni","operationId":"p8uwdeq2esdq0jo","previousOperationId":"3mc2k80a7u6je4u"}
{"type":"log","timestamp":1722878122059,"level":"debug","message":"Executing recipe xlsx","meta":{"rootId":"7jmlmu9uk1uhzti","id":"7jmlmu9uk1uhzti"},"id":"lldo1lz5sqiv3dx","previousOperationId":"p8uwdeq2esdq0jo"}
{"type":"log","timestamp":1722878122060,"level":"info","message":"xlsx generation is starting","meta":{"rootId":"7jmlmu9uk1uhzti","id":"7jmlmu9uk1uhzti"},"id":"8wv3auoveo0m1a9","previousOperationId":"p8uwdeq2esdq0jo"}
{"type":"log","timestamp":1722878122100,"level":"debug","message":"Starting child request to render xlsx dynamic parts for generation step","meta":{"rootId":"7jmlmu9uk1uhzti","id":"7jmlmu9uk1uhzti"},"id":"a3602doiurrz9xm","previousOperationId":"p8uwdeq2esdq0jo"}
{"type":"operationStart","subtype":"render","name":"anonymous","previousOperationId":"p8uwdeq2esdq0jo","timestamp":1722878122101,"id":"59b7an9gxvi75c0","previousEventId":"5at1l9bi9w68d1a","operationId":"635gpu3j7vlsu93"}
{"type":"log","timestamp":1722878122101,"level":"info","message":"Starting rendering (child) request (user: admin)","meta":{"rootId":"7jmlmu9uk1uhzti","id":"ugji8itw6kwze7f"},"id":"znjjxzp5cb4btee","previousOperationId":"635gpu3j7vlsu93"}
{"type":"log","timestamp":1722878122101,"level":"info","message":"Rendering anonymous template { recipe: html, engine: handlebars }","meta":{"rootId":"7jmlmu9uk1uhzti","id":"ugji8itw6kwze7f"},"id":"2o5dvf1hdd6iw9f","previousOperationId":"635gpu3j7vlsu93"}
{"type":"log","timestamp":1722878122101,"level":"debug","message":"Inline data specified.","meta":{"rootId":"7jmlmu9uk1uhzti","id":"ugji8itw6kwze7f"},"id":"t0ievpzzmgpp5lh","previousOperationId":"635gpu3j7vlsu93"}
{"type":"log","timestamp":1722878122102,"level":"debug","message":"Base url not specified, skipping its injection.","meta":{"rootId":"7jmlmu9uk1uhzti","id":"ugji8itw6kwze7f"},"id":"6g2u940833cwvtm","previousOperationId":"635gpu3j7vlsu93"}
{"type":"operationStart","subtype":"engine","name":"handlebars","timestamp":1722878122102,"id":"8l1bjj087vhmbze","previousEventId":"59b7an9gxvi75c0","operationId":"0gp76hdllnhood4","previousOperationId":"635gpu3j7vlsu93"}
{"type":"log","timestamp":1722878122102,"level":"debug","message":"Rendering engine handlebars","meta":{"rootId":"7jmlmu9uk1uhzti","id":"ugji8itw6kwze7f"},"id":"id9rytjf9ddum9i","previousOperationId":"0gp76hdllnhood4"}
{"type":"operationEnd","operationId":"0gp76hdllnhood4","timestamp":1722878122203,"id":"0c65d7pkx4ucns4","previousEventId":"8l1bjj087vhmbze","previousOperationId":"0gp76hdllnhood4"}
{"type":"operationStart","subtype":"recipe","name":"html","timestamp":1722878122204,"id":"eq1xleyhfsvlquc","previousEventId":"0c65d7pkx4ucns4","operationId":"kmkx4971bvggie4","previousOperationId":"0gp76hdllnhood4"}
{"type":"log","timestamp":1722878122204,"level":"debug","message":"Executing recipe html","meta":{"rootId":"7jmlmu9uk1uhzti","id":"ugji8itw6kwze7f"},"id":"3g88pazadbazwzt","previousOperationId":"kmkx4971bvggie4"}
{"type":"operationEnd","operationId":"kmkx4971bvggie4","timestamp":1722878122205,"id":"y50chp0h0gduuuj","previousEventId":"eq1xleyhfsvlquc","previousOperationId":"kmkx4971bvggie4"}
{"type":"log","timestamp":1722878122205,"level":"debug","message":"Skipping storing report.","meta":{"rootId":"7jmlmu9uk1uhzti","id":"ugji8itw6kwze7f"},"id":"x7hsiw5okzbgy1j","previousOperationId":"kmkx4971bvggie4"}
{"type":"log","timestamp":1722878122205,"level":"info","message":"Rendering (child) request finished in 196 ms","meta":{"rootId":"7jmlmu9uk1uhzti","id":"ugji8itw6kwze7f"},"id":"5x4bt8iq23j9ekx","previousOperationId":"kmkx4971bvggie4"}
{"type":"operationEnd","subtype":"render","operationId":"635gpu3j7vlsu93","timestamp":1722878122205,"id":"iiu5kbajqbl5bti","previousEventId":"y50chp0h0gduuuj","previousOperationId":"kmkx4971bvggie4"}
{"type":"log","timestamp":1722878122229,"level":"debug","message":"xlsx successfully zipped","meta":{"rootId":"7jmlmu9uk1uhzti","id":"7jmlmu9uk1uhzti"},"id":"f05oj6mao5pe2vy","previousOperationId":"p8uwdeq2esdq0jo"}
{"type":"log","timestamp":1722878122229,"level":"info","message":"xlsx generation was finished","meta":{"rootId":"7jmlmu9uk1uhzti","id":"7jmlmu9uk1uhzti"},"id":"5godp6u27u7z84z","previousOperationId":"p8uwdeq2esdq0jo"}
{"type":"log","timestamp":1722878122230,"level":"info","message":"xlsx transformation is starting","meta":{"rootId":"7jmlmu9uk1uhzti","id":"7jmlmu9uk1uhzti"},"id":"iy2plf2wowtwt4n","previousOperationId":"p8uwdeq2esdq0jo"}
{"type":"log","timestamp":1722878122259,"level":"debug","message":"Parsing xlsx content","meta":{"rootId":"7jmlmu9uk1uhzti","id":"7jmlmu9uk1uhzti"},"id":"n9w0ukqp7a00qli","previousOperationId":"p8uwdeq2esdq0jo"}
{"type":"log","timestamp":1722878122293,"level":"debug","message":"Successfully zipped now.","meta":{"rootId":"7jmlmu9uk1uhzti","id":"7jmlmu9uk1uhzti"},"id":"xj1ldznc1dun2h8","previousOperationId":"p8uwdeq2esdq0jo"}
{"type":"log","timestamp":1722878122293,"level":"info","message":"xlsx transformation was finished","meta":{"rootId":"7jmlmu9uk1uhzti","id":"7jmlmu9uk1uhzti"},"id":"u0fa8vzp81s2rju","previousOperationId":"p8uwdeq2esdq0jo"}
{"type":"log","timestamp":1722878122293,"level":"debug","message":"preparing office preview","meta":{"rootId":"7jmlmu9uk1uhzti","id":"7jmlmu9uk1uhzti"},"id":"t2qym9gtf6nuypm","previousOperationId":"p8uwdeq2esdq0jo"}
{"type":"operationEnd","operationId":"p8uwdeq2esdq0jo","timestamp":1722878122975,"id":"9jr2qm0lh4pv9mm","previousEventId":"5at1l9bi9w68d1a","previousOperationId":"p8uwdeq2esdq0jo"}
{"type":"log","timestamp":1722878122975,"level":"debug","message":"Skipping storing report.","meta":{"rootId":"7jmlmu9uk1uhzti","id":"7jmlmu9uk1uhzti"},"id":"pct5j4k523milpb","previousOperationId":"p8uwdeq2esdq0jo"}
{"type":"log","timestamp":1722878122975,"level":"info","message":"Rendering request 53 finished in 966 ms","meta":{"rootId":"7jmlmu9uk1uhzti","id":"7jmlmu9uk1uhzti"},"id":"rif4zh93l22dn6k","previousOperationId":"p8uwdeq2esdq0jo"}
{"type":"operationEnd","subtype":"render","operationId":"fia37ngh4u9pwlx","timestamp":1722878122975,"id":"k5yscks4ml4gvqr","previousEventId":"9jr2qm0lh4pv9mm","previousOperationId":"p8uwdeq2esdq0jo"}
{"type":"operationEnd","doDiffs":false,"previousEventId":"6501qx8v0a0ztn3","previousOperationId":"643ourlp3icyjff","operationId":"643ourlp3icyjff","timestamp":1722878122977,"id":"xlksvy4mg2px6gm"}
