{"type":"operationStart","subtype":"profile","data":{"_id":"bYRYAkqUWPMPAcBP","timestamp":"2024-08-05T17:28:13.417Z","state":"queued","mode":"standard","creationDate":"2024-08-05T17:28:13.418Z","modificationDate":"2024-08-05T17:28:13.418Z","shortid":"RNqq3J1","inheritedReadPermissions":[],"inheritedEditPermissions":[],"$entitySet":"profiles"},"doDiffs":false,"timestamp":1722878893417,"id":"gnsc1ka9k802x91","previousOperationId":null,"operationId":"3bu2jupwmekywkm"}
{"type":"log","level":"info","message":"Render request 59 queued for execution and waiting for available worker","previousOperationId":"3bu2jupwmekywkm","timestamp":1722878893417,"id":"em70xslk3v9gnr6"}
{"type":"operationStart","subtype":"render","name":"modules","previousOperationId":"3bu2jupwmekywkm","timestamp":1722878893454,"id":"95krp8045byzeb9","previousEventId":"gnsc1ka9k802x91","operationId":"qqu0omgq1yk0jug"}
{"type":"log","timestamp":1722878893454,"level":"info","message":"Starting rendering request 59 (user: admin)","meta":{"rootId":"c66srq1p4vnysj1","id":"c66srq1p4vnysj1"},"id":"tnv5xx9h8oemhr8","previousOperationId":"qqu0omgq1yk0jug"}
{"type":"log","timestamp":1722878893454,"level":"info","message":"Rendering template { name: modules, recipe: xlsx, engine: handlebars, preview: true }","meta":{"rootId":"c66srq1p4vnysj1","id":"c66srq1p4vnysj1"},"id":"n8odkyzy25ag5ij","previousOperationId":"qqu0omgq1yk0jug"}
{"type":"log","timestamp":1722878893454,"level":"debug","message":"Inline data specified.","meta":{"rootId":"c66srq1p4vnysj1","id":"c66srq1p4vnysj1"},"id":"etjt0yy5d54b5s8","previousOperationId":"qqu0omgq1yk0jug"}
{"type":"log","timestamp":1722878893455,"level":"debug","message":"Base url not specified, skipping its injection.","meta":{"rootId":"c66srq1p4vnysj1","id":"c66srq1p4vnysj1"},"id":"kjyb9jta6choeg3","previousOperationId":"qqu0omgq1yk0jug"}
{"type":"operationStart","subtype":"engine","name":"handlebars","timestamp":1722878893456,"id":"4m5r4l9lu6mekzq","previousEventId":"95krp8045byzeb9","operationId":"kwlqqq1xn00e1q3","previousOperationId":"qqu0omgq1yk0jug"}
{"type":"log","timestamp":1722878893456,"level":"debug","message":"Rendering engine handlebars","meta":{"rootId":"c66srq1p4vnysj1","id":"c66srq1p4vnysj1"},"id":"lqtzq0l9v9vnnm3","previousOperationId":"kwlqqq1xn00e1q3"}
{"type":"operationEnd","operationId":"kwlqqq1xn00e1q3","timestamp":1722878893461,"id":"vyc99e13nmvl5im","previousEventId":"4m5r4l9lu6mekzq","previousOperationId":"kwlqqq1xn00e1q3"}
{"type":"operationStart","subtype":"recipe","name":"xlsx","timestamp":1722878893462,"id":"dluywuqmsyrodd5","previousEventId":"vyc99e13nmvl5im","operationId":"yjuniwyzih6bipi","previousOperationId":"kwlqqq1xn00e1q3"}
{"type":"log","timestamp":1722878893462,"level":"debug","message":"Executing recipe xlsx","meta":{"rootId":"c66srq1p4vnysj1","id":"c66srq1p4vnysj1"},"id":"47lln0t3gqhopxz","previousOperationId":"yjuniwyzih6bipi"}
{"type":"log","timestamp":1722878893462,"level":"info","message":"xlsx generation is starting","meta":{"rootId":"c66srq1p4vnysj1","id":"c66srq1p4vnysj1"},"id":"k03z2eegpy5rs1e","previousOperationId":"yjuniwyzih6bipi"}
{"type":"log","timestamp":1722878893489,"level":"debug","message":"Starting child request to render xlsx dynamic parts for generation step","meta":{"rootId":"c66srq1p4vnysj1","id":"c66srq1p4vnysj1"},"id":"isbnmtc0dibkqo5","previousOperationId":"yjuniwyzih6bipi"}
{"type":"operationStart","subtype":"render","name":"anonymous","previousOperationId":"yjuniwyzih6bipi","timestamp":1722878893489,"id":"ha21eefmzl9hnqi","previousEventId":"dluywuqmsyrodd5","operationId":"aynp9nk61jc4wi4"}
{"type":"log","timestamp":1722878893489,"level":"info","message":"Starting rendering (child) request (user: admin)","meta":{"rootId":"c66srq1p4vnysj1","id":"9a92m7g1kodp4si"},"id":"uwmmf4qk7c6or2y","previousOperationId":"aynp9nk61jc4wi4"}
{"type":"log","timestamp":1722878893489,"level":"info","message":"Rendering anonymous template { recipe: html, engine: handlebars }","meta":{"rootId":"c66srq1p4vnysj1","id":"9a92m7g1kodp4si"},"id":"uk86vr7mxzsc7l9","previousOperationId":"aynp9nk61jc4wi4"}
{"type":"log","timestamp":1722878893489,"level":"debug","message":"Inline data specified.","meta":{"rootId":"c66srq1p4vnysj1","id":"9a92m7g1kodp4si"},"id":"v9i4f0jtwiet8lo","previousOperationId":"aynp9nk61jc4wi4"}
{"type":"log","timestamp":1722878893491,"level":"debug","message":"Base url not specified, skipping its injection.","meta":{"rootId":"c66srq1p4vnysj1","id":"9a92m7g1kodp4si"},"id":"zegnbm0jzujbso5","previousOperationId":"aynp9nk61jc4wi4"}
{"type":"operationStart","subtype":"engine","name":"handlebars","timestamp":1722878893491,"id":"boyi8mobad4ejaa","previousEventId":"ha21eefmzl9hnqi","operationId":"lfuciqg893bvj85","previousOperationId":"aynp9nk61jc4wi4"}
{"type":"log","timestamp":1722878893491,"level":"debug","message":"Rendering engine handlebars","meta":{"rootId":"c66srq1p4vnysj1","id":"9a92m7g1kodp4si"},"id":"5wlea1jobqd26u0","previousOperationId":"lfuciqg893bvj85"}
{"type":"operationEnd","operationId":"lfuciqg893bvj85","timestamp":1722878893595,"id":"f7ush7qsn9kt1o9","previousEventId":"boyi8mobad4ejaa","previousOperationId":"lfuciqg893bvj85"}
{"type":"operationStart","subtype":"recipe","name":"html","timestamp":1722878893596,"id":"wgz47jaqbwj87qt","previousEventId":"f7ush7qsn9kt1o9","operationId":"z5nrv71z1roo1gx","previousOperationId":"lfuciqg893bvj85"}
{"type":"log","timestamp":1722878893596,"level":"debug","message":"Executing recipe html","meta":{"rootId":"c66srq1p4vnysj1","id":"9a92m7g1kodp4si"},"id":"3hlwf18iuppmhyr","previousOperationId":"z5nrv71z1roo1gx"}
{"type":"operationEnd","operationId":"z5nrv71z1roo1gx","timestamp":1722878893596,"id":"s33m1sl0jg5j4ox","previousEventId":"wgz47jaqbwj87qt","previousOperationId":"z5nrv71z1roo1gx"}
{"type":"log","timestamp":1722878893596,"level":"debug","message":"Skipping storing report.","meta":{"rootId":"c66srq1p4vnysj1","id":"9a92m7g1kodp4si"},"id":"trctyhexo9fs78n","previousOperationId":"z5nrv71z1roo1gx"}
{"type":"log","timestamp":1722878893596,"level":"info","message":"Rendering (child) request finished in 180 ms","meta":{"rootId":"c66srq1p4vnysj1","id":"9a92m7g1kodp4si"},"id":"guzuo57xsrznh8v","previousOperationId":"z5nrv71z1roo1gx"}
{"type":"operationEnd","subtype":"render","operationId":"aynp9nk61jc4wi4","timestamp":1722878893596,"id":"s2bjdksg9lejeg5","previousEventId":"s33m1sl0jg5j4ox","previousOperationId":"z5nrv71z1roo1gx"}
{"type":"log","timestamp":1722878893624,"level":"debug","message":"xlsx successfully zipped","meta":{"rootId":"c66srq1p4vnysj1","id":"c66srq1p4vnysj1"},"id":"z29yw9ehul8yb1n","previousOperationId":"yjuniwyzih6bipi"}
{"type":"log","timestamp":1722878893625,"level":"info","message":"xlsx generation was finished","meta":{"rootId":"c66srq1p4vnysj1","id":"c66srq1p4vnysj1"},"id":"5kjme9jm4qiwzsz","previousOperationId":"yjuniwyzih6bipi"}
{"type":"log","timestamp":1722878893625,"level":"info","message":"xlsx transformation is starting","meta":{"rootId":"c66srq1p4vnysj1","id":"c66srq1p4vnysj1"},"id":"7hl6wzwqbzqazbr","previousOperationId":"yjuniwyzih6bipi"}
{"type":"log","timestamp":1722878893654,"level":"debug","message":"Parsing xlsx content","meta":{"rootId":"c66srq1p4vnysj1","id":"c66srq1p4vnysj1"},"id":"hahv47p0zrnni21","previousOperationId":"yjuniwyzih6bipi"}
{"type":"log","timestamp":1722878893679,"level":"debug","message":"Successfully zipped now.","meta":{"rootId":"c66srq1p4vnysj1","id":"c66srq1p4vnysj1"},"id":"siax0mz6dxy2cis","previousOperationId":"yjuniwyzih6bipi"}
{"type":"log","timestamp":1722878893679,"level":"info","message":"xlsx transformation was finished","meta":{"rootId":"c66srq1p4vnysj1","id":"c66srq1p4vnysj1"},"id":"gjdx6krkvrl1q4a","previousOperationId":"yjuniwyzih6bipi"}
{"type":"log","timestamp":1722878893679,"level":"debug","message":"preparing office preview","meta":{"rootId":"c66srq1p4vnysj1","id":"c66srq1p4vnysj1"},"id":"w66f2m1i2lmwtzg","previousOperationId":"yjuniwyzih6bipi"}
{"type":"operationEnd","operationId":"yjuniwyzih6bipi","timestamp":1722878894697,"id":"sooaoglckp56cuz","previousEventId":"dluywuqmsyrodd5","previousOperationId":"yjuniwyzih6bipi"}
{"type":"log","timestamp":1722878894697,"level":"debug","message":"Skipping storing report.","meta":{"rootId":"c66srq1p4vnysj1","id":"c66srq1p4vnysj1"},"id":"7w5cpwsuwxr0lgt","previousOperationId":"yjuniwyzih6bipi"}
{"type":"log","timestamp":1722878894697,"level":"info","message":"Rendering request 59 finished in 1281 ms","meta":{"rootId":"c66srq1p4vnysj1","id":"c66srq1p4vnysj1"},"id":"2bgsfdsins2fvl5","previousOperationId":"yjuniwyzih6bipi"}
{"type":"operationEnd","subtype":"render","operationId":"qqu0omgq1yk0jug","timestamp":1722878894697,"id":"rrzwzg8aocpdt00","previousEventId":"sooaoglckp56cuz","previousOperationId":"yjuniwyzih6bipi"}
{"type":"operationEnd","doDiffs":false,"previousEventId":"gnsc1ka9k802x91","previousOperationId":"3bu2jupwmekywkm","operationId":"3bu2jupwmekywkm","timestamp":1722878894699,"id":"sagggon6lzkjp6t"}
