{"type":"operationStart","subtype":"profile","data":{"_id":"GQpzKP5iUEtbBhf7","timestamp":"2024-08-31T18:53:24.270Z","state":"queued","mode":"standard","creationDate":"2024-08-31T18:53:24.272Z","modificationDate":"2024-08-31T18:53:24.272Z","shortid":"dHif1-J","inheritedReadPermissions":[],"inheritedEditPermissions":[],"$entitySet":"profiles"},"doDiffs":false,"timestamp":1725130404271,"id":"ho0gii2l7p83x9y","previousOperationId":null,"operationId":"l0s43xcs231p6i3"}
{"type":"log","level":"info","message":"Render request 5 queued for execution and waiting for available worker","previousOperationId":"l0s43xcs231p6i3","timestamp":1725130404272,"id":"uodp92c4vdfc2ho"}
{"type":"operationStart","subtype":"render","name":"modules","previousOperationId":"l0s43xcs231p6i3","timestamp":1725130404306,"id":"8l6bftabhx32i0c","previousEventId":"ho0gii2l7p83x9y","operationId":"act8ilrtm7hwrja"}
{"type":"log","timestamp":1725130404306,"level":"info","message":"Starting rendering request 5 (user: admin)","meta":{"rootId":"ceo7rjwgj4lemkt","id":"ceo7rjwgj4lemkt"},"id":"8b7trbbov57n6mm","previousOperationId":"act8ilrtm7hwrja"}
{"type":"log","timestamp":1725130404307,"level":"info","message":"Rendering template { name: modules, recipe: xlsx, engine: handlebars, preview: false }","meta":{"rootId":"ceo7rjwgj4lemkt","id":"ceo7rjwgj4lemkt"},"id":"qh2b72jcecvzcef","previousOperationId":"act8ilrtm7hwrja"}
{"type":"log","timestamp":1725130404308,"level":"debug","message":"Adding sample data zpoVsW4fC","meta":{"rootId":"ceo7rjwgj4lemkt","id":"ceo7rjwgj4lemkt"},"id":"d6yh2jqdtw3v6yx","previousOperationId":"act8ilrtm7hwrja"}
{"type":"log","timestamp":1725130404309,"level":"debug","message":"Base url not specified, skipping its injection.","meta":{"rootId":"ceo7rjwgj4lemkt","id":"ceo7rjwgj4lemkt"},"id":"ud2l8tt3tdr4xas","previousOperationId":"act8ilrtm7hwrja"}
{"type":"operationStart","subtype":"engine","name":"handlebars","timestamp":1725130404309,"id":"kjv3hgu4nq4ket5","previousEventId":"8l6bftabhx32i0c","operationId":"31gvrp6adw2nu1a","previousOperationId":"act8ilrtm7hwrja"}
{"type":"log","timestamp":1725130404309,"level":"debug","message":"Rendering engine handlebars","meta":{"rootId":"ceo7rjwgj4lemkt","id":"ceo7rjwgj4lemkt"},"id":"kdc34iqpu9joxnu","previousOperationId":"31gvrp6adw2nu1a"}
{"type":"operationEnd","operationId":"31gvrp6adw2nu1a","timestamp":1725130404313,"id":"yong00aue76be5j","previousEventId":"kjv3hgu4nq4ket5","previousOperationId":"31gvrp6adw2nu1a"}
{"type":"operationStart","subtype":"recipe","name":"xlsx","timestamp":1725130404314,"id":"tjikksbzig765bp","previousEventId":"yong00aue76be5j","operationId":"0k4jhvg2k2uqojy","previousOperationId":"31gvrp6adw2nu1a"}
{"type":"log","timestamp":1725130404314,"level":"debug","message":"Executing recipe xlsx","meta":{"rootId":"ceo7rjwgj4lemkt","id":"ceo7rjwgj4lemkt"},"id":"1gt64tc17ufqzkg","previousOperationId":"0k4jhvg2k2uqojy"}
{"type":"log","timestamp":1725130404314,"level":"info","message":"xlsx generation is starting","meta":{"rootId":"ceo7rjwgj4lemkt","id":"ceo7rjwgj4lemkt"},"id":"f77i45ghabbvhfc","previousOperationId":"0k4jhvg2k2uqojy"}
{"type":"log","timestamp":1725130404341,"level":"debug","message":"Starting child request to render xlsx dynamic parts for generation step","meta":{"rootId":"ceo7rjwgj4lemkt","id":"ceo7rjwgj4lemkt"},"id":"upmwguf7wig247j","previousOperationId":"0k4jhvg2k2uqojy"}
{"type":"operationStart","subtype":"render","name":"anonymous","previousOperationId":"0k4jhvg2k2uqojy","timestamp":1725130404341,"id":"mq73943lhn2fh36","previousEventId":"tjikksbzig765bp","operationId":"0vsdmzwq446i6lv"}
{"type":"log","timestamp":1725130404341,"level":"info","message":"Starting rendering (child) request (user: admin)","meta":{"rootId":"ceo7rjwgj4lemkt","id":"uwy36wpszr21qwd"},"id":"aq4zopy3tsh8dfw","previousOperationId":"0vsdmzwq446i6lv"}
{"type":"log","timestamp":1725130404341,"level":"info","message":"Rendering anonymous template { recipe: html, engine: handlebars }","meta":{"rootId":"ceo7rjwgj4lemkt","id":"uwy36wpszr21qwd"},"id":"0vb94yexi6p183q","previousOperationId":"0vsdmzwq446i6lv"}
{"type":"log","timestamp":1725130404341,"level":"debug","message":"Inline data specified.","meta":{"rootId":"ceo7rjwgj4lemkt","id":"uwy36wpszr21qwd"},"id":"8uzy6ey277pc3gt","previousOperationId":"0vsdmzwq446i6lv"}
{"type":"log","timestamp":1725130404342,"level":"debug","message":"Base url not specified, skipping its injection.","meta":{"rootId":"ceo7rjwgj4lemkt","id":"uwy36wpszr21qwd"},"id":"xw9rkn1o1x8qn9z","previousOperationId":"0vsdmzwq446i6lv"}
{"type":"operationStart","subtype":"engine","name":"handlebars","timestamp":1725130404342,"id":"8oy7gnutzdux7od","previousEventId":"mq73943lhn2fh36","operationId":"qrr4eje06frhitr","previousOperationId":"0vsdmzwq446i6lv"}
{"type":"log","timestamp":1725130404342,"level":"debug","message":"Rendering engine handlebars","meta":{"rootId":"ceo7rjwgj4lemkt","id":"uwy36wpszr21qwd"},"id":"7my5ci0lzjubabm","previousOperationId":"qrr4eje06frhitr"}
{"type":"operationEnd","operationId":"qrr4eje06frhitr","timestamp":1725130404404,"id":"1uqykm6531sc2hu","previousEventId":"8oy7gnutzdux7od","previousOperationId":"qrr4eje06frhitr"}
{"type":"operationStart","subtype":"recipe","name":"html","timestamp":1725130404405,"id":"acyu3ck1nrmgkus","previousEventId":"1uqykm6531sc2hu","operationId":"s56vtbnhdskfrop","previousOperationId":"qrr4eje06frhitr"}
{"type":"log","timestamp":1725130404405,"level":"debug","message":"Executing recipe html","meta":{"rootId":"ceo7rjwgj4lemkt","id":"uwy36wpszr21qwd"},"id":"bfhnmc2jxetdyzv","previousOperationId":"s56vtbnhdskfrop"}
{"type":"operationEnd","operationId":"s56vtbnhdskfrop","timestamp":1725130404405,"id":"6l3j1223p65fcli","previousEventId":"acyu3ck1nrmgkus","previousOperationId":"s56vtbnhdskfrop"}
{"type":"log","timestamp":1725130404405,"level":"debug","message":"Skipping storing report.","meta":{"rootId":"ceo7rjwgj4lemkt","id":"uwy36wpszr21qwd"},"id":"5iljvwououekhlp","previousOperationId":"s56vtbnhdskfrop"}
{"type":"log","timestamp":1725130404405,"level":"info","message":"Rendering (child) request finished in 135 ms","meta":{"rootId":"ceo7rjwgj4lemkt","id":"uwy36wpszr21qwd"},"id":"93jjnhkmsvr3f1i","previousOperationId":"s56vtbnhdskfrop"}
{"type":"operationEnd","subtype":"render","operationId":"0vsdmzwq446i6lv","timestamp":1725130404405,"id":"axfipasiwpcwjb7","previousEventId":"6l3j1223p65fcli","previousOperationId":"s56vtbnhdskfrop"}
{"type":"log","timestamp":1725130404429,"level":"debug","message":"xlsx successfully zipped","meta":{"rootId":"ceo7rjwgj4lemkt","id":"ceo7rjwgj4lemkt"},"id":"g1vhg381dfer3kv","previousOperationId":"0k4jhvg2k2uqojy"}
{"type":"log","timestamp":1725130404429,"level":"info","message":"xlsx generation was finished","meta":{"rootId":"ceo7rjwgj4lemkt","id":"ceo7rjwgj4lemkt"},"id":"ng51aos6t9hs6kf","previousOperationId":"0k4jhvg2k2uqojy"}
{"type":"log","timestamp":1725130404429,"level":"info","message":"xlsx transformation is starting","meta":{"rootId":"ceo7rjwgj4lemkt","id":"ceo7rjwgj4lemkt"},"id":"2ajg576c27fhtzz","previousOperationId":"0k4jhvg2k2uqojy"}
{"type":"log","timestamp":1725130404475,"level":"debug","message":"Parsing xlsx content","meta":{"rootId":"ceo7rjwgj4lemkt","id":"ceo7rjwgj4lemkt"},"id":"9jrdgnsklgwfhjb","previousOperationId":"0k4jhvg2k2uqojy"}
{"type":"log","timestamp":1725130404519,"level":"debug","message":"Successfully zipped now.","meta":{"rootId":"ceo7rjwgj4lemkt","id":"ceo7rjwgj4lemkt"},"id":"0kshsumjj809t0e","previousOperationId":"0k4jhvg2k2uqojy"}
{"type":"log","timestamp":1725130404519,"level":"info","message":"xlsx transformation was finished","meta":{"rootId":"ceo7rjwgj4lemkt","id":"ceo7rjwgj4lemkt"},"id":"xsxr43x9re5y2ia","previousOperationId":"0k4jhvg2k2uqojy"}
{"type":"operationEnd","operationId":"0k4jhvg2k2uqojy","timestamp":1725130404520,"id":"mkxq4d72v4bypa8","previousEventId":"tjikksbzig765bp","previousOperationId":"0k4jhvg2k2uqojy"}
{"type":"log","timestamp":1725130404520,"level":"debug","message":"Skipping storing report.","meta":{"rootId":"ceo7rjwgj4lemkt","id":"ceo7rjwgj4lemkt"},"id":"2ori0bi4h19cxs9","previousOperationId":"0k4jhvg2k2uqojy"}
{"type":"log","timestamp":1725130404520,"level":"info","message":"Rendering request 5 finished in 250 ms","meta":{"rootId":"ceo7rjwgj4lemkt","id":"ceo7rjwgj4lemkt"},"id":"g1f53mani5mao2s","previousOperationId":"0k4jhvg2k2uqojy"}
{"type":"operationEnd","subtype":"render","operationId":"act8ilrtm7hwrja","timestamp":1725130404520,"id":"vvz1ue8q9fsxvbg","previousEventId":"mkxq4d72v4bypa8","previousOperationId":"0k4jhvg2k2uqojy"}
{"type":"operationEnd","doDiffs":false,"previousEventId":"ho0gii2l7p83x9y","previousOperationId":"l0s43xcs231p6i3","operationId":"l0s43xcs231p6i3","timestamp":1725130404523,"id":"ocbx54lt7soerj2"}
