{"type":"operationStart","subtype":"profile","data":{"_id":"lnKAMEE49w93IACk","timestamp":"2024-08-05T16:34:04.989Z","state":"queued","mode":"standard","creationDate":"2024-08-05T16:34:04.990Z","modificationDate":"2024-08-05T16:34:04.990Z","shortid":"RwPS3dm","inheritedReadPermissions":[],"inheritedEditPermissions":[],"$entitySet":"profiles"},"doDiffs":false,"timestamp":1722875644990,"id":"p4xaobhnwdjdc7p","previousOperationId":null,"operationId":"1ekn9tdt1klo9m0"}
{"type":"log","level":"info","message":"Render request 26 queued for execution and waiting for available worker","previousOperationId":"1ekn9tdt1klo9m0","timestamp":1722875644990,"id":"cevcrzp8486nwkn"}
{"type":"operationStart","subtype":"render","name":"modules","previousOperationId":"1ekn9tdt1klo9m0","timestamp":1722875645037,"id":"onoi2ly9n9fe04i","previousEventId":"p4xaobhnwdjdc7p","operationId":"6dxsictk8iic8hf"}
{"type":"log","timestamp":1722875645037,"level":"info","message":"Starting rendering request 26 (user: admin)","meta":{"rootId":"cvwl2nlrf1kjbpk","id":"cvwl2nlrf1kjbpk"},"id":"1p06s6vm43dvu2m","previousOperationId":"6dxsictk8iic8hf"}
{"type":"log","timestamp":1722875645037,"level":"info","message":"Rendering template { name: modules, recipe: xlsx, engine: handlebars, preview: true }","meta":{"rootId":"cvwl2nlrf1kjbpk","id":"cvwl2nlrf1kjbpk"},"id":"xb4ixoijkmaitas","previousOperationId":"6dxsictk8iic8hf"}
{"type":"log","timestamp":1722875645037,"level":"debug","message":"Inline data specified.","meta":{"rootId":"cvwl2nlrf1kjbpk","id":"cvwl2nlrf1kjbpk"},"id":"6uw137mqryoj1z3","previousOperationId":"6dxsictk8iic8hf"}
{"type":"log","timestamp":1722875645038,"level":"debug","message":"Base url not specified, skipping its injection.","meta":{"rootId":"cvwl2nlrf1kjbpk","id":"cvwl2nlrf1kjbpk"},"id":"kyyd86hmqbvzeyh","previousOperationId":"6dxsictk8iic8hf"}
{"type":"operationStart","subtype":"engine","name":"handlebars","timestamp":1722875645038,"id":"wekv83dry4t8xy1","previousEventId":"onoi2ly9n9fe04i","operationId":"76ez1mbtty2lf63","previousOperationId":"6dxsictk8iic8hf"}
{"type":"log","timestamp":1722875645038,"level":"debug","message":"Rendering engine handlebars","meta":{"rootId":"cvwl2nlrf1kjbpk","id":"cvwl2nlrf1kjbpk"},"id":"rqmo42kzrh22ksf","previousOperationId":"76ez1mbtty2lf63"}
{"type":"operationEnd","operationId":"76ez1mbtty2lf63","timestamp":1722875645045,"id":"jts2upm9vmvvbnf","previousEventId":"wekv83dry4t8xy1","previousOperationId":"76ez1mbtty2lf63"}
{"type":"operationStart","subtype":"recipe","name":"xlsx","timestamp":1722875645045,"id":"5j9sk60f9pa5tkp","previousEventId":"jts2upm9vmvvbnf","operationId":"bn5ctzqzzgpo3cd","previousOperationId":"76ez1mbtty2lf63"}
{"type":"log","timestamp":1722875645045,"level":"debug","message":"Executing recipe xlsx","meta":{"rootId":"cvwl2nlrf1kjbpk","id":"cvwl2nlrf1kjbpk"},"id":"2eugsl1sglv6iqr","previousOperationId":"bn5ctzqzzgpo3cd"}
{"type":"log","timestamp":1722875645045,"level":"info","message":"xlsx generation is starting","meta":{"rootId":"cvwl2nlrf1kjbpk","id":"cvwl2nlrf1kjbpk"},"id":"9cpq9no4kr4lfom","previousOperationId":"bn5ctzqzzgpo3cd"}
{"type":"log","timestamp":1722875645070,"level":"debug","message":"Starting child request to render xlsx dynamic parts for generation step","meta":{"rootId":"cvwl2nlrf1kjbpk","id":"cvwl2nlrf1kjbpk"},"id":"uewo2jg6xygyzhx","previousOperationId":"bn5ctzqzzgpo3cd"}
{"type":"operationStart","subtype":"render","name":"anonymous","previousOperationId":"bn5ctzqzzgpo3cd","timestamp":1722875645071,"id":"fygsc9cpdeu27kh","previousEventId":"5j9sk60f9pa5tkp","operationId":"n26pp1lgemlhyev"}
{"type":"log","timestamp":1722875645071,"level":"info","message":"Starting rendering (child) request (user: admin)","meta":{"rootId":"cvwl2nlrf1kjbpk","id":"9zref0d6wueil24"},"id":"oyi6tj47p9tyq9p","previousOperationId":"n26pp1lgemlhyev"}
{"type":"log","timestamp":1722875645071,"level":"info","message":"Rendering anonymous template { recipe: html, engine: handlebars }","meta":{"rootId":"cvwl2nlrf1kjbpk","id":"9zref0d6wueil24"},"id":"euqj47egnv86l1f","previousOperationId":"n26pp1lgemlhyev"}
{"type":"log","timestamp":1722875645071,"level":"debug","message":"Inline data specified.","meta":{"rootId":"cvwl2nlrf1kjbpk","id":"9zref0d6wueil24"},"id":"0vc7rveynesqikb","previousOperationId":"n26pp1lgemlhyev"}
{"type":"log","timestamp":1722875645072,"level":"debug","message":"Base url not specified, skipping its injection.","meta":{"rootId":"cvwl2nlrf1kjbpk","id":"9zref0d6wueil24"},"id":"kk0e6sema2axcoj","previousOperationId":"n26pp1lgemlhyev"}
{"type":"operationStart","subtype":"engine","name":"handlebars","timestamp":1722875645073,"id":"1geoxb9csuqspo2","previousEventId":"fygsc9cpdeu27kh","operationId":"w239imwjd6hlpaw","previousOperationId":"n26pp1lgemlhyev"}
{"type":"log","timestamp":1722875645073,"level":"debug","message":"Rendering engine handlebars","meta":{"rootId":"cvwl2nlrf1kjbpk","id":"9zref0d6wueil24"},"id":"4kqm6aj9baxo4jf","previousOperationId":"w239imwjd6hlpaw"}
{"type":"operationEnd","operationId":"w239imwjd6hlpaw","timestamp":1722875645123,"id":"a94ki9h4eernqf4","previousEventId":"1geoxb9csuqspo2","previousOperationId":"w239imwjd6hlpaw"}
{"type":"operationStart","subtype":"recipe","name":"html","timestamp":1722875645124,"id":"9l3o25q2jv1dzuu","previousEventId":"a94ki9h4eernqf4","operationId":"5hpkd39yoe8atb2","previousOperationId":"w239imwjd6hlpaw"}
{"type":"log","timestamp":1722875645124,"level":"debug","message":"Executing recipe html","meta":{"rootId":"cvwl2nlrf1kjbpk","id":"9zref0d6wueil24"},"id":"cg63r4qlhm1oux6","previousOperationId":"5hpkd39yoe8atb2"}
{"type":"operationEnd","operationId":"5hpkd39yoe8atb2","timestamp":1722875645124,"id":"zelgdnntzhg5y9j","previousEventId":"9l3o25q2jv1dzuu","previousOperationId":"5hpkd39yoe8atb2"}
{"type":"log","timestamp":1722875645124,"level":"debug","message":"Skipping storing report.","meta":{"rootId":"cvwl2nlrf1kjbpk","id":"9zref0d6wueil24"},"id":"ci2qyzq3h93e9k8","previousOperationId":"5hpkd39yoe8atb2"}
{"type":"log","timestamp":1722875645124,"level":"info","message":"Rendering (child) request finished in 135 ms","meta":{"rootId":"cvwl2nlrf1kjbpk","id":"9zref0d6wueil24"},"id":"ihjtp3tkeusg924","previousOperationId":"5hpkd39yoe8atb2"}
{"type":"operationEnd","subtype":"render","operationId":"n26pp1lgemlhyev","timestamp":1722875645124,"id":"lcjw47zwmxo3anr","previousEventId":"zelgdnntzhg5y9j","previousOperationId":"5hpkd39yoe8atb2"}
{"type":"log","timestamp":1722875645151,"level":"debug","message":"xlsx successfully zipped","meta":{"rootId":"cvwl2nlrf1kjbpk","id":"cvwl2nlrf1kjbpk"},"id":"j019pqyu6i6v2bg","previousOperationId":"bn5ctzqzzgpo3cd"}
{"type":"log","timestamp":1722875645151,"level":"info","message":"xlsx generation was finished","meta":{"rootId":"cvwl2nlrf1kjbpk","id":"cvwl2nlrf1kjbpk"},"id":"zoh334ddmad4koe","previousOperationId":"bn5ctzqzzgpo3cd"}
{"type":"log","timestamp":1722875645151,"level":"info","message":"xlsx transformation is starting","meta":{"rootId":"cvwl2nlrf1kjbpk","id":"cvwl2nlrf1kjbpk"},"id":"dauoa3v6wzgz2zk","previousOperationId":"bn5ctzqzzgpo3cd"}
{"type":"log","timestamp":1722875645168,"level":"debug","message":"Parsing xlsx content","meta":{"rootId":"cvwl2nlrf1kjbpk","id":"cvwl2nlrf1kjbpk"},"id":"bzgac1ihm3znyng","previousOperationId":"bn5ctzqzzgpo3cd"}
{"type":"log","timestamp":1722875645211,"level":"debug","message":"Successfully zipped now.","meta":{"rootId":"cvwl2nlrf1kjbpk","id":"cvwl2nlrf1kjbpk"},"id":"3e7igoh90zdm1fl","previousOperationId":"bn5ctzqzzgpo3cd"}
{"type":"log","timestamp":1722875645211,"level":"info","message":"xlsx transformation was finished","meta":{"rootId":"cvwl2nlrf1kjbpk","id":"cvwl2nlrf1kjbpk"},"id":"gcip1vjyuw3rb39","previousOperationId":"bn5ctzqzzgpo3cd"}
{"type":"log","timestamp":1722875645211,"level":"debug","message":"preparing office preview","meta":{"rootId":"cvwl2nlrf1kjbpk","id":"cvwl2nlrf1kjbpk"},"id":"r6mqkge8mytdzev","previousOperationId":"bn5ctzqzzgpo3cd"}
{"type":"operationEnd","operationId":"bn5ctzqzzgpo3cd","timestamp":1722875645897,"id":"gw2tkxatq3rr99l","previousEventId":"5j9sk60f9pa5tkp","previousOperationId":"bn5ctzqzzgpo3cd"}
{"type":"log","timestamp":1722875645897,"level":"debug","message":"Skipping storing report.","meta":{"rootId":"cvwl2nlrf1kjbpk","id":"cvwl2nlrf1kjbpk"},"id":"4fzgovdwxbnllfe","previousOperationId":"bn5ctzqzzgpo3cd"}
{"type":"log","timestamp":1722875645897,"level":"info","message":"Rendering request 26 finished in 908 ms","meta":{"rootId":"cvwl2nlrf1kjbpk","id":"cvwl2nlrf1kjbpk"},"id":"5z7ece04jrqg08f","previousOperationId":"bn5ctzqzzgpo3cd"}
{"type":"operationEnd","subtype":"render","operationId":"6dxsictk8iic8hf","timestamp":1722875645897,"id":"fxlwhy36bbcipz2","previousEventId":"gw2tkxatq3rr99l","previousOperationId":"bn5ctzqzzgpo3cd"}
{"type":"operationEnd","doDiffs":false,"previousEventId":"p4xaobhnwdjdc7p","previousOperationId":"1ekn9tdt1klo9m0","operationId":"1ekn9tdt1klo9m0","timestamp":1722875645899,"id":"n994051vcafj3tr"}
