{"type":"operationStart","subtype":"profile","data":{"_id":"LHeYSS6RI2k8Ozy8","timestamp":"2024-08-05T18:37:49.071Z","state":"queued","mode":"standard","creationDate":"2024-08-05T18:37:49.075Z","modificationDate":"2024-08-05T18:37:49.075Z","shortid":"vZOog-L","inheritedReadPermissions":[],"inheritedEditPermissions":[],"$entitySet":"profiles"},"doDiffs":false,"timestamp":1722883069073,"id":"7q85ioaydn95znn","previousOperationId":null,"operationId":"0zaei17gsjemslz"}
{"type":"log","level":"info","message":"Render request 1 queued for execution and waiting for available worker","previousOperationId":"0zaei17gsjemslz","timestamp":1722883069073,"id":"bwadex3lrbyy2g5"}
{"type":"operationStart","subtype":"render","name":"modules","previousOperationId":"0zaei17gsjemslz","timestamp":1722883069215,"id":"yvypnk7lv2ptcmk","previousEventId":"7q85ioaydn95znn","operationId":"2y5vz6qmtwmcj0x"}
{"type":"log","timestamp":1722883069216,"level":"info","message":"Starting rendering request 1 (user: admin)","meta":{"rootId":"dyk3eohzzc04ig2","id":"dyk3eohzzc04ig2"},"id":"6lu7xsninniojf7","previousOperationId":"2y5vz6qmtwmcj0x"}
{"type":"log","timestamp":1722883069217,"level":"info","message":"Rendering template { name: modules, recipe: xlsx, engine: handlebars, preview: true }","meta":{"rootId":"dyk3eohzzc04ig2","id":"dyk3eohzzc04ig2"},"id":"cr2zl4khwa6imxh","previousOperationId":"2y5vz6qmtwmcj0x"}
{"type":"log","timestamp":1722883069219,"level":"debug","message":"Adding sample data zpoVsW4fC","meta":{"rootId":"dyk3eohzzc04ig2","id":"dyk3eohzzc04ig2"},"id":"4y4se48f7p4b60w","previousOperationId":"2y5vz6qmtwmcj0x"}
{"type":"log","timestamp":1722883069223,"level":"debug","message":"Base url not specified, skipping its injection.","meta":{"rootId":"dyk3eohzzc04ig2","id":"dyk3eohzzc04ig2"},"id":"g7nfnvh8446dnck","previousOperationId":"2y5vz6qmtwmcj0x"}
{"type":"operationStart","subtype":"engine","name":"handlebars","timestamp":1722883069224,"id":"jw079zdmdn33ufk","previousEventId":"yvypnk7lv2ptcmk","operationId":"gxgrrxcotn3fl1b","previousOperationId":"2y5vz6qmtwmcj0x"}
{"type":"log","timestamp":1722883069224,"level":"debug","message":"Rendering engine handlebars","meta":{"rootId":"dyk3eohzzc04ig2","id":"dyk3eohzzc04ig2"},"id":"brjf1chm5t624xg","previousOperationId":"gxgrrxcotn3fl1b"}
{"type":"operationEnd","operationId":"gxgrrxcotn3fl1b","timestamp":1722883069963,"id":"eo72csau713ivns","previousEventId":"jw079zdmdn33ufk","previousOperationId":"gxgrrxcotn3fl1b"}
{"type":"operationStart","subtype":"recipe","name":"xlsx","timestamp":1722883069964,"id":"5axymi9ltdbs1lv","previousEventId":"eo72csau713ivns","operationId":"10o3uxpgaa19tj3","previousOperationId":"gxgrrxcotn3fl1b"}
{"type":"log","timestamp":1722883069964,"level":"debug","message":"Executing recipe xlsx","meta":{"rootId":"dyk3eohzzc04ig2","id":"dyk3eohzzc04ig2"},"id":"94gc3z5tlj7imij","previousOperationId":"10o3uxpgaa19tj3"}
{"type":"log","timestamp":1722883070015,"level":"info","message":"xlsx generation is starting","meta":{"rootId":"dyk3eohzzc04ig2","id":"dyk3eohzzc04ig2"},"id":"b2p2gn6m0lsjgnf","previousOperationId":"10o3uxpgaa19tj3"}
{"type":"log","timestamp":1722883070093,"level":"debug","message":"Starting child request to render xlsx dynamic parts for generation step","meta":{"rootId":"dyk3eohzzc04ig2","id":"dyk3eohzzc04ig2"},"id":"6nrfpvospkfw13y","previousOperationId":"10o3uxpgaa19tj3"}
{"type":"operationStart","subtype":"render","name":"anonymous","previousOperationId":"10o3uxpgaa19tj3","timestamp":1722883070094,"id":"s8lctath8u2imj3","previousEventId":"5axymi9ltdbs1lv","operationId":"aqu1qy9asv43veb"}
{"type":"log","timestamp":1722883070094,"level":"info","message":"Starting rendering (child) request (user: admin)","meta":{"rootId":"dyk3eohzzc04ig2","id":"49r031mil2v62fn"},"id":"p0o4lzbn2yyh1ft","previousOperationId":"aqu1qy9asv43veb"}
{"type":"log","timestamp":1722883070095,"level":"info","message":"Rendering anonymous template { recipe: html, engine: handlebars }","meta":{"rootId":"dyk3eohzzc04ig2","id":"49r031mil2v62fn"},"id":"vc0ofaa7mthhygh","previousOperationId":"aqu1qy9asv43veb"}
{"type":"log","timestamp":1722883070095,"level":"debug","message":"Inline data specified.","meta":{"rootId":"dyk3eohzzc04ig2","id":"49r031mil2v62fn"},"id":"v1gvqksbjaclbyd","previousOperationId":"aqu1qy9asv43veb"}
{"type":"log","timestamp":1722883070097,"level":"debug","message":"Base url not specified, skipping its injection.","meta":{"rootId":"dyk3eohzzc04ig2","id":"49r031mil2v62fn"},"id":"a9iswuc24gvykz7","previousOperationId":"aqu1qy9asv43veb"}
{"type":"operationStart","subtype":"engine","name":"handlebars","timestamp":1722883070097,"id":"m1tylbcikamab26","previousEventId":"s8lctath8u2imj3","operationId":"wt6k104gedjfgil","previousOperationId":"aqu1qy9asv43veb"}
{"type":"log","timestamp":1722883070097,"level":"debug","message":"Rendering engine handlebars","meta":{"rootId":"dyk3eohzzc04ig2","id":"49r031mil2v62fn"},"id":"btljb4da5qvfx63","previousOperationId":"wt6k104gedjfgil"}
{"type":"operationEnd","operationId":"wt6k104gedjfgil","timestamp":1722883070311,"id":"px4juny33zhrgw7","previousEventId":"m1tylbcikamab26","previousOperationId":"wt6k104gedjfgil"}
{"type":"operationStart","subtype":"recipe","name":"html","timestamp":1722883070313,"id":"wewub7nhvcoj2ss","previousEventId":"px4juny33zhrgw7","operationId":"ddynfcz1c30i5nb","previousOperationId":"wt6k104gedjfgil"}
{"type":"log","timestamp":1722883070313,"level":"debug","message":"Executing recipe html","meta":{"rootId":"dyk3eohzzc04ig2","id":"49r031mil2v62fn"},"id":"vi86xpgvj60o8fw","previousOperationId":"ddynfcz1c30i5nb"}
{"type":"operationEnd","operationId":"ddynfcz1c30i5nb","timestamp":1722883070313,"id":"ut95is7p9np9sex","previousEventId":"wewub7nhvcoj2ss","previousOperationId":"ddynfcz1c30i5nb"}
{"type":"log","timestamp":1722883070314,"level":"debug","message":"Skipping storing report.","meta":{"rootId":"dyk3eohzzc04ig2","id":"49r031mil2v62fn"},"id":"cahh4lnneqx6n3l","previousOperationId":"ddynfcz1c30i5nb"}
{"type":"log","timestamp":1722883070314,"level":"info","message":"Rendering (child) request finished in 1244 ms","meta":{"rootId":"dyk3eohzzc04ig2","id":"49r031mil2v62fn"},"id":"w6cntr7a9auiytp","previousOperationId":"ddynfcz1c30i5nb"}
{"type":"operationEnd","subtype":"render","operationId":"aqu1qy9asv43veb","timestamp":1722883070315,"id":"mgghu2yni1qelm4","previousEventId":"ut95is7p9np9sex","previousOperationId":"ddynfcz1c30i5nb"}
{"type":"log","timestamp":1722883070452,"level":"debug","message":"xlsx successfully zipped","meta":{"rootId":"dyk3eohzzc04ig2","id":"dyk3eohzzc04ig2"},"id":"c7t49pk9uxyxlo2","previousOperationId":"10o3uxpgaa19tj3"}
{"type":"log","timestamp":1722883070452,"level":"info","message":"xlsx generation was finished","meta":{"rootId":"dyk3eohzzc04ig2","id":"dyk3eohzzc04ig2"},"id":"sbldefwtcszqvhy","previousOperationId":"10o3uxpgaa19tj3"}
{"type":"log","timestamp":1722883070457,"level":"info","message":"xlsx transformation is starting","meta":{"rootId":"dyk3eohzzc04ig2","id":"dyk3eohzzc04ig2"},"id":"op2emxb8x4u4hk4","previousOperationId":"10o3uxpgaa19tj3"}
{"type":"log","timestamp":1722883070569,"level":"debug","message":"Parsing xlsx content","meta":{"rootId":"dyk3eohzzc04ig2","id":"dyk3eohzzc04ig2"},"id":"pu8bb3rm1d0hzbn","previousOperationId":"10o3uxpgaa19tj3"}
{"type":"log","timestamp":1722883070636,"level":"debug","message":"Successfully zipped now.","meta":{"rootId":"dyk3eohzzc04ig2","id":"dyk3eohzzc04ig2"},"id":"4gxfg4cv9w954cn","previousOperationId":"10o3uxpgaa19tj3"}
{"type":"log","timestamp":1722883070636,"level":"info","message":"xlsx transformation was finished","meta":{"rootId":"dyk3eohzzc04ig2","id":"dyk3eohzzc04ig2"},"id":"r8m9kd3chwgyvxh","previousOperationId":"10o3uxpgaa19tj3"}
{"type":"log","timestamp":1722883070663,"level":"debug","message":"preparing office preview","meta":{"rootId":"dyk3eohzzc04ig2","id":"dyk3eohzzc04ig2"},"id":"m7d0awaavnf70kd","previousOperationId":"10o3uxpgaa19tj3"}
{"type":"operationEnd","operationId":"10o3uxpgaa19tj3","timestamp":1722883071744,"id":"alhi1hyz472ggg6","previousEventId":"5axymi9ltdbs1lv","previousOperationId":"10o3uxpgaa19tj3"}
{"type":"log","timestamp":1722883071744,"level":"debug","message":"Skipping storing report.","meta":{"rootId":"dyk3eohzzc04ig2","id":"dyk3eohzzc04ig2"},"id":"tcufxbucck7se1c","previousOperationId":"10o3uxpgaa19tj3"}
{"type":"log","timestamp":1722883071744,"level":"info","message":"Rendering request 1 finished in 2674 ms","meta":{"rootId":"dyk3eohzzc04ig2","id":"dyk3eohzzc04ig2"},"id":"qo0qrxfotwtkmt6","previousOperationId":"10o3uxpgaa19tj3"}
{"type":"operationEnd","subtype":"render","operationId":"2y5vz6qmtwmcj0x","timestamp":1722883071744,"id":"pt9lluy4dwndsxy","previousEventId":"alhi1hyz472ggg6","previousOperationId":"10o3uxpgaa19tj3"}
{"type":"operationEnd","doDiffs":false,"previousEventId":"7q85ioaydn95znn","previousOperationId":"0zaei17gsjemslz","operationId":"0zaei17gsjemslz","timestamp":1722883071749,"id":"o8a5zbpkrpukgzb"}
