{"type":"operationStart","subtype":"profile","data":{"_id":"8X44w9d3QfDm03lE","timestamp":"2024-08-31T18:40:16.443Z","state":"queued","mode":"standard","creationDate":"2024-08-31T18:40:16.446Z","modificationDate":"2024-08-31T18:40:16.446Z","shortid":"BcJtqsC","inheritedReadPermissions":[],"inheritedEditPermissions":[],"$entitySet":"profiles"},"doDiffs":false,"timestamp":1725129616444,"id":"1es18msjv2smg6b","previousOperationId":null,"operationId":"f5ovm4vs2to246o"}
{"type":"log","level":"info","message":"Render request 1 queued for execution and waiting for available worker","previousOperationId":"f5ovm4vs2to246o","timestamp":1725129616445,"id":"f0d3g6tri3wprdk"}
{"type":"operationStart","subtype":"render","name":"modules","previousOperationId":"f5ovm4vs2to246o","timestamp":1725129616496,"id":"8ui86f5wink5vid","previousEventId":"1es18msjv2smg6b","operationId":"rnc1wemnozq5gw1"}
{"type":"log","timestamp":1725129616497,"level":"info","message":"Starting rendering request 1 (user: admin)","meta":{"rootId":"e6o2zhx9x26mexe","id":"e6o2zhx9x26mexe"},"id":"r6e0o3bzm1doc1n","previousOperationId":"rnc1wemnozq5gw1"}
{"type":"log","timestamp":1725129616498,"level":"info","message":"Rendering template { name: modules, recipe: xlsx, engine: handlebars, preview: true }","meta":{"rootId":"e6o2zhx9x26mexe","id":"e6o2zhx9x26mexe"},"id":"rl2wnjdwnd0q5ud","previousOperationId":"rnc1wemnozq5gw1"}
{"type":"log","timestamp":1725129616498,"level":"debug","message":"Inline data specified.","meta":{"rootId":"e6o2zhx9x26mexe","id":"e6o2zhx9x26mexe"},"id":"57zqyu9g6kyh0yr","previousOperationId":"rnc1wemnozq5gw1"}
{"type":"log","timestamp":1725129616500,"level":"debug","message":"Base url not specified, skipping its injection.","meta":{"rootId":"e6o2zhx9x26mexe","id":"e6o2zhx9x26mexe"},"id":"thdrcjfkw1nhzom","previousOperationId":"rnc1wemnozq5gw1"}
{"type":"operationStart","subtype":"engine","name":"handlebars","timestamp":1725129616501,"id":"49vgva5viay3owo","previousEventId":"8ui86f5wink5vid","operationId":"ihsj0bgsskzazfb","previousOperationId":"rnc1wemnozq5gw1"}
{"type":"log","timestamp":1725129616501,"level":"debug","message":"Rendering engine handlebars","meta":{"rootId":"e6o2zhx9x26mexe","id":"e6o2zhx9x26mexe"},"id":"vh1yn19yz21tjim","previousOperationId":"ihsj0bgsskzazfb"}
{"type":"operationEnd","operationId":"ihsj0bgsskzazfb","timestamp":1725129616905,"id":"i5o73ck18jrqmbe","previousEventId":"49vgva5viay3owo","previousOperationId":"ihsj0bgsskzazfb"}
{"type":"operationStart","subtype":"recipe","name":"xlsx","timestamp":1725129616905,"id":"uvdtlpp8z9xmd5n","previousEventId":"i5o73ck18jrqmbe","operationId":"3fm3np4eycqe6qw","previousOperationId":"ihsj0bgsskzazfb"}
{"type":"log","timestamp":1725129616905,"level":"debug","message":"Executing recipe xlsx","meta":{"rootId":"e6o2zhx9x26mexe","id":"e6o2zhx9x26mexe"},"id":"wkg3zn1no5w27n7","previousOperationId":"3fm3np4eycqe6qw"}
{"type":"log","timestamp":1725129616932,"level":"info","message":"xlsx generation is starting","meta":{"rootId":"e6o2zhx9x26mexe","id":"e6o2zhx9x26mexe"},"id":"5opdips503bzi3j","previousOperationId":"3fm3np4eycqe6qw"}
{"type":"log","timestamp":1725129616968,"level":"debug","message":"Starting child request to render xlsx dynamic parts for generation step","meta":{"rootId":"e6o2zhx9x26mexe","id":"e6o2zhx9x26mexe"},"id":"hnz595fa626wq8s","previousOperationId":"3fm3np4eycqe6qw"}
{"type":"operationStart","subtype":"render","name":"anonymous","previousOperationId":"3fm3np4eycqe6qw","timestamp":1725129616968,"id":"hhg7a4kgrg8ldbj","previousEventId":"uvdtlpp8z9xmd5n","operationId":"0vtdrwtcfmhw8c9"}
{"type":"log","timestamp":1725129616968,"level":"info","message":"Starting rendering (child) request (user: admin)","meta":{"rootId":"e6o2zhx9x26mexe","id":"hfwvgcsio5jxrjp"},"id":"xxxg7yfdk2086vp","previousOperationId":"0vtdrwtcfmhw8c9"}
{"type":"log","timestamp":1725129616968,"level":"info","message":"Rendering anonymous template { recipe: html, engine: handlebars }","meta":{"rootId":"e6o2zhx9x26mexe","id":"hfwvgcsio5jxrjp"},"id":"kspfp2a1wjul9cx","previousOperationId":"0vtdrwtcfmhw8c9"}
{"type":"log","timestamp":1725129616968,"level":"debug","message":"Inline data specified.","meta":{"rootId":"e6o2zhx9x26mexe","id":"hfwvgcsio5jxrjp"},"id":"n473z4n2ny8duv3","previousOperationId":"0vtdrwtcfmhw8c9"}
{"type":"log","timestamp":1725129616972,"level":"debug","message":"Base url not specified, skipping its injection.","meta":{"rootId":"e6o2zhx9x26mexe","id":"hfwvgcsio5jxrjp"},"id":"h7z2os5ncon5n1r","previousOperationId":"0vtdrwtcfmhw8c9"}
{"type":"operationStart","subtype":"engine","name":"handlebars","timestamp":1725129616973,"id":"ynwthsmzcn9b1ht","previousEventId":"hhg7a4kgrg8ldbj","operationId":"084h02ucn1oi4jb","previousOperationId":"0vtdrwtcfmhw8c9"}
{"type":"log","timestamp":1725129616973,"level":"debug","message":"Rendering engine handlebars","meta":{"rootId":"e6o2zhx9x26mexe","id":"hfwvgcsio5jxrjp"},"id":"gflzog67zogmd6s","previousOperationId":"084h02ucn1oi4jb"}
{"type":"operationEnd","operationId":"084h02ucn1oi4jb","timestamp":1725129617089,"id":"cb5wls023pkzwch","previousEventId":"ynwthsmzcn9b1ht","previousOperationId":"084h02ucn1oi4jb"}
{"type":"operationStart","subtype":"recipe","name":"html","timestamp":1725129617090,"id":"7djg9j1jqu1flpz","previousEventId":"cb5wls023pkzwch","operationId":"efdtn2ypinv8pyy","previousOperationId":"084h02ucn1oi4jb"}
{"type":"log","timestamp":1725129617090,"level":"debug","message":"Executing recipe html","meta":{"rootId":"e6o2zhx9x26mexe","id":"hfwvgcsio5jxrjp"},"id":"mnonlmar22cy168","previousOperationId":"efdtn2ypinv8pyy"}
{"type":"operationEnd","operationId":"efdtn2ypinv8pyy","timestamp":1725129617090,"id":"ijj8xwywv7apwm6","previousEventId":"7djg9j1jqu1flpz","previousOperationId":"efdtn2ypinv8pyy"}
{"type":"log","timestamp":1725129617090,"level":"debug","message":"Skipping storing report.","meta":{"rootId":"e6o2zhx9x26mexe","id":"hfwvgcsio5jxrjp"},"id":"om5jtn1lme2r4r1","previousOperationId":"efdtn2ypinv8pyy"}
{"type":"log","timestamp":1725129617090,"level":"info","message":"Rendering (child) request finished in 648 ms","meta":{"rootId":"e6o2zhx9x26mexe","id":"hfwvgcsio5jxrjp"},"id":"jwtxzx4hc741ubo","previousOperationId":"efdtn2ypinv8pyy"}
{"type":"operationEnd","subtype":"render","operationId":"0vtdrwtcfmhw8c9","timestamp":1725129617091,"id":"7jjmeiilytlogdl","previousEventId":"ijj8xwywv7apwm6","previousOperationId":"efdtn2ypinv8pyy"}
{"type":"log","timestamp":1725129617163,"level":"debug","message":"xlsx successfully zipped","meta":{"rootId":"e6o2zhx9x26mexe","id":"e6o2zhx9x26mexe"},"id":"o2suc0hky7l43uh","previousOperationId":"3fm3np4eycqe6qw"}
{"type":"log","timestamp":1725129617163,"level":"info","message":"xlsx generation was finished","meta":{"rootId":"e6o2zhx9x26mexe","id":"e6o2zhx9x26mexe"},"id":"7x8rawd6avr510f","previousOperationId":"3fm3np4eycqe6qw"}
{"type":"log","timestamp":1725129617166,"level":"info","message":"xlsx transformation is starting","meta":{"rootId":"e6o2zhx9x26mexe","id":"e6o2zhx9x26mexe"},"id":"b6ck4pd29fajstc","previousOperationId":"3fm3np4eycqe6qw"}
{"type":"log","timestamp":1725129617225,"level":"debug","message":"Parsing xlsx content","meta":{"rootId":"e6o2zhx9x26mexe","id":"e6o2zhx9x26mexe"},"id":"eqqlpvh0gekv878","previousOperationId":"3fm3np4eycqe6qw"}
{"type":"log","timestamp":1725129617261,"level":"debug","message":"Successfully zipped now.","meta":{"rootId":"e6o2zhx9x26mexe","id":"e6o2zhx9x26mexe"},"id":"eyvhj7k9cm8phvq","previousOperationId":"3fm3np4eycqe6qw"}
{"type":"log","timestamp":1725129617261,"level":"info","message":"xlsx transformation was finished","meta":{"rootId":"e6o2zhx9x26mexe","id":"e6o2zhx9x26mexe"},"id":"holhd7tp0q5iao0","previousOperationId":"3fm3np4eycqe6qw"}
{"type":"log","timestamp":1725129617276,"level":"debug","message":"preparing office preview","meta":{"rootId":"e6o2zhx9x26mexe","id":"e6o2zhx9x26mexe"},"id":"e9musm4ioaprgoy","previousOperationId":"3fm3np4eycqe6qw"}
{"type":"operationEnd","operationId":"3fm3np4eycqe6qw","timestamp":1725129618371,"id":"93r9dg5u8lt2h40","previousEventId":"uvdtlpp8z9xmd5n","previousOperationId":"3fm3np4eycqe6qw"}
{"type":"log","timestamp":1725129618372,"level":"debug","message":"Skipping storing report.","meta":{"rootId":"e6o2zhx9x26mexe","id":"e6o2zhx9x26mexe"},"id":"ou33z7is1zee4ua","previousOperationId":"3fm3np4eycqe6qw"}
{"type":"log","timestamp":1725129618372,"level":"info","message":"Rendering request 1 finished in 1930 ms","meta":{"rootId":"e6o2zhx9x26mexe","id":"e6o2zhx9x26mexe"},"id":"vjdqokwzaaugdnr","previousOperationId":"3fm3np4eycqe6qw"}
{"type":"operationEnd","subtype":"render","operationId":"rnc1wemnozq5gw1","timestamp":1725129618372,"id":"kjnrjpmz3b31fim","previousEventId":"93r9dg5u8lt2h40","previousOperationId":"3fm3np4eycqe6qw"}
{"type":"operationEnd","doDiffs":false,"previousEventId":"1es18msjv2smg6b","previousOperationId":"f5ovm4vs2to246o","operationId":"f5ovm4vs2to246o","timestamp":1725129618374,"id":"cw918c7yfgvjvvb"}
