{"type":"operationStart","subtype":"profile","data":{"_id":"t4aCIer1QL3HIVpN","timestamp":"2024-08-05T17:08:39.482Z","state":"queued","mode":"standard","creationDate":"2024-08-05T17:08:39.482Z","modificationDate":"2024-08-05T17:08:39.482Z","shortid":"7Ev7cFV","inheritedReadPermissions":[],"inheritedEditPermissions":[],"$entitySet":"profiles"},"doDiffs":false,"timestamp":1722877719482,"id":"6p54sbawjyncvib","previousOperationId":null,"operationId":"q5xlikj7t2znnko"}
{"type":"log","level":"info","message":"Render request 50 queued for execution and waiting for available worker","previousOperationId":"q5xlikj7t2znnko","timestamp":1722877719482,"id":"dndhufo1luprwrq"}
{"type":"operationStart","subtype":"render","name":"modules","previousOperationId":"q5xlikj7t2znnko","timestamp":1722877719513,"id":"yom4qjz6q5rd9o9","previousEventId":"6p54sbawjyncvib","operationId":"2hx0tmc1gbxe9re"}
{"type":"log","timestamp":1722877719513,"level":"info","message":"Starting rendering request 50 (user: admin)","meta":{"rootId":"euxzvrtapbbah4o","id":"euxzvrtapbbah4o"},"id":"ymajt0c8woc4qb8","previousOperationId":"2hx0tmc1gbxe9re"}
{"type":"log","timestamp":1722877719513,"level":"info","message":"Rendering template { name: modules, recipe: xlsx, engine: handlebars, preview: true }","meta":{"rootId":"euxzvrtapbbah4o","id":"euxzvrtapbbah4o"},"id":"2lq412tycxipb4r","previousOperationId":"2hx0tmc1gbxe9re"}
{"type":"log","timestamp":1722877719513,"level":"debug","message":"Inline data specified.","meta":{"rootId":"euxzvrtapbbah4o","id":"euxzvrtapbbah4o"},"id":"v59ctm0lqt6fads","previousOperationId":"2hx0tmc1gbxe9re"}
{"type":"log","timestamp":1722877719514,"level":"debug","message":"Base url not specified, skipping its injection.","meta":{"rootId":"euxzvrtapbbah4o","id":"euxzvrtapbbah4o"},"id":"02240iwu19y41ev","previousOperationId":"2hx0tmc1gbxe9re"}
{"type":"operationStart","subtype":"engine","name":"handlebars","timestamp":1722877719514,"id":"dl24d98cdmnd0fw","previousEventId":"yom4qjz6q5rd9o9","operationId":"gdn440tssjphk8u","previousOperationId":"2hx0tmc1gbxe9re"}
{"type":"log","timestamp":1722877719514,"level":"debug","message":"Rendering engine handlebars","meta":{"rootId":"euxzvrtapbbah4o","id":"euxzvrtapbbah4o"},"id":"jul4imgv8h3q2kf","previousOperationId":"gdn440tssjphk8u"}
{"type":"operationEnd","operationId":"gdn440tssjphk8u","timestamp":1722877719519,"id":"erder8m3zwdamq2","previousEventId":"dl24d98cdmnd0fw","previousOperationId":"gdn440tssjphk8u"}
{"type":"operationStart","subtype":"recipe","name":"xlsx","timestamp":1722877719520,"id":"dtf8s0r9slkdimf","previousEventId":"erder8m3zwdamq2","operationId":"splkyrhmxf418pk","previousOperationId":"gdn440tssjphk8u"}
{"type":"log","timestamp":1722877719520,"level":"debug","message":"Executing recipe xlsx","meta":{"rootId":"euxzvrtapbbah4o","id":"euxzvrtapbbah4o"},"id":"oklxa5htcwp5grf","previousOperationId":"splkyrhmxf418pk"}
{"type":"log","timestamp":1722877719521,"level":"info","message":"xlsx generation is starting","meta":{"rootId":"euxzvrtapbbah4o","id":"euxzvrtapbbah4o"},"id":"hed2r7fln1majgc","previousOperationId":"splkyrhmxf418pk"}
{"type":"log","timestamp":1722877719538,"level":"debug","message":"Starting child request to render xlsx dynamic parts for generation step","meta":{"rootId":"euxzvrtapbbah4o","id":"euxzvrtapbbah4o"},"id":"hxbacmy3dsgo56g","previousOperationId":"splkyrhmxf418pk"}
{"type":"operationStart","subtype":"render","name":"anonymous","previousOperationId":"splkyrhmxf418pk","timestamp":1722877719539,"id":"hnf9wrcqtdef6g4","previousEventId":"dtf8s0r9slkdimf","operationId":"sz9war3vdpmjp6j"}
{"type":"log","timestamp":1722877719539,"level":"info","message":"Starting rendering (child) request (user: admin)","meta":{"rootId":"euxzvrtapbbah4o","id":"ot3ejgd8b6ns43g"},"id":"yl7d53coc05l9fc","previousOperationId":"sz9war3vdpmjp6j"}
{"type":"log","timestamp":1722877719539,"level":"info","message":"Rendering anonymous template { recipe: html, engine: handlebars }","meta":{"rootId":"euxzvrtapbbah4o","id":"ot3ejgd8b6ns43g"},"id":"u27bb7r6u0zfbfp","previousOperationId":"sz9war3vdpmjp6j"}
{"type":"log","timestamp":1722877719539,"level":"debug","message":"Inline data specified.","meta":{"rootId":"euxzvrtapbbah4o","id":"ot3ejgd8b6ns43g"},"id":"bcy01aq1c5f9rxj","previousOperationId":"sz9war3vdpmjp6j"}
{"type":"log","timestamp":1722877719539,"level":"debug","message":"Base url not specified, skipping its injection.","meta":{"rootId":"euxzvrtapbbah4o","id":"ot3ejgd8b6ns43g"},"id":"1l7zxju3ibnmh0u","previousOperationId":"sz9war3vdpmjp6j"}
{"type":"operationStart","subtype":"engine","name":"handlebars","timestamp":1722877719540,"id":"gk0nzu6ot8bnx7o","previousEventId":"hnf9wrcqtdef6g4","operationId":"90xtdgotwr68mct","previousOperationId":"sz9war3vdpmjp6j"}
{"type":"log","timestamp":1722877719540,"level":"debug","message":"Rendering engine handlebars","meta":{"rootId":"euxzvrtapbbah4o","id":"ot3ejgd8b6ns43g"},"id":"jaunydrq8xejbqw","previousOperationId":"90xtdgotwr68mct"}
{"type":"operationEnd","operationId":"90xtdgotwr68mct","timestamp":1722877719610,"id":"j4e3kzzlvovdtem","previousEventId":"gk0nzu6ot8bnx7o","previousOperationId":"90xtdgotwr68mct"}
{"type":"operationStart","subtype":"recipe","name":"html","timestamp":1722877719611,"id":"qadwtc4uxi5s3hz","previousEventId":"j4e3kzzlvovdtem","operationId":"4z6ybnr6l0wybzw","previousOperationId":"90xtdgotwr68mct"}
{"type":"log","timestamp":1722877719611,"level":"debug","message":"Executing recipe html","meta":{"rootId":"euxzvrtapbbah4o","id":"ot3ejgd8b6ns43g"},"id":"5m22qku3wl3nvuh","previousOperationId":"4z6ybnr6l0wybzw"}
{"type":"operationEnd","operationId":"4z6ybnr6l0wybzw","timestamp":1722877719611,"id":"fmi0w2gwd203yn9","previousEventId":"qadwtc4uxi5s3hz","previousOperationId":"4z6ybnr6l0wybzw"}
{"type":"log","timestamp":1722877719611,"level":"debug","message":"Skipping storing report.","meta":{"rootId":"euxzvrtapbbah4o","id":"ot3ejgd8b6ns43g"},"id":"0awpzyby25jfiui","previousOperationId":"4z6ybnr6l0wybzw"}
{"type":"log","timestamp":1722877719611,"level":"info","message":"Rendering (child) request finished in 129 ms","meta":{"rootId":"euxzvrtapbbah4o","id":"ot3ejgd8b6ns43g"},"id":"61xjfyy0xjgq3d6","previousOperationId":"4z6ybnr6l0wybzw"}
{"type":"operationEnd","subtype":"render","operationId":"sz9war3vdpmjp6j","timestamp":1722877719611,"id":"x0gov8go9c6f3ua","previousEventId":"fmi0w2gwd203yn9","previousOperationId":"4z6ybnr6l0wybzw"}
{"type":"log","timestamp":1722877719628,"level":"debug","message":"xlsx successfully zipped","meta":{"rootId":"euxzvrtapbbah4o","id":"euxzvrtapbbah4o"},"id":"3cdaeo4eplr3oju","previousOperationId":"splkyrhmxf418pk"}
{"type":"log","timestamp":1722877719628,"level":"info","message":"xlsx generation was finished","meta":{"rootId":"euxzvrtapbbah4o","id":"euxzvrtapbbah4o"},"id":"9ossq4rhjnd1phe","previousOperationId":"splkyrhmxf418pk"}
{"type":"log","timestamp":1722877719628,"level":"info","message":"xlsx transformation is starting","meta":{"rootId":"euxzvrtapbbah4o","id":"euxzvrtapbbah4o"},"id":"g7s8zs03erjmofh","previousOperationId":"splkyrhmxf418pk"}
{"type":"log","timestamp":1722877719657,"level":"debug","message":"Parsing xlsx content","meta":{"rootId":"euxzvrtapbbah4o","id":"euxzvrtapbbah4o"},"id":"sgds1oiwjlzgsed","previousOperationId":"splkyrhmxf418pk"}
{"type":"log","timestamp":1722877719675,"level":"debug","message":"Successfully zipped now.","meta":{"rootId":"euxzvrtapbbah4o","id":"euxzvrtapbbah4o"},"id":"uu52x5hkjdnc32g","previousOperationId":"splkyrhmxf418pk"}
{"type":"log","timestamp":1722877719675,"level":"info","message":"xlsx transformation was finished","meta":{"rootId":"euxzvrtapbbah4o","id":"euxzvrtapbbah4o"},"id":"p0hsn4d7n7qmcle","previousOperationId":"splkyrhmxf418pk"}
{"type":"log","timestamp":1722877719675,"level":"debug","message":"preparing office preview","meta":{"rootId":"euxzvrtapbbah4o","id":"euxzvrtapbbah4o"},"id":"gdz19uam8pnt7ad","previousOperationId":"splkyrhmxf418pk"}
{"type":"operationEnd","operationId":"splkyrhmxf418pk","timestamp":1722877720348,"id":"rhzam5hlq9d8ynr","previousEventId":"dtf8s0r9slkdimf","previousOperationId":"splkyrhmxf418pk"}
{"type":"log","timestamp":1722877720348,"level":"debug","message":"Skipping storing report.","meta":{"rootId":"euxzvrtapbbah4o","id":"euxzvrtapbbah4o"},"id":"3z3mk7l0tsp623h","previousOperationId":"splkyrhmxf418pk"}
{"type":"log","timestamp":1722877720348,"level":"info","message":"Rendering request 50 finished in 866 ms","meta":{"rootId":"euxzvrtapbbah4o","id":"euxzvrtapbbah4o"},"id":"c0fuuohjlbv3hua","previousOperationId":"splkyrhmxf418pk"}
{"type":"operationEnd","subtype":"render","operationId":"2hx0tmc1gbxe9re","timestamp":1722877720348,"id":"cvro208tz68es45","previousEventId":"rhzam5hlq9d8ynr","previousOperationId":"splkyrhmxf418pk"}
{"type":"operationEnd","doDiffs":false,"previousEventId":"6p54sbawjyncvib","previousOperationId":"q5xlikj7t2znnko","operationId":"q5xlikj7t2znnko","timestamp":1722877720349,"id":"224zdlh7b3f9ep2"}
