{"type":"operationStart","subtype":"profile","data":{"_id":"YRGwVokEbke9jJIa","timestamp":"2024-08-05T17:02:06.291Z","state":"queued","mode":"standard","creationDate":"2024-08-05T17:02:06.292Z","modificationDate":"2024-08-05T17:02:06.292Z","shortid":"wDpmI42","inheritedReadPermissions":[],"inheritedEditPermissions":[],"$entitySet":"profiles"},"doDiffs":false,"timestamp":1722877326292,"id":"md943hpm1pn34rc","previousOperationId":null,"operationId":"a4efgcg3ncmk56e"}
{"type":"log","level":"info","message":"Render request 47 queued for execution and waiting for available worker","previousOperationId":"a4efgcg3ncmk56e","timestamp":1722877326292,"id":"tqwzod463t6dtrw"}
{"type":"operationStart","subtype":"render","name":"modules","previousOperationId":"a4efgcg3ncmk56e","timestamp":1722877326315,"id":"wrczzm7wvmynka5","previousEventId":"md943hpm1pn34rc","operationId":"w2t42llkoe1relr"}
{"type":"log","timestamp":1722877326315,"level":"info","message":"Starting rendering request 47 (user: admin)","meta":{"rootId":"fham47gyrmskxy5","id":"fham47gyrmskxy5"},"id":"v0vgc2t6ioehi52","previousOperationId":"w2t42llkoe1relr"}
{"type":"log","timestamp":1722877326315,"level":"info","message":"Rendering template { name: modules, recipe: xlsx, engine: handlebars, preview: true }","meta":{"rootId":"fham47gyrmskxy5","id":"fham47gyrmskxy5"},"id":"3dyou9a7tca8y5y","previousOperationId":"w2t42llkoe1relr"}
{"type":"log","timestamp":1722877326315,"level":"debug","message":"Inline data specified.","meta":{"rootId":"fham47gyrmskxy5","id":"fham47gyrmskxy5"},"id":"gz54cz6cjidotll","previousOperationId":"w2t42llkoe1relr"}
{"type":"log","timestamp":1722877326316,"level":"debug","message":"Base url not specified, skipping its injection.","meta":{"rootId":"fham47gyrmskxy5","id":"fham47gyrmskxy5"},"id":"2oq4jvo0vxedn7j","previousOperationId":"w2t42llkoe1relr"}
{"type":"operationStart","subtype":"engine","name":"handlebars","timestamp":1722877326316,"id":"6xofqhv66czdbud","previousEventId":"wrczzm7wvmynka5","operationId":"mjrrf5t48tyqqyw","previousOperationId":"w2t42llkoe1relr"}
{"type":"log","timestamp":1722877326316,"level":"debug","message":"Rendering engine handlebars","meta":{"rootId":"fham47gyrmskxy5","id":"fham47gyrmskxy5"},"id":"97p3k406i6kyi29","previousOperationId":"mjrrf5t48tyqqyw"}
{"type":"operationEnd","operationId":"mjrrf5t48tyqqyw","timestamp":1722877326320,"id":"idzlx6sr3c890qc","previousEventId":"6xofqhv66czdbud","previousOperationId":"mjrrf5t48tyqqyw"}
{"type":"operationStart","subtype":"recipe","name":"xlsx","timestamp":1722877326320,"id":"782tulyl7jcsj45","previousEventId":"idzlx6sr3c890qc","operationId":"uxfvkn7vnf39c11","previousOperationId":"mjrrf5t48tyqqyw"}
{"type":"log","timestamp":1722877326320,"level":"debug","message":"Executing recipe xlsx","meta":{"rootId":"fham47gyrmskxy5","id":"fham47gyrmskxy5"},"id":"4t7l9ub4ka2bhwp","previousOperationId":"uxfvkn7vnf39c11"}
{"type":"log","timestamp":1722877326320,"level":"info","message":"xlsx generation is starting","meta":{"rootId":"fham47gyrmskxy5","id":"fham47gyrmskxy5"},"id":"5lnuissjjfhb9xq","previousOperationId":"uxfvkn7vnf39c11"}
{"type":"log","timestamp":1722877326339,"level":"debug","message":"Starting child request to render xlsx dynamic parts for generation step","meta":{"rootId":"fham47gyrmskxy5","id":"fham47gyrmskxy5"},"id":"4gfl0lieiyib6hf","previousOperationId":"uxfvkn7vnf39c11"}
{"type":"operationStart","subtype":"render","name":"anonymous","previousOperationId":"uxfvkn7vnf39c11","timestamp":1722877326339,"id":"k0vegdi5d3vfrpg","previousEventId":"782tulyl7jcsj45","operationId":"1wv25ycg30psq10"}
{"type":"log","timestamp":1722877326340,"level":"info","message":"Starting rendering (child) request (user: admin)","meta":{"rootId":"fham47gyrmskxy5","id":"phc4xp1polmjznx"},"id":"dltdr26c02hz7ea","previousOperationId":"1wv25ycg30psq10"}
{"type":"log","timestamp":1722877326340,"level":"info","message":"Rendering anonymous template { recipe: html, engine: handlebars }","meta":{"rootId":"fham47gyrmskxy5","id":"phc4xp1polmjznx"},"id":"dl1oc57cobpqz65","previousOperationId":"1wv25ycg30psq10"}
{"type":"log","timestamp":1722877326340,"level":"debug","message":"Inline data specified.","meta":{"rootId":"fham47gyrmskxy5","id":"phc4xp1polmjznx"},"id":"5bii12lv89geag2","previousOperationId":"1wv25ycg30psq10"}
{"type":"log","timestamp":1722877326340,"level":"debug","message":"Base url not specified, skipping its injection.","meta":{"rootId":"fham47gyrmskxy5","id":"phc4xp1polmjznx"},"id":"edekqhp1ytbgw1b","previousOperationId":"1wv25ycg30psq10"}
{"type":"operationStart","subtype":"engine","name":"handlebars","timestamp":1722877326340,"id":"5bp2nnd649fe10q","previousEventId":"k0vegdi5d3vfrpg","operationId":"1c623yg1b9jjmhj","previousOperationId":"1wv25ycg30psq10"}
{"type":"log","timestamp":1722877326340,"level":"debug","message":"Rendering engine handlebars","meta":{"rootId":"fham47gyrmskxy5","id":"phc4xp1polmjznx"},"id":"t1h3g13akdyarg0","previousOperationId":"1c623yg1b9jjmhj"}
{"type":"operationEnd","operationId":"1c623yg1b9jjmhj","timestamp":1722877326398,"id":"r3eg38r9ssmj1lk","previousEventId":"5bp2nnd649fe10q","previousOperationId":"1c623yg1b9jjmhj"}
{"type":"operationStart","subtype":"recipe","name":"html","timestamp":1722877326399,"id":"1kscv5gcxisxw85","previousEventId":"r3eg38r9ssmj1lk","operationId":"oaypmb3l75fh1yq","previousOperationId":"1c623yg1b9jjmhj"}
{"type":"log","timestamp":1722877326399,"level":"debug","message":"Executing recipe html","meta":{"rootId":"fham47gyrmskxy5","id":"phc4xp1polmjznx"},"id":"wfzsddssuc4y62h","previousOperationId":"oaypmb3l75fh1yq"}
{"type":"operationEnd","operationId":"oaypmb3l75fh1yq","timestamp":1722877326399,"id":"ka6vzgxg1t3doff","previousEventId":"1kscv5gcxisxw85","previousOperationId":"oaypmb3l75fh1yq"}
{"type":"log","timestamp":1722877326399,"level":"debug","message":"Skipping storing report.","meta":{"rootId":"fham47gyrmskxy5","id":"phc4xp1polmjznx"},"id":"onk6wg3mfv0ih6m","previousOperationId":"oaypmb3l75fh1yq"}
{"type":"log","timestamp":1722877326399,"level":"info","message":"Rendering (child) request finished in 108 ms","meta":{"rootId":"fham47gyrmskxy5","id":"phc4xp1polmjznx"},"id":"2mdemy4pbivy6rk","previousOperationId":"oaypmb3l75fh1yq"}
{"type":"operationEnd","subtype":"render","operationId":"1wv25ycg30psq10","timestamp":1722877326399,"id":"gsg1wwhd8s4rrj7","previousEventId":"ka6vzgxg1t3doff","previousOperationId":"oaypmb3l75fh1yq"}
{"type":"log","timestamp":1722877326428,"level":"debug","message":"xlsx successfully zipped","meta":{"rootId":"fham47gyrmskxy5","id":"fham47gyrmskxy5"},"id":"trnvzp6sqo59pew","previousOperationId":"uxfvkn7vnf39c11"}
{"type":"log","timestamp":1722877326429,"level":"info","message":"xlsx generation was finished","meta":{"rootId":"fham47gyrmskxy5","id":"fham47gyrmskxy5"},"id":"nfd1oj48mdwbdr4","previousOperationId":"uxfvkn7vnf39c11"}
{"type":"log","timestamp":1722877326429,"level":"info","message":"xlsx transformation is starting","meta":{"rootId":"fham47gyrmskxy5","id":"fham47gyrmskxy5"},"id":"61dpf6ic23pkd91","previousOperationId":"uxfvkn7vnf39c11"}
{"type":"log","timestamp":1722877326442,"level":"debug","message":"Parsing xlsx content","meta":{"rootId":"fham47gyrmskxy5","id":"fham47gyrmskxy5"},"id":"bmx4aie3eimrri7","previousOperationId":"uxfvkn7vnf39c11"}
{"type":"log","timestamp":1722877326461,"level":"debug","message":"Successfully zipped now.","meta":{"rootId":"fham47gyrmskxy5","id":"fham47gyrmskxy5"},"id":"koifzws51pyvqyl","previousOperationId":"uxfvkn7vnf39c11"}
{"type":"log","timestamp":1722877326461,"level":"info","message":"xlsx transformation was finished","meta":{"rootId":"fham47gyrmskxy5","id":"fham47gyrmskxy5"},"id":"1osfrg4cr5uroyn","previousOperationId":"uxfvkn7vnf39c11"}
{"type":"log","timestamp":1722877326461,"level":"debug","message":"preparing office preview","meta":{"rootId":"fham47gyrmskxy5","id":"fham47gyrmskxy5"},"id":"0mva8ko2w96nsfx","previousOperationId":"uxfvkn7vnf39c11"}
{"type":"operationEnd","operationId":"uxfvkn7vnf39c11","timestamp":1722877327465,"id":"5i3xk6say8cvamr","previousEventId":"782tulyl7jcsj45","previousOperationId":"uxfvkn7vnf39c11"}
{"type":"log","timestamp":1722877327465,"level":"debug","message":"Skipping storing report.","meta":{"rootId":"fham47gyrmskxy5","id":"fham47gyrmskxy5"},"id":"lhdj8oxu9uulmhu","previousOperationId":"uxfvkn7vnf39c11"}
{"type":"log","timestamp":1722877327465,"level":"info","message":"Rendering request 47 finished in 1174 ms","meta":{"rootId":"fham47gyrmskxy5","id":"fham47gyrmskxy5"},"id":"o5rigzpwb3c0p6a","previousOperationId":"uxfvkn7vnf39c11"}
{"type":"operationEnd","subtype":"render","operationId":"w2t42llkoe1relr","timestamp":1722877327465,"id":"lu1x3fzw0foriva","previousEventId":"5i3xk6say8cvamr","previousOperationId":"uxfvkn7vnf39c11"}
{"type":"operationEnd","doDiffs":false,"previousEventId":"md943hpm1pn34rc","previousOperationId":"a4efgcg3ncmk56e","operationId":"a4efgcg3ncmk56e","timestamp":1722877327467,"id":"9591wxzomsiwk8e"}
