{"type":"operationStart","subtype":"profile","data":{"_id":"Y2vwXzmvWhUNstN8","timestamp":"2024-08-05T16:20:20.234Z","state":"queued","mode":"standard","creationDate":"2024-08-05T16:20:20.235Z","modificationDate":"2024-08-05T16:20:20.235Z","shortid":"dZkeGmR","inheritedReadPermissions":[],"inheritedEditPermissions":[],"$entitySet":"profiles"},"doDiffs":false,"timestamp":1722874820234,"id":"mm66dd41n6ldaqu","previousOperationId":null,"operationId":"zhfsl9n6yqfft82"}
{"type":"log","level":"info","message":"Render request 17 queued for execution and waiting for available worker","previousOperationId":"zhfsl9n6yqfft82","timestamp":1722874820234,"id":"bzcyzrw3bil722x"}
{"type":"operationStart","subtype":"render","name":"modules","previousOperationId":"zhfsl9n6yqfft82","timestamp":1722874820263,"id":"9qqf82gkqf9wkrc","previousEventId":"mm66dd41n6ldaqu","operationId":"7jvz1leobs9l31s"}
{"type":"log","timestamp":1722874820263,"level":"info","message":"Starting rendering request 17 (user: admin)","meta":{"rootId":"g1cc7j5fpt2narg","id":"g1cc7j5fpt2narg"},"id":"tqzx5l3hzengf8f","previousOperationId":"7jvz1leobs9l31s"}
{"type":"log","timestamp":1722874820263,"level":"info","message":"Rendering template { name: modules, recipe: xlsx, engine: handlebars, preview: true }","meta":{"rootId":"g1cc7j5fpt2narg","id":"g1cc7j5fpt2narg"},"id":"f6wtnlmi960fv1o","previousOperationId":"7jvz1leobs9l31s"}
{"type":"log","timestamp":1722874820263,"level":"debug","message":"Inline data specified.","meta":{"rootId":"g1cc7j5fpt2narg","id":"g1cc7j5fpt2narg"},"id":"1kt0y527d4n6jvu","previousOperationId":"7jvz1leobs9l31s"}
{"type":"log","timestamp":1722874820264,"level":"debug","message":"Base url not specified, skipping its injection.","meta":{"rootId":"g1cc7j5fpt2narg","id":"g1cc7j5fpt2narg"},"id":"8hk9ie6017quh3d","previousOperationId":"7jvz1leobs9l31s"}
{"type":"operationStart","subtype":"engine","name":"handlebars","timestamp":1722874820264,"id":"4hhq9170gnmvsco","previousEventId":"9qqf82gkqf9wkrc","operationId":"lwco58a8l2g87ui","previousOperationId":"7jvz1leobs9l31s"}
{"type":"log","timestamp":1722874820264,"level":"debug","message":"Rendering engine handlebars","meta":{"rootId":"g1cc7j5fpt2narg","id":"g1cc7j5fpt2narg"},"id":"hhmq51vf9wfw0tn","previousOperationId":"lwco58a8l2g87ui"}
{"type":"operationEnd","operationId":"lwco58a8l2g87ui","timestamp":1722874820270,"id":"otxgak2uef5g2yx","previousEventId":"4hhq9170gnmvsco","previousOperationId":"lwco58a8l2g87ui"}
{"type":"operationStart","subtype":"recipe","name":"xlsx","timestamp":1722874820270,"id":"jo63ayzzyzk73ey","previousEventId":"otxgak2uef5g2yx","operationId":"4jm8tjgoayqtmi0","previousOperationId":"lwco58a8l2g87ui"}
{"type":"log","timestamp":1722874820270,"level":"debug","message":"Executing recipe xlsx","meta":{"rootId":"g1cc7j5fpt2narg","id":"g1cc7j5fpt2narg"},"id":"rmdzq2t3njjrggu","previousOperationId":"4jm8tjgoayqtmi0"}
{"type":"log","timestamp":1722874820270,"level":"info","message":"xlsx generation is starting","meta":{"rootId":"g1cc7j5fpt2narg","id":"g1cc7j5fpt2narg"},"id":"j1g9xl0wr74x6o9","previousOperationId":"4jm8tjgoayqtmi0"}
{"type":"log","timestamp":1722874820289,"level":"debug","message":"Starting child request to render xlsx dynamic parts for generation step","meta":{"rootId":"g1cc7j5fpt2narg","id":"g1cc7j5fpt2narg"},"id":"6ihgo59fkone6fb","previousOperationId":"4jm8tjgoayqtmi0"}
{"type":"operationStart","subtype":"render","name":"anonymous","previousOperationId":"4jm8tjgoayqtmi0","timestamp":1722874820289,"id":"la0u6wt33lt0m13","previousEventId":"jo63ayzzyzk73ey","operationId":"nz5wpkwooyjtx7k"}
{"type":"log","timestamp":1722874820289,"level":"info","message":"Starting rendering (child) request (user: admin)","meta":{"rootId":"g1cc7j5fpt2narg","id":"30vlmiryqwuq6bm"},"id":"4sa31nihdfc8vuh","previousOperationId":"nz5wpkwooyjtx7k"}
{"type":"log","timestamp":1722874820289,"level":"info","message":"Rendering anonymous template { recipe: html, engine: handlebars }","meta":{"rootId":"g1cc7j5fpt2narg","id":"30vlmiryqwuq6bm"},"id":"36d6fuo4qomnatq","previousOperationId":"nz5wpkwooyjtx7k"}
{"type":"log","timestamp":1722874820289,"level":"debug","message":"Inline data specified.","meta":{"rootId":"g1cc7j5fpt2narg","id":"30vlmiryqwuq6bm"},"id":"lxhkklfoyz0behm","previousOperationId":"nz5wpkwooyjtx7k"}
{"type":"log","timestamp":1722874820290,"level":"debug","message":"Base url not specified, skipping its injection.","meta":{"rootId":"g1cc7j5fpt2narg","id":"30vlmiryqwuq6bm"},"id":"gs6jijkb4t365sy","previousOperationId":"nz5wpkwooyjtx7k"}
{"type":"operationStart","subtype":"engine","name":"handlebars","timestamp":1722874820290,"id":"s5zr2lmvy1cj1am","previousEventId":"la0u6wt33lt0m13","operationId":"qxdbd791f2m7qqs","previousOperationId":"nz5wpkwooyjtx7k"}
{"type":"log","timestamp":1722874820290,"level":"debug","message":"Rendering engine handlebars","meta":{"rootId":"g1cc7j5fpt2narg","id":"30vlmiryqwuq6bm"},"id":"btfragfxrjwowk7","previousOperationId":"qxdbd791f2m7qqs"}
{"type":"operationEnd","operationId":"qxdbd791f2m7qqs","timestamp":1722874820358,"id":"8q7cwglaz8g1zim","previousEventId":"s5zr2lmvy1cj1am","previousOperationId":"qxdbd791f2m7qqs"}
{"type":"operationStart","subtype":"recipe","name":"html","timestamp":1722874820359,"id":"v9fff7lmoog0ld7","previousEventId":"8q7cwglaz8g1zim","operationId":"g4vf514f9ptw0qt","previousOperationId":"qxdbd791f2m7qqs"}
{"type":"log","timestamp":1722874820359,"level":"debug","message":"Executing recipe html","meta":{"rootId":"g1cc7j5fpt2narg","id":"30vlmiryqwuq6bm"},"id":"cglttvol4r5c3s1","previousOperationId":"g4vf514f9ptw0qt"}
{"type":"operationEnd","operationId":"g4vf514f9ptw0qt","timestamp":1722874820359,"id":"mjy8ful79uzityy","previousEventId":"v9fff7lmoog0ld7","previousOperationId":"g4vf514f9ptw0qt"}
{"type":"log","timestamp":1722874820359,"level":"debug","message":"Skipping storing report.","meta":{"rootId":"g1cc7j5fpt2narg","id":"30vlmiryqwuq6bm"},"id":"povo45z6tllfiee","previousOperationId":"g4vf514f9ptw0qt"}
{"type":"log","timestamp":1722874820359,"level":"info","message":"Rendering (child) request finished in 125 ms","meta":{"rootId":"g1cc7j5fpt2narg","id":"30vlmiryqwuq6bm"},"id":"lxpyx6jpxj49wpd","previousOperationId":"g4vf514f9ptw0qt"}
{"type":"operationEnd","subtype":"render","operationId":"nz5wpkwooyjtx7k","timestamp":1722874820359,"id":"5694cbj5y69hs83","previousEventId":"mjy8ful79uzityy","previousOperationId":"g4vf514f9ptw0qt"}
{"type":"log","timestamp":1722874820376,"level":"debug","message":"xlsx successfully zipped","meta":{"rootId":"g1cc7j5fpt2narg","id":"g1cc7j5fpt2narg"},"id":"8gn55zuuhjm4e80","previousOperationId":"4jm8tjgoayqtmi0"}
{"type":"log","timestamp":1722874820376,"level":"info","message":"xlsx generation was finished","meta":{"rootId":"g1cc7j5fpt2narg","id":"g1cc7j5fpt2narg"},"id":"ociyzyjyueresgx","previousOperationId":"4jm8tjgoayqtmi0"}
{"type":"log","timestamp":1722874820376,"level":"info","message":"xlsx transformation is starting","meta":{"rootId":"g1cc7j5fpt2narg","id":"g1cc7j5fpt2narg"},"id":"nvdj21z7501c9ei","previousOperationId":"4jm8tjgoayqtmi0"}
{"type":"log","timestamp":1722874820431,"level":"debug","message":"Parsing xlsx content","meta":{"rootId":"g1cc7j5fpt2narg","id":"g1cc7j5fpt2narg"},"id":"wmg3akird8e455e","previousOperationId":"4jm8tjgoayqtmi0"}
{"type":"log","timestamp":1722874820455,"level":"debug","message":"Successfully zipped now.","meta":{"rootId":"g1cc7j5fpt2narg","id":"g1cc7j5fpt2narg"},"id":"le3y553t4def2ve","previousOperationId":"4jm8tjgoayqtmi0"}
{"type":"log","timestamp":1722874820455,"level":"info","message":"xlsx transformation was finished","meta":{"rootId":"g1cc7j5fpt2narg","id":"g1cc7j5fpt2narg"},"id":"8amfan2ijhc061d","previousOperationId":"4jm8tjgoayqtmi0"}
{"type":"log","timestamp":1722874820455,"level":"debug","message":"preparing office preview","meta":{"rootId":"g1cc7j5fpt2narg","id":"g1cc7j5fpt2narg"},"id":"gc2lyr4ownlrbsn","previousOperationId":"4jm8tjgoayqtmi0"}
{"type":"operationEnd","operationId":"4jm8tjgoayqtmi0","timestamp":1722874821471,"id":"8kzkocpb6qwbwzo","previousEventId":"jo63ayzzyzk73ey","previousOperationId":"4jm8tjgoayqtmi0"}
{"type":"log","timestamp":1722874821471,"level":"debug","message":"Skipping storing report.","meta":{"rootId":"g1cc7j5fpt2narg","id":"g1cc7j5fpt2narg"},"id":"9wz3p369o05qfpt","previousOperationId":"4jm8tjgoayqtmi0"}
{"type":"log","timestamp":1722874821471,"level":"info","message":"Rendering request 17 finished in 1237 ms","meta":{"rootId":"g1cc7j5fpt2narg","id":"g1cc7j5fpt2narg"},"id":"opb8lyjfxl0k1d8","previousOperationId":"4jm8tjgoayqtmi0"}
{"type":"operationEnd","subtype":"render","operationId":"7jvz1leobs9l31s","timestamp":1722874821471,"id":"8r8jbq1klpsc84b","previousEventId":"8kzkocpb6qwbwzo","previousOperationId":"4jm8tjgoayqtmi0"}
{"type":"operationEnd","doDiffs":false,"previousEventId":"mm66dd41n6ldaqu","previousOperationId":"zhfsl9n6yqfft82","operationId":"zhfsl9n6yqfft82","timestamp":1722874821473,"id":"zfwqjhnoz5og33r"}
