{"type":"operationStart","subtype":"profile","data":{"_id":"gyU4fnTFWFlf7tm0","timestamp":"2024-08-05T16:51:17.581Z","state":"queued","mode":"standard","creationDate":"2024-08-05T16:51:17.582Z","modificationDate":"2024-08-05T16:51:17.582Z","shortid":"fTdyAZK","inheritedReadPermissions":[],"inheritedEditPermissions":[],"$entitySet":"profiles"},"doDiffs":false,"timestamp":1722876677582,"id":"mf2txmat8jx8w06","previousOperationId":null,"operationId":"hpd5o2olr3j7z97"}
{"type":"log","level":"info","message":"Render request 45 queued for execution and waiting for available worker","previousOperationId":"hpd5o2olr3j7z97","timestamp":1722876677582,"id":"q6iddoo33yremti"}
{"type":"operationStart","subtype":"render","name":"modules","previousOperationId":"hpd5o2olr3j7z97","timestamp":1722876677607,"id":"vj0l6l8gjt7ku1m","previousEventId":"mf2txmat8jx8w06","operationId":"wvzi3y02r3ukjan"}
{"type":"log","timestamp":1722876677607,"level":"info","message":"Starting rendering request 45 (user: admin)","meta":{"rootId":"gdi4umgcndfm347","id":"gdi4umgcndfm347"},"id":"cq69gknxc86ekc7","previousOperationId":"wvzi3y02r3ukjan"}
{"type":"log","timestamp":1722876677607,"level":"info","message":"Rendering template { name: modules, recipe: xlsx, engine: handlebars, preview: true }","meta":{"rootId":"gdi4umgcndfm347","id":"gdi4umgcndfm347"},"id":"dz77yojg3i7nt6d","previousOperationId":"wvzi3y02r3ukjan"}
{"type":"log","timestamp":1722876677607,"level":"debug","message":"Inline data specified.","meta":{"rootId":"gdi4umgcndfm347","id":"gdi4umgcndfm347"},"id":"qp16092ze1uh0es","previousOperationId":"wvzi3y02r3ukjan"}
{"type":"log","timestamp":1722876677608,"level":"debug","message":"Base url not specified, skipping its injection.","meta":{"rootId":"gdi4umgcndfm347","id":"gdi4umgcndfm347"},"id":"bu0rz25grf7y5i4","previousOperationId":"wvzi3y02r3ukjan"}
{"type":"operationStart","subtype":"engine","name":"handlebars","timestamp":1722876677609,"id":"6m0o7124tj3fror","previousEventId":"vj0l6l8gjt7ku1m","operationId":"7tnhgjuzesmiyoh","previousOperationId":"wvzi3y02r3ukjan"}
{"type":"log","timestamp":1722876677609,"level":"debug","message":"Rendering engine handlebars","meta":{"rootId":"gdi4umgcndfm347","id":"gdi4umgcndfm347"},"id":"8v9thmfjjdt3x3o","previousOperationId":"7tnhgjuzesmiyoh"}
{"type":"operationEnd","operationId":"7tnhgjuzesmiyoh","timestamp":1722876677616,"id":"pm5q744uhuuftoi","previousEventId":"6m0o7124tj3fror","previousOperationId":"7tnhgjuzesmiyoh"}
{"type":"operationStart","subtype":"recipe","name":"xlsx","timestamp":1722876677616,"id":"kenvi7zznkqk51n","previousEventId":"pm5q744uhuuftoi","operationId":"i1u7spw63fj2khx","previousOperationId":"7tnhgjuzesmiyoh"}
{"type":"log","timestamp":1722876677616,"level":"debug","message":"Executing recipe xlsx","meta":{"rootId":"gdi4umgcndfm347","id":"gdi4umgcndfm347"},"id":"tqhat2t0uim4so8","previousOperationId":"i1u7spw63fj2khx"}
{"type":"log","timestamp":1722876677617,"level":"info","message":"xlsx generation is starting","meta":{"rootId":"gdi4umgcndfm347","id":"gdi4umgcndfm347"},"id":"tmj8i1yyocl6b8f","previousOperationId":"i1u7spw63fj2khx"}
{"type":"log","timestamp":1722876677636,"level":"debug","message":"Starting child request to render xlsx dynamic parts for generation step","meta":{"rootId":"gdi4umgcndfm347","id":"gdi4umgcndfm347"},"id":"jm2p0a5d8agbp6r","previousOperationId":"i1u7spw63fj2khx"}
{"type":"operationStart","subtype":"render","name":"anonymous","previousOperationId":"i1u7spw63fj2khx","timestamp":1722876677636,"id":"pve0hijz7plbsfo","previousEventId":"kenvi7zznkqk51n","operationId":"rwsz0rn59m8bdmo"}
{"type":"log","timestamp":1722876677636,"level":"info","message":"Starting rendering (child) request (user: admin)","meta":{"rootId":"gdi4umgcndfm347","id":"due6eeoqgokv5rx"},"id":"mia8oeio0b77od8","previousOperationId":"rwsz0rn59m8bdmo"}
{"type":"log","timestamp":1722876677636,"level":"info","message":"Rendering anonymous template { recipe: html, engine: handlebars }","meta":{"rootId":"gdi4umgcndfm347","id":"due6eeoqgokv5rx"},"id":"c47r926m9ut6qs5","previousOperationId":"rwsz0rn59m8bdmo"}
{"type":"log","timestamp":1722876677636,"level":"debug","message":"Inline data specified.","meta":{"rootId":"gdi4umgcndfm347","id":"due6eeoqgokv5rx"},"id":"59jqxpwdvhgvea8","previousOperationId":"rwsz0rn59m8bdmo"}
{"type":"log","timestamp":1722876677637,"level":"debug","message":"Base url not specified, skipping its injection.","meta":{"rootId":"gdi4umgcndfm347","id":"due6eeoqgokv5rx"},"id":"0lrbp7edx3cfvi8","previousOperationId":"rwsz0rn59m8bdmo"}
{"type":"operationStart","subtype":"engine","name":"handlebars","timestamp":1722876677637,"id":"4kjn23pb627vg5g","previousEventId":"pve0hijz7plbsfo","operationId":"ncu6lseekka5fsf","previousOperationId":"rwsz0rn59m8bdmo"}
{"type":"log","timestamp":1722876677637,"level":"debug","message":"Rendering engine handlebars","meta":{"rootId":"gdi4umgcndfm347","id":"due6eeoqgokv5rx"},"id":"7o0ec7yyz5jnnop","previousOperationId":"ncu6lseekka5fsf"}
{"type":"operationEnd","operationId":"ncu6lseekka5fsf","timestamp":1722876677712,"id":"b3bpbq6w3fi9l0l","previousEventId":"4kjn23pb627vg5g","previousOperationId":"ncu6lseekka5fsf"}
{"type":"operationStart","subtype":"recipe","name":"html","timestamp":1722876677713,"id":"ejr252famtcxq5p","previousEventId":"b3bpbq6w3fi9l0l","operationId":"k90iky51oe91df2","previousOperationId":"ncu6lseekka5fsf"}
{"type":"log","timestamp":1722876677713,"level":"debug","message":"Executing recipe html","meta":{"rootId":"gdi4umgcndfm347","id":"due6eeoqgokv5rx"},"id":"nhez9mxoi5nmqro","previousOperationId":"k90iky51oe91df2"}
{"type":"operationEnd","operationId":"k90iky51oe91df2","timestamp":1722876677713,"id":"0jvm9i3jzr7ccr3","previousEventId":"ejr252famtcxq5p","previousOperationId":"k90iky51oe91df2"}
{"type":"log","timestamp":1722876677713,"level":"debug","message":"Skipping storing report.","meta":{"rootId":"gdi4umgcndfm347","id":"due6eeoqgokv5rx"},"id":"c19u0z6keuuo3o0","previousOperationId":"k90iky51oe91df2"}
{"type":"log","timestamp":1722876677713,"level":"info","message":"Rendering (child) request finished in 132 ms","meta":{"rootId":"gdi4umgcndfm347","id":"due6eeoqgokv5rx"},"id":"dzg2ymioat0a52p","previousOperationId":"k90iky51oe91df2"}
{"type":"operationEnd","subtype":"render","operationId":"rwsz0rn59m8bdmo","timestamp":1722876677713,"id":"ip004g2fnma28pu","previousEventId":"0jvm9i3jzr7ccr3","previousOperationId":"k90iky51oe91df2"}
{"type":"log","timestamp":1722876677732,"level":"debug","message":"xlsx successfully zipped","meta":{"rootId":"gdi4umgcndfm347","id":"gdi4umgcndfm347"},"id":"itvhql0sqrg82mn","previousOperationId":"i1u7spw63fj2khx"}
{"type":"log","timestamp":1722876677732,"level":"info","message":"xlsx generation was finished","meta":{"rootId":"gdi4umgcndfm347","id":"gdi4umgcndfm347"},"id":"1fnfz6xbq6j3gfc","previousOperationId":"i1u7spw63fj2khx"}
{"type":"log","timestamp":1722876677732,"level":"info","message":"xlsx transformation is starting","meta":{"rootId":"gdi4umgcndfm347","id":"gdi4umgcndfm347"},"id":"js5daog60airv12","previousOperationId":"i1u7spw63fj2khx"}
{"type":"log","timestamp":1722876677784,"level":"debug","message":"Parsing xlsx content","meta":{"rootId":"gdi4umgcndfm347","id":"gdi4umgcndfm347"},"id":"j3rzwz11q421mmf","previousOperationId":"i1u7spw63fj2khx"}
{"type":"log","timestamp":1722876677802,"level":"debug","message":"Successfully zipped now.","meta":{"rootId":"gdi4umgcndfm347","id":"gdi4umgcndfm347"},"id":"revygc7pcrr9gcz","previousOperationId":"i1u7spw63fj2khx"}
{"type":"log","timestamp":1722876677802,"level":"info","message":"xlsx transformation was finished","meta":{"rootId":"gdi4umgcndfm347","id":"gdi4umgcndfm347"},"id":"0qcl6o9rv12hre4","previousOperationId":"i1u7spw63fj2khx"}
{"type":"log","timestamp":1722876677802,"level":"debug","message":"preparing office preview","meta":{"rootId":"gdi4umgcndfm347","id":"gdi4umgcndfm347"},"id":"zoc3g2syvqyavf9","previousOperationId":"i1u7spw63fj2khx"}
{"type":"operationEnd","operationId":"i1u7spw63fj2khx","timestamp":1722876678813,"id":"9cw3d96vw0wrofs","previousEventId":"kenvi7zznkqk51n","previousOperationId":"i1u7spw63fj2khx"}
{"type":"log","timestamp":1722876678813,"level":"debug","message":"Skipping storing report.","meta":{"rootId":"gdi4umgcndfm347","id":"gdi4umgcndfm347"},"id":"9ecggshc0s964xa","previousOperationId":"i1u7spw63fj2khx"}
{"type":"log","timestamp":1722876678813,"level":"info","message":"Rendering request 45 finished in 1232 ms","meta":{"rootId":"gdi4umgcndfm347","id":"gdi4umgcndfm347"},"id":"75vszlniqebfwua","previousOperationId":"i1u7spw63fj2khx"}
{"type":"operationEnd","subtype":"render","operationId":"wvzi3y02r3ukjan","timestamp":1722876678813,"id":"sa4doymciv4d69g","previousEventId":"9cw3d96vw0wrofs","previousOperationId":"i1u7spw63fj2khx"}
{"type":"operationEnd","doDiffs":false,"previousEventId":"mf2txmat8jx8w06","previousOperationId":"hpd5o2olr3j7z97","operationId":"hpd5o2olr3j7z97","timestamp":1722876678815,"id":"2huxcdku0chcezy"}
