{"type":"operationStart","subtype":"profile","data":{"_id":"YvG1OpIjmctlQ2nN","timestamp":"2024-08-05T16:45:11.829Z","state":"queued","mode":"standard","creationDate":"2024-08-05T16:45:11.830Z","modificationDate":"2024-08-05T16:45:11.830Z","shortid":"96yjV7v","inheritedReadPermissions":[],"inheritedEditPermissions":[],"$entitySet":"profiles"},"doDiffs":false,"timestamp":1722876311829,"id":"aufz7rckaqt3lfg","previousOperationId":null,"operationId":"75adccziodd9xzc"}
{"type":"log","level":"info","message":"Render request 36 queued for execution and waiting for available worker","previousOperationId":"75adccziodd9xzc","timestamp":1722876311829,"id":"t8x1olvw0bkui0t"}
{"type":"operationStart","subtype":"render","name":"modules","previousOperationId":"75adccziodd9xzc","timestamp":1722876311862,"id":"c5sgpzigs9hlsuo","previousEventId":"aufz7rckaqt3lfg","operationId":"macbt8ohaeow0xb"}
{"type":"log","timestamp":1722876311862,"level":"info","message":"Starting rendering request 36 (user: admin)","meta":{"rootId":"i86o2813dplbeva","id":"i86o2813dplbeva"},"id":"89eu8jn52cwjpsq","previousOperationId":"macbt8ohaeow0xb"}
{"type":"log","timestamp":1722876311862,"level":"info","message":"Rendering template { name: modules, recipe: xlsx, engine: handlebars, preview: true }","meta":{"rootId":"i86o2813dplbeva","id":"i86o2813dplbeva"},"id":"ouvwp7exnzndwd6","previousOperationId":"macbt8ohaeow0xb"}
{"type":"log","timestamp":1722876311862,"level":"debug","message":"Inline data specified.","meta":{"rootId":"i86o2813dplbeva","id":"i86o2813dplbeva"},"id":"sn0fggwtjibv8x9","previousOperationId":"macbt8ohaeow0xb"}
{"type":"log","timestamp":1722876311863,"level":"debug","message":"Base url not specified, skipping its injection.","meta":{"rootId":"i86o2813dplbeva","id":"i86o2813dplbeva"},"id":"clfkpj3d9wn5hce","previousOperationId":"macbt8ohaeow0xb"}
{"type":"operationStart","subtype":"engine","name":"handlebars","timestamp":1722876311863,"id":"9168j6s5kb4ldlj","previousEventId":"c5sgpzigs9hlsuo","operationId":"c94z19m1w3rnk5w","previousOperationId":"macbt8ohaeow0xb"}
{"type":"log","timestamp":1722876311863,"level":"debug","message":"Rendering engine handlebars","meta":{"rootId":"i86o2813dplbeva","id":"i86o2813dplbeva"},"id":"hlcqag5a7d2ywml","previousOperationId":"c94z19m1w3rnk5w"}
{"type":"operationEnd","operationId":"c94z19m1w3rnk5w","timestamp":1722876311866,"id":"ffyy58ryzqs4m3r","previousEventId":"9168j6s5kb4ldlj","previousOperationId":"c94z19m1w3rnk5w"}
{"type":"operationStart","subtype":"recipe","name":"xlsx","timestamp":1722876311866,"id":"psmmssmiurc00sl","previousEventId":"ffyy58ryzqs4m3r","operationId":"unk9fbewqfv68dw","previousOperationId":"c94z19m1w3rnk5w"}
{"type":"log","timestamp":1722876311866,"level":"debug","message":"Executing recipe xlsx","meta":{"rootId":"i86o2813dplbeva","id":"i86o2813dplbeva"},"id":"qwsm6lh47h9qyjc","previousOperationId":"unk9fbewqfv68dw"}
{"type":"log","timestamp":1722876311866,"level":"info","message":"xlsx generation is starting","meta":{"rootId":"i86o2813dplbeva","id":"i86o2813dplbeva"},"id":"gip4jabdk77vx0m","previousOperationId":"unk9fbewqfv68dw"}
{"type":"log","timestamp":1722876311878,"level":"debug","message":"Starting child request to render xlsx dynamic parts for generation step","meta":{"rootId":"i86o2813dplbeva","id":"i86o2813dplbeva"},"id":"0dlo2td1vlvuw3g","previousOperationId":"unk9fbewqfv68dw"}
{"type":"operationStart","subtype":"render","name":"anonymous","previousOperationId":"unk9fbewqfv68dw","timestamp":1722876311878,"id":"ajl9q0rqfyyisrz","previousEventId":"psmmssmiurc00sl","operationId":"ner3ew5s0f12lkp"}
{"type":"log","timestamp":1722876311878,"level":"info","message":"Starting rendering (child) request (user: admin)","meta":{"rootId":"i86o2813dplbeva","id":"idp9r92jg3njmms"},"id":"mz7n7kdig7qyoyz","previousOperationId":"ner3ew5s0f12lkp"}
{"type":"log","timestamp":1722876311878,"level":"info","message":"Rendering anonymous template { recipe: html, engine: handlebars }","meta":{"rootId":"i86o2813dplbeva","id":"idp9r92jg3njmms"},"id":"rmkkdnqw8d2k73b","previousOperationId":"ner3ew5s0f12lkp"}
{"type":"log","timestamp":1722876311878,"level":"debug","message":"Inline data specified.","meta":{"rootId":"i86o2813dplbeva","id":"idp9r92jg3njmms"},"id":"ebkfnm1su81e8v3","previousOperationId":"ner3ew5s0f12lkp"}
{"type":"log","timestamp":1722876311879,"level":"debug","message":"Base url not specified, skipping its injection.","meta":{"rootId":"i86o2813dplbeva","id":"idp9r92jg3njmms"},"id":"737xmnjrlv2lzm8","previousOperationId":"ner3ew5s0f12lkp"}
{"type":"operationStart","subtype":"engine","name":"handlebars","timestamp":1722876311879,"id":"z0zihe4up2nhm84","previousEventId":"ajl9q0rqfyyisrz","operationId":"lkiqcw96yy3ja0p","previousOperationId":"ner3ew5s0f12lkp"}
{"type":"log","timestamp":1722876311879,"level":"debug","message":"Rendering engine handlebars","meta":{"rootId":"i86o2813dplbeva","id":"idp9r92jg3njmms"},"id":"pjmhgysz077zf34","previousOperationId":"lkiqcw96yy3ja0p"}
{"type":"operationEnd","operationId":"lkiqcw96yy3ja0p","timestamp":1722876311942,"id":"xmf60x5o5x5ovl1","previousEventId":"z0zihe4up2nhm84","previousOperationId":"lkiqcw96yy3ja0p"}
{"type":"operationStart","subtype":"recipe","name":"html","timestamp":1722876311943,"id":"j9n7f2oxjtraf6p","previousEventId":"xmf60x5o5x5ovl1","operationId":"d56g0xlg8qvroqm","previousOperationId":"lkiqcw96yy3ja0p"}
{"type":"log","timestamp":1722876311943,"level":"debug","message":"Executing recipe html","meta":{"rootId":"i86o2813dplbeva","id":"idp9r92jg3njmms"},"id":"e2pq0qzv7gyojat","previousOperationId":"d56g0xlg8qvroqm"}
{"type":"operationEnd","operationId":"d56g0xlg8qvroqm","timestamp":1722876311943,"id":"y1k0xr0mx93z8b9","previousEventId":"j9n7f2oxjtraf6p","previousOperationId":"d56g0xlg8qvroqm"}
{"type":"log","timestamp":1722876311943,"level":"debug","message":"Skipping storing report.","meta":{"rootId":"i86o2813dplbeva","id":"idp9r92jg3njmms"},"id":"issfvxt7z42zth1","previousOperationId":"d56g0xlg8qvroqm"}
{"type":"log","timestamp":1722876311943,"level":"info","message":"Rendering (child) request finished in 114 ms","meta":{"rootId":"i86o2813dplbeva","id":"idp9r92jg3njmms"},"id":"uo00rchxdv6gem3","previousOperationId":"d56g0xlg8qvroqm"}
{"type":"operationEnd","subtype":"render","operationId":"ner3ew5s0f12lkp","timestamp":1722876311943,"id":"co983zr18xnxcie","previousEventId":"y1k0xr0mx93z8b9","previousOperationId":"d56g0xlg8qvroqm"}
{"type":"log","timestamp":1722876311972,"level":"debug","message":"xlsx successfully zipped","meta":{"rootId":"i86o2813dplbeva","id":"i86o2813dplbeva"},"id":"y7dw7farbsi81kp","previousOperationId":"unk9fbewqfv68dw"}
{"type":"log","timestamp":1722876311972,"level":"info","message":"xlsx generation was finished","meta":{"rootId":"i86o2813dplbeva","id":"i86o2813dplbeva"},"id":"d8pm7u66tsu0ir4","previousOperationId":"unk9fbewqfv68dw"}
{"type":"log","timestamp":1722876311972,"level":"info","message":"xlsx transformation is starting","meta":{"rootId":"i86o2813dplbeva","id":"i86o2813dplbeva"},"id":"zn1i2htzfsfgizw","previousOperationId":"unk9fbewqfv68dw"}
{"type":"log","timestamp":1722876311984,"level":"debug","message":"Parsing xlsx content","meta":{"rootId":"i86o2813dplbeva","id":"i86o2813dplbeva"},"id":"1iie3wihniydi6i","previousOperationId":"unk9fbewqfv68dw"}
{"type":"log","timestamp":1722876312004,"level":"debug","message":"Successfully zipped now.","meta":{"rootId":"i86o2813dplbeva","id":"i86o2813dplbeva"},"id":"4acxvyn66jo1tyw","previousOperationId":"unk9fbewqfv68dw"}
{"type":"log","timestamp":1722876312004,"level":"info","message":"xlsx transformation was finished","meta":{"rootId":"i86o2813dplbeva","id":"i86o2813dplbeva"},"id":"vadly064z6pz94q","previousOperationId":"unk9fbewqfv68dw"}
{"type":"log","timestamp":1722876312004,"level":"debug","message":"preparing office preview","meta":{"rootId":"i86o2813dplbeva","id":"i86o2813dplbeva"},"id":"yqv1jp1b4ocxbbh","previousOperationId":"unk9fbewqfv68dw"}
{"type":"operationEnd","operationId":"unk9fbewqfv68dw","timestamp":1722876312693,"id":"z4jqb8pis1s7mp5","previousEventId":"psmmssmiurc00sl","previousOperationId":"unk9fbewqfv68dw"}
{"type":"log","timestamp":1722876312693,"level":"debug","message":"Skipping storing report.","meta":{"rootId":"i86o2813dplbeva","id":"i86o2813dplbeva"},"id":"56xtnir1gse84je","previousOperationId":"unk9fbewqfv68dw"}
{"type":"log","timestamp":1722876312693,"level":"info","message":"Rendering request 36 finished in 864 ms","meta":{"rootId":"i86o2813dplbeva","id":"i86o2813dplbeva"},"id":"3bexsx6jl597wzg","previousOperationId":"unk9fbewqfv68dw"}
{"type":"operationEnd","subtype":"render","operationId":"macbt8ohaeow0xb","timestamp":1722876312693,"id":"cdq0cdkmz8da92z","previousEventId":"z4jqb8pis1s7mp5","previousOperationId":"unk9fbewqfv68dw"}
{"type":"operationEnd","doDiffs":false,"previousEventId":"aufz7rckaqt3lfg","previousOperationId":"75adccziodd9xzc","operationId":"75adccziodd9xzc","timestamp":1722876312695,"id":"nwasw2ay9fjc2h3"}
