{"type":"operationStart","subtype":"profile","data":{"_id":"5LSAh4P8BXGWfk4y","timestamp":"2024-08-05T16:08:00.302Z","state":"queued","mode":"standard","creationDate":"2024-08-05T16:08:00.304Z","modificationDate":"2024-08-05T16:08:00.304Z","shortid":"RTld9on","inheritedReadPermissions":[],"inheritedEditPermissions":[],"$entitySet":"profiles"},"doDiffs":false,"timestamp":1722874080303,"id":"ow5rvlcy31049hz","previousOperationId":null,"operationId":"ehsp3o0s296ogu4"}
{"type":"log","level":"info","message":"Render request 3 queued for execution and waiting for available worker","previousOperationId":"ehsp3o0s296ogu4","timestamp":1722874080303,"id":"x4tlyy5q4n6sk94"}
{"type":"operationStart","subtype":"render","name":"modules","previousOperationId":"ehsp3o0s296ogu4","timestamp":1722874080331,"id":"z11wfhc1q2nst9i","previousEventId":"ow5rvlcy31049hz","operationId":"d7rhrcmtguy23h3"}
{"type":"log","timestamp":1722874080331,"level":"info","message":"Starting rendering request 3 (user: admin)","meta":{"rootId":"iwgrjpcawcc3kma","id":"iwgrjpcawcc3kma"},"id":"rpq8eoqs26xbsfz","previousOperationId":"d7rhrcmtguy23h3"}
{"type":"log","timestamp":1722874080331,"level":"info","message":"Rendering template { name: modules, recipe: xlsx, engine: handlebars, preview: true }","meta":{"rootId":"iwgrjpcawcc3kma","id":"iwgrjpcawcc3kma"},"id":"pail6n9ng17aix3","previousOperationId":"d7rhrcmtguy23h3"}
{"type":"log","timestamp":1722874080331,"level":"debug","message":"Inline data specified.","meta":{"rootId":"iwgrjpcawcc3kma","id":"iwgrjpcawcc3kma"},"id":"xpew1vsghzw58rh","previousOperationId":"d7rhrcmtguy23h3"}
{"type":"log","timestamp":1722874080334,"level":"debug","message":"Base url not specified, skipping its injection.","meta":{"rootId":"iwgrjpcawcc3kma","id":"iwgrjpcawcc3kma"},"id":"7b71r8z4c0amtbs","previousOperationId":"d7rhrcmtguy23h3"}
{"type":"operationStart","subtype":"engine","name":"handlebars","timestamp":1722874080334,"id":"23tptc73p5rrh6u","previousEventId":"z11wfhc1q2nst9i","operationId":"qmv5wed8dktlvxr","previousOperationId":"d7rhrcmtguy23h3"}
{"type":"log","timestamp":1722874080334,"level":"debug","message":"Rendering engine handlebars","meta":{"rootId":"iwgrjpcawcc3kma","id":"iwgrjpcawcc3kma"},"id":"v4aoznbboimzu2i","previousOperationId":"qmv5wed8dktlvxr"}
{"type":"operationEnd","operationId":"qmv5wed8dktlvxr","timestamp":1722874080337,"id":"kpqmiqtspl2ywdb","previousEventId":"23tptc73p5rrh6u","previousOperationId":"qmv5wed8dktlvxr"}
{"type":"operationStart","subtype":"recipe","name":"xlsx","timestamp":1722874080337,"id":"d4eor8eovd816m9","previousEventId":"kpqmiqtspl2ywdb","operationId":"dlvxzlvwpnfj6nb","previousOperationId":"qmv5wed8dktlvxr"}
{"type":"log","timestamp":1722874080337,"level":"debug","message":"Executing recipe xlsx","meta":{"rootId":"iwgrjpcawcc3kma","id":"iwgrjpcawcc3kma"},"id":"6sl5ztoxiad0v4m","previousOperationId":"dlvxzlvwpnfj6nb"}
{"type":"log","timestamp":1722874080338,"level":"info","message":"xlsx generation is starting","meta":{"rootId":"iwgrjpcawcc3kma","id":"iwgrjpcawcc3kma"},"id":"xh3msb10wtzif5y","previousOperationId":"dlvxzlvwpnfj6nb"}
{"type":"log","timestamp":1722874080359,"level":"debug","message":"Starting child request to render xlsx dynamic parts for generation step","meta":{"rootId":"iwgrjpcawcc3kma","id":"iwgrjpcawcc3kma"},"id":"xqntax657yrvuxo","previousOperationId":"dlvxzlvwpnfj6nb"}
{"type":"operationStart","subtype":"render","name":"anonymous","previousOperationId":"dlvxzlvwpnfj6nb","timestamp":1722874080359,"id":"8v0r2ybk86bxqtk","previousEventId":"d4eor8eovd816m9","operationId":"ag0sxcnhm65qovh"}
{"type":"log","timestamp":1722874080359,"level":"info","message":"Starting rendering (child) request (user: admin)","meta":{"rootId":"iwgrjpcawcc3kma","id":"m419c08udii64op"},"id":"rx01m80li5h68lu","previousOperationId":"ag0sxcnhm65qovh"}
{"type":"log","timestamp":1722874080359,"level":"info","message":"Rendering anonymous template { recipe: html, engine: handlebars }","meta":{"rootId":"iwgrjpcawcc3kma","id":"m419c08udii64op"},"id":"8tkam7fb0vrx07g","previousOperationId":"ag0sxcnhm65qovh"}
{"type":"log","timestamp":1722874080359,"level":"debug","message":"Inline data specified.","meta":{"rootId":"iwgrjpcawcc3kma","id":"m419c08udii64op"},"id":"z3g72lv0419j9ao","previousOperationId":"ag0sxcnhm65qovh"}
{"type":"log","timestamp":1722874080360,"level":"debug","message":"Base url not specified, skipping its injection.","meta":{"rootId":"iwgrjpcawcc3kma","id":"m419c08udii64op"},"id":"zisxn06lt9qwc19","previousOperationId":"ag0sxcnhm65qovh"}
{"type":"operationStart","subtype":"engine","name":"handlebars","timestamp":1722874080360,"id":"l00i5w4697c4xak","previousEventId":"8v0r2ybk86bxqtk","operationId":"rooadm5oummt8ei","previousOperationId":"ag0sxcnhm65qovh"}
{"type":"log","timestamp":1722874080360,"level":"debug","message":"Rendering engine handlebars","meta":{"rootId":"iwgrjpcawcc3kma","id":"m419c08udii64op"},"id":"bmot059bc3p7wlc","previousOperationId":"rooadm5oummt8ei"}
{"type":"operationEnd","operationId":"rooadm5oummt8ei","timestamp":1722874080426,"id":"bjdm53064e2svyu","previousEventId":"l00i5w4697c4xak","previousOperationId":"rooadm5oummt8ei"}
{"type":"operationStart","subtype":"recipe","name":"html","timestamp":1722874080427,"id":"w6vtk16ilr3jo2z","previousEventId":"bjdm53064e2svyu","operationId":"xkp71k1pv25xut3","previousOperationId":"rooadm5oummt8ei"}
{"type":"log","timestamp":1722874080427,"level":"debug","message":"Executing recipe html","meta":{"rootId":"iwgrjpcawcc3kma","id":"m419c08udii64op"},"id":"h6m69st996p3hy6","previousOperationId":"xkp71k1pv25xut3"}
{"type":"operationEnd","operationId":"xkp71k1pv25xut3","timestamp":1722874080427,"id":"wctgp3n5j7j8903","previousEventId":"w6vtk16ilr3jo2z","previousOperationId":"xkp71k1pv25xut3"}
{"type":"log","timestamp":1722874080427,"level":"debug","message":"Skipping storing report.","meta":{"rootId":"iwgrjpcawcc3kma","id":"m419c08udii64op"},"id":"uf9nv98afnunwe3","previousOperationId":"xkp71k1pv25xut3"}
{"type":"log","timestamp":1722874080427,"level":"info","message":"Rendering (child) request finished in 125 ms","meta":{"rootId":"iwgrjpcawcc3kma","id":"m419c08udii64op"},"id":"gsrnauiqftjg9rr","previousOperationId":"xkp71k1pv25xut3"}
{"type":"operationEnd","subtype":"render","operationId":"ag0sxcnhm65qovh","timestamp":1722874080427,"id":"lbghfp01isochre","previousEventId":"wctgp3n5j7j8903","previousOperationId":"xkp71k1pv25xut3"}
{"type":"log","timestamp":1722874080470,"level":"debug","message":"xlsx successfully zipped","meta":{"rootId":"iwgrjpcawcc3kma","id":"iwgrjpcawcc3kma"},"id":"othammb128f2s8c","previousOperationId":"dlvxzlvwpnfj6nb"}
{"type":"log","timestamp":1722874080470,"level":"info","message":"xlsx generation was finished","meta":{"rootId":"iwgrjpcawcc3kma","id":"iwgrjpcawcc3kma"},"id":"7l7i9uhxe16gkch","previousOperationId":"dlvxzlvwpnfj6nb"}
{"type":"log","timestamp":1722874080470,"level":"info","message":"xlsx transformation is starting","meta":{"rootId":"iwgrjpcawcc3kma","id":"iwgrjpcawcc3kma"},"id":"20ophkbu1w6n2tx","previousOperationId":"dlvxzlvwpnfj6nb"}
{"type":"log","timestamp":1722874080497,"level":"debug","message":"Parsing xlsx content","meta":{"rootId":"iwgrjpcawcc3kma","id":"iwgrjpcawcc3kma"},"id":"afap7a0vheomjws","previousOperationId":"dlvxzlvwpnfj6nb"}
{"type":"log","timestamp":1722874080518,"level":"debug","message":"Successfully zipped now.","meta":{"rootId":"iwgrjpcawcc3kma","id":"iwgrjpcawcc3kma"},"id":"j9456u1c7kreyv6","previousOperationId":"dlvxzlvwpnfj6nb"}
{"type":"log","timestamp":1722874080518,"level":"info","message":"xlsx transformation was finished","meta":{"rootId":"iwgrjpcawcc3kma","id":"iwgrjpcawcc3kma"},"id":"y9455mvdzzz5ixx","previousOperationId":"dlvxzlvwpnfj6nb"}
{"type":"log","timestamp":1722874080518,"level":"debug","message":"preparing office preview","meta":{"rootId":"iwgrjpcawcc3kma","id":"iwgrjpcawcc3kma"},"id":"t9v1vqwos6zms2w","previousOperationId":"dlvxzlvwpnfj6nb"}
{"type":"operationEnd","operationId":"dlvxzlvwpnfj6nb","timestamp":1722874081184,"id":"d1zmw88soobc75o","previousEventId":"d4eor8eovd816m9","previousOperationId":"dlvxzlvwpnfj6nb"}
{"type":"log","timestamp":1722874081184,"level":"debug","message":"Skipping storing report.","meta":{"rootId":"iwgrjpcawcc3kma","id":"iwgrjpcawcc3kma"},"id":"fbni6n8tnm14lsv","previousOperationId":"dlvxzlvwpnfj6nb"}
{"type":"log","timestamp":1722874081184,"level":"info","message":"Rendering request 3 finished in 882 ms","meta":{"rootId":"iwgrjpcawcc3kma","id":"iwgrjpcawcc3kma"},"id":"2u0l5xjml7zl0kv","previousOperationId":"dlvxzlvwpnfj6nb"}
{"type":"operationEnd","subtype":"render","operationId":"d7rhrcmtguy23h3","timestamp":1722874081184,"id":"ptl9cf5g2dg2o2d","previousEventId":"d1zmw88soobc75o","previousOperationId":"dlvxzlvwpnfj6nb"}
{"type":"operationEnd","doDiffs":false,"previousEventId":"ow5rvlcy31049hz","previousOperationId":"ehsp3o0s296ogu4","operationId":"ehsp3o0s296ogu4","timestamp":1722874081187,"id":"7v2d9r07s12fzdk"}
