{"type":"operationStart","subtype":"profile","data":{"_id":"fomeDqqtxV6kQtxf","timestamp":"2024-08-05T16:34:34.024Z","state":"queued","mode":"standard","creationDate":"2024-08-05T16:34:34.026Z","modificationDate":"2024-08-05T16:34:34.026Z","shortid":"JmnOKmJ","inheritedReadPermissions":[],"inheritedEditPermissions":[],"$entitySet":"profiles"},"doDiffs":false,"timestamp":1722875674025,"id":"vp5f9uth9x0fn7f","previousOperationId":null,"operationId":"b3xd9nzcmvsgjxj"}
{"type":"log","level":"info","message":"Render request 27 queued for execution and waiting for available worker","previousOperationId":"b3xd9nzcmvsgjxj","timestamp":1722875674025,"id":"4oam3o1pa2aedyn"}
{"type":"operationStart","subtype":"render","name":"modules","previousOperationId":"b3xd9nzcmvsgjxj","timestamp":1722875674056,"id":"8d1pugvojivj5lh","previousEventId":"vp5f9uth9x0fn7f","operationId":"a7ai3fpifh24bf4"}
{"type":"log","timestamp":1722875674056,"level":"info","message":"Starting rendering request 27 (user: admin)","meta":{"rootId":"jr5qoyvn8orvmco","id":"jr5qoyvn8orvmco"},"id":"r7u0vk27ivufb2h","previousOperationId":"a7ai3fpifh24bf4"}
{"type":"log","timestamp":1722875674056,"level":"info","message":"Rendering template { name: modules, recipe: xlsx, engine: handlebars, preview: true }","meta":{"rootId":"jr5qoyvn8orvmco","id":"jr5qoyvn8orvmco"},"id":"szh1q5lr63b8hid","previousOperationId":"a7ai3fpifh24bf4"}
{"type":"log","timestamp":1722875674056,"level":"debug","message":"Inline data specified.","meta":{"rootId":"jr5qoyvn8orvmco","id":"jr5qoyvn8orvmco"},"id":"wkuiouyqvlnsbb2","previousOperationId":"a7ai3fpifh24bf4"}
{"type":"log","timestamp":1722875674057,"level":"debug","message":"Base url not specified, skipping its injection.","meta":{"rootId":"jr5qoyvn8orvmco","id":"jr5qoyvn8orvmco"},"id":"yjv9cjc93e7xffq","previousOperationId":"a7ai3fpifh24bf4"}
{"type":"operationStart","subtype":"engine","name":"handlebars","timestamp":1722875674057,"id":"kacmz4s3ipjgdk6","previousEventId":"8d1pugvojivj5lh","operationId":"hqqgc2v98icwyv1","previousOperationId":"a7ai3fpifh24bf4"}
{"type":"log","timestamp":1722875674057,"level":"debug","message":"Rendering engine handlebars","meta":{"rootId":"jr5qoyvn8orvmco","id":"jr5qoyvn8orvmco"},"id":"elm82b56copwvfm","previousOperationId":"hqqgc2v98icwyv1"}
{"type":"operationEnd","operationId":"hqqgc2v98icwyv1","timestamp":1722875674063,"id":"bfsn73ohltb8mmv","previousEventId":"kacmz4s3ipjgdk6","previousOperationId":"hqqgc2v98icwyv1"}
{"type":"operationStart","subtype":"recipe","name":"xlsx","timestamp":1722875674063,"id":"7ixpj7v2lykjrit","previousEventId":"bfsn73ohltb8mmv","operationId":"02if677c7gd44hx","previousOperationId":"hqqgc2v98icwyv1"}
{"type":"log","timestamp":1722875674063,"level":"debug","message":"Executing recipe xlsx","meta":{"rootId":"jr5qoyvn8orvmco","id":"jr5qoyvn8orvmco"},"id":"78319z0zm1af3vb","previousOperationId":"02if677c7gd44hx"}
{"type":"log","timestamp":1722875674064,"level":"info","message":"xlsx generation is starting","meta":{"rootId":"jr5qoyvn8orvmco","id":"jr5qoyvn8orvmco"},"id":"3bjzhjpk95wq5jz","previousOperationId":"02if677c7gd44hx"}
{"type":"log","timestamp":1722875674082,"level":"debug","message":"Starting child request to render xlsx dynamic parts for generation step","meta":{"rootId":"jr5qoyvn8orvmco","id":"jr5qoyvn8orvmco"},"id":"vyutif569fbek86","previousOperationId":"02if677c7gd44hx"}
{"type":"operationStart","subtype":"render","name":"anonymous","previousOperationId":"02if677c7gd44hx","timestamp":1722875674082,"id":"kp78e2sug69zdyy","previousEventId":"7ixpj7v2lykjrit","operationId":"3robdt0ojvhgwfc"}
{"type":"log","timestamp":1722875674082,"level":"info","message":"Starting rendering (child) request (user: admin)","meta":{"rootId":"jr5qoyvn8orvmco","id":"hhz9foeesyu2ibg"},"id":"xt84nr8z6zp5lih","previousOperationId":"3robdt0ojvhgwfc"}
{"type":"log","timestamp":1722875674082,"level":"info","message":"Rendering anonymous template { recipe: html, engine: handlebars }","meta":{"rootId":"jr5qoyvn8orvmco","id":"hhz9foeesyu2ibg"},"id":"6ct6crjluwvaex4","previousOperationId":"3robdt0ojvhgwfc"}
{"type":"log","timestamp":1722875674083,"level":"debug","message":"Inline data specified.","meta":{"rootId":"jr5qoyvn8orvmco","id":"hhz9foeesyu2ibg"},"id":"4fmxnw9il9k8dqr","previousOperationId":"3robdt0ojvhgwfc"}
{"type":"log","timestamp":1722875674090,"level":"debug","message":"Base url not specified, skipping its injection.","meta":{"rootId":"jr5qoyvn8orvmco","id":"hhz9foeesyu2ibg"},"id":"o184fcq2t4hqrtx","previousOperationId":"3robdt0ojvhgwfc"}
{"type":"operationStart","subtype":"engine","name":"handlebars","timestamp":1722875674090,"id":"g93fw559k41bw00","previousEventId":"kp78e2sug69zdyy","operationId":"ckye1qjs1l49odi","previousOperationId":"3robdt0ojvhgwfc"}
{"type":"log","timestamp":1722875674090,"level":"debug","message":"Rendering engine handlebars","meta":{"rootId":"jr5qoyvn8orvmco","id":"hhz9foeesyu2ibg"},"id":"acjgfgwe9xxdssd","previousOperationId":"ckye1qjs1l49odi"}
{"type":"operationEnd","operationId":"ckye1qjs1l49odi","timestamp":1722875674127,"id":"qdsn98273pnoqme","previousEventId":"g93fw559k41bw00","previousOperationId":"ckye1qjs1l49odi"}
{"type":"operationStart","subtype":"recipe","name":"html","timestamp":1722875674127,"id":"owfur0ep33qimts","previousEventId":"qdsn98273pnoqme","operationId":"jtlbm1qq7x07sio","previousOperationId":"ckye1qjs1l49odi"}
{"type":"log","timestamp":1722875674127,"level":"debug","message":"Executing recipe html","meta":{"rootId":"jr5qoyvn8orvmco","id":"hhz9foeesyu2ibg"},"id":"tc9219e3kv1cez4","previousOperationId":"jtlbm1qq7x07sio"}
{"type":"operationEnd","operationId":"jtlbm1qq7x07sio","timestamp":1722875674127,"id":"skme322n3jz8v2v","previousEventId":"owfur0ep33qimts","previousOperationId":"jtlbm1qq7x07sio"}
{"type":"log","timestamp":1722875674127,"level":"debug","message":"Skipping storing report.","meta":{"rootId":"jr5qoyvn8orvmco","id":"hhz9foeesyu2ibg"},"id":"kntgpxp73ddjp8g","previousOperationId":"jtlbm1qq7x07sio"}
{"type":"log","timestamp":1722875674127,"level":"info","message":"Rendering (child) request finished in 103 ms","meta":{"rootId":"jr5qoyvn8orvmco","id":"hhz9foeesyu2ibg"},"id":"oztyqzj7wnvt5vj","previousOperationId":"jtlbm1qq7x07sio"}
{"type":"operationEnd","subtype":"render","operationId":"3robdt0ojvhgwfc","timestamp":1722875674127,"id":"cj7i2l99szgw3o9","previousEventId":"skme322n3jz8v2v","previousOperationId":"jtlbm1qq7x07sio"}
{"type":"log","timestamp":1722875674156,"level":"debug","message":"xlsx successfully zipped","meta":{"rootId":"jr5qoyvn8orvmco","id":"jr5qoyvn8orvmco"},"id":"e4m7i9lswop0hel","previousOperationId":"02if677c7gd44hx"}
{"type":"log","timestamp":1722875674157,"level":"info","message":"xlsx generation was finished","meta":{"rootId":"jr5qoyvn8orvmco","id":"jr5qoyvn8orvmco"},"id":"r5nryoxkc38qjxh","previousOperationId":"02if677c7gd44hx"}
{"type":"log","timestamp":1722875674157,"level":"info","message":"xlsx transformation is starting","meta":{"rootId":"jr5qoyvn8orvmco","id":"jr5qoyvn8orvmco"},"id":"udb5xpyuzp0auz5","previousOperationId":"02if677c7gd44hx"}
{"type":"log","timestamp":1722875674174,"level":"debug","message":"Parsing xlsx content","meta":{"rootId":"jr5qoyvn8orvmco","id":"jr5qoyvn8orvmco"},"id":"x5fg2pv1ab0ogzy","previousOperationId":"02if677c7gd44hx"}
{"type":"log","timestamp":1722875674199,"level":"debug","message":"Successfully zipped now.","meta":{"rootId":"jr5qoyvn8orvmco","id":"jr5qoyvn8orvmco"},"id":"x3eqjtr5hg8ue3r","previousOperationId":"02if677c7gd44hx"}
{"type":"log","timestamp":1722875674199,"level":"info","message":"xlsx transformation was finished","meta":{"rootId":"jr5qoyvn8orvmco","id":"jr5qoyvn8orvmco"},"id":"cch107myli6kpzw","previousOperationId":"02if677c7gd44hx"}
{"type":"log","timestamp":1722875674199,"level":"debug","message":"preparing office preview","meta":{"rootId":"jr5qoyvn8orvmco","id":"jr5qoyvn8orvmco"},"id":"vgqpeugwhz8in1y","previousOperationId":"02if677c7gd44hx"}
{"type":"operationEnd","operationId":"02if677c7gd44hx","timestamp":1722875674882,"id":"vipb23jf49nzyw2","previousEventId":"7ixpj7v2lykjrit","previousOperationId":"02if677c7gd44hx"}
{"type":"log","timestamp":1722875674882,"level":"debug","message":"Skipping storing report.","meta":{"rootId":"jr5qoyvn8orvmco","id":"jr5qoyvn8orvmco"},"id":"1mv6ovzub3l2r6f","previousOperationId":"02if677c7gd44hx"}
{"type":"log","timestamp":1722875674882,"level":"info","message":"Rendering request 27 finished in 858 ms","meta":{"rootId":"jr5qoyvn8orvmco","id":"jr5qoyvn8orvmco"},"id":"vl35kdqwb4t1ym3","previousOperationId":"02if677c7gd44hx"}
{"type":"operationEnd","subtype":"render","operationId":"a7ai3fpifh24bf4","timestamp":1722875674882,"id":"6z4uy26axp3lk15","previousEventId":"vipb23jf49nzyw2","previousOperationId":"02if677c7gd44hx"}
{"type":"operationEnd","doDiffs":false,"previousEventId":"vp5f9uth9x0fn7f","previousOperationId":"b3xd9nzcmvsgjxj","operationId":"b3xd9nzcmvsgjxj","timestamp":1722875674884,"id":"0ah4ryt8bj49agm"}
