{"type":"operationStart","subtype":"profile","data":{"_id":"8UTTBcktgdd0Dc7t","timestamp":"2024-08-05T16:47:33.764Z","state":"queued","mode":"standard","creationDate":"2024-08-05T16:47:33.765Z","modificationDate":"2024-08-05T16:47:33.765Z","shortid":"_cbNK-_","inheritedReadPermissions":[],"inheritedEditPermissions":[],"$entitySet":"profiles"},"doDiffs":false,"timestamp":1722876453765,"id":"4moye6j8svon84b","previousOperationId":null,"operationId":"1qo4x2czmdzlp2w"}
{"type":"log","level":"info","message":"Render request 43 queued for execution and waiting for available worker","previousOperationId":"1qo4x2czmdzlp2w","timestamp":1722876453765,"id":"ikuc7f5ekpg0wbn"}
{"type":"operationStart","subtype":"render","name":"modules","previousOperationId":"1qo4x2czmdzlp2w","timestamp":1722876453804,"id":"3bndsvijj9yfe0b","previousEventId":"4moye6j8svon84b","operationId":"laekr5fh6r9inlg"}
{"type":"log","timestamp":1722876453804,"level":"info","message":"Starting rendering request 43 (user: admin)","meta":{"rootId":"krklcvnq7r82tph","id":"krklcvnq7r82tph"},"id":"m7jdeo0rczvh1hg","previousOperationId":"laekr5fh6r9inlg"}
{"type":"log","timestamp":1722876453804,"level":"info","message":"Rendering template { name: modules, recipe: xlsx, engine: handlebars, preview: true }","meta":{"rootId":"krklcvnq7r82tph","id":"krklcvnq7r82tph"},"id":"c4232ad40dnb2kk","previousOperationId":"laekr5fh6r9inlg"}
{"type":"log","timestamp":1722876453804,"level":"debug","message":"Inline data specified.","meta":{"rootId":"krklcvnq7r82tph","id":"krklcvnq7r82tph"},"id":"17et1ykxb5df512","previousOperationId":"laekr5fh6r9inlg"}
{"type":"log","timestamp":1722876453805,"level":"debug","message":"Base url not specified, skipping its injection.","meta":{"rootId":"krklcvnq7r82tph","id":"krklcvnq7r82tph"},"id":"go3gg8f4o35bb5s","previousOperationId":"laekr5fh6r9inlg"}
{"type":"operationStart","subtype":"engine","name":"handlebars","timestamp":1722876453805,"id":"ht8suky6i8mq4zo","previousEventId":"3bndsvijj9yfe0b","operationId":"rleom283ohriylf","previousOperationId":"laekr5fh6r9inlg"}
{"type":"log","timestamp":1722876453805,"level":"debug","message":"Rendering engine handlebars","meta":{"rootId":"krklcvnq7r82tph","id":"krklcvnq7r82tph"},"id":"lbxu1rwhldf0ui5","previousOperationId":"rleom283ohriylf"}
{"type":"operationEnd","operationId":"rleom283ohriylf","timestamp":1722876453810,"id":"zu93ue18uhe9puu","previousEventId":"ht8suky6i8mq4zo","previousOperationId":"rleom283ohriylf"}
{"type":"operationStart","subtype":"recipe","name":"xlsx","timestamp":1722876453810,"id":"uix226ya2hrii6s","previousEventId":"zu93ue18uhe9puu","operationId":"bzzqt543pbsg8d5","previousOperationId":"rleom283ohriylf"}
{"type":"log","timestamp":1722876453810,"level":"debug","message":"Executing recipe xlsx","meta":{"rootId":"krklcvnq7r82tph","id":"krklcvnq7r82tph"},"id":"ajhpqss1vg131wt","previousOperationId":"bzzqt543pbsg8d5"}
{"type":"log","timestamp":1722876453811,"level":"info","message":"xlsx generation is starting","meta":{"rootId":"krklcvnq7r82tph","id":"krklcvnq7r82tph"},"id":"rg8g4fbbxoio2pw","previousOperationId":"bzzqt543pbsg8d5"}
{"type":"log","timestamp":1722876453828,"level":"debug","message":"Starting child request to render xlsx dynamic parts for generation step","meta":{"rootId":"krklcvnq7r82tph","id":"krklcvnq7r82tph"},"id":"xt4erwln8qjacfw","previousOperationId":"bzzqt543pbsg8d5"}
{"type":"operationStart","subtype":"render","name":"anonymous","previousOperationId":"bzzqt543pbsg8d5","timestamp":1722876453829,"id":"66mty9xaoamwpr2","previousEventId":"uix226ya2hrii6s","operationId":"vr14bjp72moyiqk"}
{"type":"log","timestamp":1722876453829,"level":"info","message":"Starting rendering (child) request (user: admin)","meta":{"rootId":"krklcvnq7r82tph","id":"pn8s4hex13atq5s"},"id":"p0ykjn4e3c5pdxd","previousOperationId":"vr14bjp72moyiqk"}
{"type":"log","timestamp":1722876453829,"level":"info","message":"Rendering anonymous template { recipe: html, engine: handlebars }","meta":{"rootId":"krklcvnq7r82tph","id":"pn8s4hex13atq5s"},"id":"hsol5uyc2zouvg5","previousOperationId":"vr14bjp72moyiqk"}
{"type":"log","timestamp":1722876453829,"level":"debug","message":"Inline data specified.","meta":{"rootId":"krklcvnq7r82tph","id":"pn8s4hex13atq5s"},"id":"xxrm589bscug0uq","previousOperationId":"vr14bjp72moyiqk"}
{"type":"log","timestamp":1722876453830,"level":"debug","message":"Base url not specified, skipping its injection.","meta":{"rootId":"krklcvnq7r82tph","id":"pn8s4hex13atq5s"},"id":"18kdo0gplf7dxfb","previousOperationId":"vr14bjp72moyiqk"}
{"type":"operationStart","subtype":"engine","name":"handlebars","timestamp":1722876453830,"id":"2dv24uywk8cix28","previousEventId":"66mty9xaoamwpr2","operationId":"fz8t2g1quxcrw3k","previousOperationId":"vr14bjp72moyiqk"}
{"type":"log","timestamp":1722876453830,"level":"debug","message":"Rendering engine handlebars","meta":{"rootId":"krklcvnq7r82tph","id":"pn8s4hex13atq5s"},"id":"y61yzm0ha1b2uo8","previousOperationId":"fz8t2g1quxcrw3k"}
{"type":"operationEnd","operationId":"fz8t2g1quxcrw3k","timestamp":1722876453910,"id":"4qsd9nrz33uty58","previousEventId":"2dv24uywk8cix28","previousOperationId":"fz8t2g1quxcrw3k"}
{"type":"operationStart","subtype":"recipe","name":"html","timestamp":1722876453911,"id":"zb5ixto6xo4cg50","previousEventId":"4qsd9nrz33uty58","operationId":"wlihie6xrqgz6jh","previousOperationId":"fz8t2g1quxcrw3k"}
{"type":"log","timestamp":1722876453911,"level":"debug","message":"Executing recipe html","meta":{"rootId":"krklcvnq7r82tph","id":"pn8s4hex13atq5s"},"id":"rlvb0ms06p9o9r2","previousOperationId":"wlihie6xrqgz6jh"}
{"type":"operationEnd","operationId":"wlihie6xrqgz6jh","timestamp":1722876453911,"id":"pw43i3w1q1619q5","previousEventId":"zb5ixto6xo4cg50","previousOperationId":"wlihie6xrqgz6jh"}
{"type":"log","timestamp":1722876453911,"level":"debug","message":"Skipping storing report.","meta":{"rootId":"krklcvnq7r82tph","id":"pn8s4hex13atq5s"},"id":"s02ddyzfsi956op","previousOperationId":"wlihie6xrqgz6jh"}
{"type":"log","timestamp":1722876453911,"level":"info","message":"Rendering (child) request finished in 147 ms","meta":{"rootId":"krklcvnq7r82tph","id":"pn8s4hex13atq5s"},"id":"kdhnqbeknv68a1b","previousOperationId":"wlihie6xrqgz6jh"}
{"type":"operationEnd","subtype":"render","operationId":"vr14bjp72moyiqk","timestamp":1722876453911,"id":"rwdxrf11bkywgwi","previousEventId":"pw43i3w1q1619q5","previousOperationId":"wlihie6xrqgz6jh"}
{"type":"log","timestamp":1722876453943,"level":"debug","message":"xlsx successfully zipped","meta":{"rootId":"krklcvnq7r82tph","id":"krklcvnq7r82tph"},"id":"fyafvhdx0aw0l8q","previousOperationId":"bzzqt543pbsg8d5"}
{"type":"log","timestamp":1722876453943,"level":"info","message":"xlsx generation was finished","meta":{"rootId":"krklcvnq7r82tph","id":"krklcvnq7r82tph"},"id":"oupipx3m0jzvqv9","previousOperationId":"bzzqt543pbsg8d5"}
{"type":"log","timestamp":1722876453943,"level":"info","message":"xlsx transformation is starting","meta":{"rootId":"krklcvnq7r82tph","id":"krklcvnq7r82tph"},"id":"83ltmfijv9ph0qx","previousOperationId":"bzzqt543pbsg8d5"}
{"type":"log","timestamp":1722876453971,"level":"debug","message":"Parsing xlsx content","meta":{"rootId":"krklcvnq7r82tph","id":"krklcvnq7r82tph"},"id":"j15s3x85hknph5q","previousOperationId":"bzzqt543pbsg8d5"}
{"type":"log","timestamp":1722876453999,"level":"debug","message":"Successfully zipped now.","meta":{"rootId":"krklcvnq7r82tph","id":"krklcvnq7r82tph"},"id":"0q8mlj2oz2ewcwy","previousOperationId":"bzzqt543pbsg8d5"}
{"type":"log","timestamp":1722876453999,"level":"info","message":"xlsx transformation was finished","meta":{"rootId":"krklcvnq7r82tph","id":"krklcvnq7r82tph"},"id":"qfr33hizhdg7ef2","previousOperationId":"bzzqt543pbsg8d5"}
{"type":"log","timestamp":1722876453999,"level":"debug","message":"preparing office preview","meta":{"rootId":"krklcvnq7r82tph","id":"krklcvnq7r82tph"},"id":"xnjaa6a27veyhss","previousOperationId":"bzzqt543pbsg8d5"}
{"type":"operationEnd","operationId":"bzzqt543pbsg8d5","timestamp":1722876454684,"id":"kcguqk2647yqovt","previousEventId":"uix226ya2hrii6s","previousOperationId":"bzzqt543pbsg8d5"}
{"type":"log","timestamp":1722876454684,"level":"debug","message":"Skipping storing report.","meta":{"rootId":"krklcvnq7r82tph","id":"krklcvnq7r82tph"},"id":"9yan62wonsm0ei5","previousOperationId":"bzzqt543pbsg8d5"}
{"type":"log","timestamp":1722876454684,"level":"info","message":"Rendering request 43 finished in 920 ms","meta":{"rootId":"krklcvnq7r82tph","id":"krklcvnq7r82tph"},"id":"duwwgxl5gtit0cq","previousOperationId":"bzzqt543pbsg8d5"}
{"type":"operationEnd","subtype":"render","operationId":"laekr5fh6r9inlg","timestamp":1722876454684,"id":"i8snct66f0nykhf","previousEventId":"kcguqk2647yqovt","previousOperationId":"bzzqt543pbsg8d5"}
{"type":"operationEnd","doDiffs":false,"previousEventId":"4moye6j8svon84b","previousOperationId":"1qo4x2czmdzlp2w","operationId":"1qo4x2czmdzlp2w","timestamp":1722876454685,"id":"rnerxvve7i6igp5"}
