{"type":"operationStart","subtype":"profile","data":{"_id":"YYnRZ6vanxnmnmzU","timestamp":"2024-08-07T13:02:44.288Z","state":"queued","mode":"standard","creationDate":"2024-08-07T13:02:44.292Z","modificationDate":"2024-08-07T13:02:44.292Z","shortid":"rMDnrdU","inheritedReadPermissions":[],"inheritedEditPermissions":[],"$entitySet":"profiles"},"doDiffs":false,"timestamp":1723035764291,"id":"1xhx1eoff74csqp","previousOperationId":null,"operationId":"vho9hevvkrzaz0o"}
{"type":"log","level":"info","message":"Render request 2 queued for execution and waiting for available worker","previousOperationId":"vho9hevvkrzaz0o","timestamp":1723035764291,"id":"r3hppci7zl46q8r"}
{"type":"operationStart","subtype":"render","name":"modules","previousOperationId":"vho9hevvkrzaz0o","timestamp":1723035764311,"id":"ya2lnhhoavr9vws","previousEventId":"1xhx1eoff74csqp","operationId":"oo1ewptgaki7el1"}
{"type":"log","timestamp":1723035764311,"level":"info","message":"Starting rendering request 2 (user: admin)","meta":{"rootId":"q25bum9uckfrvwp","id":"q25bum9uckfrvwp"},"id":"nodhw6pplqnw536","previousOperationId":"oo1ewptgaki7el1"}
{"type":"log","timestamp":1723035764312,"level":"info","message":"Rendering template { name: modules, recipe: xlsx, engine: handlebars, preview: true }","meta":{"rootId":"q25bum9uckfrvwp","id":"q25bum9uckfrvwp"},"id":"f7obybjjcgjumbp","previousOperationId":"oo1ewptgaki7el1"}
{"type":"log","timestamp":1723035764313,"level":"debug","message":"Adding sample data zpoVsW4fC","meta":{"rootId":"q25bum9uckfrvwp","id":"q25bum9uckfrvwp"},"id":"nxiks0e4jiylbyv","previousOperationId":"oo1ewptgaki7el1"}
{"type":"log","timestamp":1723035764314,"level":"debug","message":"Base url not specified, skipping its injection.","meta":{"rootId":"q25bum9uckfrvwp","id":"q25bum9uckfrvwp"},"id":"d22vl96z44ulzi4","previousOperationId":"oo1ewptgaki7el1"}
{"type":"operationStart","subtype":"engine","name":"handlebars","timestamp":1723035764315,"id":"p6vio7eua3vetkt","previousEventId":"ya2lnhhoavr9vws","operationId":"h0jqr4ouecll225","previousOperationId":"oo1ewptgaki7el1"}
{"type":"log","timestamp":1723035764315,"level":"debug","message":"Rendering engine handlebars","meta":{"rootId":"q25bum9uckfrvwp","id":"q25bum9uckfrvwp"},"id":"20ytxh0t6t15ycw","previousOperationId":"h0jqr4ouecll225"}
{"type":"operationEnd","operationId":"h0jqr4ouecll225","timestamp":1723035764587,"id":"wiqs3psa75qg9bm","previousEventId":"p6vio7eua3vetkt","previousOperationId":"h0jqr4ouecll225"}
{"type":"operationStart","subtype":"recipe","name":"xlsx","timestamp":1723035764587,"id":"nj9fyylah0trtfl","previousEventId":"wiqs3psa75qg9bm","operationId":"wwvlk7l66skd1ij","previousOperationId":"h0jqr4ouecll225"}
{"type":"log","timestamp":1723035764587,"level":"debug","message":"Executing recipe xlsx","meta":{"rootId":"q25bum9uckfrvwp","id":"q25bum9uckfrvwp"},"id":"usjzm0i83euam19","previousOperationId":"wwvlk7l66skd1ij"}
{"type":"log","timestamp":1723035764602,"level":"info","message":"xlsx generation is starting","meta":{"rootId":"q25bum9uckfrvwp","id":"q25bum9uckfrvwp"},"id":"nxiv4k1wgi4knbj","previousOperationId":"wwvlk7l66skd1ij"}
{"type":"log","timestamp":1723035764639,"level":"debug","message":"Starting child request to render xlsx dynamic parts for generation step","meta":{"rootId":"q25bum9uckfrvwp","id":"q25bum9uckfrvwp"},"id":"vtd5hgib4ecopsk","previousOperationId":"wwvlk7l66skd1ij"}
{"type":"operationStart","subtype":"render","name":"anonymous","previousOperationId":"wwvlk7l66skd1ij","timestamp":1723035764639,"id":"056xy64ddmd1ch6","previousEventId":"nj9fyylah0trtfl","operationId":"zyku73bnai7wy11"}
{"type":"log","timestamp":1723035764639,"level":"info","message":"Starting rendering (child) request (user: admin)","meta":{"rootId":"q25bum9uckfrvwp","id":"40dq0hhaf4lj4ip"},"id":"4bb1q1wrrwom71o","previousOperationId":"zyku73bnai7wy11"}
{"type":"log","timestamp":1723035764640,"level":"info","message":"Rendering anonymous template { recipe: html, engine: handlebars }","meta":{"rootId":"q25bum9uckfrvwp","id":"40dq0hhaf4lj4ip"},"id":"pssm7ufdj6e2pwc","previousOperationId":"zyku73bnai7wy11"}
{"type":"log","timestamp":1723035764640,"level":"debug","message":"Inline data specified.","meta":{"rootId":"q25bum9uckfrvwp","id":"40dq0hhaf4lj4ip"},"id":"7tourtbmkoajqls","previousOperationId":"zyku73bnai7wy11"}
{"type":"log","timestamp":1723035764652,"level":"debug","message":"Base url not specified, skipping its injection.","meta":{"rootId":"q25bum9uckfrvwp","id":"40dq0hhaf4lj4ip"},"id":"9dnoutw1cflig88","previousOperationId":"zyku73bnai7wy11"}
{"type":"operationStart","subtype":"engine","name":"handlebars","timestamp":1723035764654,"id":"er78eoxw6f0oc8d","previousEventId":"056xy64ddmd1ch6","operationId":"fg7ojp83lk3lnzv","previousOperationId":"zyku73bnai7wy11"}
{"type":"log","timestamp":1723035764654,"level":"debug","message":"Rendering engine handlebars","meta":{"rootId":"q25bum9uckfrvwp","id":"40dq0hhaf4lj4ip"},"id":"ktalkerkgyfyxwg","previousOperationId":"fg7ojp83lk3lnzv"}
{"type":"operationEnd","operationId":"fg7ojp83lk3lnzv","timestamp":1723035764738,"id":"sgo2jiemrh4v0zt","previousEventId":"er78eoxw6f0oc8d","previousOperationId":"fg7ojp83lk3lnzv"}
{"type":"operationStart","subtype":"recipe","name":"html","timestamp":1723035764739,"id":"0ad0cj1v391oo2b","previousEventId":"sgo2jiemrh4v0zt","operationId":"oxkl463eim0tgtu","previousOperationId":"fg7ojp83lk3lnzv"}
{"type":"log","timestamp":1723035764739,"level":"debug","message":"Executing recipe html","meta":{"rootId":"q25bum9uckfrvwp","id":"40dq0hhaf4lj4ip"},"id":"isy0gtzjrpbwg2y","previousOperationId":"oxkl463eim0tgtu"}
{"type":"operationEnd","operationId":"oxkl463eim0tgtu","timestamp":1723035764739,"id":"zvx285u2uy66qov","previousEventId":"0ad0cj1v391oo2b","previousOperationId":"oxkl463eim0tgtu"}
{"type":"log","timestamp":1723035764739,"level":"debug","message":"Skipping storing report.","meta":{"rootId":"q25bum9uckfrvwp","id":"40dq0hhaf4lj4ip"},"id":"8izjbey25a8q7t1","previousOperationId":"oxkl463eim0tgtu"}
{"type":"log","timestamp":1723035764739,"level":"info","message":"Rendering (child) request finished in 451 ms","meta":{"rootId":"q25bum9uckfrvwp","id":"40dq0hhaf4lj4ip"},"id":"b380nukejlnxbd9","previousOperationId":"oxkl463eim0tgtu"}
{"type":"operationEnd","subtype":"render","operationId":"zyku73bnai7wy11","timestamp":1723035764739,"id":"x4j9omahowsy3x3","previousEventId":"zvx285u2uy66qov","previousOperationId":"oxkl463eim0tgtu"}
{"type":"log","timestamp":1723035764809,"level":"debug","message":"xlsx successfully zipped","meta":{"rootId":"q25bum9uckfrvwp","id":"q25bum9uckfrvwp"},"id":"xjjxnmjk92zkxuy","previousOperationId":"wwvlk7l66skd1ij"}
{"type":"log","timestamp":1723035764809,"level":"info","message":"xlsx generation was finished","meta":{"rootId":"q25bum9uckfrvwp","id":"q25bum9uckfrvwp"},"id":"l2fv2ea7j6ck9hn","previousOperationId":"wwvlk7l66skd1ij"}
{"type":"log","timestamp":1723035764811,"level":"info","message":"xlsx transformation is starting","meta":{"rootId":"q25bum9uckfrvwp","id":"q25bum9uckfrvwp"},"id":"b3grpuwucvlb0nx","previousOperationId":"wwvlk7l66skd1ij"}
{"type":"log","timestamp":1723035764872,"level":"debug","message":"Parsing xlsx content","meta":{"rootId":"q25bum9uckfrvwp","id":"q25bum9uckfrvwp"},"id":"bgu1gdc70zvba34","previousOperationId":"wwvlk7l66skd1ij"}
{"type":"log","timestamp":1723035764902,"level":"debug","message":"Successfully zipped now.","meta":{"rootId":"q25bum9uckfrvwp","id":"q25bum9uckfrvwp"},"id":"1h8dp1zyvdsllwj","previousOperationId":"wwvlk7l66skd1ij"}
{"type":"log","timestamp":1723035764902,"level":"info","message":"xlsx transformation was finished","meta":{"rootId":"q25bum9uckfrvwp","id":"q25bum9uckfrvwp"},"id":"bu1wvcg6c2w8bp4","previousOperationId":"wwvlk7l66skd1ij"}
{"type":"log","timestamp":1723035764917,"level":"debug","message":"preparing office preview","meta":{"rootId":"q25bum9uckfrvwp","id":"q25bum9uckfrvwp"},"id":"mf1ikxljvebq6u7","previousOperationId":"wwvlk7l66skd1ij"}
{"type":"operationEnd","operationId":"wwvlk7l66skd1ij","timestamp":1723035765616,"id":"pg3vmc7yx2b09ib","previousEventId":"nj9fyylah0trtfl","previousOperationId":"wwvlk7l66skd1ij"}
{"type":"log","timestamp":1723035765616,"level":"debug","message":"Skipping storing report.","meta":{"rootId":"q25bum9uckfrvwp","id":"q25bum9uckfrvwp"},"id":"l38hd2otainx9dg","previousOperationId":"wwvlk7l66skd1ij"}
{"type":"log","timestamp":1723035765616,"level":"info","message":"Rendering request 2 finished in 1328 ms","meta":{"rootId":"q25bum9uckfrvwp","id":"q25bum9uckfrvwp"},"id":"naczf017zzes13l","previousOperationId":"wwvlk7l66skd1ij"}
{"type":"operationEnd","subtype":"render","operationId":"oo1ewptgaki7el1","timestamp":1723035765616,"id":"mzg1whs0imvejwn","previousEventId":"pg3vmc7yx2b09ib","previousOperationId":"wwvlk7l66skd1ij"}
{"type":"operationEnd","doDiffs":false,"previousEventId":"1xhx1eoff74csqp","previousOperationId":"vho9hevvkrzaz0o","operationId":"vho9hevvkrzaz0o","timestamp":1723035765618,"id":"hip3z4ujv1s8eb0"}
