{"type":"operationStart","subtype":"profile","data":{"_id":"3dl0qiC1ViUtuFDj","timestamp":"2024-08-05T16:16:55.635Z","state":"queued","mode":"standard","creationDate":"2024-08-05T16:16:55.636Z","modificationDate":"2024-08-05T16:16:55.636Z","shortid":"e3GQ3su","inheritedReadPermissions":[],"inheritedEditPermissions":[],"$entitySet":"profiles"},"doDiffs":false,"timestamp":1722874615635,"id":"xnb9c65y4e37u4b","previousOperationId":null,"operationId":"uytdxux70ynzxqi"}
{"type":"log","level":"info","message":"Render request 16 queued for execution and waiting for available worker","previousOperationId":"uytdxux70ynzxqi","timestamp":1722874615636,"id":"4lcmjk5m81m7kns"}
{"type":"operationStart","subtype":"render","name":"modules","previousOperationId":"uytdxux70ynzxqi","timestamp":1722874615658,"id":"pe9jmzx60stm74p","previousEventId":"xnb9c65y4e37u4b","operationId":"xqn7zby5w04re4k"}
{"type":"log","timestamp":1722874615658,"level":"info","message":"Starting rendering request 16 (user: admin)","meta":{"rootId":"qj2p77gu9dsg60d","id":"qj2p77gu9dsg60d"},"id":"643zb5cnidpc1vv","previousOperationId":"xqn7zby5w04re4k"}
{"type":"log","timestamp":1722874615658,"level":"info","message":"Rendering template { name: modules, recipe: xlsx, engine: handlebars, preview: false }","meta":{"rootId":"qj2p77gu9dsg60d","id":"qj2p77gu9dsg60d"},"id":"qcl64g2e9v2aoiq","previousOperationId":"xqn7zby5w04re4k"}
{"type":"log","timestamp":1722874615658,"level":"debug","message":"Inline data specified.","meta":{"rootId":"qj2p77gu9dsg60d","id":"qj2p77gu9dsg60d"},"id":"ho8egirn2uu9ing","previousOperationId":"xqn7zby5w04re4k"}
{"type":"log","timestamp":1722874615659,"level":"debug","message":"Base url not specified, skipping its injection.","meta":{"rootId":"qj2p77gu9dsg60d","id":"qj2p77gu9dsg60d"},"id":"b6dxpt831foud0x","previousOperationId":"xqn7zby5w04re4k"}
{"type":"operationStart","subtype":"engine","name":"handlebars","timestamp":1722874615659,"id":"o73ycsy5ln0t31l","previousEventId":"pe9jmzx60stm74p","operationId":"wuxplchnd3nnlff","previousOperationId":"xqn7zby5w04re4k"}
{"type":"log","timestamp":1722874615659,"level":"debug","message":"Rendering engine handlebars","meta":{"rootId":"qj2p77gu9dsg60d","id":"qj2p77gu9dsg60d"},"id":"9wy191b2rjd83lf","previousOperationId":"wuxplchnd3nnlff"}
{"type":"operationEnd","operationId":"wuxplchnd3nnlff","timestamp":1722874615668,"id":"58p7evzhqfb0rua","previousEventId":"o73ycsy5ln0t31l","previousOperationId":"wuxplchnd3nnlff"}
{"type":"operationStart","subtype":"recipe","name":"xlsx","timestamp":1722874615668,"id":"16qs694l0960td6","previousEventId":"58p7evzhqfb0rua","operationId":"gzgdf6navgy9ds7","previousOperationId":"wuxplchnd3nnlff"}
{"type":"log","timestamp":1722874615668,"level":"debug","message":"Executing recipe xlsx","meta":{"rootId":"qj2p77gu9dsg60d","id":"qj2p77gu9dsg60d"},"id":"5rzezy9kdtm7h81","previousOperationId":"gzgdf6navgy9ds7"}
{"type":"log","timestamp":1722874615668,"level":"info","message":"xlsx generation is starting","meta":{"rootId":"qj2p77gu9dsg60d","id":"qj2p77gu9dsg60d"},"id":"a3cwira8llddgrc","previousOperationId":"gzgdf6navgy9ds7"}
{"type":"log","timestamp":1722874615687,"level":"debug","message":"Starting child request to render xlsx dynamic parts for generation step","meta":{"rootId":"qj2p77gu9dsg60d","id":"qj2p77gu9dsg60d"},"id":"l8clxie039qplsp","previousOperationId":"gzgdf6navgy9ds7"}
{"type":"operationStart","subtype":"render","name":"anonymous","previousOperationId":"gzgdf6navgy9ds7","timestamp":1722874615688,"id":"k15ugeryea3xa1r","previousEventId":"16qs694l0960td6","operationId":"d19wi12g5gge4nc"}
{"type":"log","timestamp":1722874615688,"level":"info","message":"Starting rendering (child) request (user: admin)","meta":{"rootId":"qj2p77gu9dsg60d","id":"r0751lzdlg6rn9o"},"id":"kmaifdiyk0hxp4a","previousOperationId":"d19wi12g5gge4nc"}
{"type":"log","timestamp":1722874615688,"level":"info","message":"Rendering anonymous template { recipe: html, engine: handlebars }","meta":{"rootId":"qj2p77gu9dsg60d","id":"r0751lzdlg6rn9o"},"id":"tk6a3zvo7kzagvz","previousOperationId":"d19wi12g5gge4nc"}
{"type":"log","timestamp":1722874615688,"level":"debug","message":"Inline data specified.","meta":{"rootId":"qj2p77gu9dsg60d","id":"r0751lzdlg6rn9o"},"id":"292ovqs538ot9dz","previousOperationId":"d19wi12g5gge4nc"}
{"type":"log","timestamp":1722874615689,"level":"debug","message":"Base url not specified, skipping its injection.","meta":{"rootId":"qj2p77gu9dsg60d","id":"r0751lzdlg6rn9o"},"id":"rb97gofwnsdrfek","previousOperationId":"d19wi12g5gge4nc"}
{"type":"operationStart","subtype":"engine","name":"handlebars","timestamp":1722874615689,"id":"k4kjzf7lpoutpf1","previousEventId":"k15ugeryea3xa1r","operationId":"tda2sbp5h06ns2j","previousOperationId":"d19wi12g5gge4nc"}
{"type":"log","timestamp":1722874615689,"level":"debug","message":"Rendering engine handlebars","meta":{"rootId":"qj2p77gu9dsg60d","id":"r0751lzdlg6rn9o"},"id":"u69eu2u3fg9nc7d","previousOperationId":"tda2sbp5h06ns2j"}
{"type":"operationEnd","operationId":"tda2sbp5h06ns2j","timestamp":1722874615719,"id":"zqa47drhntr6yee","previousEventId":"k4kjzf7lpoutpf1","previousOperationId":"tda2sbp5h06ns2j"}
{"type":"operationStart","subtype":"recipe","name":"html","timestamp":1722874615720,"id":"vi9vmvvpm93gckg","previousEventId":"zqa47drhntr6yee","operationId":"77blv1n6jyy6sra","previousOperationId":"tda2sbp5h06ns2j"}
{"type":"log","timestamp":1722874615720,"level":"debug","message":"Executing recipe html","meta":{"rootId":"qj2p77gu9dsg60d","id":"r0751lzdlg6rn9o"},"id":"80thj0s1yc8ruux","previousOperationId":"77blv1n6jyy6sra"}
{"type":"operationEnd","operationId":"77blv1n6jyy6sra","timestamp":1722874615720,"id":"hjvt0yab5q9ql8f","previousEventId":"vi9vmvvpm93gckg","previousOperationId":"77blv1n6jyy6sra"}
{"type":"log","timestamp":1722874615720,"level":"debug","message":"Skipping storing report.","meta":{"rootId":"qj2p77gu9dsg60d","id":"r0751lzdlg6rn9o"},"id":"qy7hjs6gyxsrm1p","previousOperationId":"77blv1n6jyy6sra"}
{"type":"log","timestamp":1722874615720,"level":"info","message":"Rendering (child) request finished in 85 ms","meta":{"rootId":"qj2p77gu9dsg60d","id":"r0751lzdlg6rn9o"},"id":"8r61ytxh8j83moo","previousOperationId":"77blv1n6jyy6sra"}
{"type":"operationEnd","subtype":"render","operationId":"d19wi12g5gge4nc","timestamp":1722874615720,"id":"kutkbsvyux5su9a","previousEventId":"hjvt0yab5q9ql8f","previousOperationId":"77blv1n6jyy6sra"}
{"type":"log","timestamp":1722874615747,"level":"debug","message":"xlsx successfully zipped","meta":{"rootId":"qj2p77gu9dsg60d","id":"qj2p77gu9dsg60d"},"id":"8r59g6wk6oqarpw","previousOperationId":"gzgdf6navgy9ds7"}
{"type":"log","timestamp":1722874615747,"level":"info","message":"xlsx generation was finished","meta":{"rootId":"qj2p77gu9dsg60d","id":"qj2p77gu9dsg60d"},"id":"w6z6vd55qgaqm5t","previousOperationId":"gzgdf6navgy9ds7"}
{"type":"log","timestamp":1722874615747,"level":"info","message":"xlsx transformation is starting","meta":{"rootId":"qj2p77gu9dsg60d","id":"qj2p77gu9dsg60d"},"id":"ogfpt51fvqqqppw","previousOperationId":"gzgdf6navgy9ds7"}
{"type":"log","timestamp":1722874615780,"level":"debug","message":"Parsing xlsx content","meta":{"rootId":"qj2p77gu9dsg60d","id":"qj2p77gu9dsg60d"},"id":"zv70kjd66ki0t04","previousOperationId":"gzgdf6navgy9ds7"}
{"type":"log","timestamp":1722874615804,"level":"debug","message":"Successfully zipped now.","meta":{"rootId":"qj2p77gu9dsg60d","id":"qj2p77gu9dsg60d"},"id":"fx4ue9nipe0mmbg","previousOperationId":"gzgdf6navgy9ds7"}
{"type":"log","timestamp":1722874615804,"level":"info","message":"xlsx transformation was finished","meta":{"rootId":"qj2p77gu9dsg60d","id":"qj2p77gu9dsg60d"},"id":"tjyv0e0j8s363gj","previousOperationId":"gzgdf6navgy9ds7"}
{"type":"operationEnd","operationId":"gzgdf6navgy9ds7","timestamp":1722874615806,"id":"ygb93rn6piq6c53","previousEventId":"16qs694l0960td6","previousOperationId":"gzgdf6navgy9ds7"}
{"type":"log","timestamp":1722874615806,"level":"debug","message":"Skipping storing report.","meta":{"rootId":"qj2p77gu9dsg60d","id":"qj2p77gu9dsg60d"},"id":"vjc4zv6dzypn46s","previousOperationId":"gzgdf6navgy9ds7"}
{"type":"log","timestamp":1722874615806,"level":"info","message":"Rendering request 16 finished in 171 ms","meta":{"rootId":"qj2p77gu9dsg60d","id":"qj2p77gu9dsg60d"},"id":"duxno1gdpkvp9f7","previousOperationId":"gzgdf6navgy9ds7"}
{"type":"operationEnd","subtype":"render","operationId":"xqn7zby5w04re4k","timestamp":1722874615806,"id":"w8fwqd5ywtajaeo","previousEventId":"ygb93rn6piq6c53","previousOperationId":"gzgdf6navgy9ds7"}
{"type":"operationEnd","doDiffs":false,"previousEventId":"xnb9c65y4e37u4b","previousOperationId":"uytdxux70ynzxqi","operationId":"uytdxux70ynzxqi","timestamp":1722874615808,"id":"jnyp12866p1yyq6"}
