{"type":"operationStart","subtype":"profile","data":{"_id":"QcKgQbU2YJvT8isv","timestamp":"2024-08-05T17:17:19.897Z","state":"queued","mode":"standard","creationDate":"2024-08-05T17:17:19.898Z","modificationDate":"2024-08-05T17:17:19.898Z","shortid":"_DErwuT","inheritedReadPermissions":[],"inheritedEditPermissions":[],"$entitySet":"profiles"},"doDiffs":false,"timestamp":1722878239898,"id":"cy8w1cnqa55qy8h","previousOperationId":null,"operationId":"cn0cpej3sfesq0g"}
{"type":"log","level":"info","message":"Render request 57 queued for execution and waiting for available worker","previousOperationId":"cn0cpej3sfesq0g","timestamp":1722878239898,"id":"o16ymn30e9a6yue"}
{"type":"operationStart","subtype":"render","name":"modules","previousOperationId":"cn0cpej3sfesq0g","timestamp":1722878239929,"id":"36uj6bt4i6re4sh","previousEventId":"cy8w1cnqa55qy8h","operationId":"5xc2wttc9km3ibv"}
{"type":"log","timestamp":1722878239929,"level":"info","message":"Starting rendering request 57 (user: admin)","meta":{"rootId":"qu7n8gg3ykfd1g5","id":"qu7n8gg3ykfd1g5"},"id":"odptn8mdrmkcn3j","previousOperationId":"5xc2wttc9km3ibv"}
{"type":"log","timestamp":1722878239930,"level":"info","message":"Rendering template { name: modules, recipe: xlsx, engine: handlebars, preview: true }","meta":{"rootId":"qu7n8gg3ykfd1g5","id":"qu7n8gg3ykfd1g5"},"id":"1gdv54uapd3pbyx","previousOperationId":"5xc2wttc9km3ibv"}
{"type":"log","timestamp":1722878239930,"level":"debug","message":"Inline data specified.","meta":{"rootId":"qu7n8gg3ykfd1g5","id":"qu7n8gg3ykfd1g5"},"id":"52ljeqftiv01bxe","previousOperationId":"5xc2wttc9km3ibv"}
{"type":"log","timestamp":1722878239931,"level":"debug","message":"Base url not specified, skipping its injection.","meta":{"rootId":"qu7n8gg3ykfd1g5","id":"qu7n8gg3ykfd1g5"},"id":"1f163qlpgjelb20","previousOperationId":"5xc2wttc9km3ibv"}
{"type":"operationStart","subtype":"engine","name":"handlebars","timestamp":1722878239931,"id":"i31jjphsud1uq6h","previousEventId":"36uj6bt4i6re4sh","operationId":"hzyts0rm8mrsj22","previousOperationId":"5xc2wttc9km3ibv"}
{"type":"log","timestamp":1722878239931,"level":"debug","message":"Rendering engine handlebars","meta":{"rootId":"qu7n8gg3ykfd1g5","id":"qu7n8gg3ykfd1g5"},"id":"at1573nsuw3q3ue","previousOperationId":"hzyts0rm8mrsj22"}
{"type":"operationEnd","operationId":"hzyts0rm8mrsj22","timestamp":1722878239937,"id":"w14q8ys73353dcn","previousEventId":"i31jjphsud1uq6h","previousOperationId":"hzyts0rm8mrsj22"}
{"type":"operationStart","subtype":"recipe","name":"xlsx","timestamp":1722878239937,"id":"2jxyevr5v63nebz","previousEventId":"w14q8ys73353dcn","operationId":"3p13mptfkifxdz6","previousOperationId":"hzyts0rm8mrsj22"}
{"type":"log","timestamp":1722878239937,"level":"debug","message":"Executing recipe xlsx","meta":{"rootId":"qu7n8gg3ykfd1g5","id":"qu7n8gg3ykfd1g5"},"id":"112ytlgsnbv9kgo","previousOperationId":"3p13mptfkifxdz6"}
{"type":"log","timestamp":1722878239939,"level":"info","message":"xlsx generation is starting","meta":{"rootId":"qu7n8gg3ykfd1g5","id":"qu7n8gg3ykfd1g5"},"id":"zntjjwjeq7sw92x","previousOperationId":"3p13mptfkifxdz6"}
{"type":"log","timestamp":1722878239960,"level":"debug","message":"Starting child request to render xlsx dynamic parts for generation step","meta":{"rootId":"qu7n8gg3ykfd1g5","id":"qu7n8gg3ykfd1g5"},"id":"pk9w1zronrg6uva","previousOperationId":"3p13mptfkifxdz6"}
{"type":"operationStart","subtype":"render","name":"anonymous","previousOperationId":"3p13mptfkifxdz6","timestamp":1722878239960,"id":"l5d591ubbz9737r","previousEventId":"2jxyevr5v63nebz","operationId":"lcpdzpweb7xh9an"}
{"type":"log","timestamp":1722878239960,"level":"info","message":"Starting rendering (child) request (user: admin)","meta":{"rootId":"qu7n8gg3ykfd1g5","id":"seh2im9hlfppysp"},"id":"7sh5vtnlcs6bf71","previousOperationId":"lcpdzpweb7xh9an"}
{"type":"log","timestamp":1722878239960,"level":"info","message":"Rendering anonymous template { recipe: html, engine: handlebars }","meta":{"rootId":"qu7n8gg3ykfd1g5","id":"seh2im9hlfppysp"},"id":"8q5dyg3bsk5vpm8","previousOperationId":"lcpdzpweb7xh9an"}
{"type":"log","timestamp":1722878239960,"level":"debug","message":"Inline data specified.","meta":{"rootId":"qu7n8gg3ykfd1g5","id":"seh2im9hlfppysp"},"id":"ttdes1m38bnxi52","previousOperationId":"lcpdzpweb7xh9an"}
{"type":"log","timestamp":1722878239961,"level":"debug","message":"Base url not specified, skipping its injection.","meta":{"rootId":"qu7n8gg3ykfd1g5","id":"seh2im9hlfppysp"},"id":"vpf8i796kvhwi6v","previousOperationId":"lcpdzpweb7xh9an"}
{"type":"operationStart","subtype":"engine","name":"handlebars","timestamp":1722878239962,"id":"cjk21l5yh132dow","previousEventId":"l5d591ubbz9737r","operationId":"4ued8d1erm40lsh","previousOperationId":"lcpdzpweb7xh9an"}
{"type":"log","timestamp":1722878239962,"level":"debug","message":"Rendering engine handlebars","meta":{"rootId":"qu7n8gg3ykfd1g5","id":"seh2im9hlfppysp"},"id":"wwehwj9dyrertv2","previousOperationId":"4ued8d1erm40lsh"}
{"type":"operationEnd","operationId":"4ued8d1erm40lsh","timestamp":1722878240066,"id":"sn4byaa6y8870kw","previousEventId":"cjk21l5yh132dow","previousOperationId":"4ued8d1erm40lsh"}
{"type":"operationStart","subtype":"recipe","name":"html","timestamp":1722878240067,"id":"s75hefpg9aza4yb","previousEventId":"sn4byaa6y8870kw","operationId":"2pz6nwiagpxy3k2","previousOperationId":"4ued8d1erm40lsh"}
{"type":"log","timestamp":1722878240067,"level":"debug","message":"Executing recipe html","meta":{"rootId":"qu7n8gg3ykfd1g5","id":"seh2im9hlfppysp"},"id":"ul4szzwtehbc1mg","previousOperationId":"2pz6nwiagpxy3k2"}
{"type":"operationEnd","operationId":"2pz6nwiagpxy3k2","timestamp":1722878240067,"id":"p5fppw6nzvzsrtz","previousEventId":"s75hefpg9aza4yb","previousOperationId":"2pz6nwiagpxy3k2"}
{"type":"log","timestamp":1722878240067,"level":"debug","message":"Skipping storing report.","meta":{"rootId":"qu7n8gg3ykfd1g5","id":"seh2im9hlfppysp"},"id":"57t3ycgnibjwlhu","previousOperationId":"2pz6nwiagpxy3k2"}
{"type":"log","timestamp":1722878240068,"level":"info","message":"Rendering (child) request finished in 171 ms","meta":{"rootId":"qu7n8gg3ykfd1g5","id":"seh2im9hlfppysp"},"id":"favk2vl21d0y4o4","previousOperationId":"2pz6nwiagpxy3k2"}
{"type":"operationEnd","subtype":"render","operationId":"lcpdzpweb7xh9an","timestamp":1722878240068,"id":"l36m4jawtci0nf8","previousEventId":"p5fppw6nzvzsrtz","previousOperationId":"2pz6nwiagpxy3k2"}
{"type":"log","timestamp":1722878240105,"level":"debug","message":"xlsx successfully zipped","meta":{"rootId":"qu7n8gg3ykfd1g5","id":"qu7n8gg3ykfd1g5"},"id":"8zqo4lcwm85mz1o","previousOperationId":"3p13mptfkifxdz6"}
{"type":"log","timestamp":1722878240105,"level":"info","message":"xlsx generation was finished","meta":{"rootId":"qu7n8gg3ykfd1g5","id":"qu7n8gg3ykfd1g5"},"id":"xjhr655ql1y5cbs","previousOperationId":"3p13mptfkifxdz6"}
{"type":"log","timestamp":1722878240105,"level":"info","message":"xlsx transformation is starting","meta":{"rootId":"qu7n8gg3ykfd1g5","id":"qu7n8gg3ykfd1g5"},"id":"as2qtvr4h1qjcid","previousOperationId":"3p13mptfkifxdz6"}
{"type":"log","timestamp":1722878240171,"level":"debug","message":"Parsing xlsx content","meta":{"rootId":"qu7n8gg3ykfd1g5","id":"qu7n8gg3ykfd1g5"},"id":"h416oinq9ypngqv","previousOperationId":"3p13mptfkifxdz6"}
{"type":"log","timestamp":1722878240201,"level":"debug","message":"Successfully zipped now.","meta":{"rootId":"qu7n8gg3ykfd1g5","id":"qu7n8gg3ykfd1g5"},"id":"7d308r9paypl1tb","previousOperationId":"3p13mptfkifxdz6"}
{"type":"log","timestamp":1722878240201,"level":"info","message":"xlsx transformation was finished","meta":{"rootId":"qu7n8gg3ykfd1g5","id":"qu7n8gg3ykfd1g5"},"id":"5q7fof1ea0rykyc","previousOperationId":"3p13mptfkifxdz6"}
{"type":"log","timestamp":1722878240201,"level":"debug","message":"preparing office preview","meta":{"rootId":"qu7n8gg3ykfd1g5","id":"qu7n8gg3ykfd1g5"},"id":"3690m7di4pqidxp","previousOperationId":"3p13mptfkifxdz6"}
{"type":"operationEnd","operationId":"3p13mptfkifxdz6","timestamp":1722878240872,"id":"hlx0ieonajf3yvo","previousEventId":"2jxyevr5v63nebz","previousOperationId":"3p13mptfkifxdz6"}
{"type":"log","timestamp":1722878240873,"level":"debug","message":"Skipping storing report.","meta":{"rootId":"qu7n8gg3ykfd1g5","id":"qu7n8gg3ykfd1g5"},"id":"rp8frsg72alne73","previousOperationId":"3p13mptfkifxdz6"}
{"type":"log","timestamp":1722878240873,"level":"info","message":"Rendering request 57 finished in 976 ms","meta":{"rootId":"qu7n8gg3ykfd1g5","id":"qu7n8gg3ykfd1g5"},"id":"rmiaqooheezcrgv","previousOperationId":"3p13mptfkifxdz6"}
{"type":"operationEnd","subtype":"render","operationId":"5xc2wttc9km3ibv","timestamp":1722878240873,"id":"ai5iglexamdzia9","previousEventId":"hlx0ieonajf3yvo","previousOperationId":"3p13mptfkifxdz6"}
{"type":"operationEnd","doDiffs":false,"previousEventId":"cy8w1cnqa55qy8h","previousOperationId":"cn0cpej3sfesq0g","operationId":"cn0cpej3sfesq0g","timestamp":1722878240874,"id":"6h3wrujb0c5mrlz"}
