{"type":"operationStart","subtype":"profile","data":{"_id":"TZ4fzKXv3PZXPBBQ","timestamp":"2024-08-05T16:32:59.649Z","state":"queued","mode":"standard","creationDate":"2024-08-05T16:32:59.650Z","modificationDate":"2024-08-05T16:32:59.650Z","shortid":"T7V4DTc","inheritedReadPermissions":[],"inheritedEditPermissions":[],"$entitySet":"profiles"},"doDiffs":false,"timestamp":1722875579649,"id":"tnt9lwsbnhph44m","previousOperationId":null,"operationId":"m5dos9j2j2mgi9w"}
{"type":"log","level":"info","message":"Render request 25 queued for execution and waiting for available worker","previousOperationId":"m5dos9j2j2mgi9w","timestamp":1722875579650,"id":"kcfydyg6n6gx621"}
{"type":"operationStart","subtype":"render","name":"modules","previousOperationId":"m5dos9j2j2mgi9w","timestamp":1722875579674,"id":"yhfvkho1cshsfai","previousEventId":"tnt9lwsbnhph44m","operationId":"zzvzyi7o5uw5ycq"}
{"type":"log","timestamp":1722875579674,"level":"info","message":"Starting rendering request 25 (user: admin)","meta":{"rootId":"rnnyd138ohrb3rk","id":"rnnyd138ohrb3rk"},"id":"dno4u6z9nd64kby","previousOperationId":"zzvzyi7o5uw5ycq"}
{"type":"log","timestamp":1722875579674,"level":"info","message":"Rendering template { name: modules, recipe: xlsx, engine: handlebars, preview: true }","meta":{"rootId":"rnnyd138ohrb3rk","id":"rnnyd138ohrb3rk"},"id":"gq54trr34k1d9bn","previousOperationId":"zzvzyi7o5uw5ycq"}
{"type":"log","timestamp":1722875579674,"level":"debug","message":"Inline data specified.","meta":{"rootId":"rnnyd138ohrb3rk","id":"rnnyd138ohrb3rk"},"id":"swqk65qovlt0z3o","previousOperationId":"zzvzyi7o5uw5ycq"}
{"type":"log","timestamp":1722875579675,"level":"debug","message":"Base url not specified, skipping its injection.","meta":{"rootId":"rnnyd138ohrb3rk","id":"rnnyd138ohrb3rk"},"id":"iwdz9a1z4pxje8r","previousOperationId":"zzvzyi7o5uw5ycq"}
{"type":"operationStart","subtype":"engine","name":"handlebars","timestamp":1722875579675,"id":"q4wbq6t0rtgly0f","previousEventId":"yhfvkho1cshsfai","operationId":"8rc8x5lvod19v8k","previousOperationId":"zzvzyi7o5uw5ycq"}
{"type":"log","timestamp":1722875579675,"level":"debug","message":"Rendering engine handlebars","meta":{"rootId":"rnnyd138ohrb3rk","id":"rnnyd138ohrb3rk"},"id":"uhrmif5aw2t7ehq","previousOperationId":"8rc8x5lvod19v8k"}
{"type":"operationEnd","operationId":"8rc8x5lvod19v8k","timestamp":1722875579680,"id":"x7bvr50ywh7nm1a","previousEventId":"q4wbq6t0rtgly0f","previousOperationId":"8rc8x5lvod19v8k"}
{"type":"operationStart","subtype":"recipe","name":"xlsx","timestamp":1722875579680,"id":"0ime91lvgarng0s","previousEventId":"x7bvr50ywh7nm1a","operationId":"hbamcfv71v7s8gj","previousOperationId":"8rc8x5lvod19v8k"}
{"type":"log","timestamp":1722875579680,"level":"debug","message":"Executing recipe xlsx","meta":{"rootId":"rnnyd138ohrb3rk","id":"rnnyd138ohrb3rk"},"id":"43w4zy0q5467122","previousOperationId":"hbamcfv71v7s8gj"}
{"type":"log","timestamp":1722875579681,"level":"info","message":"xlsx generation is starting","meta":{"rootId":"rnnyd138ohrb3rk","id":"rnnyd138ohrb3rk"},"id":"3s8oy4y3f648otf","previousOperationId":"hbamcfv71v7s8gj"}
{"type":"log","timestamp":1722875579693,"level":"debug","message":"Starting child request to render xlsx dynamic parts for generation step","meta":{"rootId":"rnnyd138ohrb3rk","id":"rnnyd138ohrb3rk"},"id":"96b7zt98e7js1dw","previousOperationId":"hbamcfv71v7s8gj"}
{"type":"operationStart","subtype":"render","name":"anonymous","previousOperationId":"hbamcfv71v7s8gj","timestamp":1722875579693,"id":"0c4edbpk78rrnxd","previousEventId":"0ime91lvgarng0s","operationId":"kclym13o8xywurv"}
{"type":"log","timestamp":1722875579693,"level":"info","message":"Starting rendering (child) request (user: admin)","meta":{"rootId":"rnnyd138ohrb3rk","id":"0bwvrpbfpqkokg3"},"id":"7g33tz1pp8z2ddp","previousOperationId":"kclym13o8xywurv"}
{"type":"log","timestamp":1722875579693,"level":"info","message":"Rendering anonymous template { recipe: html, engine: handlebars }","meta":{"rootId":"rnnyd138ohrb3rk","id":"0bwvrpbfpqkokg3"},"id":"kuei45elyhjtoa8","previousOperationId":"kclym13o8xywurv"}
{"type":"log","timestamp":1722875579694,"level":"debug","message":"Inline data specified.","meta":{"rootId":"rnnyd138ohrb3rk","id":"0bwvrpbfpqkokg3"},"id":"7rr93eehxt9jozf","previousOperationId":"kclym13o8xywurv"}
{"type":"log","timestamp":1722875579694,"level":"debug","message":"Base url not specified, skipping its injection.","meta":{"rootId":"rnnyd138ohrb3rk","id":"0bwvrpbfpqkokg3"},"id":"i3nmjw3a5bgy263","previousOperationId":"kclym13o8xywurv"}
{"type":"operationStart","subtype":"engine","name":"handlebars","timestamp":1722875579694,"id":"ef80n1pn398ocvs","previousEventId":"0c4edbpk78rrnxd","operationId":"itm0x172hbongip","previousOperationId":"kclym13o8xywurv"}
{"type":"log","timestamp":1722875579694,"level":"debug","message":"Rendering engine handlebars","meta":{"rootId":"rnnyd138ohrb3rk","id":"0bwvrpbfpqkokg3"},"id":"zuq1bhuwv4vkuwr","previousOperationId":"itm0x172hbongip"}
{"type":"operationEnd","operationId":"itm0x172hbongip","timestamp":1722875579736,"id":"ru9o5eoj8fh87lb","previousEventId":"ef80n1pn398ocvs","previousOperationId":"itm0x172hbongip"}
{"type":"operationStart","subtype":"recipe","name":"html","timestamp":1722875579737,"id":"ugc7yuhixmwq2g9","previousEventId":"ru9o5eoj8fh87lb","operationId":"zrldzhyakkg7i0e","previousOperationId":"itm0x172hbongip"}
{"type":"log","timestamp":1722875579737,"level":"debug","message":"Executing recipe html","meta":{"rootId":"rnnyd138ohrb3rk","id":"0bwvrpbfpqkokg3"},"id":"j0kqraznpwedtd8","previousOperationId":"zrldzhyakkg7i0e"}
{"type":"operationEnd","operationId":"zrldzhyakkg7i0e","timestamp":1722875579737,"id":"eklqh74nmn08mpy","previousEventId":"ugc7yuhixmwq2g9","previousOperationId":"zrldzhyakkg7i0e"}
{"type":"log","timestamp":1722875579737,"level":"debug","message":"Skipping storing report.","meta":{"rootId":"rnnyd138ohrb3rk","id":"0bwvrpbfpqkokg3"},"id":"6dn4r610vvsqxmb","previousOperationId":"zrldzhyakkg7i0e"}
{"type":"log","timestamp":1722875579737,"level":"info","message":"Rendering (child) request finished in 88 ms","meta":{"rootId":"rnnyd138ohrb3rk","id":"0bwvrpbfpqkokg3"},"id":"9nllwbd1g2qvdi7","previousOperationId":"zrldzhyakkg7i0e"}
{"type":"operationEnd","subtype":"render","operationId":"kclym13o8xywurv","timestamp":1722875579737,"id":"nb367km8qihvwqq","previousEventId":"eklqh74nmn08mpy","previousOperationId":"zrldzhyakkg7i0e"}
{"type":"log","timestamp":1722875579754,"level":"debug","message":"xlsx successfully zipped","meta":{"rootId":"rnnyd138ohrb3rk","id":"rnnyd138ohrb3rk"},"id":"1y3zaxiia47yemm","previousOperationId":"hbamcfv71v7s8gj"}
{"type":"log","timestamp":1722875579754,"level":"info","message":"xlsx generation was finished","meta":{"rootId":"rnnyd138ohrb3rk","id":"rnnyd138ohrb3rk"},"id":"immbzt0gz5cpozy","previousOperationId":"hbamcfv71v7s8gj"}
{"type":"log","timestamp":1722875579754,"level":"info","message":"xlsx transformation is starting","meta":{"rootId":"rnnyd138ohrb3rk","id":"rnnyd138ohrb3rk"},"id":"ic7a862wqzrw0d7","previousOperationId":"hbamcfv71v7s8gj"}
{"type":"log","timestamp":1722875579771,"level":"debug","message":"Parsing xlsx content","meta":{"rootId":"rnnyd138ohrb3rk","id":"rnnyd138ohrb3rk"},"id":"o5fkykm8pfbrbkh","previousOperationId":"hbamcfv71v7s8gj"}
{"type":"log","timestamp":1722875579792,"level":"debug","message":"Successfully zipped now.","meta":{"rootId":"rnnyd138ohrb3rk","id":"rnnyd138ohrb3rk"},"id":"v4iixsqin6z01ns","previousOperationId":"hbamcfv71v7s8gj"}
{"type":"log","timestamp":1722875579792,"level":"info","message":"xlsx transformation was finished","meta":{"rootId":"rnnyd138ohrb3rk","id":"rnnyd138ohrb3rk"},"id":"e3uaynpmtf1wotz","previousOperationId":"hbamcfv71v7s8gj"}
{"type":"log","timestamp":1722875579792,"level":"debug","message":"preparing office preview","meta":{"rootId":"rnnyd138ohrb3rk","id":"rnnyd138ohrb3rk"},"id":"axbr5tgcmcg65xa","previousOperationId":"hbamcfv71v7s8gj"}
{"type":"operationEnd","operationId":"hbamcfv71v7s8gj","timestamp":1722875580472,"id":"092ynhmacrnhb69","previousEventId":"0ime91lvgarng0s","previousOperationId":"hbamcfv71v7s8gj"}
{"type":"log","timestamp":1722875580472,"level":"debug","message":"Skipping storing report.","meta":{"rootId":"rnnyd138ohrb3rk","id":"rnnyd138ohrb3rk"},"id":"n2ajhno4xsix3jv","previousOperationId":"hbamcfv71v7s8gj"}
{"type":"log","timestamp":1722875580472,"level":"info","message":"Rendering request 25 finished in 823 ms","meta":{"rootId":"rnnyd138ohrb3rk","id":"rnnyd138ohrb3rk"},"id":"mps2zxzofsei2ws","previousOperationId":"hbamcfv71v7s8gj"}
{"type":"operationEnd","subtype":"render","operationId":"zzvzyi7o5uw5ycq","timestamp":1722875580472,"id":"8o0emtmkb5snxub","previousEventId":"092ynhmacrnhb69","previousOperationId":"hbamcfv71v7s8gj"}
{"type":"operationEnd","doDiffs":false,"previousEventId":"tnt9lwsbnhph44m","previousOperationId":"m5dos9j2j2mgi9w","operationId":"m5dos9j2j2mgi9w","timestamp":1722875580474,"id":"3hf3n9f372uw1t4"}
