{"type":"operationStart","subtype":"profile","data":{"_id":"NLMMP0ZZKuoa8rt0","timestamp":"2024-08-31T20:08:40.257Z","state":"queued","mode":"standard","creationDate":"2024-08-31T20:08:40.260Z","modificationDate":"2024-08-31T20:08:40.260Z","shortid":"y4guUte","inheritedReadPermissions":[],"inheritedEditPermissions":[],"$entitySet":"profiles"},"doDiffs":false,"timestamp":1725134920258,"id":"rlbys56ew03rcs2","previousOperationId":null,"operationId":"ftb8b0dnmg5s8y7"}
{"type":"log","level":"info","message":"Render request 1 queued for execution and waiting for available worker","previousOperationId":"ftb8b0dnmg5s8y7","timestamp":1725134920259,"id":"dgivktith3yicm4"}
{"type":"operationStart","subtype":"render","name":"modules","previousOperationId":"ftb8b0dnmg5s8y7","timestamp":1725134920298,"id":"z4426s89q7ne3a0","previousEventId":"rlbys56ew03rcs2","operationId":"kfmmtozq79xmsmb"}
{"type":"log","timestamp":1725134920298,"level":"info","message":"Starting rendering request 1 (user: admin)","meta":{"rootId":"sye0d6tjdi9pg0s","id":"sye0d6tjdi9pg0s"},"id":"075z1ya6g94nke4","previousOperationId":"kfmmtozq79xmsmb"}
{"type":"log","timestamp":1725134920299,"level":"info","message":"Rendering template { name: modules, recipe: xlsx, engine: handlebars, preview: false }","meta":{"rootId":"sye0d6tjdi9pg0s","id":"sye0d6tjdi9pg0s"},"id":"fdyfqz3z7ejqoni","previousOperationId":"kfmmtozq79xmsmb"}
{"type":"log","timestamp":1725134920300,"level":"debug","message":"Adding sample data zpoVsW4fC","meta":{"rootId":"sye0d6tjdi9pg0s","id":"sye0d6tjdi9pg0s"},"id":"52bzob9b5gmka95","previousOperationId":"kfmmtozq79xmsmb"}
{"type":"log","timestamp":1725134920301,"level":"debug","message":"Base url not specified, skipping its injection.","meta":{"rootId":"sye0d6tjdi9pg0s","id":"sye0d6tjdi9pg0s"},"id":"xd26v302ayhda5i","previousOperationId":"kfmmtozq79xmsmb"}
{"type":"operationStart","subtype":"engine","name":"handlebars","timestamp":1725134920302,"id":"fmztcttaw696nug","previousEventId":"z4426s89q7ne3a0","operationId":"3fmr0z8ijr16i3j","previousOperationId":"kfmmtozq79xmsmb"}
{"type":"log","timestamp":1725134920302,"level":"debug","message":"Rendering engine handlebars","meta":{"rootId":"sye0d6tjdi9pg0s","id":"sye0d6tjdi9pg0s"},"id":"cf61e4fbcpvuj84","previousOperationId":"3fmr0z8ijr16i3j"}
{"type":"operationEnd","operationId":"3fmr0z8ijr16i3j","timestamp":1725134920648,"id":"doa1hngzxinvtpq","previousEventId":"fmztcttaw696nug","previousOperationId":"3fmr0z8ijr16i3j"}
{"type":"operationStart","subtype":"recipe","name":"xlsx","timestamp":1725134920648,"id":"57u4s8221fqv7u2","previousEventId":"doa1hngzxinvtpq","operationId":"b53arznc15i48nl","previousOperationId":"3fmr0z8ijr16i3j"}
{"type":"log","timestamp":1725134920648,"level":"debug","message":"Executing recipe xlsx","meta":{"rootId":"sye0d6tjdi9pg0s","id":"sye0d6tjdi9pg0s"},"id":"inl0n52e1acwygl","previousOperationId":"b53arznc15i48nl"}
{"type":"log","timestamp":1725134920675,"level":"info","message":"xlsx generation is starting","meta":{"rootId":"sye0d6tjdi9pg0s","id":"sye0d6tjdi9pg0s"},"id":"kgcuyyvqtepc4s7","previousOperationId":"b53arznc15i48nl"}
{"type":"log","timestamp":1725134920716,"level":"debug","message":"Starting child request to render xlsx dynamic parts for generation step","meta":{"rootId":"sye0d6tjdi9pg0s","id":"sye0d6tjdi9pg0s"},"id":"b31emdz6kd6b7y5","previousOperationId":"b53arznc15i48nl"}
{"type":"operationStart","subtype":"render","name":"anonymous","previousOperationId":"b53arznc15i48nl","timestamp":1725134920716,"id":"cog4x5exffasih5","previousEventId":"57u4s8221fqv7u2","operationId":"iyjvl0uhhipcsby"}
{"type":"log","timestamp":1725134920716,"level":"info","message":"Starting rendering (child) request (user: admin)","meta":{"rootId":"sye0d6tjdi9pg0s","id":"7w2tx1n43a321cj"},"id":"5h9xn97sxpokcpk","previousOperationId":"iyjvl0uhhipcsby"}
{"type":"log","timestamp":1725134920717,"level":"info","message":"Rendering anonymous template { recipe: html, engine: handlebars }","meta":{"rootId":"sye0d6tjdi9pg0s","id":"7w2tx1n43a321cj"},"id":"chozebyb8xkljw6","previousOperationId":"iyjvl0uhhipcsby"}
{"type":"log","timestamp":1725134920717,"level":"debug","message":"Inline data specified.","meta":{"rootId":"sye0d6tjdi9pg0s","id":"7w2tx1n43a321cj"},"id":"yld5h1rm7b3g52n","previousOperationId":"iyjvl0uhhipcsby"}
{"type":"log","timestamp":1725134920721,"level":"debug","message":"Base url not specified, skipping its injection.","meta":{"rootId":"sye0d6tjdi9pg0s","id":"7w2tx1n43a321cj"},"id":"ewovefrzy33ihpp","previousOperationId":"iyjvl0uhhipcsby"}
{"type":"operationStart","subtype":"engine","name":"handlebars","timestamp":1725134920721,"id":"heyvfqmqijqbfd9","previousEventId":"cog4x5exffasih5","operationId":"xsdrwkrqvh4a0ka","previousOperationId":"iyjvl0uhhipcsby"}
{"type":"log","timestamp":1725134920721,"level":"debug","message":"Rendering engine handlebars","meta":{"rootId":"sye0d6tjdi9pg0s","id":"7w2tx1n43a321cj"},"id":"9pr3bmw6rc9afux","previousOperationId":"xsdrwkrqvh4a0ka"}
{"type":"operationEnd","operationId":"xsdrwkrqvh4a0ka","timestamp":1725134920831,"id":"3yk4vswmt7t25u3","previousEventId":"heyvfqmqijqbfd9","previousOperationId":"xsdrwkrqvh4a0ka"}
{"type":"operationStart","subtype":"recipe","name":"html","timestamp":1725134920832,"id":"efl8tfa6xowilgt","previousEventId":"3yk4vswmt7t25u3","operationId":"8ng194lc81unjzd","previousOperationId":"xsdrwkrqvh4a0ka"}
{"type":"log","timestamp":1725134920832,"level":"debug","message":"Executing recipe html","meta":{"rootId":"sye0d6tjdi9pg0s","id":"7w2tx1n43a321cj"},"id":"gfyfwali4rrp1e6","previousOperationId":"8ng194lc81unjzd"}
{"type":"operationEnd","operationId":"8ng194lc81unjzd","timestamp":1725134920832,"id":"ihyhm4ytu8s84g3","previousEventId":"efl8tfa6xowilgt","previousOperationId":"8ng194lc81unjzd"}
{"type":"log","timestamp":1725134920832,"level":"debug","message":"Skipping storing report.","meta":{"rootId":"sye0d6tjdi9pg0s","id":"7w2tx1n43a321cj"},"id":"2li7sjekrrxlwnq","previousOperationId":"8ng194lc81unjzd"}
{"type":"log","timestamp":1725134920832,"level":"info","message":"Rendering (child) request finished in 575 ms","meta":{"rootId":"sye0d6tjdi9pg0s","id":"7w2tx1n43a321cj"},"id":"qyuyh397zh5td1s","previousOperationId":"8ng194lc81unjzd"}
{"type":"operationEnd","subtype":"render","operationId":"iyjvl0uhhipcsby","timestamp":1725134920832,"id":"zzb57evol6sd9i4","previousEventId":"ihyhm4ytu8s84g3","previousOperationId":"8ng194lc81unjzd"}
{"type":"log","timestamp":1725134920904,"level":"debug","message":"xlsx successfully zipped","meta":{"rootId":"sye0d6tjdi9pg0s","id":"sye0d6tjdi9pg0s"},"id":"jl18tqt9xl9d3z3","previousOperationId":"b53arznc15i48nl"}
{"type":"log","timestamp":1725134920904,"level":"info","message":"xlsx generation was finished","meta":{"rootId":"sye0d6tjdi9pg0s","id":"sye0d6tjdi9pg0s"},"id":"7hfc542lmbvtrm9","previousOperationId":"b53arznc15i48nl"}
{"type":"log","timestamp":1725134920908,"level":"info","message":"xlsx transformation is starting","meta":{"rootId":"sye0d6tjdi9pg0s","id":"sye0d6tjdi9pg0s"},"id":"6x8liiv37jpuvbq","previousOperationId":"b53arznc15i48nl"}
{"type":"log","timestamp":1725134920947,"level":"debug","message":"Parsing xlsx content","meta":{"rootId":"sye0d6tjdi9pg0s","id":"sye0d6tjdi9pg0s"},"id":"ivq5d1gadnb7mn5","previousOperationId":"b53arznc15i48nl"}
{"type":"log","timestamp":1725134920984,"level":"debug","message":"Successfully zipped now.","meta":{"rootId":"sye0d6tjdi9pg0s","id":"sye0d6tjdi9pg0s"},"id":"2oly806bxj4xi3j","previousOperationId":"b53arznc15i48nl"}
{"type":"log","timestamp":1725134920984,"level":"info","message":"xlsx transformation was finished","meta":{"rootId":"sye0d6tjdi9pg0s","id":"sye0d6tjdi9pg0s"},"id":"fs2stefwhbp0sfs","previousOperationId":"b53arznc15i48nl"}
{"type":"operationEnd","operationId":"b53arznc15i48nl","timestamp":1725134920999,"id":"sws7kqnc5ty69ns","previousEventId":"57u4s8221fqv7u2","previousOperationId":"b53arznc15i48nl"}
{"type":"log","timestamp":1725134920999,"level":"debug","message":"Skipping storing report.","meta":{"rootId":"sye0d6tjdi9pg0s","id":"sye0d6tjdi9pg0s"},"id":"ydvl88jguyciiqk","previousOperationId":"b53arznc15i48nl"}
{"type":"log","timestamp":1725134920999,"level":"info","message":"Rendering request 1 finished in 742 ms","meta":{"rootId":"sye0d6tjdi9pg0s","id":"sye0d6tjdi9pg0s"},"id":"lgcqp701tp610be","previousOperationId":"b53arznc15i48nl"}
{"type":"operationEnd","subtype":"render","operationId":"kfmmtozq79xmsmb","timestamp":1725134920999,"id":"1q0q8rqhppuvi0k","previousEventId":"sws7kqnc5ty69ns","previousOperationId":"b53arznc15i48nl"}
{"type":"operationEnd","doDiffs":false,"previousEventId":"rlbys56ew03rcs2","previousOperationId":"ftb8b0dnmg5s8y7","operationId":"ftb8b0dnmg5s8y7","timestamp":1725134921002,"id":"dh0h03orkmr5374"}
