{"type":"operationStart","subtype":"profile","data":{"_id":"Wu0s98x8FmUn3Dgn","timestamp":"2024-08-05T16:23:28.611Z","state":"queued","mode":"standard","creationDate":"2024-08-05T16:23:28.612Z","modificationDate":"2024-08-05T16:23:28.612Z","shortid":"HVRD0_X","inheritedReadPermissions":[],"inheritedEditPermissions":[],"$entitySet":"profiles"},"doDiffs":false,"timestamp":1722875008612,"id":"0xu90v91aeux6bd","previousOperationId":null,"operationId":"2j7pqmierev2jeh"}
{"type":"log","level":"info","message":"Render request 18 queued for execution and waiting for available worker","previousOperationId":"2j7pqmierev2jeh","timestamp":1722875008612,"id":"kg3ae3vbckrs8me"}
{"type":"operationStart","subtype":"render","name":"modules","previousOperationId":"2j7pqmierev2jeh","timestamp":1722875008640,"id":"l7mobjcf471vqwd","previousEventId":"0xu90v91aeux6bd","operationId":"tntbclsslcmyj61"}
{"type":"log","timestamp":1722875008640,"level":"info","message":"Starting rendering request 18 (user: admin)","meta":{"rootId":"tngxrioabflzwqv","id":"tngxrioabflzwqv"},"id":"x72zp4y12j6ygbi","previousOperationId":"tntbclsslcmyj61"}
{"type":"log","timestamp":1722875008640,"level":"info","message":"Rendering template { name: modules, recipe: xlsx, engine: handlebars, preview: true }","meta":{"rootId":"tngxrioabflzwqv","id":"tngxrioabflzwqv"},"id":"zywd82g11mzk3vg","previousOperationId":"tntbclsslcmyj61"}
{"type":"log","timestamp":1722875008640,"level":"debug","message":"Inline data specified.","meta":{"rootId":"tngxrioabflzwqv","id":"tngxrioabflzwqv"},"id":"nqz8qdpawh5x3k4","previousOperationId":"tntbclsslcmyj61"}
{"type":"log","timestamp":1722875008641,"level":"debug","message":"Base url not specified, skipping its injection.","meta":{"rootId":"tngxrioabflzwqv","id":"tngxrioabflzwqv"},"id":"759fckshfi8kms4","previousOperationId":"tntbclsslcmyj61"}
{"type":"operationStart","subtype":"engine","name":"handlebars","timestamp":1722875008641,"id":"3cii2r3ijqhpnhy","previousEventId":"l7mobjcf471vqwd","operationId":"qcys5tlca3p4n6y","previousOperationId":"tntbclsslcmyj61"}
{"type":"log","timestamp":1722875008641,"level":"debug","message":"Rendering engine handlebars","meta":{"rootId":"tngxrioabflzwqv","id":"tngxrioabflzwqv"},"id":"9fqpt8o096kipwi","previousOperationId":"qcys5tlca3p4n6y"}
{"type":"operationEnd","operationId":"qcys5tlca3p4n6y","timestamp":1722875008645,"id":"pomm5u3kz2s8ltc","previousEventId":"3cii2r3ijqhpnhy","previousOperationId":"qcys5tlca3p4n6y"}
{"type":"operationStart","subtype":"recipe","name":"xlsx","timestamp":1722875008645,"id":"zwj31qn4a5ybw2t","previousEventId":"pomm5u3kz2s8ltc","operationId":"midoe9sclsr5p0d","previousOperationId":"qcys5tlca3p4n6y"}
{"type":"log","timestamp":1722875008645,"level":"debug","message":"Executing recipe xlsx","meta":{"rootId":"tngxrioabflzwqv","id":"tngxrioabflzwqv"},"id":"xyrdjp0j6tqgmsu","previousOperationId":"midoe9sclsr5p0d"}
{"type":"log","timestamp":1722875008646,"level":"info","message":"xlsx generation is starting","meta":{"rootId":"tngxrioabflzwqv","id":"tngxrioabflzwqv"},"id":"6ybreqpmymaq5f4","previousOperationId":"midoe9sclsr5p0d"}
{"type":"log","timestamp":1722875008661,"level":"debug","message":"Starting child request to render xlsx dynamic parts for generation step","meta":{"rootId":"tngxrioabflzwqv","id":"tngxrioabflzwqv"},"id":"g5t6d0r8qfh0fht","previousOperationId":"midoe9sclsr5p0d"}
{"type":"operationStart","subtype":"render","name":"anonymous","previousOperationId":"midoe9sclsr5p0d","timestamp":1722875008661,"id":"uu59p6hm1163rel","previousEventId":"zwj31qn4a5ybw2t","operationId":"f0vvlbyt5zkoucw"}
{"type":"log","timestamp":1722875008661,"level":"info","message":"Starting rendering (child) request (user: admin)","meta":{"rootId":"tngxrioabflzwqv","id":"osq96iwz2xkk6mk"},"id":"ce4nbpp5hjr8b2m","previousOperationId":"f0vvlbyt5zkoucw"}
{"type":"log","timestamp":1722875008661,"level":"info","message":"Rendering anonymous template { recipe: html, engine: handlebars }","meta":{"rootId":"tngxrioabflzwqv","id":"osq96iwz2xkk6mk"},"id":"t7cajxn4xvslmpf","previousOperationId":"f0vvlbyt5zkoucw"}
{"type":"log","timestamp":1722875008661,"level":"debug","message":"Inline data specified.","meta":{"rootId":"tngxrioabflzwqv","id":"osq96iwz2xkk6mk"},"id":"j8bvwugzh21ycpn","previousOperationId":"f0vvlbyt5zkoucw"}
{"type":"log","timestamp":1722875008662,"level":"debug","message":"Base url not specified, skipping its injection.","meta":{"rootId":"tngxrioabflzwqv","id":"osq96iwz2xkk6mk"},"id":"pjeprcgcls1o2kd","previousOperationId":"f0vvlbyt5zkoucw"}
{"type":"operationStart","subtype":"engine","name":"handlebars","timestamp":1722875008662,"id":"7rqhz6t88m1tchz","previousEventId":"uu59p6hm1163rel","operationId":"ak13tdvwcj8rcqx","previousOperationId":"f0vvlbyt5zkoucw"}
{"type":"log","timestamp":1722875008662,"level":"debug","message":"Rendering engine handlebars","meta":{"rootId":"tngxrioabflzwqv","id":"osq96iwz2xkk6mk"},"id":"7hj3e47qq621wa1","previousOperationId":"ak13tdvwcj8rcqx"}
{"type":"operationEnd","operationId":"ak13tdvwcj8rcqx","timestamp":1722875008726,"id":"xz625usogqwwzw7","previousEventId":"7rqhz6t88m1tchz","previousOperationId":"ak13tdvwcj8rcqx"}
{"type":"operationStart","subtype":"recipe","name":"html","timestamp":1722875008727,"id":"7h6lgs49oo4b1s2","previousEventId":"xz625usogqwwzw7","operationId":"05afu1155tbu3eu","previousOperationId":"ak13tdvwcj8rcqx"}
{"type":"log","timestamp":1722875008727,"level":"debug","message":"Executing recipe html","meta":{"rootId":"tngxrioabflzwqv","id":"osq96iwz2xkk6mk"},"id":"oh7gef6bkcw51u8","previousOperationId":"05afu1155tbu3eu"}
{"type":"operationEnd","operationId":"05afu1155tbu3eu","timestamp":1722875008727,"id":"tn3l5op46d1n5y8","previousEventId":"7h6lgs49oo4b1s2","previousOperationId":"05afu1155tbu3eu"}
{"type":"log","timestamp":1722875008727,"level":"debug","message":"Skipping storing report.","meta":{"rootId":"tngxrioabflzwqv","id":"osq96iwz2xkk6mk"},"id":"nlb5r30kjqcca79","previousOperationId":"05afu1155tbu3eu"}
{"type":"log","timestamp":1722875008727,"level":"info","message":"Rendering (child) request finished in 116 ms","meta":{"rootId":"tngxrioabflzwqv","id":"osq96iwz2xkk6mk"},"id":"8tygt3yihuzq2bm","previousOperationId":"05afu1155tbu3eu"}
{"type":"operationEnd","subtype":"render","operationId":"f0vvlbyt5zkoucw","timestamp":1722875008727,"id":"1uy7brjws6dlusz","previousEventId":"tn3l5op46d1n5y8","previousOperationId":"05afu1155tbu3eu"}
{"type":"log","timestamp":1722875008745,"level":"debug","message":"xlsx successfully zipped","meta":{"rootId":"tngxrioabflzwqv","id":"tngxrioabflzwqv"},"id":"64ql2hd6otl7lhy","previousOperationId":"midoe9sclsr5p0d"}
{"type":"log","timestamp":1722875008745,"level":"info","message":"xlsx generation was finished","meta":{"rootId":"tngxrioabflzwqv","id":"tngxrioabflzwqv"},"id":"gxqjdje2to1bj3l","previousOperationId":"midoe9sclsr5p0d"}
{"type":"log","timestamp":1722875008745,"level":"info","message":"xlsx transformation is starting","meta":{"rootId":"tngxrioabflzwqv","id":"tngxrioabflzwqv"},"id":"jx2j7esmzh4indm","previousOperationId":"midoe9sclsr5p0d"}
{"type":"log","timestamp":1722875008785,"level":"debug","message":"Parsing xlsx content","meta":{"rootId":"tngxrioabflzwqv","id":"tngxrioabflzwqv"},"id":"gjcw7clggqqpo50","previousOperationId":"midoe9sclsr5p0d"}
{"type":"log","timestamp":1722875008805,"level":"debug","message":"Successfully zipped now.","meta":{"rootId":"tngxrioabflzwqv","id":"tngxrioabflzwqv"},"id":"6ltitnavkiofa35","previousOperationId":"midoe9sclsr5p0d"}
{"type":"log","timestamp":1722875008805,"level":"info","message":"xlsx transformation was finished","meta":{"rootId":"tngxrioabflzwqv","id":"tngxrioabflzwqv"},"id":"zvf1i7vfmku7vzw","previousOperationId":"midoe9sclsr5p0d"}
{"type":"log","timestamp":1722875008805,"level":"debug","message":"preparing office preview","meta":{"rootId":"tngxrioabflzwqv","id":"tngxrioabflzwqv"},"id":"3w2ir70crgh8uwu","previousOperationId":"midoe9sclsr5p0d"}
{"type":"operationEnd","operationId":"midoe9sclsr5p0d","timestamp":1722875009652,"id":"698kxrn4fchjyoa","previousEventId":"zwj31qn4a5ybw2t","previousOperationId":"midoe9sclsr5p0d"}
{"type":"log","timestamp":1722875009652,"level":"debug","message":"Skipping storing report.","meta":{"rootId":"tngxrioabflzwqv","id":"tngxrioabflzwqv"},"id":"p0vsc589yabd6s1","previousOperationId":"midoe9sclsr5p0d"}
{"type":"log","timestamp":1722875009652,"level":"info","message":"Rendering request 18 finished in 1041 ms","meta":{"rootId":"tngxrioabflzwqv","id":"tngxrioabflzwqv"},"id":"1t0l1okcvoawcr9","previousOperationId":"midoe9sclsr5p0d"}
{"type":"operationEnd","subtype":"render","operationId":"tntbclsslcmyj61","timestamp":1722875009652,"id":"3jtoi2xe2zlyjct","previousEventId":"698kxrn4fchjyoa","previousOperationId":"midoe9sclsr5p0d"}
{"type":"operationEnd","doDiffs":false,"previousEventId":"0xu90v91aeux6bd","previousOperationId":"2j7pqmierev2jeh","operationId":"2j7pqmierev2jeh","timestamp":1722875009654,"id":"hl0a6ogbvttq4jg"}
