{"type":"operationStart","subtype":"profile","data":{"_id":"ANxAciSGAmnoD7ut","timestamp":"2024-08-05T16:35:17.980Z","state":"queued","mode":"standard","creationDate":"2024-08-05T16:35:17.981Z","modificationDate":"2024-08-05T16:35:17.981Z","shortid":"Nwdq8wx","inheritedReadPermissions":[],"inheritedEditPermissions":[],"$entitySet":"profiles"},"doDiffs":false,"timestamp":1722875717981,"id":"c1xphjfeff32xsj","previousOperationId":null,"operationId":"b3l00dglv8c1l3d"}
{"type":"log","level":"info","message":"Render request 29 queued for execution and waiting for available worker","previousOperationId":"b3l00dglv8c1l3d","timestamp":1722875717981,"id":"odlhh3rsxrakwsy"}
{"type":"operationStart","subtype":"render","name":"modules","previousOperationId":"b3l00dglv8c1l3d","timestamp":1722875718005,"id":"cevp4apx7608yvo","previousEventId":"c1xphjfeff32xsj","operationId":"4rfztyoamh48sl7"}
{"type":"log","timestamp":1722875718005,"level":"info","message":"Starting rendering request 29 (user: admin)","meta":{"rootId":"uzvvqxtt4msxfh1","id":"uzvvqxtt4msxfh1"},"id":"eubcjqplzen5wf3","previousOperationId":"4rfztyoamh48sl7"}
{"type":"log","timestamp":1722875718005,"level":"info","message":"Rendering template { name: modules, recipe: xlsx, engine: handlebars, preview: false }","meta":{"rootId":"uzvvqxtt4msxfh1","id":"uzvvqxtt4msxfh1"},"id":"pfcxurw4x03rrpd","previousOperationId":"4rfztyoamh48sl7"}
{"type":"log","timestamp":1722875718006,"level":"debug","message":"Inline data specified.","meta":{"rootId":"uzvvqxtt4msxfh1","id":"uzvvqxtt4msxfh1"},"id":"v8tocajo3pxacae","previousOperationId":"4rfztyoamh48sl7"}
{"type":"log","timestamp":1722875718006,"level":"debug","message":"Base url not specified, skipping its injection.","meta":{"rootId":"uzvvqxtt4msxfh1","id":"uzvvqxtt4msxfh1"},"id":"tkpje63i255rjcg","previousOperationId":"4rfztyoamh48sl7"}
{"type":"operationStart","subtype":"engine","name":"handlebars","timestamp":1722875718006,"id":"dj1v82dl7s20fd2","previousEventId":"cevp4apx7608yvo","operationId":"bc0q98gkqeyqebp","previousOperationId":"4rfztyoamh48sl7"}
{"type":"log","timestamp":1722875718006,"level":"debug","message":"Rendering engine handlebars","meta":{"rootId":"uzvvqxtt4msxfh1","id":"uzvvqxtt4msxfh1"},"id":"2qc0jgoxqiyl825","previousOperationId":"bc0q98gkqeyqebp"}
{"type":"operationEnd","operationId":"bc0q98gkqeyqebp","timestamp":1722875718010,"id":"ypkyc80j9qjuizs","previousEventId":"dj1v82dl7s20fd2","previousOperationId":"bc0q98gkqeyqebp"}
{"type":"operationStart","subtype":"recipe","name":"xlsx","timestamp":1722875718010,"id":"v6d60m8ouwcop2m","previousEventId":"ypkyc80j9qjuizs","operationId":"dj0m2ywvcgjfbwp","previousOperationId":"bc0q98gkqeyqebp"}
{"type":"log","timestamp":1722875718010,"level":"debug","message":"Executing recipe xlsx","meta":{"rootId":"uzvvqxtt4msxfh1","id":"uzvvqxtt4msxfh1"},"id":"2rt0i9ooyb24gr1","previousOperationId":"dj0m2ywvcgjfbwp"}
{"type":"log","timestamp":1722875718010,"level":"info","message":"xlsx generation is starting","meta":{"rootId":"uzvvqxtt4msxfh1","id":"uzvvqxtt4msxfh1"},"id":"fhefgo9kjqejt4q","previousOperationId":"dj0m2ywvcgjfbwp"}
{"type":"log","timestamp":1722875718023,"level":"debug","message":"Starting child request to render xlsx dynamic parts for generation step","meta":{"rootId":"uzvvqxtt4msxfh1","id":"uzvvqxtt4msxfh1"},"id":"64nnv2rcsncytmh","previousOperationId":"dj0m2ywvcgjfbwp"}
{"type":"operationStart","subtype":"render","name":"anonymous","previousOperationId":"dj0m2ywvcgjfbwp","timestamp":1722875718023,"id":"eqtw28pknv27k68","previousEventId":"v6d60m8ouwcop2m","operationId":"yzhixeypgfjldkw"}
{"type":"log","timestamp":1722875718023,"level":"info","message":"Starting rendering (child) request (user: admin)","meta":{"rootId":"uzvvqxtt4msxfh1","id":"c0p2zw91mfi7rcl"},"id":"s5qz45sj2flhnev","previousOperationId":"yzhixeypgfjldkw"}
{"type":"log","timestamp":1722875718023,"level":"info","message":"Rendering anonymous template { recipe: html, engine: handlebars }","meta":{"rootId":"uzvvqxtt4msxfh1","id":"c0p2zw91mfi7rcl"},"id":"drs207vd93itscl","previousOperationId":"yzhixeypgfjldkw"}
{"type":"log","timestamp":1722875718023,"level":"debug","message":"Inline data specified.","meta":{"rootId":"uzvvqxtt4msxfh1","id":"c0p2zw91mfi7rcl"},"id":"ltf9erepoi873x4","previousOperationId":"yzhixeypgfjldkw"}
{"type":"log","timestamp":1722875718024,"level":"debug","message":"Base url not specified, skipping its injection.","meta":{"rootId":"uzvvqxtt4msxfh1","id":"c0p2zw91mfi7rcl"},"id":"v6q43kyitzgbte3","previousOperationId":"yzhixeypgfjldkw"}
{"type":"operationStart","subtype":"engine","name":"handlebars","timestamp":1722875718024,"id":"srklzhfkn7wgcuu","previousEventId":"eqtw28pknv27k68","operationId":"6xi265vfdcow1bz","previousOperationId":"yzhixeypgfjldkw"}
{"type":"log","timestamp":1722875718024,"level":"debug","message":"Rendering engine handlebars","meta":{"rootId":"uzvvqxtt4msxfh1","id":"c0p2zw91mfi7rcl"},"id":"anxpu554srhb83c","previousOperationId":"6xi265vfdcow1bz"}
{"type":"operationEnd","operationId":"6xi265vfdcow1bz","timestamp":1722875718058,"id":"qwtz10o8nk59roh","previousEventId":"srklzhfkn7wgcuu","previousOperationId":"6xi265vfdcow1bz"}
{"type":"operationStart","subtype":"recipe","name":"html","timestamp":1722875718059,"id":"vm2x0489esv4umi","previousEventId":"qwtz10o8nk59roh","operationId":"3b6w1x5cbfxp6ky","previousOperationId":"6xi265vfdcow1bz"}
{"type":"log","timestamp":1722875718059,"level":"debug","message":"Executing recipe html","meta":{"rootId":"uzvvqxtt4msxfh1","id":"c0p2zw91mfi7rcl"},"id":"cbfo4ihw8j1bacr","previousOperationId":"3b6w1x5cbfxp6ky"}
{"type":"operationEnd","operationId":"3b6w1x5cbfxp6ky","timestamp":1722875718059,"id":"w7jjer9q0qtbj0q","previousEventId":"vm2x0489esv4umi","previousOperationId":"3b6w1x5cbfxp6ky"}
{"type":"log","timestamp":1722875718059,"level":"debug","message":"Skipping storing report.","meta":{"rootId":"uzvvqxtt4msxfh1","id":"c0p2zw91mfi7rcl"},"id":"mjpbyjr025oayri","previousOperationId":"3b6w1x5cbfxp6ky"}
{"type":"log","timestamp":1722875718059,"level":"info","message":"Rendering (child) request finished in 79 ms","meta":{"rootId":"uzvvqxtt4msxfh1","id":"c0p2zw91mfi7rcl"},"id":"cbg39l2y65x307v","previousOperationId":"3b6w1x5cbfxp6ky"}
{"type":"operationEnd","subtype":"render","operationId":"yzhixeypgfjldkw","timestamp":1722875718059,"id":"egw9qq6psrmd0wl","previousEventId":"w7jjer9q0qtbj0q","previousOperationId":"3b6w1x5cbfxp6ky"}
{"type":"log","timestamp":1722875718077,"level":"debug","message":"xlsx successfully zipped","meta":{"rootId":"uzvvqxtt4msxfh1","id":"uzvvqxtt4msxfh1"},"id":"bwvm2cw9x2wcvof","previousOperationId":"dj0m2ywvcgjfbwp"}
{"type":"log","timestamp":1722875718077,"level":"info","message":"xlsx generation was finished","meta":{"rootId":"uzvvqxtt4msxfh1","id":"uzvvqxtt4msxfh1"},"id":"fmhjksc0dljzsop","previousOperationId":"dj0m2ywvcgjfbwp"}
{"type":"log","timestamp":1722875718077,"level":"info","message":"xlsx transformation is starting","meta":{"rootId":"uzvvqxtt4msxfh1","id":"uzvvqxtt4msxfh1"},"id":"wgl6q3pomebooh7","previousOperationId":"dj0m2ywvcgjfbwp"}
{"type":"log","timestamp":1722875718091,"level":"debug","message":"Parsing xlsx content","meta":{"rootId":"uzvvqxtt4msxfh1","id":"uzvvqxtt4msxfh1"},"id":"g9gxsmby7653mje","previousOperationId":"dj0m2ywvcgjfbwp"}
{"type":"log","timestamp":1722875718126,"level":"debug","message":"Successfully zipped now.","meta":{"rootId":"uzvvqxtt4msxfh1","id":"uzvvqxtt4msxfh1"},"id":"hag4z9idxyoteo7","previousOperationId":"dj0m2ywvcgjfbwp"}
{"type":"log","timestamp":1722875718126,"level":"info","message":"xlsx transformation was finished","meta":{"rootId":"uzvvqxtt4msxfh1","id":"uzvvqxtt4msxfh1"},"id":"nwa13ce2n710lyn","previousOperationId":"dj0m2ywvcgjfbwp"}
{"type":"operationEnd","operationId":"dj0m2ywvcgjfbwp","timestamp":1722875718127,"id":"jnbik8zvb68hwxb","previousEventId":"v6d60m8ouwcop2m","previousOperationId":"dj0m2ywvcgjfbwp"}
{"type":"log","timestamp":1722875718127,"level":"debug","message":"Skipping storing report.","meta":{"rootId":"uzvvqxtt4msxfh1","id":"uzvvqxtt4msxfh1"},"id":"ewj7mxsb1phjdco","previousOperationId":"dj0m2ywvcgjfbwp"}
{"type":"log","timestamp":1722875718127,"level":"info","message":"Rendering request 29 finished in 147 ms","meta":{"rootId":"uzvvqxtt4msxfh1","id":"uzvvqxtt4msxfh1"},"id":"f789rgfc4hquecv","previousOperationId":"dj0m2ywvcgjfbwp"}
{"type":"operationEnd","subtype":"render","operationId":"4rfztyoamh48sl7","timestamp":1722875718127,"id":"boix5ksqse04pk2","previousEventId":"jnbik8zvb68hwxb","previousOperationId":"dj0m2ywvcgjfbwp"}
{"type":"operationEnd","doDiffs":false,"previousEventId":"c1xphjfeff32xsj","previousOperationId":"b3l00dglv8c1l3d","operationId":"b3l00dglv8c1l3d","timestamp":1722875718128,"id":"g369vumpbovljaz"}
