{"type":"operationStart","subtype":"profile","data":{"_id":"VOSFkPXbe8LZJxMS","timestamp":"2024-08-05T16:31:25.379Z","state":"queued","mode":"standard","creationDate":"2024-08-05T16:31:25.380Z","modificationDate":"2024-08-05T16:31:25.380Z","shortid":"aJy4YDQ","inheritedReadPermissions":[],"inheritedEditPermissions":[],"$entitySet":"profiles"},"doDiffs":false,"timestamp":1722875485380,"id":"ig9xl6v8udpi90k","previousOperationId":null,"operationId":"tgb5wn4haxvwp7x"}
{"type":"log","level":"info","message":"Render request 21 queued for execution and waiting for available worker","previousOperationId":"tgb5wn4haxvwp7x","timestamp":1722875485380,"id":"iihn61byq5i00ui"}
{"type":"operationStart","subtype":"render","name":"modules","previousOperationId":"tgb5wn4haxvwp7x","timestamp":1722875485415,"id":"3pum2fic8tiy41c","previousEventId":"ig9xl6v8udpi90k","operationId":"iu0xfsi7gpuqpmk"}
{"type":"log","timestamp":1722875485415,"level":"info","message":"Starting rendering request 21 (user: admin)","meta":{"rootId":"vs3h97cvowny62r","id":"vs3h97cvowny62r"},"id":"31lkly4zme307i0","previousOperationId":"iu0xfsi7gpuqpmk"}
{"type":"log","timestamp":1722875485415,"level":"info","message":"Rendering template { name: modules, recipe: xlsx, engine: handlebars, preview: true }","meta":{"rootId":"vs3h97cvowny62r","id":"vs3h97cvowny62r"},"id":"eb7czyfkrucpo7n","previousOperationId":"iu0xfsi7gpuqpmk"}
{"type":"log","timestamp":1722875485415,"level":"debug","message":"Inline data specified.","meta":{"rootId":"vs3h97cvowny62r","id":"vs3h97cvowny62r"},"id":"ctfkm6k7ay3dzq1","previousOperationId":"iu0xfsi7gpuqpmk"}
{"type":"log","timestamp":1722875485416,"level":"debug","message":"Base url not specified, skipping its injection.","meta":{"rootId":"vs3h97cvowny62r","id":"vs3h97cvowny62r"},"id":"3ffuhr6ywizea52","previousOperationId":"iu0xfsi7gpuqpmk"}
{"type":"operationStart","subtype":"engine","name":"handlebars","timestamp":1722875485416,"id":"958tbjnvd40rj5c","previousEventId":"3pum2fic8tiy41c","operationId":"3904du4pg3aqqdb","previousOperationId":"iu0xfsi7gpuqpmk"}
{"type":"log","timestamp":1722875485416,"level":"debug","message":"Rendering engine handlebars","meta":{"rootId":"vs3h97cvowny62r","id":"vs3h97cvowny62r"},"id":"1b9shfa8pnu0byh","previousOperationId":"3904du4pg3aqqdb"}
{"type":"operationEnd","operationId":"3904du4pg3aqqdb","timestamp":1722875485423,"id":"a0zp9cepbucppmc","previousEventId":"958tbjnvd40rj5c","previousOperationId":"3904du4pg3aqqdb"}
{"type":"operationStart","subtype":"recipe","name":"xlsx","timestamp":1722875485423,"id":"x4griii4p57unkq","previousEventId":"a0zp9cepbucppmc","operationId":"8sa8r2vmv3wkafv","previousOperationId":"3904du4pg3aqqdb"}
{"type":"log","timestamp":1722875485423,"level":"debug","message":"Executing recipe xlsx","meta":{"rootId":"vs3h97cvowny62r","id":"vs3h97cvowny62r"},"id":"0i84sa08o4qqdi3","previousOperationId":"8sa8r2vmv3wkafv"}
{"type":"log","timestamp":1722875485423,"level":"info","message":"xlsx generation is starting","meta":{"rootId":"vs3h97cvowny62r","id":"vs3h97cvowny62r"},"id":"jsd426umdzyt8ud","previousOperationId":"8sa8r2vmv3wkafv"}
{"type":"log","timestamp":1722875485445,"level":"debug","message":"Starting child request to render xlsx dynamic parts for generation step","meta":{"rootId":"vs3h97cvowny62r","id":"vs3h97cvowny62r"},"id":"10mmovw8cbft4sf","previousOperationId":"8sa8r2vmv3wkafv"}
{"type":"operationStart","subtype":"render","name":"anonymous","previousOperationId":"8sa8r2vmv3wkafv","timestamp":1722875485445,"id":"2im8a8g0wfaflfm","previousEventId":"x4griii4p57unkq","operationId":"qhk5s2ergnwopkh"}
{"type":"log","timestamp":1722875485445,"level":"info","message":"Starting rendering (child) request (user: admin)","meta":{"rootId":"vs3h97cvowny62r","id":"09mtb0q3igtd4cf"},"id":"lk2r2orbg6r8nab","previousOperationId":"qhk5s2ergnwopkh"}
{"type":"log","timestamp":1722875485445,"level":"info","message":"Rendering anonymous template { recipe: html, engine: handlebars }","meta":{"rootId":"vs3h97cvowny62r","id":"09mtb0q3igtd4cf"},"id":"cxjeqf7o2qtqn4v","previousOperationId":"qhk5s2ergnwopkh"}
{"type":"log","timestamp":1722875485445,"level":"debug","message":"Inline data specified.","meta":{"rootId":"vs3h97cvowny62r","id":"09mtb0q3igtd4cf"},"id":"4h3euxv66txug3r","previousOperationId":"qhk5s2ergnwopkh"}
{"type":"log","timestamp":1722875485449,"level":"debug","message":"Base url not specified, skipping its injection.","meta":{"rootId":"vs3h97cvowny62r","id":"09mtb0q3igtd4cf"},"id":"uhz1s29pdrdtmrr","previousOperationId":"qhk5s2ergnwopkh"}
{"type":"operationStart","subtype":"engine","name":"handlebars","timestamp":1722875485449,"id":"7feyawlhol9blvk","previousEventId":"2im8a8g0wfaflfm","operationId":"v5qiaeq0o5e2nsv","previousOperationId":"qhk5s2ergnwopkh"}
{"type":"log","timestamp":1722875485449,"level":"debug","message":"Rendering engine handlebars","meta":{"rootId":"vs3h97cvowny62r","id":"09mtb0q3igtd4cf"},"id":"plx95mzaud5qzc2","previousOperationId":"v5qiaeq0o5e2nsv"}
{"type":"operationEnd","operationId":"v5qiaeq0o5e2nsv","timestamp":1722875485523,"id":"q7w8gnbjdymo57v","previousEventId":"7feyawlhol9blvk","previousOperationId":"v5qiaeq0o5e2nsv"}
{"type":"operationStart","subtype":"recipe","name":"html","timestamp":1722875485524,"id":"fvcfi6nywe7lnrj","previousEventId":"q7w8gnbjdymo57v","operationId":"9rrrqqy42xoaqkw","previousOperationId":"v5qiaeq0o5e2nsv"}
{"type":"log","timestamp":1722875485524,"level":"debug","message":"Executing recipe html","meta":{"rootId":"vs3h97cvowny62r","id":"09mtb0q3igtd4cf"},"id":"06zt72qsayublm2","previousOperationId":"9rrrqqy42xoaqkw"}
{"type":"operationEnd","operationId":"9rrrqqy42xoaqkw","timestamp":1722875485524,"id":"0k7sm5ozht4g9kk","previousEventId":"fvcfi6nywe7lnrj","previousOperationId":"9rrrqqy42xoaqkw"}
{"type":"log","timestamp":1722875485524,"level":"debug","message":"Skipping storing report.","meta":{"rootId":"vs3h97cvowny62r","id":"09mtb0q3igtd4cf"},"id":"zuoby4srys3gq1k","previousOperationId":"9rrrqqy42xoaqkw"}
{"type":"log","timestamp":1722875485524,"level":"info","message":"Rendering (child) request finished in 145 ms","meta":{"rootId":"vs3h97cvowny62r","id":"09mtb0q3igtd4cf"},"id":"vj4s07w8w4wwluc","previousOperationId":"9rrrqqy42xoaqkw"}
{"type":"operationEnd","subtype":"render","operationId":"qhk5s2ergnwopkh","timestamp":1722875485524,"id":"s8qm6hpslqtf3se","previousEventId":"0k7sm5ozht4g9kk","previousOperationId":"9rrrqqy42xoaqkw"}
{"type":"log","timestamp":1722875485547,"level":"debug","message":"xlsx successfully zipped","meta":{"rootId":"vs3h97cvowny62r","id":"vs3h97cvowny62r"},"id":"upolfriqxepqlhh","previousOperationId":"8sa8r2vmv3wkafv"}
{"type":"log","timestamp":1722875485547,"level":"info","message":"xlsx generation was finished","meta":{"rootId":"vs3h97cvowny62r","id":"vs3h97cvowny62r"},"id":"mascjsh6l8jgb54","previousOperationId":"8sa8r2vmv3wkafv"}
{"type":"log","timestamp":1722875485547,"level":"info","message":"xlsx transformation is starting","meta":{"rootId":"vs3h97cvowny62r","id":"vs3h97cvowny62r"},"id":"lxh85wblqm865c7","previousOperationId":"8sa8r2vmv3wkafv"}
{"type":"log","timestamp":1722875485578,"level":"debug","message":"Parsing xlsx content","meta":{"rootId":"vs3h97cvowny62r","id":"vs3h97cvowny62r"},"id":"iqe5yzeeyvtkiak","previousOperationId":"8sa8r2vmv3wkafv"}
{"type":"log","timestamp":1722875485611,"level":"debug","message":"Successfully zipped now.","meta":{"rootId":"vs3h97cvowny62r","id":"vs3h97cvowny62r"},"id":"tirlsd47jzdcy1u","previousOperationId":"8sa8r2vmv3wkafv"}
{"type":"log","timestamp":1722875485611,"level":"info","message":"xlsx transformation was finished","meta":{"rootId":"vs3h97cvowny62r","id":"vs3h97cvowny62r"},"id":"oh8cs613dzf8ngw","previousOperationId":"8sa8r2vmv3wkafv"}
{"type":"log","timestamp":1722875485611,"level":"debug","message":"preparing office preview","meta":{"rootId":"vs3h97cvowny62r","id":"vs3h97cvowny62r"},"id":"003s87ytzetx69i","previousOperationId":"8sa8r2vmv3wkafv"}
{"type":"operationEnd","operationId":"8sa8r2vmv3wkafv","timestamp":1722875486292,"id":"33oj6397q6cltf7","previousEventId":"x4griii4p57unkq","previousOperationId":"8sa8r2vmv3wkafv"}
{"type":"log","timestamp":1722875486292,"level":"debug","message":"Skipping storing report.","meta":{"rootId":"vs3h97cvowny62r","id":"vs3h97cvowny62r"},"id":"tbezq7cebnuzx66","previousOperationId":"8sa8r2vmv3wkafv"}
{"type":"log","timestamp":1722875486292,"level":"info","message":"Rendering request 21 finished in 913 ms","meta":{"rootId":"vs3h97cvowny62r","id":"vs3h97cvowny62r"},"id":"ps5vb0m5rsctg29","previousOperationId":"8sa8r2vmv3wkafv"}
{"type":"operationEnd","subtype":"render","operationId":"iu0xfsi7gpuqpmk","timestamp":1722875486292,"id":"tckz7odtdhn3rei","previousEventId":"33oj6397q6cltf7","previousOperationId":"8sa8r2vmv3wkafv"}
{"type":"operationEnd","doDiffs":false,"previousEventId":"ig9xl6v8udpi90k","previousOperationId":"tgb5wn4haxvwp7x","operationId":"tgb5wn4haxvwp7x","timestamp":1722875486294,"id":"56in59ma6vsurcw"}
