{"type":"operationStart","subtype":"profile","data":{"_id":"crwoC2ZSY2sLa4JL","timestamp":"2024-08-05T16:35:53.248Z","state":"queued","mode":"standard","creationDate":"2024-08-05T16:35:53.249Z","modificationDate":"2024-08-05T16:35:53.249Z","shortid":"ihdj6Gq","inheritedReadPermissions":[],"inheritedEditPermissions":[],"$entitySet":"profiles"},"doDiffs":false,"timestamp":1722875753249,"id":"r4ai0kwfbkhpeos","previousOperationId":null,"operationId":"bfosdsa5n3g0ped"}
{"type":"log","level":"info","message":"Render request 30 queued for execution and waiting for available worker","previousOperationId":"bfosdsa5n3g0ped","timestamp":1722875753249,"id":"bwy719j5hbqlq4d"}
{"type":"operationStart","subtype":"render","name":"modules","previousOperationId":"bfosdsa5n3g0ped","timestamp":1722875753272,"id":"2trzqzsiaplvhux","previousEventId":"r4ai0kwfbkhpeos","operationId":"jgd61ee5nvhg1jq"}
{"type":"log","timestamp":1722875753272,"level":"info","message":"Starting rendering request 30 (user: admin)","meta":{"rootId":"w1a771fuzqh3foc","id":"w1a771fuzqh3foc"},"id":"dxxwolisqtm41vy","previousOperationId":"jgd61ee5nvhg1jq"}
{"type":"log","timestamp":1722875753272,"level":"info","message":"Rendering template { name: modules, recipe: xlsx, engine: handlebars, preview: true }","meta":{"rootId":"w1a771fuzqh3foc","id":"w1a771fuzqh3foc"},"id":"3proim85xblfg43","previousOperationId":"jgd61ee5nvhg1jq"}
{"type":"log","timestamp":1722875753272,"level":"debug","message":"Inline data specified.","meta":{"rootId":"w1a771fuzqh3foc","id":"w1a771fuzqh3foc"},"id":"fj13kc6p5fik5en","previousOperationId":"jgd61ee5nvhg1jq"}
{"type":"log","timestamp":1722875753273,"level":"debug","message":"Base url not specified, skipping its injection.","meta":{"rootId":"w1a771fuzqh3foc","id":"w1a771fuzqh3foc"},"id":"ookd1pyr7d496sr","previousOperationId":"jgd61ee5nvhg1jq"}
{"type":"operationStart","subtype":"engine","name":"handlebars","timestamp":1722875753273,"id":"3aqj1xq1dai4fwm","previousEventId":"2trzqzsiaplvhux","operationId":"t14gn1m6gtbycn2","previousOperationId":"jgd61ee5nvhg1jq"}
{"type":"log","timestamp":1722875753273,"level":"debug","message":"Rendering engine handlebars","meta":{"rootId":"w1a771fuzqh3foc","id":"w1a771fuzqh3foc"},"id":"up0hft1lr1kpuhn","previousOperationId":"t14gn1m6gtbycn2"}
{"type":"operationEnd","operationId":"t14gn1m6gtbycn2","timestamp":1722875753276,"id":"pkejcois5f47swe","previousEventId":"3aqj1xq1dai4fwm","previousOperationId":"t14gn1m6gtbycn2"}
{"type":"operationStart","subtype":"recipe","name":"xlsx","timestamp":1722875753276,"id":"mykjmx3ykyim68b","previousEventId":"pkejcois5f47swe","operationId":"6nz71zm7f8tns4g","previousOperationId":"t14gn1m6gtbycn2"}
{"type":"log","timestamp":1722875753276,"level":"debug","message":"Executing recipe xlsx","meta":{"rootId":"w1a771fuzqh3foc","id":"w1a771fuzqh3foc"},"id":"73mjoo9kmn6kfru","previousOperationId":"6nz71zm7f8tns4g"}
{"type":"log","timestamp":1722875753277,"level":"info","message":"xlsx generation is starting","meta":{"rootId":"w1a771fuzqh3foc","id":"w1a771fuzqh3foc"},"id":"shy2z9xn50mrb5e","previousOperationId":"6nz71zm7f8tns4g"}
{"type":"log","timestamp":1722875753291,"level":"debug","message":"Starting child request to render xlsx dynamic parts for generation step","meta":{"rootId":"w1a771fuzqh3foc","id":"w1a771fuzqh3foc"},"id":"wsd3t5btwesr1ib","previousOperationId":"6nz71zm7f8tns4g"}
{"type":"operationStart","subtype":"render","name":"anonymous","previousOperationId":"6nz71zm7f8tns4g","timestamp":1722875753291,"id":"zj25dgd37wncs5r","previousEventId":"mykjmx3ykyim68b","operationId":"c9az0ocwiez9xj9"}
{"type":"log","timestamp":1722875753291,"level":"info","message":"Starting rendering (child) request (user: admin)","meta":{"rootId":"w1a771fuzqh3foc","id":"yttay66kdyd1c1p"},"id":"5ae17txht9umi4s","previousOperationId":"c9az0ocwiez9xj9"}
{"type":"log","timestamp":1722875753291,"level":"info","message":"Rendering anonymous template { recipe: html, engine: handlebars }","meta":{"rootId":"w1a771fuzqh3foc","id":"yttay66kdyd1c1p"},"id":"sfn2dymm9hxdlct","previousOperationId":"c9az0ocwiez9xj9"}
{"type":"log","timestamp":1722875753291,"level":"debug","message":"Inline data specified.","meta":{"rootId":"w1a771fuzqh3foc","id":"yttay66kdyd1c1p"},"id":"pc7n6uw4rik57qh","previousOperationId":"c9az0ocwiez9xj9"}
{"type":"log","timestamp":1722875753294,"level":"debug","message":"Base url not specified, skipping its injection.","meta":{"rootId":"w1a771fuzqh3foc","id":"yttay66kdyd1c1p"},"id":"091upovuvepn7f2","previousOperationId":"c9az0ocwiez9xj9"}
{"type":"operationStart","subtype":"engine","name":"handlebars","timestamp":1722875753294,"id":"sb1uvbz4npcga6f","previousEventId":"zj25dgd37wncs5r","operationId":"ruyv1ln2q0v0g8p","previousOperationId":"c9az0ocwiez9xj9"}
{"type":"log","timestamp":1722875753294,"level":"debug","message":"Rendering engine handlebars","meta":{"rootId":"w1a771fuzqh3foc","id":"yttay66kdyd1c1p"},"id":"5yx1attn2411xlr","previousOperationId":"ruyv1ln2q0v0g8p"}
{"type":"operationEnd","operationId":"ruyv1ln2q0v0g8p","timestamp":1722875753365,"id":"xlrtt2am82cpei7","previousEventId":"sb1uvbz4npcga6f","previousOperationId":"ruyv1ln2q0v0g8p"}
{"type":"operationStart","subtype":"recipe","name":"html","timestamp":1722875753366,"id":"he2x5tpfvgt30yh","previousEventId":"xlrtt2am82cpei7","operationId":"nsyn78wrf2xr079","previousOperationId":"ruyv1ln2q0v0g8p"}
{"type":"log","timestamp":1722875753366,"level":"debug","message":"Executing recipe html","meta":{"rootId":"w1a771fuzqh3foc","id":"yttay66kdyd1c1p"},"id":"b29zufcbbhnel15","previousOperationId":"nsyn78wrf2xr079"}
{"type":"operationEnd","operationId":"nsyn78wrf2xr079","timestamp":1722875753366,"id":"46ghy6z506quijr","previousEventId":"he2x5tpfvgt30yh","previousOperationId":"nsyn78wrf2xr079"}
{"type":"log","timestamp":1722875753366,"level":"debug","message":"Skipping storing report.","meta":{"rootId":"w1a771fuzqh3foc","id":"yttay66kdyd1c1p"},"id":"yvgma4x5ibfun7i","previousOperationId":"nsyn78wrf2xr079"}
{"type":"log","timestamp":1722875753366,"level":"info","message":"Rendering (child) request finished in 118 ms","meta":{"rootId":"w1a771fuzqh3foc","id":"yttay66kdyd1c1p"},"id":"3ifv1n5f5hpe898","previousOperationId":"nsyn78wrf2xr079"}
{"type":"operationEnd","subtype":"render","operationId":"c9az0ocwiez9xj9","timestamp":1722875753366,"id":"g9pnjzc70c2avrn","previousEventId":"46ghy6z506quijr","previousOperationId":"nsyn78wrf2xr079"}
{"type":"log","timestamp":1722875753379,"level":"debug","message":"xlsx successfully zipped","meta":{"rootId":"w1a771fuzqh3foc","id":"w1a771fuzqh3foc"},"id":"kdmg2jwnpsorlu5","previousOperationId":"6nz71zm7f8tns4g"}
{"type":"log","timestamp":1722875753379,"level":"info","message":"xlsx generation was finished","meta":{"rootId":"w1a771fuzqh3foc","id":"w1a771fuzqh3foc"},"id":"mzvtihpuxban0j0","previousOperationId":"6nz71zm7f8tns4g"}
{"type":"log","timestamp":1722875753379,"level":"info","message":"xlsx transformation is starting","meta":{"rootId":"w1a771fuzqh3foc","id":"w1a771fuzqh3foc"},"id":"c19g099b7e6lggy","previousOperationId":"6nz71zm7f8tns4g"}
{"type":"log","timestamp":1722875753432,"level":"debug","message":"Parsing xlsx content","meta":{"rootId":"w1a771fuzqh3foc","id":"w1a771fuzqh3foc"},"id":"6uvnwknhk7n6yw7","previousOperationId":"6nz71zm7f8tns4g"}
{"type":"log","timestamp":1722875753453,"level":"debug","message":"Successfully zipped now.","meta":{"rootId":"w1a771fuzqh3foc","id":"w1a771fuzqh3foc"},"id":"q0jk7c93fjai93k","previousOperationId":"6nz71zm7f8tns4g"}
{"type":"log","timestamp":1722875753453,"level":"info","message":"xlsx transformation was finished","meta":{"rootId":"w1a771fuzqh3foc","id":"w1a771fuzqh3foc"},"id":"s78s8i41cglauio","previousOperationId":"6nz71zm7f8tns4g"}
{"type":"log","timestamp":1722875753453,"level":"debug","message":"preparing office preview","meta":{"rootId":"w1a771fuzqh3foc","id":"w1a771fuzqh3foc"},"id":"je68fg1alngn4sb","previousOperationId":"6nz71zm7f8tns4g"}
{"type":"operationEnd","operationId":"6nz71zm7f8tns4g","timestamp":1722875754135,"id":"xcis0czbww82fkm","previousEventId":"mykjmx3ykyim68b","previousOperationId":"6nz71zm7f8tns4g"}
{"type":"log","timestamp":1722875754135,"level":"debug","message":"Skipping storing report.","meta":{"rootId":"w1a771fuzqh3foc","id":"w1a771fuzqh3foc"},"id":"7ypcfik0uyqgop5","previousOperationId":"6nz71zm7f8tns4g"}
{"type":"log","timestamp":1722875754135,"level":"info","message":"Rendering request 30 finished in 887 ms","meta":{"rootId":"w1a771fuzqh3foc","id":"w1a771fuzqh3foc"},"id":"m4l26wz7oo9aga1","previousOperationId":"6nz71zm7f8tns4g"}
{"type":"operationEnd","subtype":"render","operationId":"jgd61ee5nvhg1jq","timestamp":1722875754135,"id":"irsr5cdek9wtm70","previousEventId":"xcis0czbww82fkm","previousOperationId":"6nz71zm7f8tns4g"}
{"type":"operationEnd","doDiffs":false,"previousEventId":"r4ai0kwfbkhpeos","previousOperationId":"bfosdsa5n3g0ped","operationId":"bfosdsa5n3g0ped","timestamp":1722875754136,"id":"farhkftn178mhja"}
