{"type":"operationStart","subtype":"profile","data":{"_id":"k3PqsrfbY5e4kD9A","timestamp":"2024-08-05T16:13:09.482Z","state":"queued","mode":"standard","creationDate":"2024-08-05T16:13:09.483Z","modificationDate":"2024-08-05T16:13:09.483Z","shortid":"YvQd2ZU","inheritedReadPermissions":[],"inheritedEditPermissions":[],"$entitySet":"profiles"},"doDiffs":false,"timestamp":1722874389482,"id":"xkp6kbtbkgq5d2v","previousOperationId":null,"operationId":"lu8403zshwlcz26"}
{"type":"log","level":"info","message":"Render request 8 queued for execution and waiting for available worker","previousOperationId":"lu8403zshwlcz26","timestamp":1722874389482,"id":"ji80hy3qy839pt8"}
{"type":"operationStart","subtype":"render","name":"modules","previousOperationId":"lu8403zshwlcz26","timestamp":1722874389517,"id":"hb1rr7ezr53pn2n","previousEventId":"xkp6kbtbkgq5d2v","operationId":"kkl5x55p2xdpu40"}
{"type":"log","timestamp":1722874389517,"level":"info","message":"Starting rendering request 8 (user: admin)","meta":{"rootId":"wn2bparig33jand","id":"wn2bparig33jand"},"id":"xxeyqz5gh8oiafi","previousOperationId":"kkl5x55p2xdpu40"}
{"type":"log","timestamp":1722874389517,"level":"info","message":"Rendering template { name: modules, recipe: xlsx, engine: handlebars, preview: true }","meta":{"rootId":"wn2bparig33jand","id":"wn2bparig33jand"},"id":"cog7q96g9fc98cz","previousOperationId":"kkl5x55p2xdpu40"}
{"type":"log","timestamp":1722874389517,"level":"debug","message":"Inline data specified.","meta":{"rootId":"wn2bparig33jand","id":"wn2bparig33jand"},"id":"88gtq53c0s9lw6b","previousOperationId":"kkl5x55p2xdpu40"}
{"type":"log","timestamp":1722874389518,"level":"debug","message":"Base url not specified, skipping its injection.","meta":{"rootId":"wn2bparig33jand","id":"wn2bparig33jand"},"id":"ec6glwhwjdj7h7d","previousOperationId":"kkl5x55p2xdpu40"}
{"type":"operationStart","subtype":"engine","name":"handlebars","timestamp":1722874389518,"id":"go0cs5ayjan9m90","previousEventId":"hb1rr7ezr53pn2n","operationId":"i39hx62wsi8n3p6","previousOperationId":"kkl5x55p2xdpu40"}
{"type":"log","timestamp":1722874389518,"level":"debug","message":"Rendering engine handlebars","meta":{"rootId":"wn2bparig33jand","id":"wn2bparig33jand"},"id":"sc8khrq4hu13n93","previousOperationId":"i39hx62wsi8n3p6"}
{"type":"operationEnd","operationId":"i39hx62wsi8n3p6","timestamp":1722874389522,"id":"i6c9ob9gg4yum91","previousEventId":"go0cs5ayjan9m90","previousOperationId":"i39hx62wsi8n3p6"}
{"type":"operationStart","subtype":"recipe","name":"xlsx","timestamp":1722874389522,"id":"tw4p8xx74h8grkg","previousEventId":"i6c9ob9gg4yum91","operationId":"1le4gmnosvzfnqh","previousOperationId":"i39hx62wsi8n3p6"}
{"type":"log","timestamp":1722874389522,"level":"debug","message":"Executing recipe xlsx","meta":{"rootId":"wn2bparig33jand","id":"wn2bparig33jand"},"id":"1pm9ouinz9xwxzf","previousOperationId":"1le4gmnosvzfnqh"}
{"type":"log","timestamp":1722874389522,"level":"info","message":"xlsx generation is starting","meta":{"rootId":"wn2bparig33jand","id":"wn2bparig33jand"},"id":"atzjci2to3ctp3s","previousOperationId":"1le4gmnosvzfnqh"}
{"type":"log","timestamp":1722874389537,"level":"debug","message":"Starting child request to render xlsx dynamic parts for generation step","meta":{"rootId":"wn2bparig33jand","id":"wn2bparig33jand"},"id":"cdwzagu6ns5wdy8","previousOperationId":"1le4gmnosvzfnqh"}
{"type":"operationStart","subtype":"render","name":"anonymous","previousOperationId":"1le4gmnosvzfnqh","timestamp":1722874389538,"id":"g4d53cwo8hkjvep","previousEventId":"tw4p8xx74h8grkg","operationId":"fel8c2hfmjaow6h"}
{"type":"log","timestamp":1722874389538,"level":"info","message":"Starting rendering (child) request (user: admin)","meta":{"rootId":"wn2bparig33jand","id":"rrshsuc9wkxsk8u"},"id":"xgvwsxwt3iwpp90","previousOperationId":"fel8c2hfmjaow6h"}
{"type":"log","timestamp":1722874389538,"level":"info","message":"Rendering anonymous template { recipe: html, engine: handlebars }","meta":{"rootId":"wn2bparig33jand","id":"rrshsuc9wkxsk8u"},"id":"mmpen091h67d755","previousOperationId":"fel8c2hfmjaow6h"}
{"type":"log","timestamp":1722874389538,"level":"debug","message":"Inline data specified.","meta":{"rootId":"wn2bparig33jand","id":"rrshsuc9wkxsk8u"},"id":"9iwk5kt211uam78","previousOperationId":"fel8c2hfmjaow6h"}
{"type":"log","timestamp":1722874389541,"level":"debug","message":"Base url not specified, skipping its injection.","meta":{"rootId":"wn2bparig33jand","id":"rrshsuc9wkxsk8u"},"id":"1qqj1pjxznaw3so","previousOperationId":"fel8c2hfmjaow6h"}
{"type":"operationStart","subtype":"engine","name":"handlebars","timestamp":1722874389541,"id":"tjpkp8pv49lxhpq","previousEventId":"g4d53cwo8hkjvep","operationId":"5ghx05yo51myr67","previousOperationId":"fel8c2hfmjaow6h"}
{"type":"log","timestamp":1722874389541,"level":"debug","message":"Rendering engine handlebars","meta":{"rootId":"wn2bparig33jand","id":"rrshsuc9wkxsk8u"},"id":"odechpoe9nsg46a","previousOperationId":"5ghx05yo51myr67"}
{"type":"operationEnd","operationId":"5ghx05yo51myr67","timestamp":1722874389616,"id":"wn6n7r7f57g3h1x","previousEventId":"tjpkp8pv49lxhpq","previousOperationId":"5ghx05yo51myr67"}
{"type":"operationStart","subtype":"recipe","name":"html","timestamp":1722874389616,"id":"1vow2g3n5wjzk8m","previousEventId":"wn6n7r7f57g3h1x","operationId":"is6xcyjwr90ettb","previousOperationId":"5ghx05yo51myr67"}
{"type":"log","timestamp":1722874389616,"level":"debug","message":"Executing recipe html","meta":{"rootId":"wn2bparig33jand","id":"rrshsuc9wkxsk8u"},"id":"pw05t9zbgu6e02a","previousOperationId":"is6xcyjwr90ettb"}
{"type":"operationEnd","operationId":"is6xcyjwr90ettb","timestamp":1722874389616,"id":"30g5fp96nk9je58","previousEventId":"1vow2g3n5wjzk8m","previousOperationId":"is6xcyjwr90ettb"}
{"type":"log","timestamp":1722874389616,"level":"debug","message":"Skipping storing report.","meta":{"rootId":"wn2bparig33jand","id":"rrshsuc9wkxsk8u"},"id":"nu6q1zw0y2ahpvy","previousOperationId":"is6xcyjwr90ettb"}
{"type":"log","timestamp":1722874389616,"level":"info","message":"Rendering (child) request finished in 134 ms","meta":{"rootId":"wn2bparig33jand","id":"rrshsuc9wkxsk8u"},"id":"rj9mpgbwi5vzosk","previousOperationId":"is6xcyjwr90ettb"}
{"type":"operationEnd","subtype":"render","operationId":"fel8c2hfmjaow6h","timestamp":1722874389617,"id":"nvrt7gezv27tecl","previousEventId":"30g5fp96nk9je58","previousOperationId":"is6xcyjwr90ettb"}
{"type":"log","timestamp":1722874389647,"level":"debug","message":"xlsx successfully zipped","meta":{"rootId":"wn2bparig33jand","id":"wn2bparig33jand"},"id":"99vob33lzz0n7mm","previousOperationId":"1le4gmnosvzfnqh"}
{"type":"log","timestamp":1722874389647,"level":"info","message":"xlsx generation was finished","meta":{"rootId":"wn2bparig33jand","id":"wn2bparig33jand"},"id":"sst0egrpfrexrzz","previousOperationId":"1le4gmnosvzfnqh"}
{"type":"log","timestamp":1722874389647,"level":"info","message":"xlsx transformation is starting","meta":{"rootId":"wn2bparig33jand","id":"wn2bparig33jand"},"id":"r78c6qwgt7nlr09","previousOperationId":"1le4gmnosvzfnqh"}
{"type":"log","timestamp":1722874389679,"level":"debug","message":"Parsing xlsx content","meta":{"rootId":"wn2bparig33jand","id":"wn2bparig33jand"},"id":"5pq81zmh78kti4d","previousOperationId":"1le4gmnosvzfnqh"}
{"type":"log","timestamp":1722874389703,"level":"debug","message":"Successfully zipped now.","meta":{"rootId":"wn2bparig33jand","id":"wn2bparig33jand"},"id":"3n4cm6l96wch4i4","previousOperationId":"1le4gmnosvzfnqh"}
{"type":"log","timestamp":1722874389703,"level":"info","message":"xlsx transformation was finished","meta":{"rootId":"wn2bparig33jand","id":"wn2bparig33jand"},"id":"16dvzbf0wkjhcqd","previousOperationId":"1le4gmnosvzfnqh"}
{"type":"log","timestamp":1722874389703,"level":"debug","message":"preparing office preview","meta":{"rootId":"wn2bparig33jand","id":"wn2bparig33jand"},"id":"qm4h8e6mobb8orm","previousOperationId":"1le4gmnosvzfnqh"}
{"type":"operationEnd","operationId":"1le4gmnosvzfnqh","timestamp":1722874390759,"id":"q17m37xwam5thz9","previousEventId":"tw4p8xx74h8grkg","previousOperationId":"1le4gmnosvzfnqh"}
{"type":"log","timestamp":1722874390759,"level":"debug","message":"Skipping storing report.","meta":{"rootId":"wn2bparig33jand","id":"wn2bparig33jand"},"id":"bcx3wq5hfydaujj","previousOperationId":"1le4gmnosvzfnqh"}
{"type":"log","timestamp":1722874390759,"level":"info","message":"Rendering request 8 finished in 1277 ms","meta":{"rootId":"wn2bparig33jand","id":"wn2bparig33jand"},"id":"u0p5ngu91xb3c8e","previousOperationId":"1le4gmnosvzfnqh"}
{"type":"operationEnd","subtype":"render","operationId":"kkl5x55p2xdpu40","timestamp":1722874390759,"id":"bmh72pnw2f0ntkl","previousEventId":"q17m37xwam5thz9","previousOperationId":"1le4gmnosvzfnqh"}
{"type":"operationEnd","doDiffs":false,"previousEventId":"xkp6kbtbkgq5d2v","previousOperationId":"lu8403zshwlcz26","operationId":"lu8403zshwlcz26","timestamp":1722874390762,"id":"9wn92kth1g4gxvw"}
