{"type":"operationStart","subtype":"profile","data":{"_id":"aSyWqCBi7KzqYW2l","timestamp":"2024-08-05T16:47:08.554Z","state":"queued","mode":"standard","creationDate":"2024-08-05T16:47:08.555Z","modificationDate":"2024-08-05T16:47:08.555Z","shortid":"ci67_-s","inheritedReadPermissions":[],"inheritedEditPermissions":[],"$entitySet":"profiles"},"doDiffs":false,"timestamp":1722876428555,"id":"rikbri7kwhdx1bf","previousOperationId":null,"operationId":"l0yje8qafq2z702"}
{"type":"log","level":"info","message":"Render request 42 queued for execution and waiting for available worker","previousOperationId":"l0yje8qafq2z702","timestamp":1722876428555,"id":"ylkqqkp1u05nthc"}
{"type":"operationStart","subtype":"render","name":"modules","previousOperationId":"l0yje8qafq2z702","timestamp":1722876428582,"id":"5we85t41xgmuxmo","previousEventId":"rikbri7kwhdx1bf","operationId":"3dv9ury4d1wr3f1"}
{"type":"log","timestamp":1722876428582,"level":"info","message":"Starting rendering request 42 (user: admin)","meta":{"rootId":"yn1u54lj8etvtqd","id":"yn1u54lj8etvtqd"},"id":"r7z3o5cd64jluom","previousOperationId":"3dv9ury4d1wr3f1"}
{"type":"log","timestamp":1722876428582,"level":"info","message":"Rendering template { name: modules, recipe: xlsx, engine: handlebars, preview: true }","meta":{"rootId":"yn1u54lj8etvtqd","id":"yn1u54lj8etvtqd"},"id":"67xjhhzh5suoqq7","previousOperationId":"3dv9ury4d1wr3f1"}
{"type":"log","timestamp":1722876428582,"level":"debug","message":"Inline data specified.","meta":{"rootId":"yn1u54lj8etvtqd","id":"yn1u54lj8etvtqd"},"id":"m651f2dw84o7qz9","previousOperationId":"3dv9ury4d1wr3f1"}
{"type":"log","timestamp":1722876428584,"level":"debug","message":"Base url not specified, skipping its injection.","meta":{"rootId":"yn1u54lj8etvtqd","id":"yn1u54lj8etvtqd"},"id":"vqdtyo0vvzqh8ws","previousOperationId":"3dv9ury4d1wr3f1"}
{"type":"operationStart","subtype":"engine","name":"handlebars","timestamp":1722876428584,"id":"eexgkbb5bedokc8","previousEventId":"5we85t41xgmuxmo","operationId":"yvz321swdva2vun","previousOperationId":"3dv9ury4d1wr3f1"}
{"type":"log","timestamp":1722876428584,"level":"debug","message":"Rendering engine handlebars","meta":{"rootId":"yn1u54lj8etvtqd","id":"yn1u54lj8etvtqd"},"id":"wllaljrzndkiq8m","previousOperationId":"yvz321swdva2vun"}
{"type":"operationEnd","operationId":"yvz321swdva2vun","timestamp":1722876428589,"id":"m28m0dcv8bfxbi5","previousEventId":"eexgkbb5bedokc8","previousOperationId":"yvz321swdva2vun"}
{"type":"operationStart","subtype":"recipe","name":"xlsx","timestamp":1722876428589,"id":"suhbl4s0v4cfuje","previousEventId":"m28m0dcv8bfxbi5","operationId":"1hktu48jd8ymt4d","previousOperationId":"yvz321swdva2vun"}
{"type":"log","timestamp":1722876428589,"level":"debug","message":"Executing recipe xlsx","meta":{"rootId":"yn1u54lj8etvtqd","id":"yn1u54lj8etvtqd"},"id":"imphv5s6u142j6z","previousOperationId":"1hktu48jd8ymt4d"}
{"type":"log","timestamp":1722876428589,"level":"info","message":"xlsx generation is starting","meta":{"rootId":"yn1u54lj8etvtqd","id":"yn1u54lj8etvtqd"},"id":"a59159y2xq42pfs","previousOperationId":"1hktu48jd8ymt4d"}
{"type":"log","timestamp":1722876428604,"level":"debug","message":"Starting child request to render xlsx dynamic parts for generation step","meta":{"rootId":"yn1u54lj8etvtqd","id":"yn1u54lj8etvtqd"},"id":"w77gozo4n6t89cy","previousOperationId":"1hktu48jd8ymt4d"}
{"type":"operationStart","subtype":"render","name":"anonymous","previousOperationId":"1hktu48jd8ymt4d","timestamp":1722876428604,"id":"7n89sg07xaa2toe","previousEventId":"suhbl4s0v4cfuje","operationId":"hx8ygnzd1i89y0t"}
{"type":"log","timestamp":1722876428604,"level":"info","message":"Starting rendering (child) request (user: admin)","meta":{"rootId":"yn1u54lj8etvtqd","id":"r9tm4787o7qm8e2"},"id":"y7bhy7em6ot1iq6","previousOperationId":"hx8ygnzd1i89y0t"}
{"type":"log","timestamp":1722876428604,"level":"info","message":"Rendering anonymous template { recipe: html, engine: handlebars }","meta":{"rootId":"yn1u54lj8etvtqd","id":"r9tm4787o7qm8e2"},"id":"553bwc816k12274","previousOperationId":"hx8ygnzd1i89y0t"}
{"type":"log","timestamp":1722876428604,"level":"debug","message":"Inline data specified.","meta":{"rootId":"yn1u54lj8etvtqd","id":"r9tm4787o7qm8e2"},"id":"wj398xqi2phmhuc","previousOperationId":"hx8ygnzd1i89y0t"}
{"type":"log","timestamp":1722876428606,"level":"debug","message":"Base url not specified, skipping its injection.","meta":{"rootId":"yn1u54lj8etvtqd","id":"r9tm4787o7qm8e2"},"id":"rpdn57tr4w0ic7b","previousOperationId":"hx8ygnzd1i89y0t"}
{"type":"operationStart","subtype":"engine","name":"handlebars","timestamp":1722876428606,"id":"6hrnkbowuydvjmk","previousEventId":"7n89sg07xaa2toe","operationId":"ptkxq3hivhzezy8","previousOperationId":"hx8ygnzd1i89y0t"}
{"type":"log","timestamp":1722876428606,"level":"debug","message":"Rendering engine handlebars","meta":{"rootId":"yn1u54lj8etvtqd","id":"r9tm4787o7qm8e2"},"id":"hpgz8miu142dh9x","previousOperationId":"ptkxq3hivhzezy8"}
{"type":"operationEnd","operationId":"ptkxq3hivhzezy8","timestamp":1722876428666,"id":"o8ewe4xhqzsa7e0","previousEventId":"6hrnkbowuydvjmk","previousOperationId":"ptkxq3hivhzezy8"}
{"type":"operationStart","subtype":"recipe","name":"html","timestamp":1722876428667,"id":"td8eysn9lvf2jpe","previousEventId":"o8ewe4xhqzsa7e0","operationId":"3tyexicym0wg9ae","previousOperationId":"ptkxq3hivhzezy8"}
{"type":"log","timestamp":1722876428667,"level":"debug","message":"Executing recipe html","meta":{"rootId":"yn1u54lj8etvtqd","id":"r9tm4787o7qm8e2"},"id":"cs26v0r6zktocmg","previousOperationId":"3tyexicym0wg9ae"}
{"type":"operationEnd","operationId":"3tyexicym0wg9ae","timestamp":1722876428667,"id":"z79was96l5dxpuw","previousEventId":"td8eysn9lvf2jpe","previousOperationId":"3tyexicym0wg9ae"}
{"type":"log","timestamp":1722876428667,"level":"debug","message":"Skipping storing report.","meta":{"rootId":"yn1u54lj8etvtqd","id":"r9tm4787o7qm8e2"},"id":"j0tcwto5prx5wa1","previousOperationId":"3tyexicym0wg9ae"}
{"type":"log","timestamp":1722876428667,"level":"info","message":"Rendering (child) request finished in 113 ms","meta":{"rootId":"yn1u54lj8etvtqd","id":"r9tm4787o7qm8e2"},"id":"2pusubcqa9c4ged","previousOperationId":"3tyexicym0wg9ae"}
{"type":"operationEnd","subtype":"render","operationId":"hx8ygnzd1i89y0t","timestamp":1722876428667,"id":"qp2jihuhywsilgq","previousEventId":"z79was96l5dxpuw","previousOperationId":"3tyexicym0wg9ae"}
{"type":"log","timestamp":1722876428679,"level":"debug","message":"xlsx successfully zipped","meta":{"rootId":"yn1u54lj8etvtqd","id":"yn1u54lj8etvtqd"},"id":"uy99bizt59k9ddd","previousOperationId":"1hktu48jd8ymt4d"}
{"type":"log","timestamp":1722876428679,"level":"info","message":"xlsx generation was finished","meta":{"rootId":"yn1u54lj8etvtqd","id":"yn1u54lj8etvtqd"},"id":"apbtslpxs900jr3","previousOperationId":"1hktu48jd8ymt4d"}
{"type":"log","timestamp":1722876428679,"level":"info","message":"xlsx transformation is starting","meta":{"rootId":"yn1u54lj8etvtqd","id":"yn1u54lj8etvtqd"},"id":"bhiznbfz9jylv6m","previousOperationId":"1hktu48jd8ymt4d"}
{"type":"log","timestamp":1722876428700,"level":"debug","message":"Parsing xlsx content","meta":{"rootId":"yn1u54lj8etvtqd","id":"yn1u54lj8etvtqd"},"id":"yb2ip7u7h2kjor5","previousOperationId":"1hktu48jd8ymt4d"}
{"type":"log","timestamp":1722876428718,"level":"debug","message":"Successfully zipped now.","meta":{"rootId":"yn1u54lj8etvtqd","id":"yn1u54lj8etvtqd"},"id":"41h5oafeinm0bzr","previousOperationId":"1hktu48jd8ymt4d"}
{"type":"log","timestamp":1722876428718,"level":"info","message":"xlsx transformation was finished","meta":{"rootId":"yn1u54lj8etvtqd","id":"yn1u54lj8etvtqd"},"id":"4zaktekbmjtim81","previousOperationId":"1hktu48jd8ymt4d"}
{"type":"log","timestamp":1722876428718,"level":"debug","message":"preparing office preview","meta":{"rootId":"yn1u54lj8etvtqd","id":"yn1u54lj8etvtqd"},"id":"bguqin51pw3mu1m","previousOperationId":"1hktu48jd8ymt4d"}
{"type":"operationEnd","operationId":"1hktu48jd8ymt4d","timestamp":1722876429393,"id":"duiz1aa73zbwusm","previousEventId":"suhbl4s0v4cfuje","previousOperationId":"1hktu48jd8ymt4d"}
{"type":"log","timestamp":1722876429393,"level":"debug","message":"Skipping storing report.","meta":{"rootId":"yn1u54lj8etvtqd","id":"yn1u54lj8etvtqd"},"id":"h2vq6cbjp89j8nt","previousOperationId":"1hktu48jd8ymt4d"}
{"type":"log","timestamp":1722876429393,"level":"info","message":"Rendering request 42 finished in 839 ms","meta":{"rootId":"yn1u54lj8etvtqd","id":"yn1u54lj8etvtqd"},"id":"r5p18l268fyxj7s","previousOperationId":"1hktu48jd8ymt4d"}
{"type":"operationEnd","subtype":"render","operationId":"3dv9ury4d1wr3f1","timestamp":1722876429393,"id":"nwh8dja8zi9xybg","previousEventId":"duiz1aa73zbwusm","previousOperationId":"1hktu48jd8ymt4d"}
{"type":"operationEnd","doDiffs":false,"previousEventId":"rikbri7kwhdx1bf","previousOperationId":"l0yje8qafq2z702","operationId":"l0yje8qafq2z702","timestamp":1722876429394,"id":"xpvegojbene26wf"}
